                                                                                                                                                                                                                                                     QUERY PLAN                                                                                                                                                                                                                                                     
--------------------------------------------------------------------------------------------------------------------------------------------------------------------------------------------------------------------------------------------------------------------------------------------------------------------------------------------------------------------------------------------------------------------------------------------------------------------------------------------------------------------
 Nested Loop  (cost=471.66..161372.43 rows=1 width=244) (actual time=7651.143..8063.370 rows=36 loops=1)
   Join Filter: (store_sales.customer_sk = (customer.customer_sk)::double precision)
   Rows Removed by Join Filter: 3760004
   ->  Seq Scan on customer  (cost=0.00..2227.00 rows=2783 width=28) (actual time=0.039..15.792 rows=2806 loops=1)
         Filter: ((birth_year <= '1959'::double precision) AND (birth_year >= '1958'::double precision))
         Rows Removed by Filter: 97194
   ->  Materialize  (cost=471.66..158317.53 rows=17 width=216) (actual time=0.009..2.767 rows=1340 loops=2806)
         ->  Hash Join  (cost=471.66..158317.45 rows=17 width=216) (actual time=24.080..7597.511 rows=1340 loops=1)
               Hash Cond: (store_sales.wholesale_cost = item.wholesale_cost)
               ->  Nested Loop  (cost=0.00..157833.71 rows=140 width=164) (actual time=0.071..7584.233 rows=31115 loops=1)
                     Join Filter: (store_sales.store_sk = (store.store_sk)::double precision)
                     Rows Removed by Join Filter: 311777
                     ->  Seq Scan on store  (cost=0.00..37.20 rows=1 width=32) (actual time=0.019..0.066 rows=11 loops=1)
                           Filter: ((market_id <= 10) AND (market_id >= 2) AND (tax_percentage <= '0.08'::double precision) AND (tax_percentage >= '0.01'::double precision))
                           Rows Removed by Filter: 1
                     ->  Seq Scan on store_sales  (cost=0.00..157357.42 rows=29273 width=132) (actual time=0.017..686.356 rows=31172 loops=11)
                           Filter: ((quantity <= '99'::double precision) AND (quantity >= '9'::double precision) AND (sales_price <= '30.55'::double precision) AND (sales_price >= '1.29'::double precision) AND (ext_discount_amt <= '0'::double precision) AND (ext_discount_amt >= '0'::double precision) AND (net_paid_inc_tax <= '3557.25'::double precision) AND (net_paid_inc_tax >= '722.72'::double precision) AND (net_profit <= '205.66'::double precision) AND (net_profit >= '-1'::double precision))
                           Rows Removed by Filter: 2849232
               ->  Hash  (cost=456.00..456.00 rows=1253 width=52) (actual time=6.881..6.882 rows=1230 loops=1)
                     Buckets: 2048  Batches: 1  Memory Usage: 122kB
                     ->  Seq Scan on item  (cost=0.00..456.00 rows=1253 width=52) (actual time=0.024..6.451 rows=1232 loops=1)
                           Filter: ((manufact_id <= '382'::double precision) AND (manufact_id >= '321'::double precision))
                           Rows Removed by Filter: 16768
 Planning Time: 1.938 ms
 Execution Time: 8063.670 ms
(25 rows)

                                                                QUERY PLAN                                                                 
-------------------------------------------------------------------------------------------------------------------------------------------
 Hash Join  (cost=104218.19..182107.04 rows=5554615 width=244) (actual time=3255.337..5650.449 rows=2622854 loops=1)
   Hash Cond: ((promotion.promo_sk)::double precision = store_sales.promo_sk)
   ->  Hash Join  (cost=9.75..691.99 rows=18124 width=80) (actual time=0.111..3.896 rows=293 loops=1)
         Hash Cond: ((item.item_sk)::double precision = promotion.item_sk)
         ->  Seq Scan on item  (cost=0.00..366.00 rows=18000 width=52) (actual time=0.006..1.583 rows=18000 loops=1)
         ->  Hash  (cost=6.00..6.00 rows=300 width=28) (actual time=0.090..0.091 rows=293 loops=1)
               Buckets: 1024  Batches: 1  Memory Usage: 27kB
               ->  Seq Scan on promotion  (cost=0.00..6.00 rows=300 width=28) (actual time=0.013..0.049 rows=300 loops=1)
   ->  Hash  (cost=100746.68..100746.68 rows=96301 width=164) (actual time=3051.918..3051.923 rows=2685745 loops=1)
         Buckets: 32768 (originally 32768)  Batches: 2048 (originally 8)  Memory Usage: 6942kB
         ->  Hash Join  (cost=30.49..100746.68 rows=96301 width=164) (actual time=0.025..1359.658 rows=2750370 loops=1)
               Hash Cond: (store_sales.store_sk = (store.store_sk)::double precision)
               ->  Seq Scan on store_sales  (cost=0.00..85352.12 rows=2880212 width=132) (actual time=0.012..366.984 rows=2880404 loops=1)
               ->  Hash  (cost=30.40..30.40 rows=7 width=32) (actual time=0.007..0.008 rows=11 loops=1)
                     Buckets: 1024  Batches: 1  Memory Usage: 9kB
                     ->  Seq Scan on store  (cost=0.00..30.40 rows=7 width=32) (actual time=0.003..0.005 rows=11 loops=1)
                           Filter: ((market_id <= 9) AND (market_id >= 2))
                           Rows Removed by Filter: 1
 Planning Time: 0.326 ms
 Execution Time: 5750.317 ms
(20 rows)

                                                                       QUERY PLAN                                                                        
---------------------------------------------------------------------------------------------------------------------------------------------------------
 Hash Join  (cost=137801.91..445312.33 rows=19474680 width=244) (actual time=1023.552..1072.537 rows=52186 loops=1)
   Hash Cond: ((item.item_sk)::double precision = promotion.item_sk)
   ->  Seq Scan on item  (cost=0.00..456.00 rows=14536 width=52) (actual time=0.007..3.552 rows=14538 loops=1)
         Filter: ((brand_id <= '10016017'::double precision) AND (brand_id >= '2004002'::double precision))
         Rows Removed by Filter: 3462
   ->  Hash  (cost=122286.13..122286.13 rows=399183 width=192) (actual time=941.249..941.253 rows=61776 loops=1)
         Buckets: 32768  Batches: 32  Memory Usage: 931kB
         ->  Merge Join  (cost=115136.62..122286.13 rows=399183 width=192) (actual time=559.117..612.595 rows=62199 loops=1)
               Merge Cond: (((store.store_sk)::double precision) = store_sales.store_sk)
               ->  Sort  (cost=94.38..97.78 rows=1360 width=32) (actual time=0.042..0.045 rows=11 loops=1)
                     Sort Key: ((store.store_sk)::double precision)
                     Sort Method: quicksort  Memory: 25kB
                     ->  Seq Scan on store  (cost=0.00..23.60 rows=1360 width=32) (actual time=0.004..0.006 rows=12 loops=1)
               ->  Materialize  (cost=115042.23..115349.48 rows=61450 width=160) (actual time=559.067..586.311 rows=62200 loops=1)
                     ->  Sort  (cost=115042.23..115195.86 rows=61450 width=160) (actual time=559.065..573.979 rows=62200 loops=1)
                           Sort Key: store_sales.store_sk
                           Sort Method: external merge  Disk: 10920kB
                           ->  Hash Join  (cost=11.16..105321.27 rows=61450 width=160) (actual time=0.106..516.724 rows=62976 loops=1)
                                 Hash Cond: (store_sales.promo_sk = (promotion.promo_sk)::double precision)
                                 ->  Seq Scan on store_sales  (cost=0.00..99753.18 rows=65899 width=132) (actual time=0.023..496.092 rows=66047 loops=1)
                                       Filter: ((ext_tax <= '95'::double precision) AND (ext_tax >= '84.14'::double precision))
                                       Rows Removed by Filter: 2814357
                                 ->  Hash  (cost=7.50..7.50 rows=293 width=28) (actual time=0.077..0.078 rows=293 loops=1)
                                       Buckets: 1024  Batches: 1  Memory Usage: 27kB
                                       ->  Seq Scan on promotion  (cost=0.00..7.50 rows=293 width=28) (actual time=0.006..0.044 rows=293 loops=1)
                                             Filter: ((response_target <= '1'::double precision) AND (response_target >= '1'::double precision))
                                             Rows Removed by Filter: 7
 Planning Time: 0.324 ms
 Execution Time: 1078.304 ms
(29 rows)

                                                                   QUERY PLAN                                                                    
-------------------------------------------------------------------------------------------------------------------------------------------------
 Hash Join  (cost=138159.36..458960.67 rows=4266484 width=244) (actual time=1677.636..2307.696 rows=387847 loops=1)
   Hash Cond: (store_sales.store_sk = (store.store_sk)::double precision)
   ->  Hash Join  (cost=138118.76..191307.41 rows=656782 width=212) (actual time=1677.614..2194.203 rows=397340 loops=1)
         Hash Cond: ((customer.customer_sk)::double precision = store_sales.customer_sk)
         ->  Seq Scan on customer  (cost=0.00..2227.00 rows=47837 width=28) (actual time=0.006..11.875 rows=47842 loops=1)
               Filter: ((birth_day <= '16'::double precision) AND (birth_day >= '2'::double precision))
               Rows Removed by Filter: 52158
         ->  Hash  (cost=105329.96..105329.96 rows=865344 width=184) (actual time=1677.582..1677.584 rows=830363 loops=1)
               Buckets: 32768  Batches: 64  Memory Usage: 3087kB
               ->  Hash Join  (cost=523.60..105329.96 rows=865344 width=184) (actual time=3.187..1046.988 rows=869578 loops=1)
                     Hash Cond: (store_sales.item_sk = item.item_sk)
                     ->  Seq Scan on store_sales  (cost=0.00..85352.12 rows=2880212 width=132) (actual time=0.018..393.302 rows=2880404 loops=1)
                     ->  Hash  (cost=456.00..456.00 rows=5408 width=52) (actual time=3.141..3.141 rows=5423 loops=1)
                           Buckets: 8192  Batches: 1  Memory Usage: 530kB
                           ->  Seq Scan on item  (cost=0.00..456.00 rows=5408 width=52) (actual time=0.005..2.450 rows=5423 loops=1)
                                 Filter: ((current_price <= '4.79'::double precision) AND (current_price >= '2.31'::double precision))
                                 Rows Removed by Filter: 12577
   ->  Hash  (cost=23.60..23.60 rows=1360 width=32) (actual time=0.012..0.013 rows=12 loops=1)
         Buckets: 2048  Batches: 1  Memory Usage: 17kB
         ->  Seq Scan on store  (cost=0.00..23.60 rows=1360 width=32) (actual time=0.005..0.007 rows=12 loops=1)
 Planning Time: 0.347 ms
 Execution Time: 2321.632 ms
(22 rows)

                                                                                                        QUERY PLAN                                                                                                        
--------------------------------------------------------------------------------------------------------------------------------------------------------------------------------------------------------------------------
 Hash Join  (cost=560.16..115615.27 rows=467 width=244) (actual time=9.892..1049.436 rows=6 loops=1)
   Hash Cond: (promotion.item_sk = (item.item_sk)::double precision)
   ->  Hash Join  (cost=9.75..115037.87 rows=265 width=192) (actual time=0.338..1047.393 rows=351 loops=1)
         Hash Cond: ((store_sales.item_sk)::double precision = promotion.item_sk)
         ->  Nested Loop  (cost=0.00..115023.49 rows=263 width=164) (actual time=0.070..1044.945 rows=16927 loops=1)
               Join Filter: (store_sales.store_sk = (store.store_sk)::double precision)
               Rows Removed by Join Filter: 186609
               ->  Seq Scan on store  (cost=0.00..44.00 rows=1 width=32) (actual time=0.023..0.026 rows=2 loops=1)
                     Filter: ((number_employees <= 278) AND (number_employees >= 236) AND (market_id <= 2) AND (market_id >= 2) AND (company_id <= 255) AND (company_id >= 220))
                     Rows Removed by Filter: 10
               ->  Seq Scan on store_sales  (cost=0.00..114154.24 rows=55017 width=132) (actual time=0.016..513.612 rows=101768 loops=2)
                     Filter: ((ext_sales_price <= '1813.43'::double precision) AND (ext_sales_price >= '888.93'::double precision) AND (ext_tax <= '158.99'::double precision) AND (ext_tax >= '87.8'::double precision))
                     Rows Removed by Filter: 2778636
         ->  Hash  (cost=6.00..6.00 rows=300 width=28) (actual time=0.076..0.076 rows=293 loops=1)
               Buckets: 1024  Batches: 1  Memory Usage: 27kB
               ->  Seq Scan on promotion  (cost=0.00..6.00 rows=300 width=28) (actual time=0.016..0.040 rows=300 loops=1)
   ->  Hash  (cost=546.00..546.00 rows=353 width=52) (actual time=1.929..1.930 rows=444 loops=1)
         Buckets: 1024  Batches: 1  Memory Usage: 47kB
         ->  Seq Scan on item  (cost=0.00..546.00 rows=353 width=52) (actual time=0.016..1.874 rows=444 loops=1)
               Filter: ((brand_id <= '5001002'::double precision) AND (brand_id >= '4001001'::double precision) AND (class_id <= '2'::double precision) AND (class_id >= '2'::double precision))
               Rows Removed by Filter: 17556
 Planning Time: 0.328 ms
 Execution Time: 1049.486 ms
(23 rows)

                                                                                                  QUERY PLAN                                                                                                  
--------------------------------------------------------------------------------------------------------------------------------------------------------------------------------------------------------------
 Hash Join  (cost=107473.69..110444.63 rows=24394 width=244) (actual time=3176.541..3313.434 rows=69435 loops=1)
   Hash Cond: ((customer.customer_sk)::double precision = store_sales.customer_sk)
   ->  Seq Scan on customer  (cost=0.00..1727.00 rows=100000 width=28) (actual time=0.007..14.882 rows=100000 loops=1)
   ->  Hash  (cost=107281.50..107281.50 rows=15375 width=216) (actual time=3117.094..3117.103 rows=69435 loops=1)
         Buckets: 16384 (originally 16384)  Batches: 8 (originally 1)  Memory Usage: 3969kB
         ->  Hash Join  (cost=104208.44..107281.50 rows=15375 width=216) (actual time=2404.620..3062.086 rows=70320 loops=1)
               Hash Cond: (item.wholesale_cost = store_sales.wholesale_cost)
               ->  Seq Scan on item  (cost=0.00..546.00 rows=1668 width=52) (actual time=0.006..2.094 rows=474 loops=1)
                     Filter: ((brand_id <= '10014005'::double precision) AND (brand_id >= '8016007'::double precision) AND (category_id <= '8'::double precision) AND (category_id >= '4'::double precision))
                     Rows Removed by Filter: 17526
               ->  Hash  (cost=100746.68..100746.68 rows=96301 width=164) (actual time=2263.940..2263.946 rows=1791726 loops=1)
                     Buckets: 32768 (originally 32768)  Batches: 128 (originally 8)  Memory Usage: 3841kB
                     ->  Hash Join  (cost=30.49..100746.68 rows=96301 width=164) (actual time=0.036..1106.399 rows=1835202 loops=1)
                           Hash Cond: (store_sales.store_sk = (store.store_sk)::double precision)
                           ->  Seq Scan on store_sales  (cost=0.00..85352.12 rows=2880212 width=132) (actual time=0.022..352.842 rows=2880404 loops=1)
                           ->  Hash  (cost=30.40..30.40 rows=7 width=32) (actual time=0.008..0.009 rows=9 loops=1)
                                 Buckets: 1024  Batches: 1  Memory Usage: 9kB
                                 ->  Seq Scan on store  (cost=0.00..30.40 rows=7 width=32) (actual time=0.003..0.005 rows=9 loops=1)
                                       Filter: ((floor_space <= 9294113) AND (floor_space >= 5285950))
                                       Rows Removed by Filter: 3
 Planning Time: 0.319 ms
 Execution Time: 3317.064 ms
(22 rows)

                                                                                                                                                                                                   QUERY PLAN                                                                                                                                                                                                   
----------------------------------------------------------------------------------------------------------------------------------------------------------------------------------------------------------------------------------------------------------------------------------------------------------------------------------------------------------------------------------------------------------------
 Hash Join  (cost=608.24..144489.58 rows=1511 width=244) (actual time=4.209..744.665 rows=1017 loops=1)
   Hash Cond: (promotion.item_sk = (item.item_sk)::double precision)
   ->  Hash Join  (cost=53.76..143805.46 rows=664 width=192) (actual time=0.181..738.012 rows=26287 loops=1)
         Hash Cond: (store_sales.promo_sk = (promotion.promo_sk)::double precision)
         ->  Hash Join  (cost=44.01..143735.20 rows=695 width=164) (actual time=0.072..727.101 rows=26324 loops=1)
               Hash Cond: (store_sales.store_sk = (store.store_sk)::double precision)
               ->  Seq Scan on store_sales  (cost=0.00..142956.36 rows=145576 width=132) (actual time=0.032..703.486 rows=158566 loops=1)
                     Filter: ((sales_price <= '109.1'::double precision) AND (sales_price >= '2.47'::double precision) AND (ext_sales_price <= '1474.67'::double precision) AND (ext_sales_price >= '880.64'::double precision) AND (ext_tax <= '60.55'::double precision) AND (ext_tax >= '-1'::double precision) AND (ext_coupon_amt <= '0'::double precision) AND (ext_coupon_amt >= '0'::double precision))
                     Rows Removed by Filter: 2721838
               ->  Hash  (cost=44.00..44.00 rows=1 width=32) (actual time=0.007..0.008 rows=2 loops=1)
                     Buckets: 1024  Batches: 1  Memory Usage: 9kB
                     ->  Seq Scan on store  (cost=0.00..44.00 rows=1 width=32) (actual time=0.005..0.006 rows=2 loops=1)
                           Filter: ((floor_space <= 9026222) AND (floor_space >= 5285950) AND (market_id <= 6) AND (market_id >= 2) AND (tax_percentage <= '0.11'::double precision) AND (tax_percentage >= '0.03'::double precision))
                           Rows Removed by Filter: 10
         ->  Hash  (cost=6.00..6.00 rows=300 width=28) (actual time=0.100..0.101 rows=300 loops=1)
               Buckets: 1024  Batches: 1  Memory Usage: 27kB
               ->  Seq Scan on promotion  (cost=0.00..6.00 rows=300 width=28) (actual time=0.009..0.044 rows=300 loops=1)
   ->  Hash  (cost=546.00..546.00 rows=678 width=52) (actual time=2.797..2.797 rows=693 loops=1)
         Buckets: 1024  Batches: 1  Memory Usage: 68kB
         ->  Seq Scan on item  (cost=0.00..546.00 rows=678 width=52) (actual time=0.008..2.683 rows=693 loops=1)
               Filter: ((current_price <= '9.72'::double precision) AND (current_price >= '4.25'::double precision) AND (category_id <= '2'::double precision) AND (category_id >= '2'::double precision))
               Rows Removed by Filter: 17307
 Planning Time: 0.392 ms
 Execution Time: 744.788 ms
(24 rows)

                                                                                                                 QUERY PLAN                                                                                                                 
--------------------------------------------------------------------------------------------------------------------------------------------------------------------------------------------------------------------------------------------
 Hash Join  (cost=115394.96..117622.44 rows=48 width=244) (actual time=613.260..629.328 rows=70 loops=1)
   Hash Cond: ((customer.customer_sk)::double precision = store_sales.customer_sk)
   ->  Seq Scan on customer  (cost=0.00..1727.00 rows=100000 width=28) (actual time=0.007..7.085 rows=100000 loops=1)
   ->  Hash  (cost=115394.58..115394.58 rows=30 width=216) (actual time=613.059..613.061 rows=70 loops=1)
         Buckets: 1024  Batches: 1  Memory Usage: 26kB
         ->  Hash Join  (cost=596.88..115394.58 rows=30 width=216) (actual time=17.252..612.994 rows=70 loops=1)
               Hash Cond: (store_sales.wholesale_cost = item.wholesale_cost)
               ->  Hash Join  (cost=44.01..114793.57 rows=563 width=164) (actual time=0.038..608.237 rows=22544 loops=1)
                     Hash Cond: (store_sales.store_sk = (store.store_sk)::double precision)
                     ->  Seq Scan on store_sales  (cost=0.00..114154.24 rows=117937 width=132) (actual time=0.026..591.356 rows=136434 loops=1)
                           Filter: ((ext_coupon_amt <= '12.03'::double precision) AND (ext_coupon_amt >= '0'::double precision) AND (net_paid_inc_tax <= '4710.97'::double precision) AND (net_paid_inc_tax >= '3578.9'::double precision))
                           Rows Removed by Filter: 2743970
                     ->  Hash  (cost=44.00..44.00 rows=1 width=32) (actual time=0.007..0.007 rows=2 loops=1)
                           Buckets: 1024  Batches: 1  Memory Usage: 9kB
                           ->  Seq Scan on store  (cost=0.00..44.00 rows=1 width=32) (actual time=0.004..0.005 rows=2 loops=1)
                                 Filter: ((floor_space <= 9341467) AND (floor_space >= 9294113) AND (market_id <= 8) AND (market_id >= 2) AND (company_id <= 220) AND (company_id >= 175))
                                 Rows Removed by Filter: 10
               ->  Hash  (cost=546.00..546.00 rows=549 width=52) (actual time=2.101..2.101 rows=518 loops=1)
                     Buckets: 1024  Batches: 1  Memory Usage: 53kB
                     ->  Seq Scan on item  (cost=0.00..546.00 rows=549 width=52) (actual time=0.008..2.041 rows=519 loops=1)
                           Filter: ((brand_id <= '7006007'::double precision) AND (brand_id >= '5003001'::double precision) AND (manufact_id <= '327'::double precision) AND (manufact_id >= '239'::double precision))
                           Rows Removed by Filter: 17481
 Planning Time: 0.323 ms
 Execution Time: 629.377 ms
(24 rows)

                                                                                                                                                                                                                   QUERY PLAN                                                                                                                                                                                                                    
-------------------------------------------------------------------------------------------------------------------------------------------------------------------------------------------------------------------------------------------------------------------------------------------------------------------------------------------------------------------------------------------------------------------------------------------------
 Hash Join  (cost=563.92..143897.29 rows=869 width=244) (actual time=105.220..4530.032 rows=3589 loops=1)
   Hash Cond: (promotion.item_sk = (item.item_sk)::double precision)
   ->  Nested Loop  (cost=0.00..143259.87 rows=30 width=192) (actual time=102.127..4525.239 rows=7238 loops=1)
         Join Filter: (store_sales.promo_sk = (promotion.promo_sk)::double precision)
         Rows Removed by Join Filter: 2166862
         ->  Seq Scan on promotion  (cost=0.00..6.00 rows=300 width=28) (actual time=0.007..0.054 rows=300 loops=1)
         ->  Materialize  (cost=0.00..143091.20 rows=31 width=164) (actual time=0.002..14.474 rows=7247 loops=300)
               ->  Nested Loop  (cost=0.00..143091.04 rows=31 width=164) (actual time=0.535..4244.037 rows=7247 loops=1)
                     Join Filter: (store_sales.store_sk = (store.store_sk)::double precision)
                     Rows Removed by Join Filter: 79001
                     ->  Seq Scan on store  (cost=0.00..37.20 rows=1 width=32) (actual time=0.003..0.012 rows=8 loops=1)
                           Filter: ((number_employees <= 297) AND (number_employees >= 245) AND (devision_id <= 1) AND (devision_id >= 1))
                           Rows Removed by Filter: 4
                     ->  Seq Scan on store_sales  (cost=0.00..142956.36 rows=6499 width=132) (actual time=0.045..529.342 rows=10781 loops=8)
                           Filter: ((sales_price <= '45.22'::double precision) AND (sales_price >= '38.07'::double precision) AND (ext_discount_amt <= '0'::double precision) AND (ext_discount_amt >= '0'::double precision) AND (ext_list_price <= '1233.36'::double precision) AND (ext_list_price >= '565.21'::double precision) AND (net_paid_inc_tax <= '1966.03'::double precision) AND (net_paid_inc_tax >= '304.26'::double precision))
                           Rows Removed by Filter: 2869623
   ->  Hash  (cost=456.00..456.00 rows=8634 width=52) (actual time=3.064..3.065 rows=8613 loops=1)
         Buckets: 16384  Batches: 1  Memory Usage: 868kB
         ->  Seq Scan on item  (cost=0.00..456.00 rows=8634 width=52) (actual time=0.009..2.108 rows=8613 loops=1)
               Filter: ((brand_id <= '8013001'::double precision) AND (brand_id >= '4001001'::double precision))
               Rows Removed by Filter: 9387
 Planning Time: 0.274 ms
 Execution Time: 4530.281 ms
(23 rows)

                                                                      QUERY PLAN                                                                       
-------------------------------------------------------------------------------------------------------------------------------------------------------
 Hash Join  (cost=591877.56..785266.68 rows=6040413 width=240) (actual time=1475.596..1652.669 rows=65500 loops=1)
   Hash Cond: (item.wholesale_cost = store_sales.wholesale_cost)
   ->  Seq Scan on item  (cost=0.00..366.00 rows=18000 width=52) (actual time=0.006..3.048 rows=18000 loops=1)
   ->  Hash  (cost=455611.39..455611.39 rows=3505934 width=188) (actual time=1475.551..1475.555 rows=46483 loops=1)
         Buckets: 32768  Batches: 256  Memory Usage: 353kB
         ->  Hash Join  (cost=215574.05..455611.39 rows=3505934 width=188) (actual time=1089.985..1172.601 rows=47010 loops=1)
               Hash Cond: ((customer.customer_sk)::double precision = store_sales.customer_sk)
               ->  Seq Scan on customer  (cost=0.00..1727.00 rows=100000 width=28) (actual time=0.004..9.073 rows=100000 loops=1)
               ->  Hash  (cost=138319.70..138319.70 rows=2209708 width=160) (actual time=1045.219..1045.222 rows=47010 loops=1)
                     Buckets: 32768  Batches: 128  Memory Usage: 330kB
                     ->  Hash Join  (cost=9.75..138319.70 rows=2209708 width=160) (actual time=0.093..722.318 rows=48177 loops=1)
                           Hash Cond: ((store_sales.item_sk)::double precision = promotion.item_sk)
                           ->  Seq Scan on store_sales  (cost=0.00..99753.18 rows=2194625 width=132) (actual time=0.027..520.694 rows=2211665 loops=1)
                                 Filter: ((ext_discount_amt <= '0'::double precision) AND (ext_discount_amt >= '0'::double precision))
                                 Rows Removed by Filter: 668739
                           ->  Hash  (cost=6.00..6.00 rows=300 width=28) (actual time=0.057..0.058 rows=293 loops=1)
                                 Buckets: 1024  Batches: 1  Memory Usage: 27kB
                                 ->  Seq Scan on promotion  (cost=0.00..6.00 rows=300 width=28) (actual time=0.003..0.023 rows=300 loops=1)
 Planning Time: 0.293 ms
 Execution Time: 1656.619 ms
(20 rows)

                                                                                                                                                                                                                                                        QUERY PLAN                                                                                                                                                                                                                                                        
--------------------------------------------------------------------------------------------------------------------------------------------------------------------------------------------------------------------------------------------------------------------------------------------------------------------------------------------------------------------------------------------------------------------------------------------------------------------------------------------------------------------------
 Nested Loop  (cost=0.00..158618.05 rows=3 width=244) (actual time=1773.891..1776.953 rows=2 loops=1)
   Join Filter: ((item.item_sk)::double precision = promotion.item_sk)
   Rows Removed by Join Filter: 18598
   ->  Seq Scan on promotion  (cost=0.00..6.00 rows=300 width=28) (actual time=0.008..0.035 rows=300 loops=1)
   ->  Materialize  (cost=0.00..158596.31 rows=3 width=216) (actual time=3.778..5.912 rows=62 loops=300)
         ->  Nested Loop  (cost=0.00..158596.29 rows=3 width=216) (actual time=1133.366..1772.766 rows=62 loops=1)
               Join Filter: (store_sales.item_sk = item.item_sk)
               Rows Removed by Join Filter: 1108666
               ->  Seq Scan on item  (cost=0.00..456.00 rows=4763 width=52) (actual time=0.007..2.334 rows=4779 loops=1)
                     Filter: ((manufact_id <= '205'::double precision) AND (manufact_id >= '58'::double precision))
                     Rows Removed by Filter: 13221
               ->  Materialize  (cost=0.00..157425.87 rows=10 width=164) (actual time=0.134..0.356 rows=232 loops=4779)
                     ->  Nested Loop  (cost=0.00..157425.82 rows=10 width=164) (actual time=642.223..1653.324 rows=232 loops=1)
                           Join Filter: (store_sales.store_sk = (store.store_sk)::double precision)
                           Rows Removed by Join Filter: 4391
                           ->  Seq Scan on store  (cost=0.00..37.20 rows=1 width=32) (actual time=0.004..0.008 rows=3 loops=1)
                                 Filter: ((devision_id <= 1) AND (devision_id >= 1) AND (company_id <= 220) AND (company_id >= 175))
                                 Rows Removed by Filter: 9
                           ->  Seq Scan on store_sales  (cost=0.00..157357.42 rows=2080 width=132) (actual time=0.530..550.830 rows=1541 loops=3)
                                 Filter: ((list_price <= '165.52'::double precision) AND (list_price >= '111.81'::double precision) AND (sales_price <= '70.06'::double precision) AND (sales_price >= '65.54'::double precision) AND (ext_discount_amt <= '0'::double precision) AND (ext_discount_amt >= '-1'::double precision) AND (ext_list_price <= '1502.8'::double precision) AND (ext_list_price >= '-1'::double precision) AND (ext_tax <= '111.09'::double precision) AND (ext_tax >= '-1'::double precision))
                                 Rows Removed by Filter: 2878863
 Planning Time: 0.361 ms
 Execution Time: 1777.014 ms
(23 rows)

                                                                                                                                                                                                                                QUERY PLAN                                                                                                                                                                                                                                
--------------------------------------------------------------------------------------------------------------------------------------------------------------------------------------------------------------------------------------------------------------------------------------------------------------------------------------------------------------------------------------------------------------------------------------------------------------------------
 Hash Join  (cost=476.94..145007.95 rows=1438 width=244) (actual time=939.252..3052.037 rows=93 loops=1)
   Hash Cond: (promotion.item_sk = (item.item_sk)::double precision)
   ->  Nested Loop  (cost=0.00..144448.67 rows=172 width=192) (actual time=227.005..3049.947 rows=924 loops=1)
         Join Filter: ((store_sales.item_sk)::double precision = promotion.item_sk)
         Rows Removed by Join Filter: 12693408
         ->  Seq Scan on promotion  (cost=0.00..7.50 rows=294 width=28) (actual time=0.007..0.138 rows=294 loops=1)
               Filter: ((cost <= '1000'::double precision) AND (cost >= '1000'::double precision))
               Rows Removed by Filter: 6
         ->  Materialize  (cost=0.00..143546.37 rows=174 width=164) (actual time=0.002..7.183 rows=43178 loops=294)
               ->  Nested Loop  (cost=0.00..143545.50 rows=174 width=164) (actual time=0.286..639.544 rows=43178 loops=1)
                     Join Filter: (store_sales.store_sk = (store.store_sk)::double precision)
                     Rows Removed by Join Filter: 216234
                     ->  Seq Scan on store  (cost=0.00..44.00 rows=1 width=32) (actual time=0.002..0.006 rows=1 loops=1)
                           Filter: ((market_id <= 8) AND (market_id >= 6) AND (company_id <= 255) AND (company_id >= 175) AND (tax_percentage <= '0.03'::double precision) AND (tax_percentage >= '0.01'::double precision))
                           Rows Removed by Filter: 11
                     ->  Seq Scan on store_sales  (cost=0.00..142956.36 rows=36343 width=132) (actual time=0.021..615.976 rows=259412 loops=1)
                           Filter: ((ext_sales_price <= '7369.44'::double precision) AND (ext_sales_price >= '348.16'::double precision) AND (ext_wholesale_cost <= '2241.58'::double precision) AND (ext_wholesale_cost >= '400.4'::double precision) AND (ext_list_price <= '2616.65'::double precision) AND (ext_list_price >= '1221.32'::double precision) AND (net_paid_inc_tax <= '1419.6'::double precision) AND (net_paid_inc_tax >= '404.72'::double precision))
                           Rows Removed by Filter: 2620992
   ->  Hash  (cost=456.00..456.00 rows=1675 width=52) (actual time=1.748..1.750 rows=1674 loops=1)
         Buckets: 2048  Batches: 1  Memory Usage: 160kB
         ->  Seq Scan on item  (cost=0.00..456.00 rows=1675 width=52) (actual time=0.008..1.557 rows=1674 loops=1)
               Filter: ((current_price <= '4.09'::double precision) AND (current_price >= '3.3'::double precision))
               Rows Removed by Filter: 16326
 Planning Time: 0.287 ms
 Execution Time: 3053.444 ms
(25 rows)

                                                                                                       QUERY PLAN                                                                                                       
------------------------------------------------------------------------------------------------------------------------------------------------------------------------------------------------------------------------
 Hash Join  (cost=624.54..102369.65 rows=15100 width=244) (actual time=175.513..509.351 rows=4 loops=1)
   Hash Cond: (store_sales.store_sk = (store.store_sk)::double precision)
   ->  Hash Join  (cost=583.94..101381.70 rows=2325 width=212) (actual time=175.496..509.327 rows=4 loops=1)
         Hash Cond: ((item.item_sk)::double precision = promotion.item_sk)
         ->  Hash Join  (cost=572.77..101329.56 rows=2364 width=184) (actual time=3.582..509.181 rows=206 loops=1)
               Hash Cond: (store_sales.wholesale_cost = item.wholesale_cost)
               ->  Seq Scan on store_sales  (cost=0.00..99753.18 rows=11529 width=132) (actual time=0.047..504.523 rows=12397 loops=1)
                     Filter: ((net_paid <= '2392.5'::double precision) AND (net_paid >= '2349.35'::double precision))
                     Rows Removed by Filter: 2868007
               ->  Hash  (cost=546.00..546.00 rows=2142 width=52) (actual time=2.657..2.657 rows=2125 loops=1)
                     Buckets: 4096  Batches: 1  Memory Usage: 215kB
                     ->  Seq Scan on item  (cost=0.00..546.00 rows=2142 width=52) (actual time=0.005..2.380 rows=2129 loops=1)
                           Filter: ((brand_id <= '10013001'::double precision) AND (brand_id >= '4001001'::double precision) AND (manufact_id <= '307'::double precision) AND (manufact_id >= '210'::double precision))
                           Rows Removed by Filter: 15871
         ->  Hash  (cost=7.50..7.50 rows=293 width=28) (actual time=0.074..0.074 rows=291 loops=1)
               Buckets: 1024  Batches: 1  Memory Usage: 27kB
               ->  Seq Scan on promotion  (cost=0.00..7.50 rows=293 width=28) (actual time=0.004..0.042 rows=293 loops=1)
                     Filter: ((response_target <= '1'::double precision) AND (response_target >= '1'::double precision))
                     Rows Removed by Filter: 7
   ->  Hash  (cost=23.60..23.60 rows=1360 width=32) (actual time=0.009..0.010 rows=12 loops=1)
         Buckets: 2048  Batches: 1  Memory Usage: 17kB
         ->  Seq Scan on store  (cost=0.00..23.60 rows=1360 width=32) (actual time=0.004..0.005 rows=12 loops=1)
 Planning Time: 0.328 ms
 Execution Time: 509.399 ms
(24 rows)

                                                                                                                                                                                                                QUERY PLAN                                                                                                                                                                                                                
------------------------------------------------------------------------------------------------------------------------------------------------------------------------------------------------------------------------------------------------------------------------------------------------------------------------------------------------------------------------------------------------------------------------------------------
 Merge Join  (cost=187633.19..199195.93 rows=645939 width=244) (actual time=862.385..917.791 rows=84589 loops=1)
   Merge Cond: (((store.store_sk)::double precision) = store_sales.store_sk)
   ->  Sort  (cost=94.38..97.78 rows=1360 width=32) (actual time=0.025..0.027 rows=11 loops=1)
         Sort Key: ((store.store_sk)::double precision)
         Sort Method: quicksort  Memory: 25kB
         ->  Seq Scan on store  (cost=0.00..23.60 rows=1360 width=32) (actual time=0.015..0.018 rows=12 loops=1)
   ->  Materialize  (cost=187538.81..188035.99 rows=99436 width=212) (actual time=862.355..890.264 rows=84590 loops=1)
         ->  Sort  (cost=187538.81..187787.40 rows=99436 width=212) (actual time=862.352..878.309 rows=84590 loops=1)
               Sort Key: store_sales.store_sk
               Sort Method: external merge  Disk: 19368kB
               ->  Hash Join  (cost=165254.24..169085.88 rows=99436 width=212) (actual time=691.536..806.175 rows=84733 loops=1)
                     Hash Cond: (store_sales.item_sk = item.item_sk)
                     ->  Merge Join  (cost=164663.24..167127.64 rows=99436 width=160) (actual time=687.245..774.449 rows=84733 loops=1)
                           Merge Cond: (store_sales.customer_sk = ((customer.customer_sk)::double precision))
                           ->  Sort  (cost=152237.42..152394.10 rows=62672 width=132) (actual time=644.674..662.768 rows=84734 loops=1)
                                 Sort Key: store_sales.customer_sk
                                 Sort Method: external merge  Disk: 12152kB
                                 ->  Seq Scan on store_sales  (cost=0.00..142956.36 rows=62672 width=132) (actual time=0.022..594.883 rows=85014 loops=1)
                                       Filter: ((ext_discount_amt <= '0'::double precision) AND (ext_discount_amt >= '0'::double precision) AND (ext_wholesale_cost <= '1345.68'::double precision) AND (ext_wholesale_cost >= '436.79'::double precision) AND (ext_tax <= '4.36'::double precision) AND (ext_tax >= '-1'::double precision) AND (net_profit <= '1410.5'::double precision) AND (net_profit >= '-846'::double precision))
                                       Rows Removed by Filter: 2795390
                           ->  Materialize  (cost=12425.82..12925.82 rows=100000 width=28) (actual time=42.561..68.673 rows=133542 loops=1)
                                 ->  Sort  (cost=12425.82..12675.82 rows=100000 width=28) (actual time=42.556..54.627 rows=100000 loops=1)
                                       Sort Key: ((customer.customer_sk)::double precision)
                                       Sort Method: external merge  Disk: 4824kB
                                       ->  Seq Scan on customer  (cost=0.00..1727.00 rows=100000 width=28) (actual time=0.010..12.433 rows=100000 loops=1)
                     ->  Hash  (cost=366.00..366.00 rows=18000 width=52) (actual time=4.241..4.241 rows=18000 loops=1)
                           Buckets: 32768  Batches: 1  Memory Usage: 1801kB
                           ->  Seq Scan on item  (cost=0.00..366.00 rows=18000 width=52) (actual time=0.004..1.833 rows=18000 loops=1)
 Planning Time: 0.295 ms
 Execution Time: 927.985 ms
(30 rows)

                                                                                                                   QUERY PLAN                                                                                                                   
------------------------------------------------------------------------------------------------------------------------------------------------------------------------------------------------------------------------------------------------
 Hash Join  (cost=115016.34..118250.32 rows=698 width=244) (actual time=559.163..578.711 rows=3423 loops=1)
   Hash Cond: ((customer.customer_sk)::double precision = store_sales.customer_sk)
   ->  Seq Scan on customer  (cost=0.00..1727.00 rows=100000 width=28) (actual time=0.012..7.342 rows=100000 loops=1)
   ->  Hash  (cost=115010.84..115010.84 rows=440 width=216) (actual time=559.116..559.118 rows=3423 loops=1)
         Buckets: 4096 (originally 1024)  Batches: 1 (originally 1)  Memory Usage: 887kB
         ->  Hash Join  (cost=537.92..115010.84 rows=440 width=216) (actual time=3.093..556.989 rows=3447 loops=1)
               Hash Cond: (store_sales.item_sk = item.item_sk)
               ->  Hash Join  (cost=30.49..114491.79 rows=1925 width=164) (actual time=0.053..550.249 rows=14868 loops=1)
                     Hash Cond: (store_sales.store_sk = (store.store_sk)::double precision)
                     ->  Seq Scan on store_sales  (cost=0.00..114154.24 rows=57562 width=132) (actual time=0.025..539.028 rows=90121 loops=1)
                           Filter: ((ext_wholesale_cost <= '1605.24'::double precision) AND (ext_wholesale_cost >= '1344.64'::double precision) AND (net_profit <= '-22.8'::double precision) AND (net_profit >= '-1380.99'::double precision))
                           Rows Removed by Filter: 2790283
                     ->  Hash  (cost=30.40..30.40 rows=7 width=32) (actual time=0.007..0.008 rows=3 loops=1)
                           Buckets: 1024  Batches: 1  Memory Usage: 9kB
                           ->  Seq Scan on store  (cost=0.00..30.40 rows=7 width=32) (actual time=0.003..0.005 rows=3 loops=1)
                                 Filter: ((number_employees <= 236) AND (number_employees >= 229))
                                 Rows Removed by Filter: 9
               ->  Hash  (cost=456.00..456.00 rows=4115 width=52) (actual time=2.514..2.515 rows=4094 loops=1)
                     Buckets: 8192  Batches: 1  Memory Usage: 416kB
                     ->  Seq Scan on item  (cost=0.00..456.00 rows=4115 width=52) (actual time=0.004..2.102 rows=4094 loops=1)
                           Filter: ((manufact_id <= '251'::double precision) AND (manufact_id >= '127'::double precision))
                           Rows Removed by Filter: 13906
 Planning Time: 0.280 ms
 Execution Time: 578.882 ms
(24 rows)

                                                                                                                                                                                                         QUERY PLAN                                                                                                                                                                                                         
----------------------------------------------------------------------------------------------------------------------------------------------------------------------------------------------------------------------------------------------------------------------------------------------------------------------------------------------------------------------------------------------------------------------------
 Hash Join  (cost=147032.68..147195.07 rows=1142 width=240) (actual time=573.354..575.958 rows=17 loops=1)
   Hash Cond: ((store_sales.item_sk)::double precision = promotion.item_sk)
   ->  Merge Join  (cost=147022.93..147165.40 rows=1134 width=212) (actual time=573.066..575.758 rows=503 loops=1)
         Merge Cond: (store_sales.customer_sk = ((customer.customer_sk)::double precision))
         ->  Sort  (cost=144059.99..144076.29 rows=6517 width=184) (actual time=561.358..561.891 rows=4400 loops=1)
               Sort Key: store_sales.customer_sk
               Sort Method: quicksort  Memory: 1365kB
               ->  Hash Join  (cost=581.95..143647.14 rows=6517 width=184) (actual time=3.599..558.379 rows=4413 loops=1)
                     Hash Cond: (store_sales.item_sk = item.item_sk)
                     ->  Seq Scan on store_sales  (cost=0.00..142956.36 rows=11643 width=132) (actual time=0.103..551.306 rows=7800 loops=1)
                           Filter: ((quantity <= '34'::double precision) AND (quantity >= '12'::double precision) AND (ext_coupon_amt <= '946.46'::double precision) AND (ext_coupon_amt >= '0'::double precision) AND (net_paid_inc_tax <= '1957.49'::double precision) AND (net_paid_inc_tax >= '1729.01'::double precision) AND (net_profit <= '-1'::double precision) AND (net_profit >= '-5064.96'::double precision))
                           Rows Removed by Filter: 2872604
                     ->  Hash  (cost=456.00..456.00 rows=10076 width=52) (actual time=3.301..3.302 rows=10084 loops=1)
                           Buckets: 16384  Batches: 1  Memory Usage: 995kB
                           ->  Seq Scan on item  (cost=0.00..456.00 rows=10076 width=52) (actual time=0.020..2.351 rows=10084 loops=1)
                                 Filter: ((manufact_id <= '597'::double precision) AND (manufact_id >= '156'::double precision))
                                 Rows Removed by Filter: 7916
         ->  Sort  (cost=2962.93..2990.35 rows=10967 width=28) (actual time=11.695..12.184 rows=11307 loops=1)
               Sort Key: ((customer.customer_sk)::double precision)
               Sort Method: quicksort  Memory: 1267kB
               ->  Seq Scan on customer  (cost=0.00..2227.00 rows=10967 width=28) (actual time=0.012..10.120 rows=11290 loops=1)
                     Filter: ((birth_year <= '1985'::double precision) AND (birth_year >= '1978'::double precision))
                     Rows Removed by Filter: 88710
   ->  Hash  (cost=6.00..6.00 rows=300 width=28) (actual time=0.108..0.108 rows=293 loops=1)
         Buckets: 1024  Batches: 1  Memory Usage: 27kB
         ->  Seq Scan on promotion  (cost=0.00..6.00 rows=300 width=28) (actual time=0.040..0.067 rows=300 loops=1)
 Planning Time: 0.286 ms
 Execution Time: 576.013 ms
(28 rows)

                                                                                                                                                                                                         QUERY PLAN                                                                                                                                                                                                         
----------------------------------------------------------------------------------------------------------------------------------------------------------------------------------------------------------------------------------------------------------------------------------------------------------------------------------------------------------------------------------------------------------------------------
 Hash Join  (cost=145269.55..147396.47 rows=113092 width=244) (actual time=1650.096..1949.681 rows=425751 loops=1)
   Hash Cond: ((item.item_sk)::double precision = promotion.item_sk)
   ->  Seq Scan on item  (cost=0.00..366.00 rows=18000 width=52) (actual time=0.007..1.995 rows=18000 loops=1)
   ->  Hash  (cost=145246.15..145246.15 rows=1872 width=192) (actual time=1528.251..1528.270 rows=425751 loops=1)
         Buckets: 32768 (originally 2048)  Batches: 64 (originally 1)  Memory Usage: 3841kB
         ->  Hash Join  (cost=46.96..145246.15 rows=1872 width=192) (actual time=0.127..1088.182 rows=435911 loops=1)
               Hash Cond: (store_sales.promo_sk = (promotion.promo_sk)::double precision)
               ->  Hash Join  (cost=37.21..145065.70 rows=1961 width=164) (actual time=0.036..940.316 rows=436545 loops=1)
                     Hash Cond: (store_sales.store_sk = (store.store_sk)::double precision)
                     ->  Seq Scan on store_sales  (cost=0.00..142956.36 rows=410504 width=132) (actual time=0.024..763.267 rows=656939 loops=1)
                           Filter: ((list_price <= '121.27'::double precision) AND (list_price >= '47.14'::double precision) AND (sales_price <= '108.24'::double precision) AND (sales_price >= '2.88'::double precision) AND (ext_sales_price <= '4478.67'::double precision) AND (ext_sales_price >= '659.03'::double precision) AND (net_paid <= '3361.1'::double precision) AND (net_paid >= '5.2'::double precision))
                           Rows Removed by Filter: 2223465
                     ->  Hash  (cost=37.20..37.20 rows=1 width=32) (actual time=0.006..0.007 rows=10 loops=1)
                           Buckets: 1024  Batches: 1  Memory Usage: 9kB
                           ->  Seq Scan on store  (cost=0.00..37.20 rows=1 width=32) (actual time=0.003..0.005 rows=10 loops=1)
                                 Filter: ((number_employees <= 294) AND (number_employees >= 229) AND (devision_id <= 1) AND (devision_id >= 1))
                                 Rows Removed by Filter: 2
               ->  Hash  (cost=6.00..6.00 rows=300 width=28) (actual time=0.087..0.088 rows=300 loops=1)
                     Buckets: 1024  Batches: 1  Memory Usage: 27kB
                     ->  Seq Scan on promotion  (cost=0.00..6.00 rows=300 width=28) (actual time=0.004..0.027 rows=300 loops=1)
 Planning Time: 0.295 ms
 Execution Time: 1965.203 ms
(22 rows)

                                                                                                                                                                                                                                                 QUERY PLAN                                                                                                                                                                                                                                                 
------------------------------------------------------------------------------------------------------------------------------------------------------------------------------------------------------------------------------------------------------------------------------------------------------------------------------------------------------------------------------------------------------------------------------------------------------------------------------------------------------------
 Hash Join  (cost=4190.69..166478.83 rows=264 width=240) (actual time=107.346..573.624 rows=11 loops=1)
   Hash Cond: ((store_sales.item_sk)::double precision = promotion.item_sk)
   ->  Hash Join  (cost=4179.52..166463.02 rows=268 width=212) (actual time=28.942..573.404 rows=437 loops=1)
         Hash Cond: (store_sales.customer_sk = (customer.customer_sk)::double precision)
         ->  Hash Join  (cost=518.52..157879.92 rows=169 width=184) (actual time=3.134..540.184 rows=439 loops=1)
               Hash Cond: (store_sales.item_sk = item.item_sk)
               ->  Seq Scan on store_sales  (cost=0.00..157357.42 rows=609 width=132) (actual time=0.606..536.999 rows=1527 loops=1)
                     Filter: ((list_price <= '85.24'::double precision) AND (list_price >= '74.39'::double precision) AND (ext_tax <= '82.99'::double precision) AND (ext_tax >= '4.34'::double precision) AND (net_paid <= '669.57'::double precision) AND (net_paid >= '319.55'::double precision) AND (net_paid_inc_tax <= '1661.31'::double precision) AND (net_paid_inc_tax >= '22.72'::double precision) AND (net_profit <= '357.7'::double precision) AND (net_profit >= '56.32'::double precision))
                     Rows Removed by Filter: 2878877
               ->  Hash  (cost=456.00..456.00 rows=5002 width=52) (actual time=2.521..2.521 rows=5002 loops=1)
                     Buckets: 8192  Batches: 1  Memory Usage: 494kB
                     ->  Seq Scan on item  (cost=0.00..456.00 rows=5002 width=52) (actual time=0.005..1.979 rows=5002 loops=1)
                           Filter: ((brand_id <= '4004001'::double precision) AND (brand_id >= '2001002'::double precision))
                           Rows Removed by Filter: 12998
         ->  Hash  (cost=1727.00..1727.00 rows=100000 width=28) (actual time=25.775..25.775 rows=100000 loops=1)
               Buckets: 65536  Batches: 2  Memory Usage: 3592kB
               ->  Seq Scan on customer  (cost=0.00..1727.00 rows=100000 width=28) (actual time=0.006..8.656 rows=100000 loops=1)
   ->  Hash  (cost=7.50..7.50 rows=293 width=28) (actual time=0.115..0.116 rows=291 loops=1)
         Buckets: 1024  Batches: 1  Memory Usage: 27kB
         ->  Seq Scan on promotion  (cost=0.00..7.50 rows=293 width=28) (actual time=0.014..0.061 rows=293 loops=1)
               Filter: ((response_target <= '1'::double precision) AND (response_target >= '-1'::double precision))
               Rows Removed by Filter: 7
 Planning Time: 0.303 ms
 Execution Time: 573.681 ms
(24 rows)

                                                                                                             QUERY PLAN                                                                                                              
-------------------------------------------------------------------------------------------------------------------------------------------------------------------------------------------------------------------------------------
 Hash Join  (cost=128530.80..176511.56 rows=142126 width=240) (actual time=808.476..1011.975 rows=2879 loops=1)
   Hash Cond: ((store_sales.item_sk)::double precision = promotion.item_sk)
   ->  Hash Join  (cost=128521.05..174021.88 rows=141156 width=212) (actual time=807.581..996.881 rows=131905 loops=1)
         Hash Cond: (store_sales.item_sk = item.item_sk)
         ->  Hash Join  (cost=127930.05..171489.98 rows=141156 width=160) (actual time=803.619..950.058 rows=131905 loops=1)
               Hash Cond: ((customer.customer_sk)::double precision = store_sales.customer_sk)
               ->  Seq Scan on customer  (cost=0.00..2227.00 rows=20687 width=28) (actual time=0.007..10.521 rows=21020 loops=1)
                     Filter: ((birth_year <= '1988'::double precision) AND (birth_year >= '1974'::double precision))
                     Rows Removed by Filter: 78980
               ->  Hash  (cost=114154.24..114154.24 rows=430065 width=132) (actual time=803.387..803.388 rows=630022 loops=1)
                     Buckets: 32768  Batches: 32  Memory Usage: 3455kB
                     ->  Seq Scan on store_sales  (cost=0.00..114154.24 rows=430065 width=132) (actual time=0.022..558.029 rows=637629 loops=1)
                           Filter: ((list_price <= '97.05'::double precision) AND (list_price >= '37.21'::double precision) AND (ext_list_price <= '5716.72'::double precision) AND (ext_list_price >= '1712.64'::double precision))
                           Rows Removed by Filter: 2242775
         ->  Hash  (cost=366.00..366.00 rows=18000 width=52) (actual time=3.925..3.926 rows=18000 loops=1)
               Buckets: 32768  Batches: 1  Memory Usage: 1801kB
               ->  Seq Scan on item  (cost=0.00..366.00 rows=18000 width=52) (actual time=0.004..1.723 rows=18000 loops=1)
   ->  Hash  (cost=6.00..6.00 rows=300 width=28) (actual time=0.067..0.067 rows=293 loops=1)
         Buckets: 1024  Batches: 1  Memory Usage: 27kB
         ->  Seq Scan on promotion  (cost=0.00..6.00 rows=300 width=28) (actual time=0.009..0.033 rows=300 loops=1)
 Planning Time: 0.254 ms
 Execution Time: 1012.154 ms
(22 rows)

                                                                                                                                                                     QUERY PLAN                                                                                                                                                                     
----------------------------------------------------------------------------------------------------------------------------------------------------------------------------------------------------------------------------------------------------------------------------------------------------------------------------------------------------
 Merge Join  (cost=133311.08..133501.81 rows=10313 width=244) (actual time=576.712..577.040 rows=901 loops=1)
   Merge Cond: (((store.store_sk)::double precision) = store_sales.store_sk)
   ->  Sort  (cost=94.38..97.78 rows=1360 width=32) (actual time=0.018..0.020 rows=11 loops=1)
         Sort Key: ((store.store_sk)::double precision)
         Sort Method: quicksort  Memory: 25kB
         ->  Seq Scan on store  (cost=0.00..23.60 rows=1360 width=32) (actual time=0.008..0.011 rows=12 loops=1)
   ->  Sort  (cost=133216.69..133220.66 rows=1588 width=212) (actual time=576.689..576.733 rows=902 loops=1)
         Sort Key: store_sales.store_sk
         Sort Method: quicksort  Memory: 264kB
         ->  Merge Join  (cost=132961.80..133132.27 rows=1588 width=212) (actual time=572.221..576.273 rows=902 loops=1)
               Merge Cond: (store_sales.customer_sk = ((customer.customer_sk)::double precision))
               ->  Sort  (cost=130228.62..130260.58 rows=12784 width=184) (actual time=561.611..562.899 rows=11115 loops=1)
                     Sort Key: store_sales.customer_sk
                     Sort Method: quicksort  Memory: 3302kB
                     ->  Hash Join  (cost=596.96..129356.62 rows=12784 width=184) (actual time=3.444..554.397 rows=11180 loops=1)
                           Hash Cond: (store_sales.item_sk = item.item_sk)
                           ->  Seq Scan on store_sales  (cost=0.00..128555.30 rows=20405 width=132) (actual time=0.028..543.728 rows=17887 loops=1)
                                 Filter: ((ext_wholesale_cost <= '5206.5'::double precision) AND (ext_wholesale_cost >= '2284.59'::double precision) AND (ext_coupon_amt <= '424.33'::double precision) AND (ext_coupon_amt >= '116.11'::double precision) AND (net_paid <= '2263'::double precision) AND (net_paid >= '149.76'::double precision))
                                 Rows Removed by Filter: 2862517
                           ->  Hash  (cost=456.00..456.00 rows=11277 width=52) (actual time=3.401..3.402 rows=11277 loops=1)
                                 Buckets: 16384  Batches: 1  Memory Usage: 1097kB
                                 ->  Seq Scan on item  (cost=0.00..456.00 rows=11277 width=52) (actual time=0.005..2.285 rows=11277 loops=1)
                                       Filter: ((class_id <= '4'::double precision) AND (class_id >= '1'::double precision))
                                       Rows Removed by Filter: 6723
               ->  Sort  (cost=2733.18..2752.75 rows=7827 width=28) (actual time=10.600..10.968 rows=8020 loops=1)
                     Sort Key: ((customer.customer_sk)::double precision)
                     Sort Method: quicksort  Memory: 813kB
                     ->  Seq Scan on customer  (cost=0.00..2227.00 rows=7827 width=28) (actual time=0.012..9.439 rows=7947 loops=1)
                           Filter: ((birth_month <= '4'::double precision) AND (birth_month >= '4'::double precision))
                           Rows Removed by Filter: 92053
 Planning Time: 0.305 ms
 Execution Time: 577.132 ms
(32 rows)

                                                                QUERY PLAN                                                                 
-------------------------------------------------------------------------------------------------------------------------------------------
 Hash Join  (cost=637.96..100959.57 rows=13852 width=244) (actual time=3.897..1608.668 rows=30163 loops=1)
   Hash Cond: ((item.item_sk)::double precision = promotion.item_sk)
   ->  Hash Join  (cost=628.21..100708.12 rows=13757 width=216) (actual time=3.783..1448.141 rows=1377121 loops=1)
         Hash Cond: (store_sales.item_sk = item.item_sk)
         ->  Hash Join  (cost=37.21..99927.96 rows=13757 width=164) (actual time=0.031..999.409 rows=1377121 loops=1)
               Hash Cond: (store_sales.store_sk = (store.store_sk)::double precision)
               ->  Seq Scan on store_sales  (cost=0.00..85352.12 rows=2880212 width=132) (actual time=0.020..344.364 rows=2880404 loops=1)
               ->  Hash  (cost=37.20..37.20 rows=1 width=32) (actual time=0.007..0.008 rows=7 loops=1)
                     Buckets: 1024  Batches: 1  Memory Usage: 9kB
                     ->  Seq Scan on store  (cost=0.00..37.20 rows=1 width=32) (actual time=0.003..0.005 rows=7 loops=1)
                           Filter: ((devision_id <= 1) AND (devision_id >= 1) AND (company_id <= 226) AND (company_id >= 27))
                           Rows Removed by Filter: 5
         ->  Hash  (cost=366.00..366.00 rows=18000 width=52) (actual time=3.718..3.718 rows=18000 loops=1)
               Buckets: 32768  Batches: 1  Memory Usage: 1801kB
               ->  Seq Scan on item  (cost=0.00..366.00 rows=18000 width=52) (actual time=0.003..1.553 rows=18000 loops=1)
   ->  Hash  (cost=6.00..6.00 rows=300 width=28) (actual time=0.094..0.094 rows=293 loops=1)
         Buckets: 1024  Batches: 1  Memory Usage: 27kB
         ->  Seq Scan on promotion  (cost=0.00..6.00 rows=300 width=28) (actual time=0.007..0.043 rows=300 loops=1)
 Planning Time: 0.250 ms
 Execution Time: 1610.199 ms
(20 rows)

                                                                                                                                                                                                             QUERY PLAN                                                                                                                                                                                                              
-------------------------------------------------------------------------------------------------------------------------------------------------------------------------------------------------------------------------------------------------------------------------------------------------------------------------------------------------------------------------------------------------------------------------------------
 Merge Join  (cost=154829.52..156234.80 rows=79721 width=244) (actual time=608.835..609.451 rows=1703 loops=1)
   Merge Cond: (((store.store_sk)::double precision) = store_sales.store_sk)
   ->  Sort  (cost=94.38..97.78 rows=1360 width=32) (actual time=0.038..0.040 rows=11 loops=1)
         Sort Key: ((store.store_sk)::double precision)
         Sort Method: quicksort  Memory: 25kB
         ->  Seq Scan on store  (cost=0.00..23.60 rows=1360 width=32) (actual time=0.006..0.009 rows=12 loops=1)
   ->  Sort  (cost=154735.14..154765.82 rows=12272 width=212) (actual time=608.793..608.878 rows=1704 loops=1)
         Sort Key: store_sales.store_sk
         Sort Method: quicksort  Memory: 501kB
         ->  Merge Join  (cost=153358.64..153901.68 rows=12272 width=212) (actual time=602.636..608.164 rows=1705 loops=1)
               Merge Cond: (store_sales.customer_sk = ((customer.customer_sk)::double precision))
               ->  Sort  (cost=149337.51..149416.12 rows=31443 width=184) (actual time=588.293..589.135 rows=7100 loops=1)
                     Sort Key: store_sales.customer_sk
                     Sort Method: quicksort  Memory: 2082kB
                     ->  Hash Join  (cost=640.44..144192.15 rows=31443 width=184) (actual time=3.493..583.659 rows=7113 loops=1)
                           Hash Cond: (store_sales.item_sk = item.item_sk)
                           ->  Seq Scan on store_sales  (cost=0.00..142956.36 rows=74913 width=132) (actual time=0.050..574.324 rows=16865 loops=1)
                                 Filter: ((list_price <= '74.03'::double precision) AND (list_price >= '13.12'::double precision) AND (ext_list_price <= '9551.36'::double precision) AND (ext_list_price >= '3970.89'::double precision) AND (net_paid <= '4040.65'::double precision) AND (net_paid >= '144.02'::double precision) AND (net_profit <= '497.33'::double precision) AND (net_profit >= '-293.28'::double precision))
                                 Rows Removed by Filter: 2863539
                           ->  Hash  (cost=546.00..546.00 rows=7555 width=52) (actual time=3.411..3.412 rows=7555 loops=1)
                                 Buckets: 8192  Batches: 1  Memory Usage: 714kB
                                 ->  Seq Scan on item  (cost=0.00..546.00 rows=7555 width=52) (actual time=0.005..2.634 rows=7555 loops=1)
                                       Filter: ((brand_id <= '8015007'::double precision) AND (brand_id >= '3001001'::double precision) AND (manufact_id <= '494'::double precision) AND (manufact_id >= '19'::double precision))
                                       Rows Removed by Filter: 10445
               ->  Sort  (cost=4021.12..4082.62 rows=24600 width=28) (actual time=14.331..15.383 rows=24165 loops=1)
                     Sort Key: ((customer.customer_sk)::double precision)
                     Sort Method: quicksort  Memory: 2651kB
                     ->  Seq Scan on customer  (cost=0.00..2227.00 rows=24600 width=28) (actual time=0.012..11.004 rows=24096 loops=1)
                           Filter: ((birth_month <= '12'::double precision) AND (birth_month >= '10'::double precision))
                           Rows Removed by Filter: 75904
 Planning Time: 0.294 ms
 Execution Time: 609.564 ms
(32 rows)

                                                                                                                                                                                               QUERY PLAN                                                                                                                                                                                                
---------------------------------------------------------------------------------------------------------------------------------------------------------------------------------------------------------------------------------------------------------------------------------------------------------------------------------------------------------------------------------------------------------
 Hash Join  (cost=631.24..145743.01 rows=11371 width=244) (actual time=4.103..943.669 rows=8019 loops=1)
   Hash Cond: ((item.item_sk)::double precision = promotion.item_sk)
   ->  Hash Join  (cost=621.49..145534.85 rows=11293 width=216) (actual time=3.937..898.545 rows=369163 loops=1)
         Hash Cond: (store_sales.item_sk = item.item_sk)
         ->  Hash Join  (cost=30.49..144788.57 rows=11293 width=164) (actual time=0.041..771.082 rows=369163 loops=1)
               Hash Cond: (store_sales.store_sk = (store.store_sk)::double precision)
               ->  Seq Scan on store_sales  (cost=0.00..142956.36 rows=337759 width=132) (actual time=0.028..659.282 rows=444084 loops=1)
                     Filter: ((list_price <= '94.33'::double precision) AND (list_price >= '12.57'::double precision) AND (ext_tax <= '131.58'::double precision) AND (ext_tax >= '9.47'::double precision) AND (ext_coupon_amt <= '0'::double precision) AND (ext_coupon_amt >= '0'::double precision) AND (net_profit <= '-42.48'::double precision) AND (net_profit >= '-4134.27'::double precision))
                     Rows Removed by Filter: 2436320
               ->  Hash  (cost=30.40..30.40 rows=7 width=32) (actual time=0.007..0.008 rows=9 loops=1)
                     Buckets: 1024  Batches: 1  Memory Usage: 9kB
                     ->  Seq Scan on store  (cost=0.00..30.40 rows=7 width=32) (actual time=0.003..0.005 rows=9 loops=1)
                           Filter: ((tax_percentage <= '0.08'::double precision) AND (tax_percentage >= '0.03'::double precision))
                           Rows Removed by Filter: 3
         ->  Hash  (cost=366.00..366.00 rows=18000 width=52) (actual time=3.849..3.850 rows=18000 loops=1)
               Buckets: 32768  Batches: 1  Memory Usage: 1801kB
               ->  Seq Scan on item  (cost=0.00..366.00 rows=18000 width=52) (actual time=0.005..1.764 rows=18000 loops=1)
   ->  Hash  (cost=6.00..6.00 rows=300 width=28) (actual time=0.073..0.073 rows=293 loops=1)
         Buckets: 1024  Batches: 1  Memory Usage: 27kB
         ->  Seq Scan on promotion  (cost=0.00..6.00 rows=300 width=28) (actual time=0.008..0.034 rows=300 loops=1)
 Planning Time: 0.346 ms
 Execution Time: 944.230 ms
(22 rows)

                                                                                                                                                                                                                                                                                                  QUERY PLAN                                                                                                                                                                                                                                                                                                  
--------------------------------------------------------------------------------------------------------------------------------------------------------------------------------------------------------------------------------------------------------------------------------------------------------------------------------------------------------------------------------------------------------------------------------------------------------------------------------------------------------------------------------------------------------------------------------------------------------------
 Hash Join  (cost=719.95..174377.76 rows=2527 width=244) (actual time=8.509..843.362 rows=951 loops=1)
   Hash Cond: ((item.item_sk)::double precision = promotion.item_sk)
   ->  Hash Join  (cost=708.77..174322.10 rows=2561 width=216) (actual time=4.316..835.739 rows=62887 loops=1)
         Hash Cond: (store_sales.wholesale_cost = item.wholesale_cost)
         ->  Hash Join  (cost=44.01..173495.56 rows=1602 width=164) (actual time=0.068..804.612 rows=89746 loops=1)
               Hash Cond: (store_sales.store_sk = (store.store_sk)::double precision)
               ->  Seq Scan on store_sales  (cost=0.00..171758.48 rows=335410 width=132) (actual time=0.030..742.411 rows=537107 loops=1)
                     Filter: ((quantity <= '95'::double precision) AND (quantity >= '13'::double precision) AND (sales_price <= '38.6'::double precision) AND (sales_price >= '2.27'::double precision) AND (ext_discount_amt <= '74.01'::double precision) AND (ext_discount_amt >= '0'::double precision) AND (ext_sales_price <= '14296.96'::double precision) AND (ext_sales_price >= '0'::double precision) AND (ext_coupon_amt <= '0'::double precision) AND (ext_coupon_amt >= '0'::double precision) AND (net_profit <= '-20.32'::double precision) AND (net_profit >= '-1944.25'::double precision))
                     Rows Removed by Filter: 2343297
               ->  Hash  (cost=44.00..44.00 rows=1 width=32) (actual time=0.006..0.006 rows=3 loops=1)
                     Buckets: 1024  Batches: 1  Memory Usage: 9kB
                     ->  Seq Scan on store  (cost=0.00..44.00 rows=1 width=32) (actual time=0.003..0.004 rows=3 loops=1)
                           Filter: ((floor_space <= 9026222) AND (floor_space >= 5250760) AND (devision_id <= 1) AND (devision_id >= 1) AND (company_id <= 226) AND (company_id >= 175))
                           Rows Removed by Filter: 9
         ->  Hash  (cost=456.00..456.00 rows=16701 width=52) (actual time=4.202..4.202 rows=16683 loops=1)
               Buckets: 32768  Batches: 1  Memory Usage: 1690kB
               ->  Seq Scan on item  (cost=0.00..456.00 rows=16701 width=52) (actual time=0.004..2.471 rows=16703 loops=1)
                     Filter: ((brand_id <= '10005012'::double precision) AND (brand_id >= '1001001'::double precision))
                     Rows Removed by Filter: 1297
   ->  Hash  (cost=7.50..7.50 rows=294 width=28) (actual time=0.076..0.077 rows=291 loops=1)
         Buckets: 1024  Batches: 1  Memory Usage: 27kB
         ->  Seq Scan on promotion  (cost=0.00..7.50 rows=294 width=28) (actual time=0.008..0.048 rows=294 loops=1)
               Filter: ((cost <= '1000'::double precision) AND (cost >= '1000'::double precision))
               Rows Removed by Filter: 6
 Planning Time: 0.359 ms
 Execution Time: 843.479 ms
(26 rows)

                                                                                                                                                                QUERY PLAN                                                                                                                                                                 
-------------------------------------------------------------------------------------------------------------------------------------------------------------------------------------------------------------------------------------------------------------------------------------------------------------------------------------------
 Merge Join  (cost=147505.01..153351.09 rows=326301 width=244) (actual time=580.694..580.707 rows=7 loops=1)
   Merge Cond: (((store.store_sk)::double precision) = store_sales.store_sk)
   ->  Sort  (cost=94.38..97.78 rows=1360 width=32) (actual time=0.015..0.017 rows=11 loops=1)
         Sort Key: ((store.store_sk)::double precision)
         Sort Method: quicksort  Memory: 25kB
         ->  Seq Scan on store  (cost=0.00..23.60 rows=1360 width=32) (actual time=0.006..0.008 rows=12 loops=1)
   ->  Materialize  (cost=147410.62..147661.78 rows=50231 width=212) (actual time=580.672..580.677 rows=7 loops=1)
         ->  Sort  (cost=147410.62..147536.20 rows=50231 width=212) (actual time=580.668..580.671 rows=7 loops=1)
               Sort Key: store_sales.store_sk
               Sort Method: quicksort  Memory: 26kB
               ->  Hash Join  (cost=630.01..138336.51 rows=50231 width=212) (actual time=80.838..580.646 rows=7 loops=1)
                     Hash Cond: ((item.item_sk)::double precision = promotion.item_sk)
                     ->  Hash Join  (cost=618.84..137441.23 rows=50906 width=184) (actual time=3.394..580.227 rows=1558 loops=1)
                           Hash Cond: (store_sales.wholesale_cost = item.wholesale_cost)
                           ->  Seq Scan on store_sales  (cost=0.00..128555.30 rows=91271 width=132) (actual time=0.047..572.598 rows=26399 loops=1)
                                 Filter: ((ext_sales_price <= '2568.78'::double precision) AND (ext_sales_price >= '339'::double precision) AND (ext_tax <= '25.56'::double precision) AND (ext_tax >= '0'::double precision) AND (net_paid_inc_tax <= '3954.42'::double precision) AND (net_paid_inc_tax >= '2054.59'::double precision))
                                 Rows Removed by Filter: 2854005
                           ->  Hash  (cost=546.00..546.00 rows=5827 width=52) (actual time=3.043..3.044 rows=5807 loops=1)
                                 Buckets: 8192  Batches: 1  Memory Usage: 564kB
                                 ->  Seq Scan on item  (cost=0.00..546.00 rows=5827 width=52) (actual time=0.004..2.470 rows=5810 loops=1)
                                       Filter: ((current_price <= '81.58'::double precision) AND (current_price >= '2.5'::double precision) AND (class_id <= '4'::double precision) AND (class_id >= '2'::double precision))
                                       Rows Removed by Filter: 12190
                     ->  Hash  (cost=7.50..7.50 rows=294 width=28) (actual time=0.087..0.088 rows=291 loops=1)
                           Buckets: 1024  Batches: 1  Memory Usage: 27kB
                           ->  Seq Scan on promotion  (cost=0.00..7.50 rows=294 width=28) (actual time=0.005..0.042 rows=294 loops=1)
                                 Filter: ((cost <= '1000'::double precision) AND (cost >= '1000'::double precision))
                                 Rows Removed by Filter: 6
 Planning Time: 0.354 ms
 Execution Time: 580.761 ms
(29 rows)

                                                                                                                                                                                                                                                      QUERY PLAN                                                                                                                                                                                                                                                       
-----------------------------------------------------------------------------------------------------------------------------------------------------------------------------------------------------------------------------------------------------------------------------------------------------------------------------------------------------------------------------------------------------------------------------------------------------------------------------------------------------------------------
 Merge Join  (cost=171569.04..171966.88 rows=22154 width=244) (actual time=595.794..596.432 rows=1771 loops=1)
   Merge Cond: (((store.store_sk)::double precision) = store_sales.store_sk)
   ->  Sort  (cost=94.38..97.78 rows=1360 width=32) (actual time=0.014..0.016 rows=11 loops=1)
         Sort Key: ((store.store_sk)::double precision)
         Sort Method: quicksort  Memory: 25kB
         ->  Seq Scan on store  (cost=0.00..23.60 rows=1360 width=32) (actual time=0.007..0.009 rows=12 loops=1)
   ->  Sort  (cost=171474.65..171483.18 rows=3410 width=212) (actual time=595.775..595.864 rows=1772 loops=1)
         Sort Key: store_sales.store_sk
         Sort Method: quicksort  Memory: 519kB
         ->  Merge Join  (cost=170464.89..171274.56 rows=3410 width=212) (actual time=573.919..594.975 rows=1773 loops=1)
               Merge Cond: (((customer.customer_sk)::double precision) = store_sales.customer_sk)
               ->  Sort  (cost=12425.82..12675.82 rows=100000 width=28) (actual time=40.681..51.471 rows=99921 loops=1)
                     Sort Key: ((customer.customer_sk)::double precision)
                     Sort Method: external merge  Disk: 4824kB
                     ->  Seq Scan on customer  (cost=0.00..1727.00 rows=100000 width=28) (actual time=0.005..13.056 rows=100000 loops=1)
               ->  Sort  (cost=158039.07..158044.44 rows=2149 width=184) (actual time=533.210..533.375 rows=1774 loops=1)
                     Sort Key: store_sales.customer_sk
                     Sort Method: quicksort  Memory: 521kB
                     ->  Hash Join  (cost=499.95..157920.12 rows=2149 width=184) (actual time=2.612..532.040 rows=1778 loops=1)
                           Hash Cond: (store_sales.item_sk = item.item_sk)
                           ->  Seq Scan on store_sales  (cost=0.00..157357.42 rows=11004 width=132) (actual time=0.246..527.271 rows=8818 loops=1)
                                 Filter: ((quantity <= '76'::double precision) AND (quantity >= '58'::double precision) AND (list_price <= '94.25'::double precision) AND (list_price >= '12.42'::double precision) AND (ext_discount_amt <= '44.53'::double precision) AND (ext_discount_amt >= '0'::double precision) AND (ext_sales_price <= '799.89'::double precision) AND (ext_sales_price >= '295.4'::double precision) AND (ext_tax <= '164.22'::double precision) AND (ext_tax >= '39.91'::double precision))
                                 Rows Removed by Filter: 2871586
                           ->  Hash  (cost=456.00..456.00 rows=3516 width=52) (actual time=2.233..2.234 rows=3516 loops=1)
                                 Buckets: 4096  Batches: 1  Memory Usage: 334kB
                                 ->  Seq Scan on item  (cost=0.00..456.00 rows=3516 width=52) (actual time=0.006..1.910 rows=3516 loops=1)
                                       Filter: ((category_id <= '9'::double precision) AND (category_id >= '8'::double precision))
                                       Rows Removed by Filter: 14484
 Planning Time: 0.306 ms
 Execution Time: 597.607 ms
(30 rows)

                                                                                                                                                                                                                                                                                                           QUERY PLAN                                                                                                                                                                                                                                                                                                            
---------------------------------------------------------------------------------------------------------------------------------------------------------------------------------------------------------------------------------------------------------------------------------------------------------------------------------------------------------------------------------------------------------------------------------------------------------------------------------------------------------------------------------------------------------------------------------------------------------------------------------
 Hash Join  (cost=171946.40..172866.65 rows=32925 width=244) (actual time=705.075..752.392 rows=64246 loops=1)
   Hash Cond: ((item.item_sk)::double precision = promotion.item_sk)
   ->  Seq Scan on item  (cost=0.00..366.00 rows=18000 width=52) (actual time=0.007..1.544 rows=18000 loops=1)
   ->  Hash  (cost=171939.59..171939.59 rows=545 width=192) (actual time=704.689..704.708 rows=64246 loops=1)
         Buckets: 32768 (originally 1024)  Batches: 8 (originally 1)  Memory Usage: 3841kB
         ->  Hash Join  (cost=40.24..171939.59 rows=545 width=192) (actual time=0.151..663.180 rows=65729 loops=1)
               Hash Cond: (store_sales.promo_sk = (promotion.promo_sk)::double precision)
               ->  Hash Join  (cost=30.49..171880.14 rows=571 width=164) (actual time=0.080..640.402 rows=65754 loops=1)
                     Hash Cond: (store_sales.store_sk = (store.store_sk)::double precision)
                     ->  Seq Scan on store_sales  (cost=0.00..171758.48 rows=17092 width=132) (actual time=0.067..617.954 rows=79025 loops=1)
                           Filter: ((quantity <= '54'::double precision) AND (quantity >= '8'::double precision) AND (ext_sales_price <= '2102.1'::double precision) AND (ext_sales_price >= '25.65'::double precision) AND (ext_wholesale_cost <= '639.12'::double precision) AND (ext_wholesale_cost >= '219.45'::double precision) AND (ext_list_price <= '7552.88'::double precision) AND (ext_list_price >= '77.4'::double precision) AND (ext_tax <= '241.16'::double precision) AND (ext_tax >= '0.22'::double precision) AND (net_profit <= '1418.64'::double precision) AND (net_profit >= '-87.15'::double precision))
                           Rows Removed by Filter: 2801379
                     ->  Hash  (cost=30.40..30.40 rows=7 width=32) (actual time=0.007..0.008 rows=9 loops=1)
                           Buckets: 1024  Batches: 1  Memory Usage: 9kB
                           ->  Seq Scan on store  (cost=0.00..30.40 rows=7 width=32) (actual time=0.003..0.005 rows=9 loops=1)
                                 Filter: ((tax_percentage <= '0.08'::double precision) AND (tax_percentage >= '0.03'::double precision))
                                 Rows Removed by Filter: 3
               ->  Hash  (cost=6.00..6.00 rows=300 width=28) (actual time=0.066..0.066 rows=300 loops=1)
                     Buckets: 1024  Batches: 1  Memory Usage: 27kB
                     ->  Seq Scan on promotion  (cost=0.00..6.00 rows=300 width=28) (actual time=0.005..0.028 rows=300 loops=1)
 Planning Time: 0.303 ms
 Execution Time: 754.768 ms
(22 rows)

                                                                                                                                                                   QUERY PLAN                                                                                                                                                                   
------------------------------------------------------------------------------------------------------------------------------------------------------------------------------------------------------------------------------------------------------------------------------------------------------------------------------------------------
 Hash Join  (cost=130850.48..133671.64 rows=1445 width=244) (actual time=2237.305..2254.102 rows=64 loops=1)
   Hash Cond: (store_sales.wholesale_cost = item.wholesale_cost)
   ->  Hash Join  (cost=130259.48..132994.87 rows=839 width=192) (actual time=2233.185..2250.043 rows=518 loops=1)
         Hash Cond: ((customer.customer_sk)::double precision = store_sales.customer_sk)
         ->  Seq Scan on customer  (cost=0.00..1727.00 rows=100000 width=28) (actual time=0.006..7.008 rows=100000 loops=1)
         ->  Hash  (cost=130252.87..130252.87 rows=529 width=164) (actual time=2233.074..2233.076 rows=518 loops=1)
               Buckets: 1024  Batches: 1  Memory Usage: 110kB
               ->  Nested Loop  (cost=0.00..130252.87 rows=529 width=164) (actual time=0.245..2232.718 rows=518 loops=1)
                     Join Filter: (store_sales.store_sk = (store.store_sk)::double precision)
                     Rows Removed by Join Filter: 5642
                     ->  Seq Scan on store  (cost=0.00..37.20 rows=1 width=32) (actual time=0.004..0.010 rows=4 loops=1)
                           Filter: ((devision_id <= 1) AND (devision_id >= 1) AND (company_id <= 175) AND (company_id >= 27))
                           Rows Removed by Filter: 8
                     ->  Seq Scan on store_sales  (cost=0.00..128555.30 rows=110691 width=132) (actual time=0.042..557.956 rows=1540 loops=4)
                           Filter: ((ext_wholesale_cost <= '3630.4'::double precision) AND (ext_wholesale_cost >= '287.2'::double precision) AND (ext_list_price <= '10742.82'::double precision) AND (ext_list_price >= '6726.24'::double precision) AND (net_paid <= '1454.4'::double precision) AND (net_paid >= '67.23'::double precision))
                           Rows Removed by Filter: 2878864
   ->  Hash  (cost=366.00..366.00 rows=18000 width=52) (actual time=3.909..3.909 rows=17954 loops=1)
         Buckets: 32768  Batches: 1  Memory Usage: 1799kB
         ->  Seq Scan on item  (cost=0.00..366.00 rows=18000 width=52) (actual time=0.010..1.573 rows=18000 loops=1)
 Planning Time: 0.281 ms
 Execution Time: 2254.158 ms
(21 rows)

                                                                                                                QUERY PLAN                                                                                                                
------------------------------------------------------------------------------------------------------------------------------------------------------------------------------------------------------------------------------------------
 Hash Join  (cost=116871.71..119640.82 rows=4211 width=240) (actual time=626.325..644.930 rows=2352 loops=1)
   Hash Cond: ((customer.customer_sk)::double precision = store_sales.customer_sk)
   ->  Seq Scan on customer  (cost=0.00..1727.00 rows=100000 width=28) (actual time=0.006..7.255 rows=100000 loops=1)
   ->  Hash  (cost=116838.53..116838.53 rows=2654 width=212) (actual time=626.267..626.269 rows=2352 loops=1)
         Buckets: 4096  Batches: 1  Memory Usage: 620kB
         ->  Hash Join  (cost=558.46..116838.53 rows=2654 width=212) (actual time=2.364..624.827 rows=2365 loops=1)
               Hash Cond: (store_sales.promo_sk = (promotion.promo_sk)::double precision)
               ->  Hash Join  (cost=547.29..116588.12 rows=2836 width=184) (actual time=2.272..623.517 rows=2441 loops=1)
                     Hash Cond: (store_sales.item_sk = item.item_sk)
                     ->  Seq Scan on store_sales  (cost=0.00..114154.24 rows=495528 width=132) (actual time=0.026..588.987 rows=419331 loops=1)
                           Filter: ((ext_wholesale_cost <= '3299.94'::double precision) AND (ext_wholesale_cost >= '150.5'::double precision) AND (net_paid <= '5025.22'::double precision) AND (net_paid >= '1358.4'::double precision))
                           Rows Removed by Filter: 2461073
                     ->  Hash  (cost=546.00..546.00 rows=103 width=52) (actual time=2.039..2.040 rows=116 loops=1)
                           Buckets: 1024  Batches: 1  Memory Usage: 18kB
                           ->  Seq Scan on item  (cost=0.00..546.00 rows=103 width=52) (actual time=0.010..2.025 rows=116 loops=1)
                                 Filter: ((brand_id <= '10013017'::double precision) AND (brand_id >= '7016008'::double precision) AND (manufact_id <= '127'::double precision) AND (manufact_id >= '116'::double precision))
                                 Rows Removed by Filter: 17884
               ->  Hash  (cost=7.50..7.50 rows=294 width=28) (actual time=0.088..0.088 rows=294 loops=1)
                     Buckets: 1024  Batches: 1  Memory Usage: 27kB
                     ->  Seq Scan on promotion  (cost=0.00..7.50 rows=294 width=28) (actual time=0.005..0.045 rows=294 loops=1)
                           Filter: ((cost <= '1000'::double precision) AND (cost >= '1000'::double precision))
                           Rows Removed by Filter: 6
 Planning Time: 0.340 ms
 Execution Time: 645.052 ms
(24 rows)

                                                                                                               QUERY PLAN                                                                                                               
----------------------------------------------------------------------------------------------------------------------------------------------------------------------------------------------------------------------------------------
 Hash Join  (cost=115591.91..118104.89 rows=33 width=244) (actual time=5414.278..5432.694 rows=3258 loops=1)
   Hash Cond: ((customer.customer_sk)::double precision = store_sales.customer_sk)
   ->  Seq Scan on customer  (cost=0.00..2227.00 rows=57130 width=28) (actual time=0.007..11.153 rows=57370 loops=1)
         Filter: ((birth_day <= '23'::double precision) AND (birth_day >= '6'::double precision))
         Rows Removed by Filter: 42630
   ->  Hash  (cost=115591.46..115591.46 rows=36 width=216) (actual time=5414.261..5414.263 rows=5730 loops=1)
         Buckets: 8192 (originally 1024)  Batches: 1 (originally 1)  Memory Usage: 1495kB
         ->  Nested Loop  (cost=555.66..115591.46 rows=36 width=216) (actual time=2.251..5410.322 rows=5760 loops=1)
               Join Filter: (store_sales.store_sk = (store.store_sk)::double precision)
               Rows Removed by Join Filter: 57006
               ->  Seq Scan on store  (cost=0.00..37.20 rows=1 width=32) (actual time=0.003..0.013 rows=9 loops=1)
                     Filter: ((market_id <= 8) AND (market_id >= 2) AND (tax_percentage <= '0.11'::double precision) AND (tax_percentage >= '0.03'::double precision))
                     Rows Removed by Filter: 3
               ->  Hash Join  (cost=555.66..115441.50 rows=7517 width=184) (actual time=0.362..600.269 rows=6974 loops=9)
                     Hash Cond: (store_sales.item_sk = item.item_sk)
                     ->  Seq Scan on store_sales  (cost=0.00..114154.24 rows=175048 width=132) (actual time=0.008..582.519 rows=156421 loops=9)
                           Filter: ((list_price <= '185.08'::double precision) AND (list_price >= '14.77'::double precision) AND (net_paid_inc_tax <= '208.95'::double precision) AND (net_paid_inc_tax >= '110.12'::double precision))
                           Rows Removed by Filter: 2723983
                     ->  Hash  (cost=546.00..546.00 rows=773 width=52) (actual time=1.969..1.970 rows=800 loops=1)
                           Buckets: 1024  Batches: 1  Memory Usage: 77kB
                           ->  Seq Scan on item  (cost=0.00..546.00 rows=773 width=52) (actual time=0.005..1.889 rows=800 loops=1)
                                 Filter: ((current_price <= '2.76'::double precision) AND (current_price >= '1.57'::double precision) AND (category_id <= '10'::double precision) AND (category_id >= '8'::double precision))
                                 Rows Removed by Filter: 17200
 Planning Time: 0.308 ms
 Execution Time: 5432.847 ms
(25 rows)

                                                                                                                                                                                                                                                                                                                QUERY PLAN                                                                                                                                                                                                                                                                                                                
------------------------------------------------------------------------------------------------------------------------------------------------------------------------------------------------------------------------------------------------------------------------------------------------------------------------------------------------------------------------------------------------------------------------------------------------------------------------------------------------------------------------------------------------------------------------------------------------------------------------------------------
 Nested Loop  (cost=0.00..175738.58 rows=2 width=244) (actual time=1764.506..5846.512 rows=261 loops=1)
   Join Filter: (store_sales.customer_sk = (customer.customer_sk)::double precision)
   Rows Removed by Join Filter: 26099739
   ->  Nested Loop  (cost=0.00..172511.58 rows=1 width=216) (actual time=1760.306..2277.710 rows=261 loops=1)
         Join Filter: (store_sales.item_sk = item.item_sk)
         Rows Removed by Join Filter: 4881609
         ->  Seq Scan on item  (cost=0.00..546.00 rows=1685 width=52) (actual time=0.010..2.530 rows=2430 loops=1)
               Filter: ((class_id <= '3'::double precision) AND (class_id >= '2'::double precision) AND (category_id <= '3'::double precision) AND (category_id >= '1'::double precision))
               Rows Removed by Filter: 15570
         ->  Materialize  (cost=0.00..171813.95 rows=6 width=164) (actual time=0.000..0.813 rows=2009 loops=2430)
               ->  Nested Loop  (cost=0.00..171813.92 rows=6 width=164) (actual time=0.482..1756.351 rows=2009 loops=1)
                     Join Filter: (store_sales.store_sk = (store.store_sk)::double precision)
                     Rows Removed by Join Filter: 15988
                     ->  Seq Scan on store  (cost=0.00..37.20 rows=1 width=32) (actual time=0.003..0.009 rows=3 loops=1)
                           Filter: ((number_employees <= 294) AND (number_employees >= 229) AND (market_id <= 9) AND (market_id >= 8))
                           Rows Removed by Filter: 9
                     ->  Seq Scan on store_sales  (cost=0.00..171758.48 rows=1216 width=132) (actual time=0.177..584.772 rows=5999 loops=3)
                           Filter: ((list_price <= '70.62'::double precision) AND (list_price >= '36.88'::double precision) AND (ext_discount_amt <= '0'::double precision) AND (ext_discount_amt >= '0'::double precision) AND (ext_wholesale_cost <= '4458.5'::double precision) AND (ext_wholesale_cost >= '35.97'::double precision) AND (ext_tax <= '110.88'::double precision) AND (ext_tax >= '9.47'::double precision) AND (net_paid_inc_tax <= '963.2'::double precision) AND (net_paid_inc_tax >= '549.27'::double precision) AND (net_profit <= '-996.88'::double precision) AND (net_profit >= '-1383.55'::double precision))
                           Rows Removed by Filter: 2874405
   ->  Seq Scan on customer  (cost=0.00..1727.00 rows=100000 width=28) (actual time=0.002..6.486 rows=100000 loops=261)
 Planning Time: 0.298 ms
 Execution Time: 5846.632 ms
(22 rows)

                                                                                                                    QUERY PLAN                                                                                                                     
---------------------------------------------------------------------------------------------------------------------------------------------------------------------------------------------------------------------------------------------------
 Hash Join  (cost=100697.72..105874.35 rows=37606 width=244) (actual time=1888.238..3403.239 rows=1893084 loops=1)
   Hash Cond: (store_sales.wholesale_cost = item.wholesale_cost)
   ->  Hash Join  (cost=100106.72..103051.99 rows=21827 width=192) (actual time=1884.117..2839.378 rows=1340899 loops=1)
         Hash Cond: ((customer.customer_sk)::double precision = store_sales.customer_sk)
         ->  Seq Scan on customer  (cost=0.00..1727.00 rows=100000 width=28) (actual time=0.003..8.771 rows=100000 loops=1)
         ->  Hash  (cost=99934.76..99934.76 rows=13757 width=164) (actual time=1884.066..1884.084 rows=1340899 loops=1)
               Buckets: 32768 (originally 16384)  Batches: 128 (originally 1)  Memory Usage: 3841kB
               ->  Hash Join  (cost=44.01..99934.76 rows=13757 width=164) (actual time=0.052..991.792 rows=1373249 loops=1)
                     Hash Cond: (store_sales.store_sk = (store.store_sk)::double precision)
                     ->  Seq Scan on store_sales  (cost=0.00..85352.12 rows=2880212 width=132) (actual time=0.027..346.489 rows=2880404 loops=1)
                     ->  Hash  (cost=44.00..44.00 rows=1 width=32) (actual time=0.009..0.009 rows=5 loops=1)
                           Buckets: 1024  Batches: 1  Memory Usage: 9kB
                           ->  Seq Scan on store  (cost=0.00..44.00 rows=1 width=32) (actual time=0.004..0.006 rows=5 loops=1)
                                 Filter: ((floor_space <= 9341467) AND (floor_space >= 5219562) AND (company_id <= 811) AND (company_id >= 175) AND (tax_percentage <= '0.03'::double precision) AND (tax_percentage >= '0.01'::double precision))
                                 Rows Removed by Filter: 7
   ->  Hash  (cost=366.00..366.00 rows=18000 width=52) (actual time=4.089..4.090 rows=17954 loops=1)
         Buckets: 32768  Batches: 1  Memory Usage: 1799kB
         ->  Seq Scan on item  (cost=0.00..366.00 rows=18000 width=52) (actual time=0.007..1.583 rows=18000 loops=1)
 Planning Time: 0.294 ms
 Execution Time: 3472.173 ms
(20 rows)

                                                                                                                                                       QUERY PLAN                                                                                                                                                       
------------------------------------------------------------------------------------------------------------------------------------------------------------------------------------------------------------------------------------------------------------------------------------------------------------------------
 Hash Join  (cost=3388.40..132493.64 rows=11 width=244) (actual time=20.550..569.448 rows=28 loops=1)
   Hash Cond: (store_sales.customer_sk = (customer.customer_sk)::double precision)
   ->  Hash Join  (cost=564.86..129491.00 rows=15 width=216) (actual time=2.781..551.636 rows=66 loops=1)
         Hash Cond: (store_sales.wholesale_cost = item.wholesale_cost)
         ->  Nested Loop  (cost=0.00..128917.40 rows=101 width=164) (actual time=0.057..548.603 rows=3014 loops=1)
               Join Filter: (store_sales.store_sk = (store.store_sk)::double precision)
               Rows Removed by Join Filter: 14944
               ->  Seq Scan on store  (cost=0.00..44.00 rows=1 width=32) (actual time=0.011..0.014 rows=1 loops=1)
                     Filter: ((floor_space <= 6995995) AND (floor_space >= 5250760) AND (market_id <= 8) AND (market_id >= 6) AND (tax_percentage <= '0.06'::double precision) AND (tax_percentage >= '0.01'::double precision))
                     Rows Removed by Filter: 11
               ->  Seq Scan on store_sales  (cost=0.00..128555.30 rows=21207 width=132) (actual time=0.043..546.474 rows=17958 loops=1)
                     Filter: ((ext_wholesale_cost <= '3597.16'::double precision) AND (ext_wholesale_cost >= '1543.36'::double precision) AND (ext_tax <= '31.85'::double precision) AND (ext_tax >= '0'::double precision) AND (net_paid <= '1285.7'::double precision) AND (net_paid >= '1031.11'::double precision))
                     Rows Removed by Filter: 2862446
         ->  Hash  (cost=546.00..546.00 rows=1509 width=52) (actual time=2.338..2.338 rows=1540 loops=1)
               Buckets: 2048  Batches: 1  Memory Usage: 149kB
               ->  Seq Scan on item  (cost=0.00..546.00 rows=1509 width=52) (actual time=0.019..2.187 rows=1542 loops=1)
                     Filter: ((brand_id <= '6002002'::double precision) AND (brand_id >= '3002002'::double precision) AND (manufact_id <= '191'::double precision) AND (manufact_id >= '21'::double precision))
                     Rows Removed by Filter: 16458
   ->  Hash  (cost=2227.00..2227.00 rows=47723 width=28) (actual time=17.701..17.701 rows=47788 loops=1)
         Buckets: 65536  Batches: 1  Memory Usage: 3486kB
         ->  Seq Scan on customer  (cost=0.00..2227.00 rows=47723 width=28) (actual time=0.005..11.762 rows=47788 loops=1)
               Filter: ((birth_day <= '18'::double precision) AND (birth_day >= '4'::double precision))
               Rows Removed by Filter: 52212
 Planning Time: 0.357 ms
 Execution Time: 569.509 ms
(25 rows)

                                                                                                                                                                                                                                                         QUERY PLAN                                                                                                                                                                                                                                                         
----------------------------------------------------------------------------------------------------------------------------------------------------------------------------------------------------------------------------------------------------------------------------------------------------------------------------------------------------------------------------------------------------------------------------------------------------------------------------------------------------------------------------
 Hash Join  (cost=158869.77..206013.80 rows=4552133 width=244) (actual time=591.040..592.224 rows=50 loops=1)
   Hash Cond: ((store_sales.item_sk)::double precision = promotion.item_sk)
   ->  Merge Join  (cost=157951.23..158840.53 rows=50234 width=164) (actual time=587.669..588.600 rows=2058 loops=1)
         Merge Cond: (((store.store_sk)::double precision) = store_sales.store_sk)
         ->  Sort  (cost=94.38..97.78 rows=1360 width=32) (actual time=0.014..0.016 rows=11 loops=1)
               Sort Key: ((store.store_sk)::double precision)
               Sort Method: quicksort  Memory: 25kB
               ->  Seq Scan on store  (cost=0.00..23.60 rows=1360 width=32) (actual time=0.003..0.005 rows=12 loops=1)
         ->  Sort  (cost=157856.85..157876.18 rows=7733 width=132) (actual time=587.647..587.892 rows=2059 loops=1)
               Sort Key: store_sales.store_sk
               Sort Method: quicksort  Memory: 643kB
               ->  Seq Scan on store_sales  (cost=0.00..157357.42 rows=7733 width=132) (actual time=0.228..587.070 rows=2059 loops=1)
                     Filter: ((list_price <= '101.35'::double precision) AND (list_price >= '47.56'::double precision) AND (ext_sales_price <= '3824.64'::double precision) AND (ext_sales_price >= '979.66'::double precision) AND (ext_tax <= '413.06'::double precision) AND (ext_tax >= '164.09'::double precision) AND (net_paid_inc_tax <= '2509.47'::double precision) AND (net_paid_inc_tax >= '0.21'::double precision) AND (net_profit <= '0'::double precision) AND (net_profit >= '-546.93'::double precision))
                     Rows Removed by Filter: 2878345
   ->  Hash  (cost=691.99..691.99 rows=18124 width=80) (actual time=3.284..3.286 rows=293 loops=1)
         Buckets: 32768  Batches: 1  Memory Usage: 291kB
         ->  Hash Join  (cost=9.75..691.99 rows=18124 width=80) (actual time=0.097..3.219 rows=293 loops=1)
               Hash Cond: ((item.item_sk)::double precision = promotion.item_sk)
               ->  Seq Scan on item  (cost=0.00..366.00 rows=18000 width=52) (actual time=0.007..1.340 rows=18000 loops=1)
               ->  Hash  (cost=6.00..6.00 rows=300 width=28) (actual time=0.079..0.080 rows=293 loops=1)
                     Buckets: 1024  Batches: 1  Memory Usage: 27kB
                     ->  Seq Scan on promotion  (cost=0.00..6.00 rows=300 width=28) (actual time=0.004..0.043 rows=300 loops=1)
 Planning Time: 0.335 ms
 Execution Time: 592.303 ms
(24 rows)

                                                                                                        QUERY PLAN                                                                                                        
--------------------------------------------------------------------------------------------------------------------------------------------------------------------------------------------------------------------------
 Hash Join  (cost=121507.91..124459.26 rows=5982 width=244) (actual time=817.710..877.539 rows=36907 loops=1)
   Hash Cond: ((customer.customer_sk)::double precision = store_sales.customer_sk)
   ->  Seq Scan on customer  (cost=0.00..2227.00 rows=88603 width=28) (actual time=0.010..12.384 rows=88605 loops=1)
         Filter: ((birth_day <= '29'::double precision) AND (birth_day >= '2'::double precision))
         Rows Removed by Filter: 11395
   ->  Hash  (cost=121454.73..121454.73 rows=4255 width=216) (actual time=817.432..817.434 rows=41672 loops=1)
         Buckets: 16384 (originally 8192)  Batches: 4 (originally 1)  Memory Usage: 3969kB
         ->  Hash Join  (cost=588.34..121454.73 rows=4255 width=216) (actual time=3.034..792.066 rows=41780 loops=1)
               Hash Cond: (store_sales.wholesale_cost = item.wholesale_cost)
               ->  Hash Join  (cost=37.21..120364.57 rows=5841 width=164) (actual time=0.040..755.688 rows=205899 loops=1)
                     Hash Cond: (store_sales.store_sk = (store.store_sk)::double precision)
                     ->  Seq Scan on store_sales  (cost=0.00..114154.24 rows=1222941 width=132) (actual time=0.026..615.218 rows=1247484 loops=1)
                           Filter: ((sales_price <= '50.04'::double precision) AND (sales_price >= '4.09'::double precision) AND (ext_coupon_amt <= '0'::double precision) AND (ext_coupon_amt >= '0'::double precision))
                           Rows Removed by Filter: 1632920
                     ->  Hash  (cost=37.20..37.20 rows=1 width=32) (actual time=0.007..0.008 rows=4 loops=1)
                           Buckets: 1024  Batches: 1  Memory Usage: 9kB
                           ->  Seq Scan on store  (cost=0.00..37.20 rows=1 width=32) (actual time=0.003..0.005 rows=4 loops=1)
                                 Filter: ((number_employees <= 294) AND (number_employees >= 288) AND (market_id <= 10) AND (market_id >= 2))
                                 Rows Removed by Filter: 8
               ->  Hash  (cost=456.00..456.00 rows=7610 width=52) (actual time=2.975..2.975 rows=7611 loops=1)
                     Buckets: 8192  Batches: 1  Memory Usage: 718kB
                     ->  Seq Scan on item  (cost=0.00..456.00 rows=7610 width=52) (actual time=0.004..2.072 rows=7622 loops=1)
                           Filter: ((current_price <= '7.98'::double precision) AND (current_price >= '2.97'::double precision))
                           Rows Removed by Filter: 10378
 Planning Time: 0.303 ms
 Execution Time: 878.937 ms
(26 rows)

                                                                                                                                                                                                                                                                                                 QUERY PLAN                                                                                                                                                                                                                                                                                                 
------------------------------------------------------------------------------------------------------------------------------------------------------------------------------------------------------------------------------------------------------------------------------------------------------------------------------------------------------------------------------------------------------------------------------------------------------------------------------------------------------------------------------------------------------------------------------------------------------------
 Nested Loop  (cost=0.00..172452.16 rows=89 width=244) (actual time=2152.426..2152.428 rows=0 loops=1)
   Join Filter: (promotion.item_sk = (item.item_sk)::double precision)
   ->  Nested Loop  (cost=0.00..171816.16 rows=1 width=192) (actual time=2152.425..2152.427 rows=0 loops=1)
         Join Filter: ((store_sales.item_sk)::double precision = promotion.item_sk)
         ->  Nested Loop  (cost=0.00..171804.25 rows=1 width=164) (actual time=2152.425..2152.426 rows=0 loops=1)
               Join Filter: (store_sales.store_sk = (store.store_sk)::double precision)
               ->  Seq Scan on store  (cost=0.00..44.00 rows=1 width=32) (actual time=0.009..0.015 rows=4 loops=1)
                     Filter: ((number_employees <= 271) AND (number_employees >= 236) AND (devision_id <= 1) AND (devision_id >= 1) AND (company_id <= 877) AND (company_id >= 175))
                     Rows Removed by Filter: 8
               ->  Seq Scan on store_sales  (cost=0.00..171758.48 rows=118 width=132) (actual time=538.098..538.098 rows=0 loops=4)
                     Filter: ((list_price <= '45.06'::double precision) AND (list_price >= '-1'::double precision) AND (ext_wholesale_cost <= '4152'::double precision) AND (ext_wholesale_cost >= '1338.37'::double precision) AND (ext_tax <= '0'::double precision) AND (ext_tax >= '0'::double precision) AND (net_paid <= '557.7'::double precision) AND (net_paid >= '57.54'::double precision) AND (net_paid_inc_tax <= '2.45'::double precision) AND (net_paid_inc_tax >= '-1'::double precision) AND (net_profit <= '1797.12'::double precision) AND (net_profit >= '-3987.14'::double precision))
                     Rows Removed by Filter: 2880404
         ->  Seq Scan on promotion  (cost=0.00..7.50 rows=294 width=28) (never executed)
               Filter: ((cost <= '1000'::double precision) AND (cost >= '1000'::double precision))
   ->  Seq Scan on item  (cost=0.00..366.00 rows=18000 width=52) (never executed)
 Planning Time: 0.338 ms
 Execution Time: 2152.497 ms
(17 rows)

                                                                                                                                                                                                                                                                                                                 QUERY PLAN                                                                                                                                                                                                                                                                                                                  
---------------------------------------------------------------------------------------------------------------------------------------------------------------------------------------------------------------------------------------------------------------------------------------------------------------------------------------------------------------------------------------------------------------------------------------------------------------------------------------------------------------------------------------------------------------------------------------------------------------------------------------------
 Merge Join  (cost=184916.83..185704.89 rows=2176 width=240) (actual time=723.842..742.451 rows=54 loops=1)
   Merge Cond: (((customer.customer_sk)::double precision) = store_sales.customer_sk)
   ->  Sort  (cost=12425.82..12675.82 rows=100000 width=28) (actual time=40.329..50.844 rows=97907 loops=1)
         Sort Key: ((customer.customer_sk)::double precision)
         Sort Method: external merge  Disk: 4824kB
         ->  Seq Scan on customer  (cost=0.00..1727.00 rows=100000 width=28) (actual time=0.010..12.832 rows=100000 loops=1)
   ->  Sort  (cost=172491.01..172494.44 rows=1371 width=212) (actual time=682.917..682.924 rows=54 loops=1)
         Sort Key: store_sales.customer_sk
         Sort Method: quicksort  Memory: 39kB
         ->  Hash Join  (cost=590.23..172419.57 rows=1371 width=212) (actual time=24.035..682.859 rows=54 loops=1)
               Hash Cond: ((store_sales.item_sk)::double precision = promotion.item_sk)
               ->  Hash Join  (cost=580.48..172385.90 rows=1362 width=184) (actual time=2.713..682.258 rows=2491 loops=1)
                     Hash Cond: (store_sales.item_sk = item.item_sk)
                     ->  Seq Scan on store_sales  (cost=0.00..171758.48 rows=8886 width=132) (actual time=0.049..676.240 rows=15923 loops=1)
                           Filter: ((sales_price <= '60.21'::double precision) AND (sales_price >= '1.77'::double precision) AND (ext_sales_price <= '2624.82'::double precision) AND (ext_sales_price >= '280'::double precision) AND (ext_wholesale_cost <= '7344.5'::double precision) AND (ext_wholesale_cost >= '212.52'::double precision) AND (ext_list_price <= '6026.28'::double precision) AND (ext_list_price >= '5074.74'::double precision) AND (ext_tax <= '141.52'::double precision) AND (ext_tax >= '0'::double precision) AND (net_profit <= '-576.24'::double precision) AND (net_profit >= '-1981.8'::double precision))
                           Rows Removed by Filter: 2864481
                     ->  Hash  (cost=546.00..546.00 rows=2758 width=52) (actual time=2.514..2.515 rows=2804 loops=1)
                           Buckets: 4096  Batches: 1  Memory Usage: 273kB
                           ->  Seq Scan on item  (cost=0.00..546.00 rows=2758 width=52) (actual time=0.006..2.262 rows=2804 loops=1)
                                 Filter: ((brand_id <= '9014011'::double precision) AND (brand_id >= '4001002'::double precision) AND (manufact_id <= '642'::double precision) AND (manufact_id >= '346'::double precision))
                                 Rows Removed by Filter: 15196
               ->  Hash  (cost=6.00..6.00 rows=300 width=28) (actual time=0.062..0.063 rows=293 loops=1)
                     Buckets: 1024  Batches: 1  Memory Usage: 27kB
                     ->  Seq Scan on promotion  (cost=0.00..6.00 rows=300 width=28) (actual time=0.008..0.029 rows=300 loops=1)
 Planning Time: 0.341 ms
 Execution Time: 743.502 ms
(26 rows)

                                                                                                QUERY PLAN                                                                                                 
-----------------------------------------------------------------------------------------------------------------------------------------------------------------------------------------------------------
 Hash Join  (cost=100109.67..101333.33 rows=48801 width=244) (actual time=1276.229..1432.977 rows=32981 loops=1)
   Hash Cond: ((promotion.promo_sk)::double precision = store_sales.promo_sk)
   ->  Hash Join  (cost=9.75..575.20 rows=1115 width=80) (actual time=0.217..2.313 rows=22 loops=1)
         Hash Cond: ((item.item_sk)::double precision = promotion.item_sk)
         ->  Seq Scan on item  (cost=0.00..546.00 rows=1107 width=52) (actual time=0.009..2.078 rows=1089 loops=1)
               Filter: ((brand_id <= '4004001'::double precision) AND (brand_id >= '3001002'::double precision) AND (manufact_id <= '486'::double precision) AND (manufact_id >= '217'::double precision))
               Rows Removed by Filter: 16911
         ->  Hash  (cost=6.00..6.00 rows=300 width=28) (actual time=0.086..0.086 rows=293 loops=1)
               Buckets: 1024  Batches: 1  Memory Usage: 27kB
               ->  Seq Scan on promotion  (cost=0.00..6.00 rows=300 width=28) (actual time=0.005..0.044 rows=300 loops=1)
   ->  Hash  (cost=99927.96..99927.96 rows=13757 width=164) (actual time=1221.628..1221.629 rows=448750 loops=1)
         Buckets: 32768 (originally 16384)  Batches: 64 (originally 1)  Memory Usage: 3841kB
         ->  Hash Join  (cost=37.21..99927.96 rows=13757 width=164) (actual time=0.034..860.214 rows=459492 loops=1)
               Hash Cond: (store_sales.store_sk = (store.store_sk)::double precision)
               ->  Seq Scan on store_sales  (cost=0.00..85352.12 rows=2880212 width=132) (actual time=0.023..395.400 rows=2880404 loops=1)
               ->  Hash  (cost=37.20..37.20 rows=1 width=32) (actual time=0.006..0.007 rows=3 loops=1)
                     Buckets: 1024  Batches: 1  Memory Usage: 9kB
                     ->  Seq Scan on store  (cost=0.00..37.20 rows=1 width=32) (actual time=0.004..0.005 rows=3 loops=1)
                           Filter: ((floor_space <= 9294113) AND (floor_space >= 9078805) AND (devision_id <= 1) AND (devision_id >= 1))
                           Rows Removed by Filter: 9
 Planning Time: 0.258 ms
 Execution Time: 1434.222 ms
(22 rows)

                                                                                                                                                                                                                QUERY PLAN                                                                                                                                                                                                                 
-------------------------------------------------------------------------------------------------------------------------------------------------------------------------------------------------------------------------------------------------------------------------------------------------------------------------------------------------------------------------------------------------------------------------------------------
 Hash Join  (cost=145017.55..147947.57 rows=220 width=244) (actual time=664.440..681.602 rows=5062 loops=1)
   Hash Cond: ((customer.customer_sk)::double precision = store_sales.customer_sk)
   ->  Seq Scan on customer  (cost=0.00..2227.00 rows=40047 width=28) (actual time=0.012..10.686 rows=40609 loops=1)
         Filter: ((birth_month <= '7'::double precision) AND (birth_month >= '3'::double precision))
         Rows Removed by Filter: 59391
   ->  Hash  (cost=145013.21..145013.21 rows=347 width=216) (actual time=664.417..664.420 rows=12345 loops=1)
         Buckets: 16384 (originally 1024)  Batches: 1 (originally 1)  Memory Usage: 3214kB
         ->  Nested Loop  (cost=523.96..145013.21 rows=347 width=216) (actual time=2.972..658.342 rows=12362 loops=1)
               Join Filter: (store_sales.store_sk = (store.store_sk)::double precision)
               Rows Removed by Join Filter: 137358
               ->  Hash Join  (cost=523.96..143712.72 rows=10368 width=184) (actual time=2.962..634.665 rows=14972 loops=1)
                     Hash Cond: (store_sales.item_sk = item.item_sk)
                     ->  Seq Scan on store_sales  (cost=0.00..142956.36 rows=34324 width=132) (actual time=0.029..621.006 rows=49091 loops=1)
                           Filter: ((list_price <= '116.02'::double precision) AND (list_price >= '17.43'::double precision) AND (ext_discount_amt <= '150.37'::double precision) AND (ext_discount_amt >= '0'::double precision) AND (ext_list_price <= '1043.84'::double precision) AND (ext_list_price >= '506.61'::double precision) AND (net_profit <= '-345.92'::double precision) AND (net_profit >= '-1269.36'::double precision))
                           Rows Removed by Filter: 2831313
                     ->  Hash  (cost=456.00..456.00 rows=5437 width=52) (actual time=2.792..2.793 rows=5437 loops=1)
                           Buckets: 8192  Batches: 1  Memory Usage: 531kB
                           ->  Seq Scan on item  (cost=0.00..456.00 rows=5437 width=52) (actual time=0.004..2.218 rows=5437 loops=1)
                                 Filter: ((category_id <= '6'::double precision) AND (category_id >= '4'::double precision))
                                 Rows Removed by Filter: 12563
               ->  Materialize  (cost=0.00..30.43 rows=7 width=32) (actual time=0.000..0.000 rows=10 loops=14972)
                     ->  Seq Scan on store  (cost=0.00..30.40 rows=7 width=32) (actual time=0.002..0.004 rows=10 loops=1)
                           Filter: ((market_id <= 8) AND (market_id >= 2))
                           Rows Removed by Filter: 2
 Planning Time: 0.323 ms
 Execution Time: 681.830 ms
(26 rows)

                                                             QUERY PLAN                                                              
-------------------------------------------------------------------------------------------------------------------------------------
 Hash Join  (cost=942.28..189157.79 rows=8552124 width=244) (actual time=3.437..920.813 rows=19980 loops=1)
   Hash Cond: ((store_sales.item_sk)::double precision = promotion.item_sk)
   ->  Hash Join  (cost=30.49..100746.68 rows=96301 width=164) (actual time=0.056..826.043 rows=917764 loops=1)
         Hash Cond: (store_sales.store_sk = (store.store_sk)::double precision)
         ->  Seq Scan on store_sales  (cost=0.00..85352.12 rows=2880212 width=132) (actual time=0.039..326.812 rows=2880404 loops=1)
         ->  Hash  (cost=30.40..30.40 rows=7 width=32) (actual time=0.007..0.008 rows=4 loops=1)
               Buckets: 1024  Batches: 1  Memory Usage: 9kB
               ->  Seq Scan on store  (cost=0.00..30.40 rows=7 width=32) (actual time=0.004..0.005 rows=4 loops=1)
                     Filter: ((company_id <= 175) AND (company_id >= 27))
                     Rows Removed by Filter: 8
   ->  Hash  (cost=689.78..689.78 rows=17761 width=80) (actual time=3.341..3.343 rows=291 loops=1)
         Buckets: 32768  Batches: 1  Memory Usage: 291kB
         ->  Hash Join  (cost=11.18..689.78 rows=17761 width=80) (actual time=0.078..3.276 rows=291 loops=1)
               Hash Cond: ((item.item_sk)::double precision = promotion.item_sk)
               ->  Seq Scan on item  (cost=0.00..366.00 rows=18000 width=52) (actual time=0.004..1.375 rows=18000 loops=1)
               ->  Hash  (cost=7.50..7.50 rows=294 width=28) (actual time=0.066..0.066 rows=291 loops=1)
                     Buckets: 1024  Batches: 1  Memory Usage: 27kB
                     ->  Seq Scan on promotion  (cost=0.00..7.50 rows=294 width=28) (actual time=0.004..0.039 rows=294 loops=1)
                           Filter: ((cost <= '1000'::double precision) AND (cost >= '-1'::double precision))
                           Rows Removed by Filter: 6
 Planning Time: 0.266 ms
 Execution Time: 921.909 ms
(22 rows)

                                                                                                                                                QUERY PLAN                                                                                                                                                 
-----------------------------------------------------------------------------------------------------------------------------------------------------------------------------------------------------------------------------------------------------------------------------------------------------------
 Hash Join  (cost=129758.64..135168.32 rows=17806 width=244) (actual time=573.022..586.867 rows=1796 loops=1)
   Hash Cond: (store_sales.store_sk = (store.store_sk)::double precision)
   ->  Hash Join  (cost=129718.04..134010.87 rows=2741 width=212) (actual time=573.001..586.300 rows=1799 loops=1)
         Hash Cond: ((customer.customer_sk)::double precision = store_sales.customer_sk)
         ->  Seq Scan on customer  (cost=0.00..2227.00 rows=19887 width=28) (actual time=0.006..9.757 rows=19577 loops=1)
               Filter: ((birth_year <= '1947'::double precision) AND (birth_year >= '1934'::double precision))
               Rows Removed by Filter: 80423
         ->  Hash  (cost=129609.46..129609.46 rows=8687 width=184) (actual time=572.964..572.966 rows=9298 loops=1)
               Buckets: 16384  Batches: 1  Memory Usage: 2160kB
               ->  Hash Join  (cost=470.76..129609.46 rows=8687 width=184) (actual time=2.271..568.781 rows=9360 loops=1)
                     Hash Cond: (store_sales.item_sk = item.item_sk)
                     ->  Seq Scan on store_sales  (cost=0.00..128555.30 rows=132406 width=132) (actual time=0.039..549.589 rows=140025 loops=1)
                           Filter: ((quantity <= '67'::double precision) AND (quantity >= '36'::double precision) AND (sales_price <= '55.5'::double precision) AND (sales_price >= '30.9'::double precision) AND (ext_coupon_amt <= '0'::double precision) AND (ext_coupon_amt >= '0'::double precision))
                           Rows Removed by Filter: 2740379
                     ->  Hash  (cost=456.00..456.00 rows=1181 width=52) (actual time=2.169..2.170 rows=1179 loops=1)
                           Buckets: 2048  Batches: 1  Memory Usage: 118kB
                           ->  Seq Scan on item  (cost=0.00..456.00 rows=1181 width=52) (actual time=0.006..2.045 rows=1179 loops=1)
                                 Filter: ((manufact_id <= '576'::double precision) AND (manufact_id >= '505'::double precision))
                                 Rows Removed by Filter: 16821
   ->  Hash  (cost=23.60..23.60 rows=1360 width=32) (actual time=0.012..0.013 rows=12 loops=1)
         Buckets: 2048  Batches: 1  Memory Usage: 17kB
         ->  Seq Scan on store  (cost=0.00..23.60 rows=1360 width=32) (actual time=0.006..0.008 rows=12 loops=1)
 Planning Time: 0.310 ms
 Execution Time: 586.985 ms
(24 rows)

                                                                      QUERY PLAN                                                                       
-------------------------------------------------------------------------------------------------------------------------------------------------------
 Hash Join  (cost=114100.60..114978.15 rows=28656 width=244) (actual time=3747.191..4875.115 rows=2018273 loops=1)
   Hash Cond: (item.wholesale_cost = store_sales.wholesale_cost)
   ->  Seq Scan on item  (cost=0.00..366.00 rows=18000 width=52) (actual time=0.007..2.137 rows=18000 loops=1)
   ->  Hash  (cost=113892.71..113892.71 rows=16632 width=192) (actual time=3747.158..3747.162 rows=1412417 loops=1)
         Buckets: 32768 (originally 32768)  Batches: 128 (originally 1)  Memory Usage: 3841kB
         ->  Hash Join  (cost=110999.38..113892.71 rows=16632 width=192) (actual time=2034.629..3008.196 rows=1421214 loops=1)
               Hash Cond: ((customer.customer_sk)::double precision = store_sales.customer_sk)
               ->  Seq Scan on customer  (cost=0.00..1727.00 rows=100000 width=28) (actual time=0.004..8.698 rows=100000 loops=1)
               ->  Hash  (cost=110868.35..110868.35 rows=10483 width=164) (actual time=2034.603..2034.606 rows=1421214 loops=1)
                     Buckets: 32768 (originally 16384)  Batches: 128 (originally 1)  Memory Usage: 3841kB
                     ->  Hash Join  (cost=37.21..110868.35 rows=10483 width=164) (actual time=0.044..1086.647 rows=1438754 loops=1)
                           Hash Cond: (store_sales.store_sk = (store.store_sk)::double precision)
                           ->  Seq Scan on store_sales  (cost=0.00..99753.18 rows=2194625 width=132) (actual time=0.025..566.995 rows=2211665 loops=1)
                                 Filter: ((ext_discount_amt <= '0'::double precision) AND (ext_discount_amt >= '-1'::double precision))
                                 Rows Removed by Filter: 668739
                           ->  Hash  (cost=37.20..37.20 rows=1 width=32) (actual time=0.008..0.008 rows=6 loops=1)
                                 Buckets: 1024  Batches: 1  Memory Usage: 9kB
                                 ->  Seq Scan on store  (cost=0.00..37.20 rows=1 width=32) (actual time=0.003..0.005 rows=6 loops=1)
                                       Filter: ((devision_id <= 1) AND (devision_id >= 1) AND (company_id <= 811) AND (company_id >= 226))
                                       Rows Removed by Filter: 6
 Planning Time: 0.279 ms
 Execution Time: 4948.013 ms
(22 rows)

                                                                                                                                                                                             QUERY PLAN                                                                                                                                                                                              
-----------------------------------------------------------------------------------------------------------------------------------------------------------------------------------------------------------------------------------------------------------------------------------------------------------------------------------------------------------------------------------------------------
 Hash Join  (cost=146897.05..147040.75 rows=759 width=240) (actual time=511.439..513.398 rows=13 loops=1)
   Hash Cond: ((store_sales.item_sk)::double precision = promotion.item_sk)
   ->  Merge Join  (cost=146885.87..147016.22 rows=769 width=212) (actual time=510.713..513.239 rows=440 loops=1)
         Merge Cond: (store_sales.customer_sk = ((customer.customer_sk)::double precision))
         ->  Sort  (cost=143811.06..143820.78 rows=3891 width=184) (actual time=499.595..500.015 rows=3543 loops=1)
               Sort Key: store_sales.customer_sk
               Sort Method: quicksort  Memory: 1039kB
               ->  Hash Join  (cost=548.14..143579.04 rows=3891 width=184) (actual time=3.064..497.303 rows=3550 loops=1)
                     Hash Cond: (store_sales.item_sk = item.item_sk)
                     ->  Seq Scan on store_sales  (cost=0.00..142956.36 rows=9501 width=132) (actual time=0.027..491.016 rows=8776 loops=1)
                           Filter: ((sales_price <= '7.43'::double precision) AND (sales_price >= '4.38'::double precision) AND (ext_discount_amt <= '0'::double precision) AND (ext_discount_amt >= '0'::double precision) AND (ext_tax <= '0'::double precision) AND (ext_tax >= '-1'::double precision) AND (net_paid <= '4763.7'::double precision) AND (net_paid >= '221.6'::double precision))
                           Rows Removed by Filter: 2871628
                     ->  Hash  (cost=456.00..456.00 rows=7371 width=52) (actual time=2.955..2.956 rows=7381 loops=1)
                           Buckets: 8192  Batches: 1  Memory Usage: 698kB
                           ->  Seq Scan on item  (cost=0.00..456.00 rows=7371 width=52) (actual time=0.004..2.223 rows=7381 loops=1)
                                 Filter: ((manufact_id <= '502'::double precision) AND (manufact_id >= '189'::double precision))
                                 Rows Removed by Filter: 10619
         ->  Sort  (cost=3074.82..3105.98 rows=12463 width=28) (actual time=11.106..11.620 rows=12461 loops=1)
               Sort Key: ((customer.customer_sk)::double precision)
               Sort Method: quicksort  Memory: 1357kB
               ->  Seq Scan on customer  (cost=0.00..2227.00 rows=12463 width=28) (actual time=0.012..9.400 rows=12452 loops=1)
                     Filter: ((birth_day <= '28'::double precision) AND (birth_day >= '25'::double precision))
                     Rows Removed by Filter: 87548
   ->  Hash  (cost=7.50..7.50 rows=294 width=28) (actual time=0.083..0.083 rows=291 loops=1)
         Buckets: 1024  Batches: 1  Memory Usage: 27kB
         ->  Seq Scan on promotion  (cost=0.00..7.50 rows=294 width=28) (actual time=0.011..0.053 rows=294 loops=1)
               Filter: ((cost <= '1000'::double precision) AND (cost >= '1000'::double precision))
               Rows Removed by Filter: 6
 Planning Time: 0.366 ms
 Execution Time: 513.463 ms
(30 rows)

                                                                                                       QUERY PLAN                                                                                                        
-------------------------------------------------------------------------------------------------------------------------------------------------------------------------------------------------------------------------
 Hash Join  (cost=114918.35..118831.65 rows=420 width=244) (actual time=538.980..569.913 rows=10417 loops=1)
   Hash Cond: (store_sales.item_sk = item.item_sk)
   ->  Hash Join  (cost=114327.35..118234.87 rows=420 width=192) (actual time=535.278..561.859 rows=10417 loops=1)
         Hash Cond: ((customer.customer_sk)::double precision = store_sales.customer_sk)
         ->  Seq Scan on customer  (cost=0.00..2227.00 rows=31930 width=28) (actual time=0.005..10.792 rows=32414 loops=1)
               Filter: ((birth_month <= '6'::double precision) AND (birth_month >= '3'::double precision))
               Rows Removed by Filter: 67586
         ->  Hash  (cost=114316.99..114316.99 rows=829 width=164) (actual time=535.142..535.143 rows=32206 loops=1)
               Buckets: 32768 (originally 1024)  Batches: 2 (originally 1)  Memory Usage: 3841kB
               ->  Hash Join  (cost=30.49..114316.99 rows=829 width=164) (actual time=0.072..519.366 rows=32401 loops=1)
                     Hash Cond: (store_sales.store_sk = (store.store_sk)::double precision)
                     ->  Seq Scan on store_sales  (cost=0.00..114154.24 rows=24794 width=132) (actual time=0.061..508.015 rows=32792 loops=1)
                           Filter: ((sales_price <= '26.05'::double precision) AND (sales_price >= '22.04'::double precision) AND (net_paid <= '943.95'::double precision) AND (net_paid >= '386.55'::double precision))
                           Rows Removed by Filter: 2847612
                     ->  Hash  (cost=30.40..30.40 rows=7 width=32) (actual time=0.007..0.007 rows=12 loops=1)
                           Buckets: 1024  Batches: 1  Memory Usage: 9kB
                           ->  Seq Scan on store  (cost=0.00..30.40 rows=7 width=32) (actual time=0.002..0.004 rows=12 loops=1)
                                 Filter: ((devision_id <= 1) AND (devision_id >= 1))
   ->  Hash  (cost=366.00..366.00 rows=18000 width=52) (actual time=3.664..3.664 rows=18000 loops=1)
         Buckets: 32768  Batches: 1  Memory Usage: 1801kB
         ->  Seq Scan on item  (cost=0.00..366.00 rows=18000 width=52) (actual time=0.007..1.594 rows=18000 loops=1)
 Planning Time: 0.286 ms
 Execution Time: 570.329 ms
(23 rows)

                                                                                                                                                                                         QUERY PLAN                                                                                                                                                                                          
---------------------------------------------------------------------------------------------------------------------------------------------------------------------------------------------------------------------------------------------------------------------------------------------------------------------------------------------------------------------------------------------
 Hash Join  (cost=717.62..145364.56 rows=28059 width=244) (actual time=26.250..539.757 rows=56 loops=1)
   Hash Cond: (promotion.item_sk = (item.item_sk)::double precision)
   ->  Hash Join  (cost=41.66..143094.81 rows=540 width=192) (actual time=22.304..535.743 rows=114 loops=1)
         Hash Cond: ((store_sales.item_sk)::double precision = promotion.item_sk)
         ->  Hash Join  (cost=30.49..143074.14 rows=547 width=164) (actual time=0.063..534.727 rows=5349 loops=1)
               Hash Cond: (store_sales.store_sk = (store.store_sk)::double precision)
               ->  Seq Scan on store_sales  (cost=0.00..142956.36 rows=16364 width=132) (actual time=0.041..532.073 rows=10709 loops=1)
                     Filter: ((quantity <= '84'::double precision) AND (quantity >= '82'::double precision) AND (ext_tax <= '51.44'::double precision) AND (ext_tax >= '0.36'::double precision) AND (ext_coupon_amt <= '0'::double precision) AND (ext_coupon_amt >= '0'::double precision) AND (net_profit <= '-22.08'::double precision) AND (net_profit >= '-2312.5'::double precision))
                     Rows Removed by Filter: 2869695
               ->  Hash  (cost=30.40..30.40 rows=7 width=32) (actual time=0.005..0.006 rows=5 loops=1)
                     Buckets: 1024  Batches: 1  Memory Usage: 9kB
                     ->  Seq Scan on store  (cost=0.00..30.40 rows=7 width=32) (actual time=0.002..0.004 rows=5 loops=1)
                           Filter: ((market_id <= 9) AND (market_id >= 7))
                           Rows Removed by Filter: 7
         ->  Hash  (cost=7.50..7.50 rows=294 width=28) (actual time=0.081..0.081 rows=291 loops=1)
               Buckets: 1024  Batches: 1  Memory Usage: 27kB
               ->  Seq Scan on promotion  (cost=0.00..7.50 rows=294 width=28) (actual time=0.009..0.049 rows=294 loops=1)
                     Filter: ((cost <= '1000'::double precision) AND (cost >= '1000'::double precision))
                     Rows Removed by Filter: 6
   ->  Hash  (cost=546.00..546.00 rows=10397 width=52) (actual time=3.925..3.926 rows=10388 loops=1)
         Buckets: 16384  Batches: 1  Memory Usage: 1021kB
         ->  Seq Scan on item  (cost=0.00..546.00 rows=10397 width=52) (actual time=0.006..2.762 rows=10388 loops=1)
               Filter: ((brand_id <= '9011012'::double precision) AND (brand_id >= '2002001'::double precision) AND (manufact_id <= '655'::double precision) AND (manufact_id >= '65'::double precision))
               Rows Removed by Filter: 7612
 Planning Time: 0.319 ms
 Execution Time: 539.830 ms
(26 rows)

                                                                                                                                                                                                                                                          QUERY PLAN                                                                                                                                                                                                                                                          
------------------------------------------------------------------------------------------------------------------------------------------------------------------------------------------------------------------------------------------------------------------------------------------------------------------------------------------------------------------------------------------------------------------------------------------------------------------------------------------------------------------------------
 Hash Join  (cost=158290.25..161018.77 rows=152 width=244) (actual time=2504.312..2528.656 rows=13479 loops=1)
   Hash Cond: ((customer.customer_sk)::double precision = store_sales.customer_sk)
   ->  Seq Scan on customer  (cost=0.00..1727.00 rows=100000 width=28) (actual time=0.008..7.146 rows=100000 loops=1)
   ->  Hash  (cost=158289.05..158289.05 rows=96 width=216) (actual time=2504.293..2504.295 rows=13479 loops=1)
         Buckets: 16384 (originally 1024)  Batches: 1 (originally 1)  Memory Usage: 3497kB
         ->  Hash Join  (cost=591.00..158289.05 rows=96 width=216) (actual time=624.225..2497.569 rows=13498 loops=1)
               Hash Cond: (store_sales.item_sk = item.item_sk)
               ->  Nested Loop  (cost=0.00..157696.73 rows=96 width=164) (actual time=620.357..2484.412 rows=13498 loops=1)
                     Join Filter: (store_sales.store_sk = (store.store_sk)::double precision)
                     Rows Removed by Join Filter: 148206
                     ->  Seq Scan on store  (cost=0.00..37.20 rows=1 width=32) (actual time=0.004..0.008 rows=4 loops=1)
                           Filter: ((floor_space <= 8954883) AND (floor_space >= 6995995) AND (devision_id <= 1) AND (devision_id >= 1))
                           Rows Removed by Filter: 8
                     ->  Seq Scan on store_sales  (cost=0.00..157357.42 rows=20141 width=132) (actual time=0.013..617.466 rows=40426 loops=4)
                           Filter: ((sales_price <= '60.23'::double precision) AND (sales_price >= '6.69'::double precision) AND (ext_discount_amt <= '0'::double precision) AND (ext_discount_amt >= '0'::double precision) AND (ext_sales_price <= '3591.7'::double precision) AND (ext_sales_price >= '2464.32'::double precision) AND (ext_coupon_amt <= '0'::double precision) AND (ext_coupon_amt >= '0'::double precision) AND (net_profit <= '1870'::double precision) AND (net_profit >= '-8.08'::double precision))
                           Rows Removed by Filter: 2839978
               ->  Hash  (cost=366.00..366.00 rows=18000 width=52) (actual time=3.826..3.826 rows=18000 loops=1)
                     Buckets: 32768  Batches: 1  Memory Usage: 1801kB
                     ->  Seq Scan on item  (cost=0.00..366.00 rows=18000 width=52) (actual time=0.005..1.749 rows=18000 loops=1)
 Planning Time: 0.283 ms
 Execution Time: 2529.162 ms
(21 rows)

                                                                                                               QUERY PLAN                                                                                                                
-----------------------------------------------------------------------------------------------------------------------------------------------------------------------------------------------------------------------------------------
 Hash Join  (cost=164451.04..213433.25 rows=654721 width=240) (actual time=2160.776..2477.749 rows=416344 loops=1)
   Hash Cond: ((customer.customer_sk)::double precision = store_sales.customer_sk)
   ->  Seq Scan on customer  (cost=0.00..1727.00 rows=100000 width=28) (actual time=0.006..7.933 rows=100000 loops=1)
   ->  Hash  (cost=147202.85..147202.85 rows=412655 width=212) (actual time=2160.743..2160.746 rows=416344 loops=1)
         Buckets: 16384  Batches: 32  Memory Usage: 3425kB
         ->  Hash Join  (cost=130109.62..147202.85 rows=412655 width=212) (actual time=1501.324..1883.070 rows=421505 loops=1)
               Hash Cond: ((promotion.promo_sk)::double precision = store_sales.promo_sk)
               ->  Seq Scan on promotion  (cost=0.00..7.50 rows=294 width=28) (actual time=0.006..0.087 rows=294 loops=1)
                     Filter: ((cost <= '1000'::double precision) AND (cost >= '1000'::double precision))
                     Rows Removed by Filter: 6
               ->  Hash  (cost=113398.80..113398.80 rows=441026 width=184) (actual time=1501.277..1501.280 rows=430203 loops=1)
                     Buckets: 32768 (originally 32768)  Batches: 64 (originally 32)  Memory Usage: 3841kB
                     ->  Hash Join  (cost=589.04..113398.80 rows=441026 width=184) (actual time=2.422..1017.616 rows=440512 loops=1)
                           Hash Cond: (store_sales.item_sk = item.item_sk)
                           ->  Seq Scan on store_sales  (cost=0.00..99753.18 rows=2305686 width=132) (actual time=0.024..627.766 rows=2318102 loops=1)
                                 Filter: ((ext_discount_amt <= '69.13'::double precision) AND (ext_discount_amt >= '0'::double precision))
                                 Rows Removed by Filter: 562302
                           ->  Hash  (cost=546.00..546.00 rows=3443 width=52) (actual time=2.373..2.374 rows=3396 loops=1)
                                 Buckets: 4096  Batches: 1  Memory Usage: 324kB
                                 ->  Seq Scan on item  (cost=0.00..546.00 rows=3443 width=52) (actual time=0.005..2.045 rows=3396 loops=1)
                                       Filter: ((current_price <= '3.54'::double precision) AND (current_price >= '0.72'::double precision) AND (brand_id <= '8005001'::double precision) AND (brand_id >= '2004001'::double precision))
                                       Rows Removed by Filter: 14604
 Planning Time: 0.276 ms
 Execution Time: 2492.772 ms
(24 rows)

                                                                                                                                                                                                        QUERY PLAN                                                                                                                                                                                                         
---------------------------------------------------------------------------------------------------------------------------------------------------------------------------------------------------------------------------------------------------------------------------------------------------------------------------------------------------------------------------------------------------------------------------
 Merge Join  (cost=159136.59..160367.15 rows=27461 width=240) (actual time=675.846..699.788 rows=8149 loops=1)
   Merge Cond: (((customer.customer_sk)::double precision) = store_sales.customer_sk)
   ->  Sort  (cost=12425.82..12675.82 rows=100000 width=28) (actual time=41.291..52.031 rows=99970 loops=1)
         Sort Key: ((customer.customer_sk)::double precision)
         Sort Method: external merge  Disk: 4824kB
         ->  Seq Scan on customer  (cost=0.00..1727.00 rows=100000 width=28) (actual time=0.011..12.679 rows=100000 loops=1)
   ->  Sort  (cost=146710.77..146754.04 rows=17308 width=212) (actual time=634.541..635.202 rows=8150 loops=1)
         Sort Key: store_sales.customer_sk
         Sort Method: quicksort  Memory: 2360kB
         ->  Hash Join  (cost=527.00..145492.36 rows=17308 width=212) (actual time=2.500..628.751 rows=8160 loops=1)
               Hash Cond: (store_sales.promo_sk = (promotion.promo_sk)::double precision)
               ->  Hash Join  (cost=517.25..143904.61 rows=18128 width=184) (actual time=2.430..625.399 rows=8179 loops=1)
                     Hash Cond: (store_sales.item_sk = item.item_sk)
                     ->  Seq Scan on store_sales  (cost=0.00..142956.36 rows=66591 width=132) (actual time=0.025..616.030 rows=30420 loops=1)
                           Filter: ((list_price <= '123.08'::double precision) AND (list_price >= '2.02'::double precision) AND (ext_list_price <= '8813.77'::double precision) AND (ext_list_price >= '2606.78'::double precision) AND (net_paid <= '109.52'::double precision) AND (net_paid >= '1'::double precision) AND (net_profit <= '-162.36'::double precision) AND (net_profit >= '-5178.02'::double precision))
                           Rows Removed by Filter: 2849984
                     ->  Hash  (cost=456.00..456.00 rows=4900 width=52) (actual time=2.172..2.172 rows=4871 loops=1)
                           Buckets: 8192  Batches: 1  Memory Usage: 483kB
                           ->  Seq Scan on item  (cost=0.00..456.00 rows=4900 width=52) (actual time=0.004..1.718 rows=4871 loops=1)
                                 Filter: ((current_price <= '7.47'::double precision) AND (current_price >= '4'::double precision))
                                 Rows Removed by Filter: 13129
               ->  Hash  (cost=6.00..6.00 rows=300 width=28) (actual time=0.062..0.063 rows=300 loops=1)
                     Buckets: 1024  Batches: 1  Memory Usage: 27kB
                     ->  Seq Scan on promotion  (cost=0.00..6.00 rows=300 width=28) (actual time=0.007..0.027 rows=300 loops=1)
 Planning Time: 0.319 ms
 Execution Time: 701.114 ms
(26 rows)

                                                                                                                                                                                                                                                               QUERY PLAN                                                                                                                                                                                                                                                                
-----------------------------------------------------------------------------------------------------------------------------------------------------------------------------------------------------------------------------------------------------------------------------------------------------------------------------------------------------------------------------------------------------------------------------------------------------------------------------------------------------------------------------------------
 Merge Join  (cost=171314.10..171443.63 rows=6951 width=244) (actual time=616.685..617.463 rows=1427 loops=1)
   Merge Cond: (store_sales.store_sk = ((store.store_sk)::double precision))
   ->  Sort  (cost=171219.71..171222.39 rows=1069 width=212) (actual time=616.657..616.728 rows=1428 loops=1)
         Sort Key: store_sales.store_sk
         Sort Method: quicksort  Memory: 428kB
         ->  Merge Join  (cost=170397.22..171165.93 rows=1069 width=212) (actual time=596.286..616.087 rows=1428 loops=1)
               Merge Cond: (((customer.customer_sk)::double precision) = store_sales.customer_sk)
               ->  Sort  (cost=12425.82..12675.82 rows=100000 width=28) (actual time=42.147..52.389 rows=99962 loops=1)
                     Sort Key: ((customer.customer_sk)::double precision)
                     Sort Method: external merge  Disk: 4824kB
                     ->  Seq Scan on customer  (cost=0.00..1727.00 rows=100000 width=28) (actual time=0.009..12.742 rows=100000 loops=1)
               ->  Sort  (cost=157971.40..157973.09 rows=674 width=184) (actual time=554.081..554.199 rows=1429 loops=1)
                     Sort Key: store_sales.customer_sk
                     Sort Method: quicksort  Memory: 429kB
                     ->  Hash Join  (cost=570.61..157939.74 rows=674 width=184) (actual time=3.430..553.084 rows=1431 loops=1)
                           Hash Cond: (store_sales.item_sk = item.item_sk)
                           ->  Seq Scan on store_sales  (cost=0.00..157357.42 rows=1324 width=132) (actual time=0.436..548.766 rows=2745 loops=1)
                                 Filter: ((quantity <= '48'::double precision) AND (quantity >= '15'::double precision) AND (list_price <= '107.48'::double precision) AND (list_price >= '99.91'::double precision) AND (ext_wholesale_cost <= '2915.84'::double precision) AND (ext_wholesale_cost >= '1378.26'::double precision) AND (ext_list_price <= '6504.12'::double precision) AND (ext_list_price >= '687.31'::double precision) AND (net_profit <= '-5.7'::double precision) AND (net_profit >= '-343.1'::double precision))
                                 Rows Removed by Filter: 2877659
                           ->  Hash  (cost=456.00..456.00 rows=9169 width=52) (actual time=2.980..2.980 rows=9178 loops=1)
                                 Buckets: 16384  Batches: 1  Memory Usage: 917kB
                                 ->  Seq Scan on item  (cost=0.00..456.00 rows=9169 width=52) (actual time=0.005..2.074 rows=9178 loops=1)
                                       Filter: ((brand_id <= '10003002'::double precision) AND (brand_id >= '5001001'::double precision))
                                       Rows Removed by Filter: 8822
   ->  Sort  (cost=94.38..97.78 rows=1360 width=32) (actual time=0.024..0.084 rows=1432 loops=1)
         Sort Key: ((store.store_sk)::double precision)
         Sort Method: quicksort  Memory: 25kB
         ->  Seq Scan on store  (cost=0.00..23.60 rows=1360 width=32) (actual time=0.008..0.011 rows=12 loops=1)
 Planning Time: 0.299 ms
 Execution Time: 618.550 ms
(30 rows)

                                                                                                                                                                      QUERY PLAN                                                                                                                                                                       
-------------------------------------------------------------------------------------------------------------------------------------------------------------------------------------------------------------------------------------------------------------------------------------------------------------------------------------------------------
 Nested Loop  (cost=562.99..131293.11 rows=180 width=244) (actual time=1997.007..1997.009 rows=0 loops=1)
   Join Filter: ((item.item_sk)::double precision = promotion.item_sk)
   ->  Seq Scan on promotion  (cost=0.00..6.00 rows=300 width=28) (actual time=0.008..0.030 rows=300 loops=1)
   ->  Materialize  (cost=562.99..130347.81 rows=179 width=216) (actual time=6.657..6.657 rows=0 loops=300)
         ->  Hash Join  (cost=562.99..130346.92 rows=179 width=216) (actual time=1996.937..1996.938 rows=0 loops=1)
               Hash Cond: (store_sales.item_sk = item.item_sk)
               ->  Nested Loop  (cost=0.00..129780.73 rows=376 width=164) (actual time=1996.936..1996.937 rows=0 loops=1)
                     Join Filter: (store_sales.store_sk = (store.store_sk)::double precision)
                     ->  Seq Scan on store  (cost=0.00..44.00 rows=1 width=32) (actual time=0.019..0.025 rows=4 loops=1)
                           Filter: ((devision_id <= 1) AND (devision_id >= 1) AND (company_id <= 226) AND (company_id >= 175) AND (tax_percentage <= '0.08'::double precision) AND (tax_percentage >= '0.03'::double precision))
                           Rows Removed by Filter: 8
                     ->  Seq Scan on store_sales  (cost=0.00..128555.30 rows=78762 width=132) (actual time=499.224..499.224 rows=0 loops=4)
                           Filter: ((ext_discount_amt <= '795.16'::double precision) AND (ext_discount_amt >= '0'::double precision) AND (ext_wholesale_cost <= '289.8'::double precision) AND (ext_wholesale_cost >= '-1'::double precision) AND (ext_list_price <= '3939.36'::double precision) AND (ext_list_price >= '1486.92'::double precision))
                           Rows Removed by Filter: 2880404
               ->  Hash  (cost=456.00..456.00 rows=8559 width=52) (never executed)
                     ->  Seq Scan on item  (cost=0.00..456.00 rows=8559 width=52) (never executed)
                           Filter: ((manufact_id <= '275'::double precision) AND (manufact_id >= '12'::double precision))
 Planning Time: 0.306 ms
 Execution Time: 1997.055 ms
(19 rows)

                                                                QUERY PLAN                                                                 
-------------------------------------------------------------------------------------------------------------------------------------------
 Hash Join  (cost=104219.60..107583.77 rows=32569 width=244) (actual time=1654.980..1914.476 rows=3615 loops=1)
   Hash Cond: (item.wholesale_cost = store_sales.wholesale_cost)
   ->  Hash Join  (cost=11.16..529.44 rows=3533 width=80) (actual time=0.118..2.390 rows=52 loops=1)
         Hash Cond: ((item.item_sk)::double precision = promotion.item_sk)
         ->  Seq Scan on item  (cost=0.00..456.00 rows=3593 width=52) (actual time=0.009..1.920 rows=3593 loops=1)
               Filter: ((category_id <= '3'::double precision) AND (category_id >= '2'::double precision))
               Rows Removed by Filter: 14407
         ->  Hash  (cost=7.50..7.50 rows=293 width=28) (actual time=0.098..0.098 rows=291 loops=1)
               Buckets: 1024  Batches: 1  Memory Usage: 27kB
               ->  Seq Scan on promotion  (cost=0.00..7.50 rows=293 width=28) (actual time=0.005..0.049 rows=293 loops=1)
                     Filter: ((response_target <= '1'::double precision) AND (response_target >= '1'::double precision))
                     Rows Removed by Filter: 7
   ->  Hash  (cost=100746.68..100746.68 rows=96301 width=164) (actual time=1634.579..1634.580 rows=895719 loops=1)
         Buckets: 32768 (originally 32768)  Batches: 64 (originally 8)  Memory Usage: 3841kB
         ->  Hash Join  (cost=30.49..100746.68 rows=96301 width=164) (actual time=0.052..959.219 rows=917516 loops=1)
               Hash Cond: (store_sales.store_sk = (store.store_sk)::double precision)
               ->  Seq Scan on store_sales  (cost=0.00..85352.12 rows=2880212 width=132) (actual time=0.035..376.043 rows=2880404 loops=1)
               ->  Hash  (cost=30.40..30.40 rows=7 width=32) (actual time=0.005..0.005 rows=4 loops=1)
                     Buckets: 1024  Batches: 1  Memory Usage: 9kB
                     ->  Seq Scan on store  (cost=0.00..30.40 rows=7 width=32) (actual time=0.002..0.004 rows=4 loops=1)
                           Filter: ((floor_space <= 7557959) AND (floor_space >= 5285950))
                           Rows Removed by Filter: 8
 Planning Time: 0.300 ms
 Execution Time: 1914.680 ms
(24 rows)

                                                                                                                                                                                                               QUERY PLAN                                                                                                                                                                                                                
-----------------------------------------------------------------------------------------------------------------------------------------------------------------------------------------------------------------------------------------------------------------------------------------------------------------------------------------------------------------------------------------------------------------------------------------
 Hash Join  (cost=143909.11..146334.36 rows=128669 width=244) (actual time=657.907..681.177 rows=27841 loops=1)
   Hash Cond: ((item.item_sk)::double precision = promotion.item_sk)
   ->  Seq Scan on item  (cost=0.00..456.00 rows=11376 width=52) (actual time=0.012..2.370 rows=11362 loops=1)
         Filter: ((brand_id <= '10010003'::double precision) AND (brand_id >= '4002001'::double precision))
         Rows Removed by Filter: 6638
   ->  Hash  (cost=143866.98..143866.98 rows=3370 width=192) (actual time=651.727..651.729 rows=42890 loops=1)
         Buckets: 32768 (originally 4096)  Batches: 4 (originally 1)  Memory Usage: 3841kB
         ->  Hash Join  (cost=40.24..143866.98 rows=3370 width=192) (actual time=0.127..619.823 rows=43934 loops=1)
               Hash Cond: (store_sales.promo_sk = (promotion.promo_sk)::double precision)
               ->  Hash Join  (cost=30.49..143549.96 rows=3530 width=164) (actual time=0.052..604.035 rows=43994 loops=1)
                     Hash Cond: (store_sales.store_sk = (store.store_sk)::double precision)
                     ->  Seq Scan on store_sales  (cost=0.00..142956.36 rows=105562 width=132) (actual time=0.027..581.651 rows=131718 loops=1)
                           Filter: ((list_price <= '90.1'::double precision) AND (list_price >= '48.82'::double precision) AND (ext_discount_amt <= '217.71'::double precision) AND (ext_discount_amt >= '0'::double precision) AND (net_paid_inc_tax <= '1014.59'::double precision) AND (net_paid_inc_tax >= '286.66'::double precision) AND (net_profit <= '6.3'::double precision) AND (net_profit >= '-3783.88'::double precision))
                           Rows Removed by Filter: 2748686
                     ->  Hash  (cost=30.40..30.40 rows=7 width=32) (actual time=0.020..0.020 rows=6 loops=1)
                           Buckets: 1024  Batches: 1  Memory Usage: 9kB
                           ->  Seq Scan on store  (cost=0.00..30.40 rows=7 width=32) (actual time=0.017..0.018 rows=6 loops=1)
                                 Filter: ((number_employees <= 294) AND (number_employees >= 271))
                                 Rows Removed by Filter: 6
               ->  Hash  (cost=6.00..6.00 rows=300 width=28) (actual time=0.071..0.071 rows=300 loops=1)
                     Buckets: 1024  Batches: 1  Memory Usage: 27kB
                     ->  Seq Scan on promotion  (cost=0.00..6.00 rows=300 width=28) (actual time=0.005..0.029 rows=300 loops=1)
 Planning Time: 0.310 ms
 Execution Time: 682.209 ms
(24 rows)

                                                                   QUERY PLAN                                                                    
-------------------------------------------------------------------------------------------------------------------------------------------------
 Hash Join  (cost=140123.59..389908.20 rows=3243520 width=244) (actual time=1550.131..1919.080 rows=303286 loops=1)
   Hash Cond: (store_sales.store_sk = (store.store_sk)::double precision)
   ->  Hash Join  (cost=140082.99..186419.77 rows=499307 width=212) (actual time=1550.114..1831.316 rows=307085 loops=1)
         Hash Cond: ((customer.customer_sk)::double precision = store_sales.customer_sk)
         ->  Seq Scan on customer  (cost=0.00..2227.00 rows=47773 width=28) (actual time=0.005..12.482 rows=47564 loops=1)
               Filter: ((birth_year <= '1970'::double precision) AND (birth_year >= '1937'::double precision))
               Rows Removed by Filter: 52436
         ->  Hash  (cost=115122.69..115122.69 rows=658744 width=184) (actual time=1473.258..1473.275 rows=643340 loops=1)
               Buckets: 32768  Batches: 64  Memory Usage: 2394kB
               ->  Hash Join  (cost=523.30..115122.69 rows=658744 width=184) (actual time=2.509..989.775 rows=659008 loops=1)
                     Hash Cond: (store_sales.item_sk = item.item_sk)
                     ->  Seq Scan on store_sales  (cost=0.00..99753.18 rows=2202338 width=132) (actual time=0.023..618.792 rows=2219186 loops=1)
                           Filter: ((ext_coupon_amt <= '2.47'::double precision) AND (ext_coupon_amt >= '0'::double precision))
                           Rows Removed by Filter: 661218
                     ->  Hash  (cost=456.00..456.00 rows=5384 width=52) (actual time=2.478..2.495 rows=5384 loops=1)
                           Buckets: 8192  Batches: 1  Memory Usage: 527kB
                           ->  Seq Scan on item  (cost=0.00..456.00 rows=5384 width=52) (actual time=0.003..1.941 rows=5384 loops=1)
                                 Filter: ((category_id <= '3'::double precision) AND (category_id >= '1'::double precision))
                                 Rows Removed by Filter: 12616
   ->  Hash  (cost=23.60..23.60 rows=1360 width=32) (actual time=0.010..0.010 rows=12 loops=1)
         Buckets: 2048  Batches: 1  Memory Usage: 17kB
         ->  Seq Scan on store  (cost=0.00..23.60 rows=1360 width=32) (actual time=0.005..0.006 rows=12 loops=1)
 Planning Time: 0.286 ms
 Execution Time: 1929.890 ms
(24 rows)

                                                                                       QUERY PLAN                                                                                        
-----------------------------------------------------------------------------------------------------------------------------------------------------------------------------------------
 Hash Join  (cost=947.65..121282.55 rows=927789 width=244) (actual time=3.571..799.474 rows=7774 loops=1)
   Hash Cond: ((store_sales.item_sk)::double precision = promotion.item_sk)
   ->  Hash Join  (cost=37.21..110868.35 rows=10483 width=164) (actual time=0.069..759.673 rows=360736 loops=1)
         Hash Cond: (store_sales.store_sk = (store.store_sk)::double precision)
         ->  Seq Scan on store_sales  (cost=0.00..99753.18 rows=2194625 width=132) (actual time=0.030..516.900 rows=2211665 loops=1)
               Filter: ((ext_discount_amt <= '0'::double precision) AND (ext_discount_amt >= '-1'::double precision))
               Rows Removed by Filter: 668739
         ->  Hash  (cost=37.20..37.20 rows=1 width=32) (actual time=0.008..0.009 rows=2 loops=1)
               Buckets: 1024  Batches: 1  Memory Usage: 9kB
               ->  Seq Scan on store  (cost=0.00..37.20 rows=1 width=32) (actual time=0.005..0.007 rows=2 loops=1)
                     Filter: ((number_employees <= 294) AND (number_employees >= 229) AND (tax_percentage <= '0.08'::double precision) AND (tax_percentage >= '0.08'::double precision))
                     Rows Removed by Filter: 10
   ->  Hash  (cost=689.17..689.17 rows=17701 width=80) (actual time=3.335..3.337 rows=291 loops=1)
         Buckets: 32768  Batches: 1  Memory Usage: 291kB
         ->  Hash Join  (cost=11.16..689.17 rows=17701 width=80) (actual time=0.085..3.270 rows=291 loops=1)
               Hash Cond: ((item.item_sk)::double precision = promotion.item_sk)
               ->  Seq Scan on item  (cost=0.00..366.00 rows=18000 width=52) (actual time=0.004..1.430 rows=18000 loops=1)
               ->  Hash  (cost=7.50..7.50 rows=293 width=28) (actual time=0.073..0.073 rows=291 loops=1)
                     Buckets: 1024  Batches: 1  Memory Usage: 27kB
                     ->  Seq Scan on promotion  (cost=0.00..7.50 rows=293 width=28) (actual time=0.005..0.043 rows=293 loops=1)
                           Filter: ((response_target <= '1'::double precision) AND (response_target >= '1'::double precision))
                           Rows Removed by Filter: 7
 Planning Time: 0.298 ms
 Execution Time: 799.948 ms
(24 rows)

                                                                  QUERY PLAN                                                                   
-----------------------------------------------------------------------------------------------------------------------------------------------
 Hash Join  (cost=215604.57..1233551.75 rows=93669060 width=244) (actual time=657.947..1021.755 rows=3728 loops=1)
   Hash Cond: ((store_sales.item_sk)::double precision = promotion.item_sk)
   ->  Merge Join  (cost=214965.24..272787.18 rows=3232442 width=164) (actual time=655.150..975.678 rows=479321 loops=1)
         Merge Cond: (((store.store_sk)::double precision) = store_sales.store_sk)
         ->  Sort  (cost=94.38..97.78 rows=1360 width=32) (actual time=0.012..0.017 rows=11 loops=1)
               Sort Key: ((store.store_sk)::double precision)
               Sort Method: quicksort  Memory: 25kB
               ->  Seq Scan on store  (cost=0.00..23.60 rows=1360 width=32) (actual time=0.003..0.005 rows=12 loops=1)
         ->  Materialize  (cost=214870.86..217358.87 rows=497602 width=132) (actual time=655.129..855.462 rows=479322 loops=1)
               ->  Sort  (cost=214870.86..216114.86 rows=497602 width=132) (actual time=655.127..729.799 rows=479322 loops=1)
                     Sort Key: store_sales.store_sk
                     Sort Method: external merge  Disk: 69008kB
                     ->  Seq Scan on store_sales  (cost=0.00..99753.18 rows=497602 width=132) (actual time=0.022..460.905 rows=491001 loops=1)
                           Filter: ((ext_sales_price <= '2265.2'::double precision) AND (ext_sales_price >= '1158.26'::double precision))
                           Rows Removed by Filter: 2389403
   ->  Hash  (cost=566.88..566.88 rows=5796 width=80) (actual time=2.705..2.708 rows=101 loops=1)
         Buckets: 8192  Batches: 1  Memory Usage: 76kB
         ->  Hash Join  (cost=9.75..566.88 rows=5796 width=80) (actual time=0.149..2.672 rows=101 loops=1)
               Hash Cond: ((item.item_sk)::double precision = promotion.item_sk)
               ->  Seq Scan on item  (cost=0.00..456.00 rows=5756 width=52) (actual time=0.009..2.059 rows=5785 loops=1)
                     Filter: ((brand_id <= '7014010'::double precision) AND (brand_id >= '4003002'::double precision))
                     Rows Removed by Filter: 12215
               ->  Hash  (cost=6.00..6.00 rows=300 width=28) (actual time=0.061..0.062 rows=293 loops=1)
                     Buckets: 1024  Batches: 1  Memory Usage: 27kB
                     ->  Seq Scan on promotion  (cost=0.00..6.00 rows=300 width=28) (actual time=0.005..0.026 rows=300 loops=1)
 Planning Time: 0.303 ms
 Execution Time: 1045.426 ms
(27 rows)

                                                                                                                                                            QUERY PLAN                                                                                                                                                            
----------------------------------------------------------------------------------------------------------------------------------------------------------------------------------------------------------------------------------------------------------------------------------------------------------------------------------
 Hash Join  (cost=130978.20..137044.88 rows=13551 width=244) (actual time=573.064..592.966 rows=1711 loops=1)
   Hash Cond: (store_sales.store_sk = (store.store_sk)::double precision)
   ->  Hash Join  (cost=130937.60..136154.32 rows=2086 width=212) (actual time=573.042..592.425 rows=1717 loops=1)
         Hash Cond: ((customer.customer_sk)::double precision = store_sales.customer_sk)
         ->  Seq Scan on customer  (cost=0.00..2227.00 rows=4443 width=28) (actual time=0.009..8.670 rows=4180 loops=1)
               Filter: ((birth_year <= '1947'::double precision) AND (birth_year >= '1945'::double precision))
               Rows Removed by Filter: 95820
         ->  Hash  (cost=129815.69..129815.69 rows=29593 width=184) (actual time=567.089..567.091 rows=41007 loops=1)
               Buckets: 32768 (originally 32768)  Batches: 4 (originally 2)  Memory Usage: 3841kB
               ->  Hash Join  (cost=618.09..129815.69 rows=29593 width=184) (actual time=3.162..537.276 rows=41235 loops=1)
                     Hash Cond: (store_sales.item_sk = item.item_sk)
                     ->  Seq Scan on store_sales  (cost=0.00..128555.30 rows=92366 width=132) (actual time=0.031..508.537 rows=111306 loops=1)
                           Filter: ((quantity <= '70'::double precision) AND (quantity >= '26'::double precision) AND (ext_sales_price <= '743.06'::double precision) AND (ext_sales_price >= '483.69'::double precision) AND (ext_list_price <= '11231.64'::double precision) AND (ext_list_price >= '140.5'::double precision))
                           Rows Removed by Filter: 2769098
                     ->  Hash  (cost=546.00..546.00 rows=5767 width=52) (actual time=3.118..3.119 rows=6545 loops=1)
                           Buckets: 8192  Batches: 1  Memory Usage: 627kB
                           ->  Seq Scan on item  (cost=0.00..546.00 rows=5767 width=52) (actual time=0.004..2.415 rows=6545 loops=1)
                                 Filter: ((brand_id <= '7011004'::double precision) AND (brand_id >= '2001001'::double precision) AND (class_id <= '7'::double precision) AND (class_id >= '2'::double precision))
                                 Rows Removed by Filter: 11455
   ->  Hash  (cost=23.60..23.60 rows=1360 width=32) (actual time=0.014..0.015 rows=12 loops=1)
         Buckets: 2048  Batches: 1  Memory Usage: 17kB
         ->  Seq Scan on store  (cost=0.00..23.60 rows=1360 width=32) (actual time=0.009..0.010 rows=12 loops=1)
 Planning Time: 0.305 ms
 Execution Time: 593.078 ms
(24 rows)

                                                                                                                                                               QUERY PLAN                                                                                                                                                                
-----------------------------------------------------------------------------------------------------------------------------------------------------------------------------------------------------------------------------------------------------------------------------------------------------------------------------------------
 Hash Join  (cost=129725.43..133370.94 rows=1221 width=244) (actual time=699.877..730.335 rows=12619 loops=1)
   Hash Cond: ((customer.customer_sk)::double precision = store_sales.customer_sk)
   ->  Seq Scan on customer  (cost=0.00..2227.00 rows=40180 width=28) (actual time=0.010..11.205 rows=40593 loops=1)
         Filter: ((birth_month <= '8'::double precision) AND (birth_month >= '4'::double precision))
         Rows Removed by Filter: 59407
   ->  Hash  (cost=129701.48..129701.48 rows=1916 width=216) (actual time=697.700..697.702 rows=30691 loops=1)
         Buckets: 16384 (originally 2048)  Batches: 2 (originally 1)  Memory Usage: 3969kB
         ->  Hash Join  (cost=627.45..129701.48 rows=1916 width=216) (actual time=3.620..677.356 rows=30786 loops=1)
               Hash Cond: (store_sales.item_sk = item.item_sk)
               ->  Hash Join  (cost=30.49..129073.88 rows=3059 width=164) (actual time=0.038..656.521 rows=49115 loops=1)
                     Hash Cond: (store_sales.store_sk = (store.store_sk)::double precision)
                     ->  Seq Scan on store_sales  (cost=0.00..128555.30 rows=91501 width=132) (actual time=0.027..632.839 rows=148874 loops=1)
                           Filter: ((ext_discount_amt <= '257.21'::double precision) AND (ext_discount_amt >= '0'::double precision) AND (ext_sales_price <= '1165.94'::double precision) AND (ext_sales_price >= '98.46'::double precision) AND (net_profit <= '117'::double precision) AND (net_profit >= '-28.28'::double precision))
                           Rows Removed by Filter: 2731530
                     ->  Hash  (cost=30.40..30.40 rows=7 width=32) (actual time=0.006..0.006 rows=3 loops=1)
                           Buckets: 1024  Batches: 1  Memory Usage: 9kB
                           ->  Seq Scan on store  (cost=0.00..30.40 rows=7 width=32) (actual time=0.003..0.004 rows=3 loops=1)
                                 Filter: ((market_id <= 8) AND (market_id >= 8))
                                 Rows Removed by Filter: 9
               ->  Hash  (cost=456.00..456.00 rows=11277 width=52) (actual time=3.573..3.573 rows=11277 loops=1)
                     Buckets: 16384  Batches: 1  Memory Usage: 1097kB
                     ->  Seq Scan on item  (cost=0.00..456.00 rows=11277 width=52) (actual time=0.004..2.417 rows=11277 loops=1)
                           Filter: ((class_id <= '4'::double precision) AND (class_id >= '1'::double precision))
                           Rows Removed by Filter: 6723
 Planning Time: 0.273 ms
 Execution Time: 730.818 ms
(26 rows)

                                                                                                                          QUERY PLAN                                                                                                                          
--------------------------------------------------------------------------------------------------------------------------------------------------------------------------------------------------------------------------------------------------------------
 Hash Join  (cost=181094.64..621322.92 rows=5974188 width=244) (actual time=763.195..1086.669 rows=51616 loops=1)
   Hash Cond: (store_sales.store_sk = (store.store_sk)::double precision)
   ->  Hash Join  (cost=181054.04..246554.85 rows=919666 width=212) (actual time=763.175..1070.708 rows=51791 loops=1)
         Hash Cond: (store_sales.wholesale_cost = item.wholesale_cost)
         ->  Merge Join  (cost=180463.04..191395.38 rows=533786 width=160) (actual time=759.447..1019.129 rows=392577 loops=1)
               Merge Cond: (((customer.customer_sk)::double precision) = store_sales.customer_sk)
               ->  Sort  (cost=12425.82..12675.82 rows=100000 width=28) (actual time=41.093..56.537 rows=100000 loops=1)
                     Sort Key: ((customer.customer_sk)::double precision)
                     Sort Method: external merge  Disk: 4824kB
                     ->  Seq Scan on customer  (cost=0.00..1727.00 rows=100000 width=28) (actual time=0.006..12.428 rows=100000 loops=1)
               ->  Materialize  (cost=168037.22..169719.39 rows=336433 width=132) (actual time=718.344..842.405 rows=392578 loops=1)
                     ->  Sort  (cost=168037.22..168878.30 rows=336433 width=132) (actual time=718.340..791.122 rows=392578 loops=1)
                           Sort Key: store_sales.customer_sk
                           Sort Method: external merge  Disk: 56328kB
                           ->  Seq Scan on store_sales  (cost=0.00..114154.24 rows=336433 width=132) (actual time=0.027..493.870 rows=397269 loops=1)
                                 Filter: ((ext_wholesale_cost <= '4801.68'::double precision) AND (ext_wholesale_cost >= '3166.75'::double precision) AND (ext_list_price <= '8435.52'::double precision) AND (ext_list_price >= '211.77'::double precision))
                                 Rows Removed by Filter: 2483135
         ->  Hash  (cost=366.00..366.00 rows=18000 width=52) (actual time=3.684..3.685 rows=17954 loops=1)
               Buckets: 32768  Batches: 1  Memory Usage: 1799kB
               ->  Seq Scan on item  (cost=0.00..366.00 rows=18000 width=52) (actual time=0.005..1.578 rows=18000 loops=1)
   ->  Hash  (cost=23.60..23.60 rows=1360 width=32) (actual time=0.012..0.012 rows=12 loops=1)
         Buckets: 2048  Batches: 1  Memory Usage: 17kB
         ->  Seq Scan on store  (cost=0.00..23.60 rows=1360 width=32) (actual time=0.005..0.007 rows=12 loops=1)
 Planning Time: 0.281 ms
 Execution Time: 1100.039 ms
(25 rows)

                                                                QUERY PLAN                                                                 
-------------------------------------------------------------------------------------------------------------------------------------------
 Hash Join  (cost=100111.10..101178.99 rows=23388 width=244) (actual time=2114.201..2795.243 rows=30542 loops=1)
   Hash Cond: (item.wholesale_cost = store_sales.wholesale_cost)
   ->  Hash Join  (cost=11.18..689.78 rows=17761 width=80) (actual time=0.123..3.648 rows=291 loops=1)
         Hash Cond: ((item.item_sk)::double precision = promotion.item_sk)
         ->  Seq Scan on item  (cost=0.00..366.00 rows=18000 width=52) (actual time=0.011..1.549 rows=18000 loops=1)
         ->  Hash  (cost=7.50..7.50 rows=294 width=28) (actual time=0.101..0.103 rows=291 loops=1)
               Buckets: 1024  Batches: 1  Memory Usage: 27kB
               ->  Seq Scan on promotion  (cost=0.00..7.50 rows=294 width=28) (actual time=0.007..0.053 rows=294 loops=1)
                     Filter: ((cost <= '1000'::double precision) AND (cost >= '1000'::double precision))
                     Rows Removed by Filter: 6
   ->  Hash  (cost=99927.96..99927.96 rows=13757 width=164) (actual time=2093.181..2093.185 rows=1344630 loops=1)
         Buckets: 32768 (originally 16384)  Batches: 128 (originally 1)  Memory Usage: 3841kB
         ->  Hash Join  (cost=37.21..99927.96 rows=13757 width=164) (actual time=0.051..1061.831 rows=1377121 loops=1)
               Hash Cond: (store_sales.store_sk = (store.store_sk)::double precision)
               ->  Seq Scan on store_sales  (cost=0.00..85352.12 rows=2880212 width=132) (actual time=0.024..373.140 rows=2880404 loops=1)
               ->  Hash  (cost=37.20..37.20 rows=1 width=32) (actual time=0.021..0.023 rows=7 loops=1)
                     Buckets: 1024  Batches: 1  Memory Usage: 9kB
                     ->  Seq Scan on store  (cost=0.00..37.20 rows=1 width=32) (actual time=0.004..0.021 rows=7 loops=1)
                           Filter: ((devision_id <= 1) AND (devision_id >= 1) AND (company_id <= 226) AND (company_id >= 27))
                           Rows Removed by Filter: 5
 Planning Time: 0.301 ms
 Execution Time: 2796.522 ms
(22 rows)

                                                                                                          QUERY PLAN                                                                                                          
------------------------------------------------------------------------------------------------------------------------------------------------------------------------------------------------------------------------------
 Hash Join  (cost=122785.20..128105.58 rows=18131 width=244) (actual time=1409.577..1637.675 rows=120984 loops=1)
   Hash Cond: ((customer.customer_sk)::double precision = store_sales.customer_sk)
   ->  Seq Scan on customer  (cost=0.00..2227.00 rows=47910 width=28) (actual time=0.012..11.827 rows=47597 loops=1)
         Filter: ((birth_year <= '1961'::double precision) AND (birth_year >= '1928'::double precision))
         Rows Removed by Filter: 52403
   ->  Hash  (cost=121788.05..121788.05 rows=23852 width=216) (actual time=1409.548..1409.556 rows=252361 loops=1)
         Buckets: 16384 (originally 16384)  Batches: 32 (originally 2)  Memory Usage: 3969kB
         ->  Hash Join  (cost=615.75..121788.05 rows=23852 width=216) (actual time=3.202..1122.235 rows=253945 loops=1)
               Hash Cond: (store_sales.item_sk = item.item_sk)
               ->  Hash Join  (cost=30.49..120808.57 rows=41518 width=164) (actual time=0.069..989.233 rows=441391 loops=1)
                     Hash Cond: (store_sales.store_sk = (store.store_sk)::double precision)
                     ->  Seq Scan on store_sales  (cost=0.00..114154.24 rows=1241733 width=132) (actual time=0.023..757.705 rows=1337518 loops=1)
                           Filter: ((list_price <= '89.93'::double precision) AND (list_price >= '17.41'::double precision) AND (net_profit <= '1474.08'::double precision) AND (net_profit >= '-5535.01'::double precision))
                           Rows Removed by Filter: 1542886
                     ->  Hash  (cost=30.40..30.40 rows=7 width=32) (actual time=0.010..0.011 rows=5 loops=1)
                           Buckets: 1024  Batches: 1  Memory Usage: 9kB
                           ->  Seq Scan on store  (cost=0.00..30.40 rows=7 width=32) (actual time=0.003..0.006 rows=5 loops=1)
                                 Filter: ((floor_space <= 9026222) AND (floor_space >= 6995995))
                                 Rows Removed by Filter: 7
               ->  Hash  (cost=456.00..456.00 rows=10341 width=52) (actual time=3.122..3.123 rows=10348 loops=1)
                     Buckets: 16384  Batches: 1  Memory Usage: 1017kB
                     ->  Seq Scan on item  (cost=0.00..456.00 rows=10341 width=52) (actual time=0.004..2.033 rows=10348 loops=1)
                           Filter: ((current_price <= '5.19'::double precision) AND (current_price >= '0.35'::double precision))
                           Rows Removed by Filter: 7652
 Planning Time: 0.297 ms
 Execution Time: 1642.025 ms
(26 rows)

                                                                                                                                                                                               QUERY PLAN                                                                                                                                                                                               
--------------------------------------------------------------------------------------------------------------------------------------------------------------------------------------------------------------------------------------------------------------------------------------------------------------------------------------------------------------------------------------------------------
 Hash Join  (cost=4252.00..150465.53 rows=241 width=244) (actual time=37.100..531.927 rows=200 loops=1)
   Hash Cond: (store_sales.wholesale_cost = item.wholesale_cost)
   ->  Hash Join  (cost=3661.00..149860.22 rows=140 width=192) (actual time=25.033..527.747 rows=2191 loops=1)
         Hash Cond: (store_sales.customer_sk = (customer.customer_sk)::double precision)
         ->  Nested Loop  (cost=0.00..143307.60 rows=88 width=164) (actual time=0.269..493.822 rows=2206 loops=1)
               Join Filter: (store_sales.store_sk = (store.store_sk)::double precision)
               Rows Removed by Join Filter: 31274
               ->  Seq Scan on store_sales  (cost=0.00..142956.36 rows=2619 width=132) (actual time=0.257..488.526 rows=3348 loops=1)
                     Filter: ((quantity <= '21'::double precision) AND (quantity >= '6'::double precision) AND (list_price <= '99.03'::double precision) AND (list_price >= '97.7'::double precision) AND (ext_discount_amt <= '0'::double precision) AND (ext_discount_amt >= '-1'::double precision) AND (ext_coupon_amt <= '33.85'::double precision) AND (ext_coupon_amt >= '0'::double precision))
                     Rows Removed by Filter: 2877056
               ->  Materialize  (cost=0.00..30.43 rows=7 width=32) (actual time=0.000..0.001 rows=10 loops=3348)
                     ->  Seq Scan on store  (cost=0.00..30.40 rows=7 width=32) (actual time=0.003..0.005 rows=10 loops=1)
                           Filter: ((number_employees <= 294) AND (number_employees >= 229))
                           Rows Removed by Filter: 2
         ->  Hash  (cost=1727.00..1727.00 rows=100000 width=28) (actual time=24.733..24.734 rows=100000 loops=1)
               Buckets: 65536  Batches: 2  Memory Usage: 3592kB
               ->  Seq Scan on customer  (cost=0.00..1727.00 rows=100000 width=28) (actual time=0.004..7.796 rows=100000 loops=1)
   ->  Hash  (cost=366.00..366.00 rows=18000 width=52) (actual time=3.557..3.557 rows=17954 loops=1)
         Buckets: 32768  Batches: 1  Memory Usage: 1799kB
         ->  Seq Scan on item  (cost=0.00..366.00 rows=18000 width=52) (actual time=0.011..1.507 rows=18000 loops=1)
 Planning Time: 0.304 ms
 Execution Time: 531.996 ms
(22 rows)

                                                                                                     QUERY PLAN                                                                                                     
--------------------------------------------------------------------------------------------------------------------------------------------------------------------------------------------------------------------
 Hash Join  (cost=345637.00..604074.87 rows=3352850 width=240) (actual time=3992.885..4830.331 rows=32237 loops=1)
   Hash Cond: ((store_sales.item_sk)::double precision = promotion.item_sk)
   ->  Hash Join  (cost=345627.25..545561.89 rows=3329964 width=212) (actual time=3987.567..4699.383 rows=1505100 loops=1)
         Hash Cond: ((customer.customer_sk)::double precision = store_sales.customer_sk)
         ->  Seq Scan on customer  (cost=0.00..1727.00 rows=100000 width=28) (actual time=0.004..8.787 rows=100000 loops=1)
         ->  Hash  (cost=266102.27..266102.27 rows=2098798 width=184) (actual time=3987.522..3987.525 rows=1505100 loops=1)
               Buckets: 32768  Batches: 128  Memory Usage: 2958kB
               ->  Hash Join  (cost=177609.77..266102.27 rows=2098798 width=184) (actual time=1441.952..3039.612 rows=1542617 loops=1)
                     Hash Cond: (item.wholesale_cost = store_sales.wholesale_cost)
                     ->  Seq Scan on item  (cost=0.00..546.00 rows=7613 width=52) (actual time=0.005..3.264 rows=7027 loops=1)
                           Filter: ((brand_id <= '10009008'::double precision) AND (brand_id >= '5002001'::double precision) AND (category_id <= '8'::double precision) AND (category_id >= '1'::double precision))
                           Rows Removed by Filter: 10973
                     ->  Hash  (cost=85352.12..85352.12 rows=2880212 width=132) (actual time=1441.898..1441.899 rows=2750381 loops=1)
                           Buckets: 32768 (originally 32768)  Batches: 256 (originally 128)  Memory Usage: 3841kB
                           ->  Seq Scan on store_sales  (cost=0.00..85352.12 rows=2880212 width=132) (actual time=0.018..356.031 rows=2880404 loops=1)
   ->  Hash  (cost=6.00..6.00 rows=300 width=28) (actual time=0.064..0.064 rows=293 loops=1)
         Buckets: 1024  Batches: 1  Memory Usage: 27kB
         ->  Seq Scan on promotion  (cost=0.00..6.00 rows=300 width=28) (actual time=0.006..0.031 rows=300 loops=1)
 Planning Time: 0.289 ms
 Execution Time: 4831.542 ms
(20 rows)

                                                                                                                                                                                                                                                                                                     QUERY PLAN                                                                                                                                                                                                                                                                                                     
--------------------------------------------------------------------------------------------------------------------------------------------------------------------------------------------------------------------------------------------------------------------------------------------------------------------------------------------------------------------------------------------------------------------------------------------------------------------------------------------------------------------------------------------------------------------------------------------------------------------
 Hash Join  (cost=3021.79..175368.70 rows=19 width=244) (actual time=16.234..568.183 rows=588 loops=1)
   Hash Cond: (store_sales.item_sk = item.item_sk)
   ->  Hash Join  (cost=2430.79..174777.44 rows=19 width=192) (actual time=12.605..564.083 rows=588 loops=1)
         Hash Cond: (store_sales.customer_sk = (customer.customer_sk)::double precision)
         ->  Nested Loop  (cost=0.00..172052.88 rows=72 width=164) (actual time=0.306..551.002 rows=3716 loops=1)
               Join Filter: (store_sales.store_sk = (store.store_sk)::double precision)
               Rows Removed by Join Filter: 40270
               ->  Seq Scan on store_sales  (cost=0.00..171758.48 rows=2155 width=132) (actual time=0.100..543.440 rows=7331 loops=1)
                     Filter: ((quantity <= '91'::double precision) AND (quantity >= '72'::double precision) AND (list_price <= '36.84'::double precision) AND (list_price >= '33.23'::double precision) AND (ext_discount_amt <= '256.61'::double precision) AND (ext_discount_amt >= '0'::double precision) AND (ext_wholesale_cost <= '4206'::double precision) AND (ext_wholesale_cost >= '979.68'::double precision) AND (ext_coupon_amt <= '0'::double precision) AND (ext_coupon_amt >= '0'::double precision) AND (net_profit <= '7.92'::double precision) AND (net_profit >= '-2392.77'::double precision))
                     Rows Removed by Filter: 2873073
               ->  Materialize  (cost=0.00..30.43 rows=7 width=32) (actual time=0.000..0.000 rows=6 loops=7331)
                     ->  Seq Scan on store  (cost=0.00..30.40 rows=7 width=32) (actual time=0.002..0.004 rows=6 loops=1)
                           Filter: ((market_id <= 6) AND (market_id >= 2))
                           Rows Removed by Filter: 6
         ->  Hash  (cost=2227.00..2227.00 rows=16303 width=28) (actual time=11.709..11.710 rows=16204 loops=1)
               Buckets: 16384  Batches: 1  Memory Usage: 1136kB
               ->  Seq Scan on customer  (cost=0.00..2227.00 rows=16303 width=28) (actual time=0.005..9.753 rows=16204 loops=1)
                     Filter: ((birth_month <= '9'::double precision) AND (birth_month >= '8'::double precision))
                     Rows Removed by Filter: 83796
   ->  Hash  (cost=366.00..366.00 rows=18000 width=52) (actual time=3.612..3.612 rows=18000 loops=1)
         Buckets: 32768  Batches: 1  Memory Usage: 1801kB
         ->  Seq Scan on item  (cost=0.00..366.00 rows=18000 width=52) (actual time=0.025..1.680 rows=18000 loops=1)
 Planning Time: 0.270 ms
 Execution Time: 568.267 ms
(24 rows)

                                                                                                              QUERY PLAN                                                                                                               
---------------------------------------------------------------------------------------------------------------------------------------------------------------------------------------------------------------------------------------
 Hash Join  (cost=100506.19..102759.26 rows=2607 width=244) (actual time=790.697..859.508 rows=54537 loops=1)
   Hash Cond: ((customer.customer_sk)::double precision = store_sales.customer_sk)
   ->  Seq Scan on customer  (cost=0.00..1727.00 rows=100000 width=28) (actual time=0.009..7.648 rows=100000 loops=1)
   ->  Hash  (cost=100485.66..100485.66 rows=1643 width=216) (actual time=790.468..790.472 rows=54537 loops=1)
         Buckets: 16384 (originally 2048)  Batches: 4 (originally 1)  Memory Usage: 3969kB
         ->  Hash Join  (cost=526.89..100485.66 rows=1643 width=216) (actual time=2.104..755.948 rows=55869 loops=1)
               Hash Cond: (store_sales.item_sk = item.item_sk)
               ->  Hash Join  (cost=44.01..99934.76 rows=13757 width=164) (actual time=0.070..696.624 rows=459357 loops=1)
                     Hash Cond: (store_sales.store_sk = (store.store_sk)::double precision)
                     ->  Seq Scan on store_sales  (cost=0.00..85352.12 rows=2880212 width=132) (actual time=0.022..319.401 rows=2880404 loops=1)
                     ->  Hash  (cost=44.00..44.00 rows=1 width=32) (actual time=0.019..0.020 rows=2 loops=1)
                           Buckets: 1024  Batches: 1  Memory Usage: 9kB
                           ->  Seq Scan on store  (cost=0.00..44.00 rows=1 width=32) (actual time=0.016..0.018 rows=2 loops=1)
                                 Filter: ((devision_id <= 1) AND (devision_id >= 1) AND (company_id <= 811) AND (company_id >= 175) AND (tax_percentage <= '0.08'::double precision) AND (tax_percentage >= '0.08'::double precision))
                                 Rows Removed by Filter: 10
               ->  Hash  (cost=456.00..456.00 rows=2150 width=52) (actual time=1.998..1.998 rows=2150 loops=1)
                     Buckets: 4096  Batches: 1  Memory Usage: 217kB
                     ->  Seq Scan on item  (cost=0.00..456.00 rows=2150 width=52) (actual time=0.004..1.794 rows=2150 loops=1)
                           Filter: ((class_id <= '15'::double precision) AND (class_id >= '12'::double precision))
                           Rows Removed by Filter: 15850
 Planning Time: 0.243 ms
 Execution Time: 861.403 ms
(22 rows)

                                                                                                             QUERY PLAN                                                                                                              
-------------------------------------------------------------------------------------------------------------------------------------------------------------------------------------------------------------------------------------
 Hash Join  (cost=510.76..120850.95 rows=2814 width=244) (actual time=1.924..749.791 rows=2111 loops=1)
   Hash Cond: ((item.item_sk)::double precision = promotion.item_sk)
   ->  Hash Join  (cost=501.01..120792.10 rows=2795 width=216) (actual time=1.777..738.579 rows=83452 loops=1)
         Hash Cond: (store_sales.store_sk = (store.store_sk)::double precision)
         ->  Hash Join  (cost=470.52..120315.76 rows=83581 width=184) (actual time=1.765..708.929 rows=84506 loops=1)
               Hash Cond: (store_sales.item_sk = item.item_sk)
               ->  Seq Scan on store_sales  (cost=0.00..114154.24 rows=1294715 width=132) (actual time=0.029..571.561 rows=1315971 loops=1)
                     Filter: ((ext_discount_amt <= '0'::double precision) AND (ext_discount_amt >= '-1'::double precision) AND (ext_sales_price <= '3235.87'::double precision) AND (ext_sales_price >= '197.12'::double precision))
                     Rows Removed by Filter: 1564433
               ->  Hash  (cost=456.00..456.00 rows=1162 width=52) (actual time=1.711..1.712 rows=1164 loops=1)
                     Buckets: 2048  Batches: 1  Memory Usage: 116kB
                     ->  Seq Scan on item  (cost=0.00..456.00 rows=1162 width=52) (actual time=0.005..1.589 rows=1164 loops=1)
                           Filter: ((current_price <= '7.82'::double precision) AND (current_price >= '6.78'::double precision))
                           Rows Removed by Filter: 16836
         ->  Hash  (cost=30.40..30.40 rows=7 width=32) (actual time=0.008..0.008 rows=12 loops=1)
               Buckets: 1024  Batches: 1  Memory Usage: 9kB
               ->  Seq Scan on store  (cost=0.00..30.40 rows=7 width=32) (actual time=0.003..0.006 rows=12 loops=1)
                     Filter: ((devision_id <= 1) AND (devision_id >= 1))
   ->  Hash  (cost=6.00..6.00 rows=300 width=28) (actual time=0.065..0.065 rows=293 loops=1)
         Buckets: 1024  Batches: 1  Memory Usage: 27kB
         ->  Seq Scan on promotion  (cost=0.00..6.00 rows=300 width=28) (actual time=0.009..0.031 rows=300 loops=1)
 Planning Time: 0.262 ms
 Execution Time: 749.998 ms
(23 rows)

                                                                                                                                                    QUERY PLAN                                                                                                                                                    
------------------------------------------------------------------------------------------------------------------------------------------------------------------------------------------------------------------------------------------------------------------------------------------------------------------
 Nested Loop  (cost=0.00..132031.13 rows=1 width=244) (actual time=77.557..1187.644 rows=3 loops=1)
   Join Filter: (store_sales.customer_sk = (customer.customer_sk)::double precision)
   Rows Removed by Join Filter: 331141
   ->  Nested Loop  (cost=0.00..129185.99 rows=1 width=216) (actual time=65.951..1090.311 rows=8 loops=1)
         Join Filter: (store_sales.item_sk = item.item_sk)
         Rows Removed by Join Filter: 158939
         ->  Nested Loop  (cost=0.00..128603.18 rows=1 width=164) (actual time=16.851..976.332 rows=53 loops=1)
               Join Filter: (store_sales.store_sk = (store.store_sk)::double precision)
               Rows Removed by Join Filter: 625
               ->  Seq Scan on store  (cost=0.00..44.00 rows=1 width=32) (actual time=0.006..0.010 rows=2 loops=1)
                     Filter: ((number_employees <= 294) AND (number_employees >= 236) AND (market_id <= 10) AND (market_id >= 8) AND (tax_percentage <= '0.03'::double precision) AND (tax_percentage >= '0.01'::double precision))
                     Rows Removed by Filter: 10
               ->  Seq Scan on store_sales  (cost=0.00..128555.30 rows=259 width=132) (actual time=1.771..488.102 rows=339 loops=2)
                     Filter: ((list_price <= '51.14'::double precision) AND (list_price >= '-1'::double precision) AND (ext_sales_price <= '153.08'::double precision) AND (ext_sales_price >= '152.36'::double precision) AND (ext_tax <= '185.06'::double precision) AND (ext_tax >= '7.36'::double precision))
                     Rows Removed by Filter: 2880065
         ->  Seq Scan on item  (cost=0.00..546.00 rows=2944 width=52) (actual time=0.002..1.998 rows=2999 loops=53)
               Filter: ((current_price <= '4.24'::double precision) AND (current_price >= '0.54'::double precision) AND (manufact_id <= '357'::double precision) AND (manufact_id >= '146'::double precision))
               Rows Removed by Filter: 15001
   ->  Seq Scan on customer  (cost=0.00..2227.00 rows=41210 width=28) (actual time=0.004..9.742 rows=41393 loops=8)
         Filter: ((birth_day <= '18'::double precision) AND (birth_day >= '6'::double precision))
         Rows Removed by Filter: 58607
 Planning Time: 0.299 ms
 Execution Time: 1187.682 ms
(23 rows)

                                                                                                             QUERY PLAN                                                                                                              
-------------------------------------------------------------------------------------------------------------------------------------------------------------------------------------------------------------------------------------
 Merge Join  (cost=135619.69..141118.73 rows=306897 width=244) (actual time=538.525..538.530 rows=2 loops=1)
   Merge Cond: (((store.store_sk)::double precision) = store_sales.store_sk)
   ->  Sort  (cost=94.38..97.78 rows=1360 width=32) (actual time=0.015..0.017 rows=3 loops=1)
         Sort Key: ((store.store_sk)::double precision)
         Sort Method: quicksort  Memory: 25kB
         ->  Seq Scan on store  (cost=0.00..23.60 rows=1360 width=32) (actual time=0.006..0.008 rows=12 loops=1)
   ->  Materialize  (cost=135525.31..135761.53 rows=47244 width=212) (actual time=538.500..538.503 rows=2 loops=1)
         ->  Sort  (cost=135525.31..135643.42 rows=47244 width=212) (actual time=538.496..538.498 rows=2 loops=1)
               Sort Key: store_sales.store_sk
               Sort Method: quicksort  Memory: 25kB
               ->  Hash Join  (cost=515.52..127009.82 rows=47244 width=212) (actual time=217.872..538.488 rows=2 loops=1)
                     Hash Cond: ((item.item_sk)::double precision = promotion.item_sk)
                     ->  Hash Join  (cost=504.36..126165.90 rows=48042 width=184) (actual time=2.857..538.142 rows=1269 loops=1)
                           Hash Cond: (store_sales.wholesale_cost = item.wholesale_cost)
                           ->  Seq Scan on store_sales  (cost=0.00..114154.24 rows=129728 width=132) (actual time=0.030..529.756 rows=39863 loops=1)
                                 Filter: ((ext_list_price <= '9318'::double precision) AND (ext_list_price >= '3644.81'::double precision) AND (net_paid <= '190.63'::double precision) AND (net_paid >= '32.67'::double precision))
                                 Rows Removed by Filter: 2840541
                           ->  Hash  (cost=456.00..456.00 rows=3869 width=52) (actual time=2.395..2.396 rows=3857 loops=1)
                                 Buckets: 4096  Batches: 1  Memory Usage: 364kB
                                 ->  Seq Scan on item  (cost=0.00..456.00 rows=3869 width=52) (actual time=0.004..2.004 rows=3864 loops=1)
                                       Filter: ((manufact_id <= '443'::double precision) AND (manufact_id >= '269'::double precision))
                                       Rows Removed by Filter: 14136
                     ->  Hash  (cost=7.50..7.50 rows=293 width=28) (actual time=0.070..0.071 rows=291 loops=1)
                           Buckets: 1024  Batches: 1  Memory Usage: 27kB
                           ->  Seq Scan on promotion  (cost=0.00..7.50 rows=293 width=28) (actual time=0.005..0.042 rows=293 loops=1)
                                 Filter: ((response_target <= '1'::double precision) AND (response_target >= '1'::double precision))
                                 Rows Removed by Filter: 7
 Planning Time: 0.328 ms
 Execution Time: 538.587 ms
(29 rows)

                                                                                                            QUERY PLAN                                                                                                            
----------------------------------------------------------------------------------------------------------------------------------------------------------------------------------------------------------------------------------
 Nested Loop  (cost=2328.46..117533.56 rows=1 width=244) (actual time=2134.229..2148.191 rows=3 loops=1)
   Join Filter: (store_sales.wholesale_cost = item.wholesale_cost)
   Rows Removed by Join Filter: 111537
   ->  Seq Scan on item  (cost=0.00..546.00 rows=709 width=52) (actual time=0.009..2.065 rows=715 loops=1)
         Filter: ((current_price <= '88.86'::double precision) AND (current_price >= '2.75'::double precision) AND (class_id <= '15'::double precision) AND (class_id >= '14'::double precision))
         Rows Removed by Filter: 17285
   ->  Materialize  (cost=2328.46..116891.87 rows=9 width=192) (actual time=0.758..2.989 rows=156 loops=715)
         ->  Hash Join  (cost=2328.46..116891.83 rows=9 width=192) (actual time=542.129..2132.051 rows=156 loops=1)
               Hash Cond: (store_sales.customer_sk = (customer.customer_sk)::double precision)
               ->  Nested Loop  (cost=0.00..114416.93 rows=72 width=164) (actual time=529.982..2121.581 rows=2117 loops=1)
                     Join Filter: (store_sales.store_sk = (store.store_sk)::double precision)
                     Rows Removed by Join Filter: 49771
                     ->  Seq Scan on store  (cost=0.00..37.20 rows=1 width=32) (actual time=0.003..0.007 rows=4 loops=1)
                           Filter: ((market_id <= 7) AND (market_id >= 4) AND (devision_id <= 1) AND (devision_id >= 1))
                           Rows Removed by Filter: 8
                     ->  Seq Scan on store_sales  (cost=0.00..114154.24 rows=15033 width=132) (actual time=0.017..529.194 rows=12972 loops=4)
                           Filter: ((ext_list_price <= '5632.84'::double precision) AND (ext_list_price >= '1111.2'::double precision) AND (net_paid <= '245.69'::double precision) AND (net_paid >= '225.41'::double precision))
                           Rows Removed by Filter: 2867432
               ->  Hash  (cost=2227.00..2227.00 rows=8117 width=28) (actual time=9.827..9.828 rows=8195 loops=1)
                     Buckets: 16384 (originally 8192)  Batches: 1 (originally 1)  Memory Usage: 639kB
                     ->  Seq Scan on customer  (cost=0.00..2227.00 rows=8117 width=28) (actual time=0.008..8.829 rows=8195 loops=1)
                           Filter: ((birth_month <= '7'::double precision) AND (birth_month >= '7'::double precision))
                           Rows Removed by Filter: 91805
 Planning Time: 0.297 ms
 Execution Time: 2148.238 ms
(25 rows)

                                                                                                     QUERY PLAN                                                                                                      
---------------------------------------------------------------------------------------------------------------------------------------------------------------------------------------------------------------------
 Hash Join  (cost=525.13..100767.23 rows=31860 width=244) (actual time=2.132..880.474 rows=540 loops=1)
   Hash Cond: ((store_sales.item_sk)::double precision = promotion.item_sk)
   ->  Hash Join  (cost=44.01..99934.76 rows=13757 width=164) (actual time=0.054..803.431 rows=916253 loops=1)
         Hash Cond: (store_sales.store_sk = (store.store_sk)::double precision)
         ->  Seq Scan on store_sales  (cost=0.00..85352.12 rows=2880212 width=132) (actual time=0.032..315.386 rows=2880404 loops=1)
         ->  Hash  (cost=44.00..44.00 rows=1 width=32) (actual time=0.009..0.010 rows=3 loops=1)
               Buckets: 1024  Batches: 1  Memory Usage: 9kB
               ->  Seq Scan on store  (cost=0.00..44.00 rows=1 width=32) (actual time=0.004..0.006 rows=3 loops=1)
                     Filter: ((market_id <= 2) AND (market_id >= 2) AND (devision_id <= 1) AND (devision_id >= 1) AND (tax_percentage <= '0.08'::double precision) AND (tax_percentage >= '0.01'::double precision))
                     Rows Removed by Filter: 9
   ->  Hash  (cost=475.33..475.33 rows=463 width=80) (actual time=1.726..1.728 rows=7 loops=1)
         Buckets: 1024  Batches: 1  Memory Usage: 9kB
         ->  Hash Join  (cost=11.16..475.33 rows=463 width=80) (actual time=0.500..1.724 rows=7 loops=1)
               Hash Cond: ((item.item_sk)::double precision = promotion.item_sk)
               ->  Seq Scan on item  (cost=0.00..456.00 rows=471 width=52) (actual time=0.005..1.574 rows=473 loops=1)
                     Filter: ((manufact_id <= '159'::double precision) AND (manufact_id >= '147'::double precision))
                     Rows Removed by Filter: 17527
               ->  Hash  (cost=7.50..7.50 rows=293 width=28) (actual time=0.095..0.096 rows=291 loops=1)
                     Buckets: 1024  Batches: 1  Memory Usage: 27kB
                     ->  Seq Scan on promotion  (cost=0.00..7.50 rows=293 width=28) (actual time=0.004..0.054 rows=293 loops=1)
                           Filter: ((response_target <= '1'::double precision) AND (response_target >= '1'::double precision))
                           Rows Removed by Filter: 7
 Planning Time: 0.276 ms
 Execution Time: 880.562 ms
(24 rows)

                                                                                                                                                                                                                    QUERY PLAN                                                                                                                                                                                                                     
---------------------------------------------------------------------------------------------------------------------------------------------------------------------------------------------------------------------------------------------------------------------------------------------------------------------------------------------------------------------------------------------------------------------------------------------------
 Hash Join  (cost=669.36..145311.74 rows=4123 width=244) (actual time=16.227..645.473 rows=53 loops=1)
   Hash Cond: ((item.item_sk)::double precision = promotion.item_sk)
   ->  Hash Join  (cost=659.61..145230.05 rows=4095 width=216) (actual time=3.658..644.602 rows=4366 loops=1)
         Hash Cond: (store_sales.wholesale_cost = item.wholesale_cost)
         ->  Hash Join  (cost=30.49..144013.17 rows=6433 width=164) (actual time=0.098..633.752 rows=46120 loops=1)
               Hash Cond: (store_sales.store_sk = (store.store_sk)::double precision)
               ->  Seq Scan on store_sales  (cost=0.00..142956.36 rows=192399 width=132) (actual time=0.084..618.271 rows=55428 loops=1)
                     Filter: ((list_price <= '160.53'::double precision) AND (list_price >= '14.94'::double precision) AND (ext_sales_price <= '3916.44'::double precision) AND (ext_sales_price >= '1436.64'::double precision) AND (ext_list_price <= '10282.64'::double precision) AND (ext_list_price >= '740.6'::double precision) AND (net_paid_inc_tax <= '1070.26'::double precision) AND (net_paid_inc_tax >= '42.02'::double precision))
                     Rows Removed by Filter: 2824976
               ->  Hash  (cost=30.40..30.40 rows=7 width=32) (actual time=0.009..0.009 rows=10 loops=1)
                     Buckets: 1024  Batches: 1  Memory Usage: 9kB
                     ->  Seq Scan on store  (cost=0.00..30.40 rows=7 width=32) (actual time=0.003..0.005 rows=10 loops=1)
                           Filter: ((floor_space <= 9294113) AND (floor_space >= 5250760))
                           Rows Removed by Filter: 2
         ->  Hash  (cost=546.00..546.00 rows=6650 width=52) (actual time=3.407..3.407 rows=8760 loops=1)
               Buckets: 16384 (originally 8192)  Batches: 1 (originally 1)  Memory Usage: 881kB
               ->  Seq Scan on item  (cost=0.00..546.00 rows=6650 width=52) (actual time=0.006..2.444 rows=8766 loops=1)
                     Filter: ((brand_id <= '9004001'::double precision) AND (brand_id >= '3004002'::double precision) AND (category_id <= '9'::double precision) AND (category_id >= '3'::double precision))
                     Rows Removed by Filter: 9234
   ->  Hash  (cost=6.00..6.00 rows=300 width=28) (actual time=0.091..0.091 rows=293 loops=1)
         Buckets: 1024  Batches: 1  Memory Usage: 27kB
         ->  Seq Scan on promotion  (cost=0.00..6.00 rows=300 width=28) (actual time=0.008..0.041 rows=300 loops=1)
 Planning Time: 0.323 ms
 Execution Time: 645.528 ms
(24 rows)

                                                                                                                                                                                                           QUERY PLAN                                                                                                                                                                                                           
--------------------------------------------------------------------------------------------------------------------------------------------------------------------------------------------------------------------------------------------------------------------------------------------------------------------------------------------------------------------------------------------------------------------------------
 Hash Join  (cost=146241.17..146316.52 rows=163 width=240) (actual time=531.323..534.386 rows=410 loops=1)
   Hash Cond: (store_sales.item_sk = item.item_sk)
   ->  Hash Join  (cost=145650.17..145723.28 rows=163 width=188) (actual time=527.651..530.490 rows=410 loops=1)
         Hash Cond: (store_sales.promo_sk = (promotion.promo_sk)::double precision)
         ->  Merge Join  (cost=145639.00..145697.42 rows=174 width=160) (actual time=527.564..530.262 rows=423 loops=1)
               Merge Cond: (store_sales.customer_sk = ((customer.customer_sk)::double precision))
               ->  Sort  (cost=143063.85..143068.76 rows=1965 width=132) (actual time=517.851..518.764 rows=7830 loops=1)
                     Sort Key: store_sales.customer_sk
                     Sort Method: quicksort  Memory: 2274kB
                     ->  Seq Scan on store_sales  (cost=0.00..142956.36 rows=1965 width=132) (actual time=0.054..514.711 rows=7856 loops=1)
                           Filter: ((ext_wholesale_cost <= '691.02'::double precision) AND (ext_wholesale_cost >= '371.61'::double precision) AND (ext_tax <= '57.31'::double precision) AND (ext_tax >= '22.29'::double precision) AND (ext_coupon_amt <= '0'::double precision) AND (ext_coupon_amt >= '0'::double precision) AND (net_profit <= '-65.12'::double precision) AND (net_profit >= '-143.64'::double precision))
                           Rows Removed by Filter: 2872548
               ->  Sort  (cost=2575.15..2589.13 rows=5593 width=28) (actual time=9.691..9.937 rows=5583 loops=1)
                     Sort Key: ((customer.customer_sk)::double precision)
                     Sort Method: quicksort  Memory: 627kB
                     ->  Seq Scan on customer  (cost=0.00..2227.00 rows=5593 width=28) (actual time=0.013..8.937 rows=5563 loops=1)
                           Filter: ((birth_year <= '1950'::double precision) AND (birth_year >= '1947'::double precision))
                           Rows Removed by Filter: 94437
         ->  Hash  (cost=7.50..7.50 rows=294 width=28) (actual time=0.074..0.075 rows=294 loops=1)
               Buckets: 1024  Batches: 1  Memory Usage: 27kB
               ->  Seq Scan on promotion  (cost=0.00..7.50 rows=294 width=28) (actual time=0.005..0.044 rows=294 loops=1)
                     Filter: ((cost <= '1000'::double precision) AND (cost >= '1000'::double precision))
                     Rows Removed by Filter: 6
   ->  Hash  (cost=366.00..366.00 rows=18000 width=52) (actual time=3.635..3.636 rows=18000 loops=1)
         Buckets: 32768  Batches: 1  Memory Usage: 1801kB
         ->  Seq Scan on item  (cost=0.00..366.00 rows=18000 width=52) (actual time=0.006..1.581 rows=18000 loops=1)
 Planning Time: 0.287 ms
 Execution Time: 534.456 ms
(28 rows)

                                                                                                                                                                                                                 QUERY PLAN                                                                                                                                                                                                                  
---------------------------------------------------------------------------------------------------------------------------------------------------------------------------------------------------------------------------------------------------------------------------------------------------------------------------------------------------------------------------------------------------------------------------------------------
 Hash Join  (cost=143666.23..150650.78 rows=755 width=244) (actual time=488.718..510.201 rows=6710 loops=1)
   Hash Cond: ((customer.customer_sk)::double precision = store_sales.customer_sk)
   ->  Seq Scan on customer  (cost=0.00..1727.00 rows=100000 width=28) (actual time=0.006..7.362 rows=100000 loops=1)
   ->  Hash  (cost=143660.28..143660.28 rows=476 width=216) (actual time=488.701..488.703 rows=6710 loops=1)
         Buckets: 8192 (originally 1024)  Batches: 1 (originally 1)  Memory Usage: 1741kB
         ->  Hash Join  (cost=621.49..143660.28 rows=476 width=216) (actual time=3.806..485.190 rows=6722 loops=1)
               Hash Cond: (store_sales.item_sk = item.item_sk)
               ->  Hash Join  (cost=30.49..143062.74 rows=476 width=164) (actual time=0.096..477.140 rows=6722 loops=1)
                     Hash Cond: (store_sales.store_sk = (store.store_sk)::double precision)
                     ->  Seq Scan on store_sales  (cost=0.00..142956.36 rows=14226 width=132) (actual time=0.083..474.396 rows=6750 loops=1)
                           Filter: ((list_price <= '83.09'::double precision) AND (list_price >= '65.52'::double precision) AND (ext_discount_amt <= '0'::double precision) AND (ext_discount_amt >= '0'::double precision) AND (ext_sales_price <= '368.64'::double precision) AND (ext_sales_price >= '131.7'::double precision) AND (ext_list_price <= '16574.74'::double precision) AND (ext_list_price >= '3281.85'::double precision))
                           Rows Removed by Filter: 2873654
                     ->  Hash  (cost=30.40..30.40 rows=7 width=32) (actual time=0.008..0.009 rows=12 loops=1)
                           Buckets: 1024  Batches: 1  Memory Usage: 9kB
                           ->  Seq Scan on store  (cost=0.00..30.40 rows=7 width=32) (actual time=0.002..0.005 rows=12 loops=1)
                                 Filter: ((devision_id <= 1) AND (devision_id >= 1))
               ->  Hash  (cost=366.00..366.00 rows=18000 width=52) (actual time=3.660..3.660 rows=18000 loops=1)
                     Buckets: 32768  Batches: 1  Memory Usage: 1801kB
                     ->  Seq Scan on item  (cost=0.00..366.00 rows=18000 width=52) (actual time=0.005..1.614 rows=18000 loops=1)
 Planning Time: 0.277 ms
 Execution Time: 510.483 ms
(21 rows)

                                                                                                                                                                                                                                                                     QUERY PLAN                                                                                                                                                                                                                                                                     
----------------------------------------------------------------------------------------------------------------------------------------------------------------------------------------------------------------------------------------------------------------------------------------------------------------------------------------------------------------------------------------------------------------------------------------------------------------------------------------------------------------------------------------------------
 Merge Join  (cost=223007.72..241968.51 rows=1059586 width=244) (actual time=1221.034..1431.749 rows=242634 loops=1)
   Merge Cond: (((store.store_sk)::double precision) = store_sales.store_sk)
   ->  Sort  (cost=94.38..97.78 rows=1360 width=32) (actual time=0.016..0.025 rows=11 loops=1)
         Sort Key: ((store.store_sk)::double precision)
         Sort Method: quicksort  Memory: 25kB
         ->  Seq Scan on store  (cost=0.00..23.60 rows=1360 width=32) (actual time=0.006..0.009 rows=12 loops=1)
   ->  Materialize  (cost=222913.34..223728.90 rows=163113 width=212) (actual time=1221.010..1353.971 rows=242635 loops=1)
         ->  Sort  (cost=222913.34..223321.12 rows=163113 width=212) (actual time=1221.008..1271.201 rows=242635 loops=1)
               Sort Key: store_sales.store_sk
               Sort Method: external merge  Disk: 55528kB
               ->  Hash Join  (cost=185960.62..192064.91 rows=163113 width=212) (actual time=802.609..1057.624 rows=242984 loops=1)
                     Hash Cond: (store_sales.item_sk = item.item_sk)
                     ->  Merge Join  (cost=185369.62..189231.11 rows=163113 width=160) (actual time=799.022..980.368 rows=242984 loops=1)
                           Merge Cond: (((customer.customer_sk)::double precision) = store_sales.customer_sk)
                           ->  Sort  (cost=12425.82..12675.82 rows=100000 width=28) (actual time=38.998..51.771 rows=100000 loops=1)
                                 Sort Key: ((customer.customer_sk)::double precision)
                                 Sort Method: external merge  Disk: 4824kB
                                 ->  Seq Scan on customer  (cost=0.00..1727.00 rows=100000 width=28) (actual time=0.004..12.136 rows=100000 loops=1)
                           ->  Materialize  (cost=172943.80..173457.83 rows=102806 width=132) (actual time=760.013..846.433 rows=242985 loops=1)
                                 ->  Sort  (cost=172943.80..173200.81 rows=102806 width=132) (actual time=760.009..815.222 rows=242985 loops=1)
                                       Sort Key: store_sales.customer_sk
                                       Sort Method: external merge  Disk: 34808kB
                                       ->  Seq Scan on store_sales  (cost=0.00..157357.42 rows=102806 width=132) (actual time=0.031..634.840 rows=243711 loops=1)
                                             Filter: ((ext_discount_amt <= '146.39'::double precision) AND (ext_discount_amt >= '0'::double precision) AND (ext_list_price <= '3300'::double precision) AND (ext_list_price >= '597.72'::double precision) AND (ext_tax <= '81.38'::double precision) AND (ext_tax >= '15.96'::double precision) AND (ext_coupon_amt <= '0'::double precision) AND (ext_coupon_amt >= '0'::double precision) AND (net_paid_inc_tax <= '1011.66'::double precision) AND (net_paid_inc_tax >= '0'::double precision))
                                             Rows Removed by Filter: 2636693
                     ->  Hash  (cost=366.00..366.00 rows=18000 width=52) (actual time=3.548..3.549 rows=18000 loops=1)
                           Buckets: 32768  Batches: 1  Memory Usage: 1801kB
                           ->  Seq Scan on item  (cost=0.00..366.00 rows=18000 width=52) (actual time=0.004..1.603 rows=18000 loops=1)
 Planning Time: 0.424 ms
 Execution Time: 1467.545 ms
(30 rows)

                                                                                                                                                                  QUERY PLAN                                                                                                                                                                  
----------------------------------------------------------------------------------------------------------------------------------------------------------------------------------------------------------------------------------------------------------------------------------------------------------------------------------------------
 Merge Join  (cost=197987.59..209792.22 rows=659465 width=244) (actual time=823.855..864.830 rows=63378 loops=1)
   Merge Cond: (((store.store_sk)::double precision) = store_sales.store_sk)
   ->  Sort  (cost=94.38..97.78 rows=1360 width=32) (actual time=0.020..0.022 rows=11 loops=1)
         Sort Key: ((store.store_sk)::double precision)
         Sort Method: quicksort  Memory: 25kB
         ->  Seq Scan on store  (cost=0.00..23.60 rows=1360 width=32) (actual time=0.010..0.013 rows=12 loops=1)
   ->  Materialize  (cost=197893.21..198400.80 rows=101518 width=212) (actual time=823.828..844.410 rows=63379 loops=1)
         ->  Sort  (cost=197893.21..198147.00 rows=101518 width=212) (actual time=823.826..835.527 rows=63379 loops=1)
               Sort Key: store_sales.store_sk
               Sort Method: external merge  Disk: 14560kB
               ->  Hash Join  (cost=141311.76..179038.79 rows=101518 width=212) (actual time=674.681..785.008 rows=63583 loops=1)
                     Hash Cond: (store_sales.item_sk = item.item_sk)
                     ->  Hash Join  (cost=140720.76..177051.91 rows=101518 width=160) (actual time=670.643..759.482 rows=63583 loops=1)
                           Hash Cond: ((customer.customer_sk)::double precision = store_sales.customer_sk)
                           ->  Seq Scan on customer  (cost=0.00..2227.00 rows=16847 width=28) (actual time=0.006..9.458 rows=16721 loops=1)
                                 Filter: ((birth_year <= '1935'::double precision) AND (birth_year >= '-1'::double precision))
                                 Rows Removed by Filter: 83279
                           ->  Hash  (cost=128555.30..128555.30 rows=379797 width=132) (actual time=670.374..670.374 rows=382681 loops=1)
                                 Buckets: 32768  Batches: 32  Memory Usage: 2196kB
                                 ->  Seq Scan on store_sales  (cost=0.00..128555.30 rows=379797 width=132) (actual time=0.031..568.206 rows=385014 loops=1)
                                       Filter: ((sales_price <= '22.24'::double precision) AND (sales_price >= '2.01'::double precision) AND (ext_list_price <= '6384.84'::double precision) AND (ext_list_price >= '1175.16'::double precision) AND (ext_coupon_amt <= '0'::double precision) AND (ext_coupon_amt >= '0'::double precision))
                                       Rows Removed by Filter: 2495390
                     ->  Hash  (cost=366.00..366.00 rows=18000 width=52) (actual time=3.998..3.999 rows=18000 loops=1)
                           Buckets: 32768  Batches: 1  Memory Usage: 1801kB
                           ->  Seq Scan on item  (cost=0.00..366.00 rows=18000 width=52) (actual time=0.005..1.861 rows=18000 loops=1)
 Planning Time: 0.293 ms
 Execution Time: 870.065 ms
(27 rows)

                                                                                                   QUERY PLAN                                                                                                    
-----------------------------------------------------------------------------------------------------------------------------------------------------------------------------------------------------------------
 Hash Join  (cost=112594.07..115496.28 rows=17521 width=244) (actual time=1821.367..2083.507 rows=321213 loops=1)
   Hash Cond: ((customer.customer_sk)::double precision = store_sales.customer_sk)
   ->  Seq Scan on customer  (cost=0.00..1727.00 rows=100000 width=28) (actual time=0.010..7.857 rows=100000 loops=1)
   ->  Hash  (cost=112456.03..112456.03 rows=11043 width=216) (actual time=1821.332..1821.336 rows=321213 loops=1)
         Buckets: 16384 (originally 16384)  Batches: 32 (originally 1)  Memory Usage: 3969kB
         ->  Hash Join  (cost=610.35..112456.03 rows=11043 width=216) (actual time=2.614..1577.345 rows=325177 loops=1)
               Hash Cond: (store_sales.item_sk = item.item_sk)
               ->  Hash Join  (cost=30.49..111490.57 rows=73378 width=164) (actual time=0.043..1267.642 rows=2159307 loops=1)
                     Hash Cond: (store_sales.store_sk = (store.store_sk)::double precision)
                     ->  Seq Scan on store_sales  (cost=0.00..99753.18 rows=2194625 width=132) (actual time=0.029..634.011 rows=2211665 loops=1)
                           Filter: ((ext_coupon_amt <= '0'::double precision) AND (ext_coupon_amt >= '0'::double precision))
                           Rows Removed by Filter: 668739
                     ->  Hash  (cost=30.40..30.40 rows=7 width=32) (actual time=0.009..0.009 rows=12 loops=1)
                           Buckets: 1024  Batches: 1  Memory Usage: 9kB
                           ->  Seq Scan on store  (cost=0.00..30.40 rows=7 width=32) (actual time=0.003..0.005 rows=12 loops=1)
                                 Filter: ((devision_id <= 1) AND (devision_id >= 1))
               ->  Hash  (cost=546.00..546.00 rows=2709 width=52) (actual time=2.561..2.562 rows=2710 loops=1)
                     Buckets: 4096  Batches: 1  Memory Usage: 265kB
                     ->  Seq Scan on item  (cost=0.00..546.00 rows=2709 width=52) (actual time=0.004..2.272 rows=2710 loops=1)
                           Filter: ((category_id <= '7'::double precision) AND (category_id >= '4'::double precision) AND (manufact_id <= '307'::double precision) AND (manufact_id >= '101'::double precision))
                           Rows Removed by Filter: 15290
 Planning Time: 0.265 ms
 Execution Time: 2094.601 ms
(23 rows)

                                                                                                                                                                                                                                                                                                       QUERY PLAN                                                                                                                                                                                                                                                                                                       
------------------------------------------------------------------------------------------------------------------------------------------------------------------------------------------------------------------------------------------------------------------------------------------------------------------------------------------------------------------------------------------------------------------------------------------------------------------------------------------------------------------------------------------------------------------------------------------------------------------------
 Hash Join  (cost=509.60..172961.82 rows=935 width=244) (actual time=5090.850..7481.064 rows=8904 loops=1)
   Hash Cond: (promotion.item_sk = (item.item_sk)::double precision)
   ->  Nested Loop  (cost=0.00..172372.99 rows=65 width=192) (actual time=8.774..7472.482 rows=40149 loops=1)
         Join Filter: (store_sales.promo_sk = (promotion.promo_sk)::double precision)
         Rows Removed by Join Filter: 12008751
         ->  Seq Scan on promotion  (cost=0.00..6.00 rows=300 width=28) (actual time=0.010..0.088 rows=300 loops=1)
         ->  Materialize  (cost=0.00..172010.16 rows=68 width=164) (actual time=0.001..21.440 rows=40163 loops=300)
               ->  Nested Loop  (cost=0.00..172009.82 rows=68 width=164) (actual time=0.041..4991.877 rows=40163 loops=1)
                     Join Filter: (store_sales.store_sk = (store.store_sk)::double precision)
                     Rows Removed by Join Filter: 440205
                     ->  Seq Scan on store  (cost=0.00..37.20 rows=1 width=32) (actual time=0.004..0.012 rows=8 loops=1)
                           Filter: ((company_id <= 877) AND (company_id >= 27) AND (tax_percentage <= '0.03'::double precision) AND (tax_percentage >= '0.01'::double precision))
                           Rows Removed by Filter: 4
                     ->  Seq Scan on store_sales  (cost=0.00..171758.48 rows=14276 width=132) (actual time=0.016..618.685 rows=60046 loops=8)
                           Filter: ((list_price <= '88.83'::double precision) AND (list_price >= '-1'::double precision) AND (ext_sales_price <= '4225.98'::double precision) AND (ext_sales_price >= '546'::double precision) AND (ext_list_price <= '3675.21'::double precision) AND (ext_list_price >= '1833.48'::double precision) AND (ext_tax <= '146.2'::double precision) AND (ext_tax >= '9.27'::double precision) AND (ext_coupon_amt <= '0'::double precision) AND (ext_coupon_amt >= '0'::double precision) AND (net_profit <= '1835.86'::double precision) AND (net_profit >= '-13.05'::double precision))
                           Rows Removed by Filter: 2820358
   ->  Hash  (cost=456.00..456.00 rows=4288 width=52) (actual time=2.478..2.479 rows=4284 loops=1)
         Buckets: 8192  Batches: 1  Memory Usage: 433kB
         ->  Seq Scan on item  (cost=0.00..456.00 rows=4288 width=52) (actual time=0.005..2.014 rows=4284 loops=1)
               Filter: ((manufact_id <= '694'::double precision) AND (manufact_id >= '409'::double precision))
               Rows Removed by Filter: 13716
 Planning Time: 0.336 ms
 Execution Time: 7482.681 ms
(23 rows)

                                                                                                                                                                                                                                                                                                        QUERY PLAN                                                                                                                                                                                                                                                                                                         
---------------------------------------------------------------------------------------------------------------------------------------------------------------------------------------------------------------------------------------------------------------------------------------------------------------------------------------------------------------------------------------------------------------------------------------------------------------------------------------------------------------------------------------------------------------------------------------------------------------------------
 Hash Join  (cost=187403.89..191081.07 rows=30218 width=240) (actual time=668.067..700.810 rows=5134 loops=1)
   Hash Cond: (store_sales.wholesale_cost = item.wholesale_cost)
   ->  Merge Join  (cost=186793.81..187991.96 rows=25610 width=188) (actual time=664.602..693.974 rows=20029 loops=1)
         Merge Cond: (((customer.customer_sk)::double precision) = store_sales.customer_sk)
         ->  Sort  (cost=12425.82..12675.82 rows=100000 width=28) (actual time=39.650..50.453 rows=100000 loops=1)
               Sort Key: ((customer.customer_sk)::double precision)
               Sort Method: external merge  Disk: 4824kB
               ->  Seq Scan on customer  (cost=0.00..1727.00 rows=100000 width=28) (actual time=0.005..12.613 rows=100000 loops=1)
         ->  Sort  (cost=174367.99..174408.34 rows=16141 width=160) (actual time=624.941..627.716 rows=20030 loops=1)
               Sort Key: store_sales.customer_sk
               Sort Method: external sort  Disk: 3568kB
               ->  Hash Join  (cost=9.75..173239.86 rows=16141 width=160) (actual time=0.125..601.099 rows=20035 loops=1)
                     Hash Cond: (store_sales.promo_sk = (promotion.promo_sk)::double precision)
                     ->  Seq Scan on store_sales  (cost=0.00..171758.48 rows=16906 width=132) (actual time=0.051..594.306 rows=20050 loops=1)
                           Filter: ((quantity <= '73'::double precision) AND (quantity >= '40'::double precision) AND (ext_discount_amt <= '0'::double precision) AND (ext_discount_amt >= '0'::double precision) AND (ext_wholesale_cost <= '8740.8'::double precision) AND (ext_wholesale_cost >= '916.5'::double precision) AND (ext_list_price <= '1900.03'::double precision) AND (ext_list_price >= '417.52'::double precision) AND (ext_tax <= '36.96'::double precision) AND (ext_tax >= '5.46'::double precision) AND (net_profit <= '23.34'::double precision) AND (net_profit >= '-1640.79'::double precision))
                           Rows Removed by Filter: 2860354
                     ->  Hash  (cost=6.00..6.00 rows=300 width=28) (actual time=0.065..0.065 rows=300 loops=1)
                           Buckets: 1024  Batches: 1  Memory Usage: 27kB
                           ->  Seq Scan on promotion  (cost=0.00..6.00 rows=300 width=28) (actual time=0.005..0.028 rows=300 loops=1)
   ->  Hash  (cost=456.00..456.00 rows=12327 width=52) (actual time=3.437..3.438 rows=12302 loops=1)
         Buckets: 16384  Batches: 1  Memory Usage: 1186kB
         ->  Seq Scan on item  (cost=0.00..456.00 rows=12327 width=52) (actual time=0.008..2.223 rows=12317 loops=1)
               Filter: ((brand_id <= '9002003'::double precision) AND (brand_id >= '2002001'::double precision))
               Rows Removed by Filter: 5683
 Planning Time: 0.326 ms
 Execution Time: 702.573 ms
(26 rows)

                                                                                                                QUERY PLAN                                                                                                                
------------------------------------------------------------------------------------------------------------------------------------------------------------------------------------------------------------------------------------------
 Hash Join  (cost=115109.97..119854.22 rows=1725 width=244) (actual time=575.807..619.414 rows=20915 loops=1)
   Hash Cond: ((customer.customer_sk)::double precision = store_sales.customer_sk)
   ->  Seq Scan on customer  (cost=0.00..1727.00 rows=100000 width=28) (actual time=0.008..7.665 rows=100000 loops=1)
   ->  Hash  (cost=115096.38..115096.38 rows=1087 width=216) (actual time=575.652..575.654 rows=20915 loops=1)
         Buckets: 16384 (originally 2048)  Batches: 2 (originally 1)  Memory Usage: 3969kB
         ->  Hash Join  (cost=611.39..115096.38 rows=1087 width=216) (actual time=3.412..563.036 rows=21060 loops=1)
               Hash Cond: (store_sales.item_sk = item.item_sk)
               ->  Hash Join  (cost=30.49..114497.26 rows=1959 width=164) (actual time=0.083..546.708 rows=38169 loops=1)
                     Hash Cond: (store_sales.store_sk = (store.store_sk)::double precision)
                     ->  Seq Scan on store_sales  (cost=0.00..114154.24 rows=58589 width=132) (actual time=0.025..532.490 rows=57913 loops=1)
                           Filter: ((ext_wholesale_cost <= '2323.08'::double precision) AND (ext_wholesale_cost >= '1045.4'::double precision) AND (net_paid <= '393.35'::double precision) AND (net_paid >= '218.12'::double precision))
                           Rows Removed by Filter: 2822491
                     ->  Hash  (cost=30.40..30.40 rows=7 width=32) (actual time=0.007..0.008 rows=8 loops=1)
                           Buckets: 1024  Batches: 1  Memory Usage: 9kB
                           ->  Seq Scan on store  (cost=0.00..30.40 rows=7 width=32) (actual time=0.003..0.005 rows=8 loops=1)
                                 Filter: ((tax_percentage <= '0.03'::double precision) AND (tax_percentage >= '0.01'::double precision))
                                 Rows Removed by Filter: 4
               ->  Hash  (cost=456.00..456.00 rows=9992 width=52) (actual time=3.248..3.248 rows=10002 loops=1)
                     Buckets: 16384  Batches: 1  Memory Usage: 988kB
                     ->  Seq Scan on item  (cost=0.00..456.00 rows=9992 width=52) (actual time=0.004..2.277 rows=10002 loops=1)
                           Filter: ((manufact_id <= '498'::double precision) AND (manufact_id >= '109'::double precision))
                           Rows Removed by Filter: 7998
 Planning Time: 0.267 ms
 Execution Time: 620.197 ms
(24 rows)

                                                                                                                                                                                                                                                            QUERY PLAN                                                                                                                                                                                                                                                            
----------------------------------------------------------------------------------------------------------------------------------------------------------------------------------------------------------------------------------------------------------------------------------------------------------------------------------------------------------------------------------------------------------------------------------------------------------------------------------------------------------------------------------
 Hash Join  (cost=158163.95..162109.49 rows=555 width=244) (actual time=622.536..638.109 rows=2141 loops=1)
   Hash Cond: (store_sales.item_sk = item.item_sk)
   ->  Hash Join  (cost=157572.95..161510.86 rows=555 width=192) (actual time=618.889..633.412 rows=2141 loops=1)
         Hash Cond: ((customer.customer_sk)::double precision = store_sales.customer_sk)
         ->  Seq Scan on customer  (cost=0.00..2227.00 rows=32483 width=28) (actual time=0.005..10.390 rows=31981 loops=1)
               Filter: ((birth_month <= '12'::double precision) AND (birth_month >= '9'::double precision))
               Rows Removed by Filter: 68019
         ->  Hash  (cost=157559.50..157559.50 rows=1076 width=164) (actual time=618.861..618.863 rows=6855 loops=1)
               Buckets: 8192 (originally 2048)  Batches: 1 (originally 1)  Memory Usage: 1403kB
               ->  Hash Join  (cost=30.49..157559.50 rows=1076 width=164) (actual time=0.146..615.604 rows=6859 loops=1)
                     Hash Cond: (store_sales.store_sk = (store.store_sk)::double precision)
                     ->  Seq Scan on store_sales  (cost=0.00..157357.42 rows=32167 width=132) (actual time=0.134..611.987 rows=10289 loops=1)
                           Filter: ((quantity <= '89'::double precision) AND (quantity >= '5'::double precision) AND (ext_discount_amt <= '530.17'::double precision) AND (ext_discount_amt >= '0'::double precision) AND (ext_wholesale_cost <= '4790.85'::double precision) AND (ext_wholesale_cost >= '3934.65'::double precision) AND (ext_list_price <= '4650.88'::double precision) AND (ext_list_price >= '2064.31'::double precision) AND (ext_tax <= '230.69'::double precision) AND (ext_tax >= '0'::double precision))
                           Rows Removed by Filter: 2870115
                     ->  Hash  (cost=30.40..30.40 rows=7 width=32) (actual time=0.006..0.006 rows=9 loops=1)
                           Buckets: 1024  Batches: 1  Memory Usage: 9kB
                           ->  Seq Scan on store  (cost=0.00..30.40 rows=7 width=32) (actual time=0.002..0.004 rows=9 loops=1)
                                 Filter: ((number_employees <= 294) AND (number_employees >= 236))
                                 Rows Removed by Filter: 3
   ->  Hash  (cost=366.00..366.00 rows=18000 width=52) (actual time=3.611..3.611 rows=18000 loops=1)
         Buckets: 32768  Batches: 1  Memory Usage: 1801kB
         ->  Seq Scan on item  (cost=0.00..366.00 rows=18000 width=52) (actual time=0.007..1.529 rows=18000 loops=1)
 Planning Time: 0.281 ms
 Execution Time: 638.234 ms
(24 rows)

                                                                                                       QUERY PLAN                                                                                                       
------------------------------------------------------------------------------------------------------------------------------------------------------------------------------------------------------------------------
 Hash Join  (cost=620.07..111934.78 rows=44689 width=244) (actual time=8.885..853.581 rows=293 loops=1)
   Hash Cond: ((store_sales.item_sk)::double precision = promotion.item_sk)
   ->  Hash Join  (cost=37.21..110868.35 rows=10483 width=164) (actual time=0.044..820.010 rows=358678 loops=1)
         Hash Cond: (store_sales.store_sk = (store.store_sk)::double precision)
         ->  Seq Scan on store_sales  (cost=0.00..99753.18 rows=2194625 width=132) (actual time=0.026..584.316 rows=2211665 loops=1)
               Filter: ((ext_coupon_amt <= '0'::double precision) AND (ext_coupon_amt >= '0'::double precision))
               Rows Removed by Filter: 668739
         ->  Hash  (cost=37.20..37.20 rows=1 width=32) (actual time=0.006..0.007 rows=2 loops=1)
               Buckets: 1024  Batches: 1  Memory Usage: 9kB
               ->  Seq Scan on store  (cost=0.00..37.20 rows=1 width=32) (actual time=0.003..0.004 rows=2 loops=1)
                     Filter: ((number_employees <= 271) AND (number_employees >= 245) AND (devision_id <= 1) AND (devision_id >= 1))
                     Rows Removed by Filter: 10
   ->  Hash  (cost=572.20..572.20 rows=853 width=80) (actual time=2.154..2.156 rows=12 loops=1)
         Buckets: 1024  Batches: 1  Memory Usage: 10kB
         ->  Hash Join  (cost=11.16..572.20 rows=853 width=80) (actual time=0.352..2.151 rows=12 loops=1)
               Hash Cond: ((item.item_sk)::double precision = promotion.item_sk)
               ->  Seq Scan on item  (cost=0.00..546.00 rows=867 width=52) (actual time=0.004..1.975 rows=864 loops=1)
                     Filter: ((current_price <= '83.27'::double precision) AND (current_price >= '2.41'::double precision) AND (brand_id <= '5004001'::double precision) AND (brand_id >= '5002001'::double precision))
                     Rows Removed by Filter: 17136
               ->  Hash  (cost=7.50..7.50 rows=293 width=28) (actual time=0.070..0.070 rows=291 loops=1)
                     Buckets: 1024  Batches: 1  Memory Usage: 27kB
                     ->  Seq Scan on promotion  (cost=0.00..7.50 rows=293 width=28) (actual time=0.004..0.041 rows=293 loops=1)
                           Filter: ((response_target <= '1'::double precision) AND (response_target >= '1'::double precision))
                           Rows Removed by Filter: 7
 Planning Time: 0.303 ms
 Execution Time: 853.659 ms
(26 rows)

                                                                      QUERY PLAN                                                                       
-------------------------------------------------------------------------------------------------------------------------------------------------------
 Hash Join  (cost=114340.73..129844.38 rows=198765 width=244) (actual time=6364.352..8250.400 rows=2391615 loops=1)
   Hash Cond: ((customer.customer_sk)::double precision = store_sales.customer_sk)
   ->  Seq Scan on customer  (cost=0.00..1727.00 rows=100000 width=28) (actual time=0.007..10.058 rows=100000 loops=1)
   ->  Hash  (cost=109103.77..109103.77 rows=125277 width=216) (actual time=5979.085..5979.088 rows=2391615 loops=1)
         Buckets: 16384 (originally 16384)  Batches: 256 (originally 8)  Memory Usage: 3969kB
         ->  Hash Join  (cost=104208.44..109103.77 rows=125277 width=216) (actual time=2481.840..4237.637 rows=2422628 loops=1)
               Hash Cond: (item.wholesale_cost = store_sales.wholesale_cost)
               ->  Seq Scan on item  (cost=0.00..456.00 rows=13591 width=52) (actual time=0.005..3.291 rows=13591 loops=1)
                     Filter: ((class_id <= '13'::double precision) AND (class_id >= '2'::double precision))
                     Rows Removed by Filter: 4409
               ->  Hash  (cost=100746.68..100746.68 rows=96301 width=164) (actual time=2481.774..2481.776 rows=2237984 loops=1)
                     Buckets: 32768 (originally 32768)  Batches: 256 (originally 8)  Memory Usage: 3841kB
                     ->  Hash Join  (cost=30.49..100746.68 rows=96301 width=164) (actual time=0.043..1276.662 rows=2292176 loops=1)
                           Hash Cond: (store_sales.store_sk = (store.store_sk)::double precision)
                           ->  Seq Scan on store_sales  (cost=0.00..85352.12 rows=2880212 width=132) (actual time=0.029..361.096 rows=2880404 loops=1)
                           ->  Hash  (cost=30.40..30.40 rows=7 width=32) (actual time=0.008..0.009 rows=10 loops=1)
                                 Buckets: 1024  Batches: 1  Memory Usage: 9kB
                                 ->  Seq Scan on store  (cost=0.00..30.40 rows=7 width=32) (actual time=0.003..0.005 rows=10 loops=1)
                                       Filter: ((market_id <= 8) AND (market_id >= 2))
                                       Rows Removed by Filter: 2
 Planning Time: 0.299 ms
 Execution Time: 8333.995 ms
(22 rows)

                                                                                                              QUERY PLAN                                                                                                              
--------------------------------------------------------------------------------------------------------------------------------------------------------------------------------------------------------------------------------------
 Hash Join  (cost=568.10..115430.95 rows=1274 width=244) (actual time=5.666..502.630 rows=217 loops=1)
   Hash Cond: ((item.item_sk)::double precision = promotion.item_sk)
   ->  Hash Join  (cost=556.92..115397.36 rows=1291 width=216) (actual time=2.766..501.040 rows=9816 loops=1)
         Hash Cond: (store_sales.item_sk = item.item_sk)
         ->  Hash Join  (cost=30.49..114842.55 rows=4123 width=164) (actual time=0.092..490.601 rows=31166 loops=1)
               Hash Cond: (store_sales.store_sk = (store.store_sk)::double precision)
               ->  Seq Scan on store_sales  (cost=0.00..114154.24 rows=123318 width=132) (actual time=0.030..467.787 rows=189496 loops=1)
                     Filter: ((list_price <= '58.11'::double precision) AND (list_price >= '30.18'::double precision) AND (ext_wholesale_cost <= '1656.02'::double precision) AND (ext_wholesale_cost >= '589.05'::double precision))
                     Rows Removed by Filter: 2690908
               ->  Hash  (cost=30.40..30.40 rows=7 width=32) (actual time=0.005..0.006 rows=2 loops=1)
                     Buckets: 1024  Batches: 1  Memory Usage: 9kB
                     ->  Seq Scan on store  (cost=0.00..30.40 rows=7 width=32) (actual time=0.003..0.004 rows=2 loops=1)
                           Filter: ((tax_percentage <= '0.01'::double precision) AND (tax_percentage >= '0.01'::double precision))
                           Rows Removed by Filter: 10
         ->  Hash  (cost=456.00..456.00 rows=5635 width=52) (actual time=2.666..2.667 rows=5635 loops=1)
               Buckets: 8192  Batches: 1  Memory Usage: 548kB
               ->  Seq Scan on item  (cost=0.00..456.00 rows=5635 width=52) (actual time=0.004..2.064 rows=5635 loops=1)
                     Filter: ((class_id <= '3'::double precision) AND (class_id >= '2'::double precision))
                     Rows Removed by Filter: 12365
   ->  Hash  (cost=7.50..7.50 rows=294 width=28) (actual time=0.082..0.082 rows=291 loops=1)
         Buckets: 1024  Batches: 1  Memory Usage: 27kB
         ->  Seq Scan on promotion  (cost=0.00..7.50 rows=294 width=28) (actual time=0.011..0.052 rows=294 loops=1)
               Filter: ((cost <= '1000'::double precision) AND (cost >= '1000'::double precision))
               Rows Removed by Filter: 6
 Planning Time: 0.277 ms
 Execution Time: 502.712 ms
(26 rows)

                                                                                                                                                                                                      QUERY PLAN                                                                                                                                                                                                      
----------------------------------------------------------------------------------------------------------------------------------------------------------------------------------------------------------------------------------------------------------------------------------------------------------------------------------------------------------------------------------------------------------------------
 Hash Join  (cost=144453.54..148933.94 rows=340 width=244) (actual time=540.015..557.498 rows=1269 loops=1)
   Hash Cond: ((customer.customer_sk)::double precision = store_sales.customer_sk)
   ->  Seq Scan on customer  (cost=0.00..1727.00 rows=100000 width=28) (actual time=0.006..7.046 rows=100000 loops=1)
   ->  Hash  (cost=144450.86..144450.86 rows=214 width=216) (actual time=539.965..539.968 rows=1269 loops=1)
         Buckets: 2048 (originally 1024)  Batches: 1 (originally 1)  Memory Usage: 334kB
         ->  Nested Loop  (cost=567.77..144450.86 rows=214 width=216) (actual time=3.713..539.137 rows=1271 loops=1)
               Join Filter: (store_sales.store_sk = (store.store_sk)::double precision)
               Rows Removed by Join Filter: 19249
               ->  Hash Join  (cost=567.77..143636.45 rows=6400 width=184) (actual time=3.307..535.655 rows=2565 loops=1)
                     Hash Cond: (store_sales.item_sk = item.item_sk)
                     ->  Seq Scan on store_sales  (cost=0.00..142956.36 rows=12883 width=132) (actual time=0.190..530.186 rows=5249 loops=1)
                           Filter: ((quantity <= '34'::double precision) AND (quantity >= '22'::double precision) AND (ext_wholesale_cost <= '4085.09'::double precision) AND (ext_wholesale_cost >= '769.32'::double precision) AND (net_paid <= '533.6'::double precision) AND (net_paid >= '185.5'::double precision) AND (net_profit <= '747'::double precision) AND (net_profit >= '-562.32'::double precision))
                           Rows Removed by Filter: 2875155
                     ->  Hash  (cost=456.00..456.00 rows=8942 width=52) (actual time=3.102..3.102 rows=8977 loops=1)
                           Buckets: 16384  Batches: 1  Memory Usage: 900kB
                           ->  Seq Scan on item  (cost=0.00..456.00 rows=8942 width=52) (actual time=0.004..2.179 rows=8977 loops=1)
                                 Filter: ((manufact_id <= '331'::double precision) AND (manufact_id >= '55'::double precision))
                                 Rows Removed by Filter: 9023
               ->  Materialize  (cost=0.00..30.43 rows=7 width=32) (actual time=0.000..0.000 rows=8 loops=2565)
                     ->  Seq Scan on store  (cost=0.00..30.40 rows=7 width=32) (actual time=0.003..0.004 rows=8 loops=1)
                           Filter: ((market_id <= 10) AND (market_id >= 6))
                           Rows Removed by Filter: 4
 Planning Time: 0.301 ms
 Execution Time: 557.587 ms
(24 rows)

                                                                  QUERY PLAN                                                                   
-----------------------------------------------------------------------------------------------------------------------------------------------
 Hash Join  (cost=102358.82..106130.68 rows=4487 width=244) (actual time=483.731..500.481 rows=623 loops=1)
   Hash Cond: ((customer.customer_sk)::double precision = store_sales.customer_sk)
   ->  Seq Scan on customer  (cost=0.00..1727.00 rows=100000 width=28) (actual time=0.006..7.143 rows=100000 loops=1)
   ->  Hash  (cost=102323.46..102323.46 rows=2828 width=216) (actual time=483.707..483.709 rows=623 loops=1)
         Buckets: 4096  Batches: 1  Memory Usage: 188kB
         ->  Hash Join  (cost=531.40..102323.46 rows=2828 width=216) (actual time=2.761..483.299 rows=627 loops=1)
               Hash Cond: (store_sales.wholesale_cost = item.wholesale_cost)
               ->  Hash Join  (cost=30.49..101095.40 rows=8222 width=164) (actual time=0.053..467.912 rows=121164 loops=1)
                     Hash Cond: (store_sales.store_sk = (store.store_sk)::double precision)
                     ->  Seq Scan on store_sales  (cost=0.00..99753.18 rows=245903 width=132) (actual time=0.025..418.400 rows=248746 loops=1)
                           Filter: ((list_price <= '172.49'::double precision) AND (list_price >= '137.61'::double precision))
                           Rows Removed by Filter: 2631658
                     ->  Hash  (cost=30.40..30.40 rows=7 width=32) (actual time=0.021..0.021 rows=6 loops=1)
                           Buckets: 1024  Batches: 1  Memory Usage: 9kB
                           ->  Seq Scan on store  (cost=0.00..30.40 rows=7 width=32) (actual time=0.002..0.004 rows=6 loops=1)
                                 Filter: ((tax_percentage <= '0.03'::double precision) AND (tax_percentage >= '0.03'::double precision))
                                 Rows Removed by Filter: 6
               ->  Hash  (cost=456.00..456.00 rows=3593 width=52) (actual time=2.161..2.161 rows=3591 loops=1)
                     Buckets: 4096  Batches: 1  Memory Usage: 341kB
                     ->  Seq Scan on item  (cost=0.00..456.00 rows=3593 width=52) (actual time=0.004..1.759 rows=3593 loops=1)
                           Filter: ((category_id <= '3'::double precision) AND (category_id >= '2'::double precision))
                           Rows Removed by Filter: 14407
 Planning Time: 0.301 ms
 Execution Time: 500.547 ms
(24 rows)

                                                                                                                                                                                                       QUERY PLAN                                                                                                                                                                                                       
------------------------------------------------------------------------------------------------------------------------------------------------------------------------------------------------------------------------------------------------------------------------------------------------------------------------------------------------------------------------------------------------------------------------
 Hash Join  (cost=253518.01..322455.99 rows=2178856 width=244) (actual time=1339.624..1753.695 rows=369634 loops=1)
   Hash Cond: (store_sales.item_sk = item.item_sk)
   ->  Merge Join  (cost=252927.01..291905.72 rows=2178856 width=192) (actual time=1335.989..1633.857 rows=369634 loops=1)
         Merge Cond: (((store.store_sk)::double precision) = store_sales.store_sk)
         ->  Sort  (cost=94.38..97.78 rows=1360 width=32) (actual time=0.013..0.022 rows=11 loops=1)
               Sort Key: ((store.store_sk)::double precision)
               Sort Method: quicksort  Memory: 25kB
               ->  Seq Scan on store  (cost=0.00..23.60 rows=1360 width=32) (actual time=0.003..0.006 rows=12 loops=1)
         ->  Materialize  (cost=252832.63..254509.69 rows=335413 width=160) (actual time=1335.968..1524.564 rows=369635 loops=1)
               ->  Sort  (cost=252832.63..253671.16 rows=335413 width=160) (actual time=1335.966..1407.866 rows=369635 loops=1)
                     Sort Key: store_sales.store_sk
                     Sort Method: external merge  Disk: 64368kB
                     ->  Merge Join  (cost=188531.89..195680.13 rows=335413 width=160) (actual time=862.782..1107.765 rows=370186 loops=1)
                           Merge Cond: (((customer.customer_sk)::double precision) = store_sales.customer_sk)
                           ->  Sort  (cost=12425.82..12675.82 rows=100000 width=28) (actual time=42.416..54.476 rows=100000 loops=1)
                                 Sort Key: ((customer.customer_sk)::double precision)
                                 Sort Method: external merge  Disk: 4824kB
                                 ->  Seq Scan on customer  (cost=0.00..1727.00 rows=100000 width=28) (actual time=0.004..12.389 rows=100000 loops=1)
                           ->  Materialize  (cost=176106.07..177163.09 rows=211403 width=132) (actual time=820.352..939.516 rows=370187 loops=1)
                                 ->  Sort  (cost=176106.07..176634.58 rows=211403 width=132) (actual time=820.349..891.025 rows=370187 loops=1)
                                       Sort Key: store_sales.customer_sk
                                       Sort Method: external merge  Disk: 53032kB
                                       ->  Seq Scan on store_sales  (cost=0.00..142956.36 rows=211403 width=132) (actual time=0.037..611.385 rows=371294 loops=1)
                                             Filter: ((quantity <= '68'::double precision) AND (quantity >= '10'::double precision) AND (ext_sales_price <= '1305.87'::double precision) AND (ext_sales_price >= '95'::double precision) AND (ext_tax <= '70.64'::double precision) AND (ext_tax >= '-1'::double precision) AND (net_paid <= '3273.26'::double precision) AND (net_paid >= '418.88'::double precision))
                                             Rows Removed by Filter: 2509110
   ->  Hash  (cost=366.00..366.00 rows=18000 width=52) (actual time=3.605..3.606 rows=18000 loops=1)
         Buckets: 32768  Batches: 1  Memory Usage: 1801kB
         ->  Seq Scan on item  (cost=0.00..366.00 rows=18000 width=52) (actual time=0.007..1.624 rows=18000 loops=1)
 Planning Time: 0.299 ms
 Execution Time: 1799.730 ms
(30 rows)

                                                                                                                                              QUERY PLAN                                                                                                                                              
------------------------------------------------------------------------------------------------------------------------------------------------------------------------------------------------------------------------------------------------------------------------------------------------------
 Hash Join  (cost=129338.01..132243.00 rows=163899 width=244) (actual time=628.380..655.668 rows=36202 loops=1)
   Hash Cond: ((item.item_sk)::double precision = promotion.item_sk)
   ->  Seq Scan on item  (cost=0.00..366.00 rows=18000 width=52) (actual time=0.011..1.455 rows=18000 loops=1)
   ->  Hash  (cost=129304.10..129304.10 rows=2713 width=192) (actual time=622.112..622.115 rows=36202 loops=1)
         Buckets: 32768 (originally 4096)  Batches: 4 (originally 1)  Memory Usage: 3841kB
         ->  Hash Join  (cost=41.66..129304.10 rows=2713 width=192) (actual time=0.180..593.401 rows=36579 loops=1)
               Hash Cond: (store_sales.promo_sk = (promotion.promo_sk)::double precision)
               ->  Hash Join  (cost=30.49..129048.37 rows=2899 width=164) (actual time=0.056..579.786 rows=37464 loops=1)
                     Hash Cond: (store_sales.store_sk = (store.store_sk)::double precision)
                     ->  Seq Scan on store_sales  (cost=0.00..128555.30 rows=86718 width=132) (actual time=0.039..563.817 rows=75624 loops=1)
                           Filter: ((quantity <= '93'::double precision) AND (quantity >= '59'::double precision) AND (ext_tax <= '12.13'::double precision) AND (ext_tax >= '1.81'::double precision) AND (net_profit <= '-259'::double precision) AND (net_profit >= '-5656.65'::double precision))
                           Rows Removed by Filter: 2804780
                     ->  Hash  (cost=30.40..30.40 rows=7 width=32) (actual time=0.006..0.006 rows=6 loops=1)
                           Buckets: 1024  Batches: 1  Memory Usage: 9kB
                           ->  Seq Scan on store  (cost=0.00..30.40 rows=7 width=32) (actual time=0.003..0.004 rows=6 loops=1)
                                 Filter: ((number_employees <= 288) AND (number_employees >= 236))
                                 Rows Removed by Filter: 6
               ->  Hash  (cost=7.50..7.50 rows=294 width=28) (actual time=0.120..0.121 rows=294 loops=1)
                     Buckets: 1024  Batches: 1  Memory Usage: 27kB
                     ->  Seq Scan on promotion  (cost=0.00..7.50 rows=294 width=28) (actual time=0.008..0.069 rows=294 loops=1)
                           Filter: ((cost <= '1000'::double precision) AND (cost >= '1000'::double precision))
                           Rows Removed by Filter: 6
 Planning Time: 0.312 ms
 Execution Time: 656.985 ms
(24 rows)

                                                                      QUERY PLAN                                                                       
-------------------------------------------------------------------------------------------------------------------------------------------------------
 Hash Join  (cost=321561.78..374020.53 rows=1034916 width=240) (actual time=2913.547..3732.020 rows=640420 loops=1)
   Hash Cond: (store_sales.item_sk = item.item_sk)
   ->  Hash Join  (cost=320970.78..359199.44 rows=1034916 width=188) (actual time=2910.056..3529.711 rows=640420 loops=1)
         Hash Cond: ((promotion.promo_sk)::double precision = store_sales.promo_sk)
         ->  Seq Scan on promotion  (cost=0.00..6.00 rows=300 width=28) (actual time=0.005..0.059 rows=300 loops=1)
         ->  Hash  (cost=283074.44..283074.44 rows=1083947 width=160) (actual time=2910.015..2910.017 rows=640420 loops=1)
               Buckets: 32768 (originally 32768)  Batches: 128 (originally 64)  Memory Usage: 3841kB
               ->  Hash Join  (cost=177609.77..283074.44 rows=1083947 width=160) (actual time=1640.215..2495.009 rows=655787 loops=1)
                     Hash Cond: ((customer.customer_sk)::double precision = store_sales.customer_sk)
                     ->  Seq Scan on customer  (cost=0.00..2227.00 rows=23720 width=28) (actual time=0.006..10.564 rows=23833 loops=1)
                           Filter: ((birth_month <= '4'::double precision) AND (birth_month >= '2'::double precision))
                           Rows Removed by Filter: 76167
                     ->  Hash  (cost=85352.12..85352.12 rows=2880212 width=132) (actual time=1539.299..1539.300 rows=2750652 loops=1)
                           Buckets: 32768 (originally 32768)  Batches: 256 (originally 128)  Memory Usage: 3841kB
                           ->  Seq Scan on store_sales  (cost=0.00..85352.12 rows=2880212 width=132) (actual time=0.021..371.151 rows=2880404 loops=1)
   ->  Hash  (cost=366.00..366.00 rows=18000 width=52) (actual time=3.454..3.454 rows=18000 loops=1)
         Buckets: 32768  Batches: 1  Memory Usage: 1801kB
         ->  Seq Scan on item  (cost=0.00..366.00 rows=18000 width=52) (actual time=0.006..1.389 rows=18000 loops=1)
 Planning Time: 0.237 ms
 Execution Time: 3755.769 ms
(20 rows)

                                                                QUERY PLAN                                                                 
-------------------------------------------------------------------------------------------------------------------------------------------
 Hash Join  (cost=630.80..116086.05 rows=52594 width=244) (actual time=3.811..963.784 rows=4951 loops=1)
   Hash Cond: ((item.item_sk)::double precision = promotion.item_sk)
   ->  Hash Join  (cost=621.05..115158.60 rows=52235 width=216) (actual time=3.494..933.287 rows=255195 loops=1)
         Hash Cond: (store_sales.item_sk = item.item_sk)
         ->  Hash Join  (cost=30.49..113718.16 rows=87341 width=164) (actual time=0.107..826.939 rows=426154 loops=1)
               Hash Cond: (store_sales.store_sk = (store.store_sk)::double precision)
               ->  Seq Scan on store_sales  (cost=0.00..99753.18 rows=2612216 width=132) (actual time=0.059..538.851 rows=2612279 loops=1)
                     Filter: ((ext_discount_amt <= '1190.63'::double precision) AND (ext_discount_amt >= '0'::double precision))
                     Rows Removed by Filter: 268125
               ->  Hash  (cost=30.40..30.40 rows=7 width=32) (actual time=0.006..0.006 rows=2 loops=1)
                     Buckets: 1024  Batches: 1  Memory Usage: 9kB
                     ->  Seq Scan on store  (cost=0.00..30.40 rows=7 width=32) (actual time=0.004..0.005 rows=2 loops=1)
                           Filter: ((tax_percentage <= '0.08'::double precision) AND (tax_percentage >= '0.08'::double precision))
                           Rows Removed by Filter: 10
         ->  Hash  (cost=456.00..456.00 rows=10765 width=52) (actual time=3.377..3.377 rows=10765 loops=1)
               Buckets: 16384  Batches: 1  Memory Usage: 1053kB
               ->  Seq Scan on item  (cost=0.00..456.00 rows=10765 width=52) (actual time=0.004..2.272 rows=10765 loops=1)
                     Filter: ((class_id <= '8'::double precision) AND (class_id >= '2'::double precision))
                     Rows Removed by Filter: 7235
   ->  Hash  (cost=6.00..6.00 rows=300 width=28) (actual time=0.113..0.113 rows=293 loops=1)
         Buckets: 1024  Batches: 1  Memory Usage: 27kB
         ->  Seq Scan on promotion  (cost=0.00..6.00 rows=300 width=28) (actual time=0.011..0.052 rows=300 loops=1)
 Planning Time: 0.301 ms
 Execution Time: 964.141 ms
(24 rows)

                                                                                                QUERY PLAN                                                                                                 
-----------------------------------------------------------------------------------------------------------------------------------------------------------------------------------------------------------
 Hash Join  (cost=100111.09..101892.44 rows=88949 width=244) (actual time=1865.555..2307.674 rows=113713 loops=1)
   Hash Cond: ((promotion.promo_sk)::double precision = store_sales.promo_sk)
   ->  Hash Join  (cost=11.16..592.98 rows=2032 width=80) (actual time=0.105..2.557 rows=38 loops=1)
         Hash Cond: ((item.item_sk)::double precision = promotion.item_sk)
         ->  Seq Scan on item  (cost=0.00..546.00 rows=2066 width=52) (actual time=0.008..2.209 rows=2067 loops=1)
               Filter: ((brand_id <= '6001008'::double precision) AND (brand_id >= '1004001'::double precision) AND (manufact_id <= '594'::double precision) AND (manufact_id >= '317'::double precision))
               Rows Removed by Filter: 15933
         ->  Hash  (cost=7.50..7.50 rows=293 width=28) (actual time=0.067..0.084 rows=291 loops=1)
               Buckets: 1024  Batches: 1  Memory Usage: 27kB
               ->  Seq Scan on promotion  (cost=0.00..7.50 rows=293 width=28) (actual time=0.004..0.040 rows=293 loops=1)
                     Filter: ((response_target <= '1'::double precision) AND (response_target >= '1'::double precision))
                     Rows Removed by Filter: 7
   ->  Hash  (cost=99927.96..99927.96 rows=13757 width=164) (actual time=1771.701..1771.703 rows=894787 loops=1)
         Buckets: 32768 (originally 16384)  Batches: 256 (originally 1)  Memory Usage: 3841kB
         ->  Hash Join  (cost=37.21..99927.96 rows=13757 width=164) (actual time=0.044..958.836 rows=916353 loops=1)
               Hash Cond: (store_sales.store_sk = (store.store_sk)::double precision)
               ->  Seq Scan on store_sales  (cost=0.00..85352.12 rows=2880212 width=132) (actual time=0.028..370.971 rows=2880404 loops=1)
               ->  Hash  (cost=37.20..37.20 rows=1 width=32) (actual time=0.005..0.006 rows=4 loops=1)
                     Buckets: 1024  Batches: 1  Memory Usage: 9kB
                     ->  Seq Scan on store  (cost=0.00..37.20 rows=1 width=32) (actual time=0.003..0.005 rows=4 loops=1)
                           Filter: ((market_id <= 10) AND (market_id >= 8) AND (tax_percentage <= '0.03'::double precision) AND (tax_percentage >= '0.01'::double precision))
                           Rows Removed by Filter: 8
 Planning Time: 0.304 ms
 Execution Time: 2311.963 ms
(24 rows)

                                                                                                     QUERY PLAN                                                                                                      
---------------------------------------------------------------------------------------------------------------------------------------------------------------------------------------------------------------------
 Hash Join  (cost=597.38..101412.64 rows=4322 width=244) (actual time=2.529..473.358 rows=3796 loops=1)
   Hash Cond: (store_sales.promo_sk = (promotion.promo_sk)::double precision)
   ->  Hash Join  (cost=30.49..100455.23 rows=4209 width=164) (actual time=0.053..459.774 rows=125908 loops=1)
         Hash Cond: (store_sales.store_sk = (store.store_sk)::double precision)
         ->  Seq Scan on store_sales  (cost=0.00..99753.18 rows=125895 width=132) (actual time=0.036..420.306 rows=128850 loops=1)
               Filter: ((ext_sales_price <= '230'::double precision) AND (ext_sales_price >= '156.92'::double precision))
               Rows Removed by Filter: 2751554
         ->  Hash  (cost=30.40..30.40 rows=7 width=32) (actual time=0.010..0.010 rows=12 loops=1)
               Buckets: 1024  Batches: 1  Memory Usage: 9kB
               ->  Seq Scan on store  (cost=0.00..30.40 rows=7 width=32) (actual time=0.003..0.006 rows=12 loops=1)
                     Filter: ((devision_id <= 1) AND (devision_id >= 1))
   ->  Hash  (cost=562.86..562.86 rows=323 width=80) (actual time=1.988..1.990 rows=9 loops=1)
         Buckets: 1024  Batches: 1  Memory Usage: 10kB
         ->  Hash Join  (cost=11.18..562.86 rows=323 width=80) (actual time=0.458..1.986 rows=9 loops=1)
               Hash Cond: ((item.item_sk)::double precision = promotion.item_sk)
               ->  Seq Scan on item  (cost=0.00..546.00 rows=327 width=52) (actual time=0.007..1.840 rows=363 loops=1)
                     Filter: ((current_price <= '2.52'::double precision) AND (current_price >= '2.26'::double precision) AND (manufact_id <= '552'::double precision) AND (manufact_id >= '118'::double precision))
                     Rows Removed by Filter: 17637
               ->  Hash  (cost=7.50..7.50 rows=294 width=28) (actual time=0.101..0.102 rows=291 loops=1)
                     Buckets: 1024  Batches: 1  Memory Usage: 27kB
                     ->  Seq Scan on promotion  (cost=0.00..7.50 rows=294 width=28) (actual time=0.005..0.060 rows=294 loops=1)
                           Filter: ((cost <= '1000'::double precision) AND (cost >= '1000'::double precision))
                           Rows Removed by Filter: 6
 Planning Time: 0.277 ms
 Execution Time: 473.635 ms
(25 rows)

                                                                                                                QUERY PLAN                                                                                                                 
-------------------------------------------------------------------------------------------------------------------------------------------------------------------------------------------------------------------------------------------
 Hash Join  (cost=115337.95..118093.64 rows=11 width=244) (actual time=2574.279..2596.163 rows=9 loops=1)
   Hash Cond: (store_sales.wholesale_cost = item.wholesale_cost)
   ->  Hash Join  (cost=114787.39..117517.36 rows=297 width=192) (actual time=2572.576..2593.817 rows=7289 loops=1)
         Hash Cond: ((customer.customer_sk)::double precision = store_sales.customer_sk)
         ->  Seq Scan on customer  (cost=0.00..1727.00 rows=100000 width=28) (actual time=0.004..7.300 rows=100000 loops=1)
         ->  Hash  (cost=114785.05..114785.05 rows=187 width=164) (actual time=2572.555..2572.557 rows=7289 loops=1)
               Buckets: 8192 (originally 1024)  Batches: 1 (originally 1)  Memory Usage: 1487kB
               ->  Nested Loop  (cost=0.00..114785.05 rows=187 width=164) (actual time=0.535..2568.711 rows=7325 loops=1)
                     Join Filter: (store_sales.store_sk = (store.store_sk)::double precision)
                     Rows Removed by Join Filter: 81373
                     ->  Seq Scan on store  (cost=0.00..44.00 rows=1 width=32) (actual time=0.002..0.011 rows=6 loops=1)
                           Filter: ((floor_space <= 9294113) AND (floor_space >= 5250760) AND (devision_id <= 1) AND (devision_id >= 1) AND (tax_percentage <= '0.03'::double precision) AND (tax_percentage >= '0.01'::double precision))
                           Rows Removed by Filter: 6
                     ->  Seq Scan on store_sales  (cost=0.00..114154.24 rows=39121 width=132) (actual time=0.066..426.554 rows=14783 loops=6)
                           Filter: ((list_price <= '23.73'::double precision) AND (list_price >= '-1'::double precision) AND (ext_sales_price <= '1625.4'::double precision) AND (ext_sales_price >= '1130.72'::double precision))
                           Rows Removed by Filter: 2865621
   ->  Hash  (cost=546.00..546.00 rows=365 width=52) (actual time=1.696..1.696 rows=347 loops=1)
         Buckets: 1024  Batches: 1  Memory Usage: 38kB
         ->  Seq Scan on item  (cost=0.00..546.00 rows=365 width=52) (actual time=0.013..1.657 rows=347 loops=1)
               Filter: ((current_price <= '1.68'::double precision) AND (current_price >= '0.84'::double precision) AND (category_id <= '10'::double precision) AND (category_id >= '9'::double precision))
               Rows Removed by Filter: 17653
 Planning Time: 0.312 ms
 Execution Time: 2596.216 ms
(23 rows)

                                                                      QUERY PLAN                                                                       
-------------------------------------------------------------------------------------------------------------------------------------------------------
 Hash Join  (cost=593431.10..901430.28 rows=6321220 width=240) (actual time=4621.915..6962.235 rows=65852 loops=1)
   Hash Cond: ((store_sales.item_sk)::double precision = promotion.item_sk)
   ->  Hash Join  (cost=593421.35..791122.79 rows=6278072 width=212) (actual time=4621.801..6651.554 rows=3067978 loops=1)
         Hash Cond: (item.wholesale_cost = store_sales.wholesale_cost)
         ->  Seq Scan on item  (cost=0.00..456.00 rows=14353 width=52) (actual time=0.005..5.430 rows=14353 loops=1)
               Filter: ((category_id <= '9'::double precision) AND (category_id >= '2'::double precision))
               Rows Removed by Filter: 3647
         ->  Hash  (cost=433657.36..433657.36 rows=4569759 width=160) (actual time=4621.766..4621.772 rows=2685226 loops=1)
               Buckets: 32768  Batches: 256  Memory Usage: 2932kB
               ->  Hash Join  (cost=177609.77..433657.36 rows=4569759 width=160) (actual time=1362.728..2859.541 rows=2750652 loops=1)
                     Hash Cond: ((customer.customer_sk)::double precision = store_sales.customer_sk)
                     ->  Seq Scan on customer  (cost=0.00..1727.00 rows=100000 width=28) (actual time=0.004..8.982 rows=100000 loops=1)
                     ->  Hash  (cost=85352.12..85352.12 rows=2880212 width=132) (actual time=1362.698..1362.700 rows=2750652 loops=1)
                           Buckets: 32768 (originally 32768)  Batches: 256 (originally 128)  Memory Usage: 3841kB
                           ->  Seq Scan on store_sales  (cost=0.00..85352.12 rows=2880212 width=132) (actual time=0.031..351.266 rows=2880404 loops=1)
   ->  Hash  (cost=6.00..6.00 rows=300 width=28) (actual time=0.088..0.089 rows=293 loops=1)
         Buckets: 1024  Batches: 1  Memory Usage: 27kB
         ->  Seq Scan on promotion  (cost=0.00..6.00 rows=300 width=28) (actual time=0.007..0.037 rows=300 loops=1)
 Planning Time: 0.250 ms
 Execution Time: 6964.967 ms
(20 rows)

                                                                                                                                                                                                                                                                  QUERY PLAN                                                                                                                                                                                                                                                                  
----------------------------------------------------------------------------------------------------------------------------------------------------------------------------------------------------------------------------------------------------------------------------------------------------------------------------------------------------------------------------------------------------------------------------------------------------------------------------------------------------------------------------------------------
 Merge Join  (cost=171330.23..172204.67 rows=7112 width=240) (actual time=657.599..676.805 rows=106 loops=1)
   Merge Cond: (((customer.customer_sk)::double precision) = store_sales.customer_sk)
   ->  Sort  (cost=12425.82..12675.82 rows=100000 width=28) (actual time=41.705..52.486 rows=99987 loops=1)
         Sort Key: ((customer.customer_sk)::double precision)
         Sort Method: external merge  Disk: 4824kB
         ->  Seq Scan on customer  (cost=0.00..1727.00 rows=100000 width=28) (actual time=0.012..12.689 rows=100000 loops=1)
   ->  Sort  (cost=158904.41..158915.61 rows=4482 width=212) (actual time=615.321..615.331 rows=107 loops=1)
         Sort Key: store_sales.customer_sk
         Sort Method: quicksort  Memory: 53kB
         ->  Hash Join  (cost=660.38..158632.57 rows=4482 width=212) (actual time=5.331..615.216 rows=107 loops=1)
               Hash Cond: ((store_sales.item_sk)::double precision = promotion.item_sk)
               ->  Hash Join  (cost=649.21..158542.41 rows=4558 width=184) (actual time=4.462..614.395 rows=4661 loops=1)
                     Hash Cond: (store_sales.wholesale_cost = item.wholesale_cost)
                     ->  Seq Scan on store_sales  (cost=0.00..157357.42 rows=5767 width=132) (actual time=0.030..603.274 rows=46771 loops=1)
                           Filter: ((quantity <= '92'::double precision) AND (quantity >= '39'::double precision) AND (sales_price <= '69.78'::double precision) AND (sales_price >= '15.82'::double precision) AND (ext_sales_price <= '6313.92'::double precision) AND (ext_sales_price >= '3314.07'::double precision) AND (ext_list_price <= '5910.96'::double precision) AND (ext_list_price >= '3980.54'::double precision) AND (net_paid_inc_tax <= '5352.69'::double precision) AND (net_paid_inc_tax >= '595.76'::double precision))
                           Rows Removed by Filter: 2833633
                     ->  Hash  (cost=546.00..546.00 rows=8257 width=52) (actual time=3.492..3.492 rows=8241 loops=1)
                           Buckets: 16384  Batches: 1  Memory Usage: 837kB
                           ->  Seq Scan on item  (cost=0.00..546.00 rows=8257 width=52) (actual time=0.006..2.658 rows=8246 loops=1)
                                 Filter: ((brand_id <= '9014008'::double precision) AND (brand_id >= '3001002'::double precision) AND (manufact_id <= '881'::double precision) AND (manufact_id >= '157'::double precision))
                                 Rows Removed by Filter: 9754
               ->  Hash  (cost=7.50..7.50 rows=293 width=28) (actual time=0.077..0.077 rows=291 loops=1)
                     Buckets: 1024  Batches: 1  Memory Usage: 27kB
                     ->  Seq Scan on promotion  (cost=0.00..7.50 rows=293 width=28) (actual time=0.008..0.048 rows=293 loops=1)
                           Filter: ((response_target <= '1'::double precision) AND (response_target >= '1'::double precision))
                           Rows Removed by Filter: 7
 Planning Time: 0.374 ms
 Execution Time: 677.874 ms
(28 rows)

                                                                                                           QUERY PLAN                                                                                                            
---------------------------------------------------------------------------------------------------------------------------------------------------------------------------------------------------------------------------------
 Hash Join  (cost=110884.56..113765.33 rows=15377 width=244) (actual time=1497.030..1789.422 rows=324129 loops=1)
   Hash Cond: ((customer.customer_sk)::double precision = store_sales.customer_sk)
   ->  Seq Scan on customer  (cost=0.00..1727.00 rows=100000 width=28) (actual time=0.007..8.086 rows=100000 loops=1)
   ->  Hash  (cost=110763.41..110763.41 rows=9692 width=216) (actual time=1459.098..1459.117 rows=324129 loops=1)
         Buckets: 16384 (originally 16384)  Batches: 32 (originally 1)  Memory Usage: 3969kB
         ->  Hash Join  (cost=635.01..110763.41 rows=9692 width=216) (actual time=3.731..1096.909 rows=328195 loops=1)
               Hash Cond: (store_sales.item_sk = item.item_sk)
               ->  Hash Join  (cost=44.01..110039.14 rows=9692 width=164) (actual time=0.059..962.937 rows=328195 loops=1)
                     Hash Cond: (store_sales.store_sk = (store.store_sk)::double precision)
                     ->  Seq Scan on store_sales  (cost=0.00..99753.18 rows=2029006 width=132) (actual time=0.023..702.235 rows=2022040 loops=1)
                           Filter: ((net_paid <= '2227.84'::double precision) AND (net_paid >= '-1'::double precision))
                           Rows Removed by Filter: 858364
                     ->  Hash  (cost=44.00..44.00 rows=1 width=32) (actual time=0.021..0.022 rows=2 loops=1)
                           Buckets: 1024  Batches: 1  Memory Usage: 9kB
                           ->  Seq Scan on store  (cost=0.00..44.00 rows=1 width=32) (actual time=0.003..0.005 rows=2 loops=1)
                                 Filter: ((market_id <= 8) AND (market_id >= 8) AND (devision_id <= 1) AND (devision_id >= 1) AND (tax_percentage <= '0.03'::double precision) AND (tax_percentage >= '0.03'::double precision))
                                 Rows Removed by Filter: 10
               ->  Hash  (cost=366.00..366.00 rows=18000 width=52) (actual time=3.642..3.642 rows=18000 loops=1)
                     Buckets: 32768  Batches: 1  Memory Usage: 1801kB
                     ->  Seq Scan on item  (cost=0.00..366.00 rows=18000 width=52) (actual time=0.003..1.583 rows=18000 loops=1)
 Planning Time: 0.315 ms
 Execution Time: 1801.089 ms
(22 rows)

                                                                                                     QUERY PLAN                                                                                                     
--------------------------------------------------------------------------------------------------------------------------------------------------------------------------------------------------------------------
 Hash Join  (cost=592.81..107807.37 rows=1368 width=244) (actual time=2.179..813.674 rows=1147 loops=1)
   Hash Cond: ((item.item_sk)::double precision = promotion.item_sk)
   ->  Hash Join  (cost=581.65..107772.09 rows=1391 width=216) (actual time=2.016..806.346 rows=50939 loops=1)
         Hash Cond: (store_sales.store_sk = (store.store_sk)::double precision)
         ->  Hash Join  (cost=551.16..107519.68 rows=41602 width=184) (actual time=1.997..784.697 rows=78393 loops=1)
               Hash Cond: (store_sales.item_sk = item.item_sk)
               ->  Seq Scan on store_sales  (cost=0.00..99753.18 rows=1813152 width=132) (actual time=0.025..612.282 rows=1832663 loops=1)
                     Filter: ((net_profit <= '1300.52'::double precision) AND (net_profit >= '-1272.21'::double precision))
                     Rows Removed by Filter: 1047741
               ->  Hash  (cost=546.00..546.00 rows=413 width=52) (actual time=1.966..1.966 rows=738 loops=1)
                     Buckets: 1024  Batches: 1  Memory Usage: 72kB
                     ->  Seq Scan on item  (cost=0.00..546.00 rows=413 width=52) (actual time=0.005..1.892 rows=738 loops=1)
                           Filter: ((brand_id <= '6013007'::double precision) AND (brand_id >= '6006005'::double precision) AND (category_id <= '10'::double precision) AND (category_id >= '6'::double precision))
                           Rows Removed by Filter: 17262
         ->  Hash  (cost=30.40..30.40 rows=7 width=32) (actual time=0.006..0.006 rows=7 loops=1)
               Buckets: 1024  Batches: 1  Memory Usage: 9kB
               ->  Seq Scan on store  (cost=0.00..30.40 rows=7 width=32) (actual time=0.003..0.004 rows=7 loops=1)
                     Filter: ((floor_space <= 8954883) AND (floor_space >= 5219562))
                     Rows Removed by Filter: 5
   ->  Hash  (cost=7.50..7.50 rows=293 width=28) (actual time=0.080..0.081 rows=291 loops=1)
         Buckets: 1024  Batches: 1  Memory Usage: 27kB
         ->  Seq Scan on promotion  (cost=0.00..7.50 rows=293 width=28) (actual time=0.011..0.051 rows=293 loops=1)
               Filter: ((response_target <= '1'::double precision) AND (response_target >= '1'::double precision))
               Rows Removed by Filter: 7
 Planning Time: 0.274 ms
 Execution Time: 813.813 ms
(26 rows)

                                                                                                                                                                                                                                                        QUERY PLAN                                                                                                                                                                                                                                                        
--------------------------------------------------------------------------------------------------------------------------------------------------------------------------------------------------------------------------------------------------------------------------------------------------------------------------------------------------------------------------------------------------------------------------------------------------------------------------------------------------------------------------
 Hash Join  (cost=170555.87..174564.37 rows=44377 width=244) (actual time=593.211..612.873 rows=24 loops=1)
   Hash Cond: (store_sales.store_sk = (store.store_sk)::double precision)
   ->  Hash Join  (cost=170515.27..171740.00 rows=6832 width=212) (actual time=593.192..612.843 rows=24 loops=1)
         Hash Cond: (store_sales.wholesale_cost = item.wholesale_cost)
         ->  Merge Join  (cost=169924.27..170743.66 rows=3965 width=160) (actual time=589.400..608.981 rows=267 loops=1)
               Merge Cond: (((customer.customer_sk)::double precision) = store_sales.customer_sk)
               ->  Sort  (cost=12425.82..12675.82 rows=100000 width=28) (actual time=41.976..52.805 rows=99863 loops=1)
                     Sort Key: ((customer.customer_sk)::double precision)
                     Sort Method: external merge  Disk: 4824kB
                     ->  Seq Scan on customer  (cost=0.00..1727.00 rows=100000 width=28) (actual time=0.007..12.641 rows=100000 loops=1)
               ->  Sort  (cost=157498.45..157504.70 rows=2499 width=132) (actual time=547.274..547.305 rows=267 loops=1)
                     Sort Key: store_sales.customer_sk
                     Sort Method: quicksort  Memory: 95kB
                     ->  Seq Scan on store_sales  (cost=0.00..157357.42 rows=2499 width=132) (actual time=0.997..547.150 rows=267 loops=1)
                           Filter: ((list_price <= '155.11'::double precision) AND (list_price >= '114.47'::double precision) AND (ext_list_price <= '4635.84'::double precision) AND (ext_list_price >= '2799.48'::double precision) AND (ext_coupon_amt <= '0'::double precision) AND (ext_coupon_amt >= '0'::double precision) AND (net_paid <= '1801.27'::double precision) AND (net_paid >= '118.66'::double precision) AND (net_profit <= '172.2'::double precision) AND (net_profit >= '-7.11'::double precision))
                           Rows Removed by Filter: 2880137
         ->  Hash  (cost=366.00..366.00 rows=18000 width=52) (actual time=3.759..3.760 rows=17954 loops=1)
               Buckets: 32768  Batches: 1  Memory Usage: 1799kB
               ->  Seq Scan on item  (cost=0.00..366.00 rows=18000 width=52) (actual time=0.004..1.615 rows=18000 loops=1)
   ->  Hash  (cost=23.60..23.60 rows=1360 width=32) (actual time=0.010..0.011 rows=12 loops=1)
         Buckets: 2048  Batches: 1  Memory Usage: 17kB
         ->  Seq Scan on store  (cost=0.00..23.60 rows=1360 width=32) (actual time=0.005..0.007 rows=12 loops=1)
 Planning Time: 0.289 ms
 Execution Time: 614.012 ms
(24 rows)

                                                                                    QUERY PLAN                                                                                     
-----------------------------------------------------------------------------------------------------------------------------------------------------------------------------------
 Hash Join  (cost=637.96..103223.95 rows=4132 width=244) (actual time=4.100..507.208 rows=414 loops=1)
   Hash Cond: ((item.item_sk)::double precision = promotion.item_sk)
   ->  Hash Join  (cost=628.21..103142.10 rows=4104 width=216) (actual time=3.909..503.733 rows=26450 loops=1)
         Hash Cond: (store_sales.wholesale_cost = item.wholesale_cost)
         ->  Hash Join  (cost=37.21..102307.59 rows=2382 width=164) (actual time=0.123..484.054 rows=81041 loops=1)
               Hash Cond: (store_sales.store_sk = (store.store_sk)::double precision)
               ->  Seq Scan on store_sales  (cost=0.00..99753.18 rows=498676 width=132) (actual time=0.026..425.322 rows=498242 loops=1)
                     Filter: ((list_price <= '60.32'::double precision) AND (list_price >= '34.43'::double precision))
                     Rows Removed by Filter: 2382162
               ->  Hash  (cost=37.20..37.20 rows=1 width=32) (actual time=0.020..0.021 rows=2 loops=1)
                     Buckets: 1024  Batches: 1  Memory Usage: 9kB
                     ->  Seq Scan on store  (cost=0.00..37.20 rows=1 width=32) (actual time=0.004..0.019 rows=2 loops=1)
                           Filter: ((company_id <= 877) AND (company_id >= 811) AND (tax_percentage <= '0.08'::double precision) AND (tax_percentage >= '0.01'::double precision))
                           Rows Removed by Filter: 10
         ->  Hash  (cost=366.00..366.00 rows=18000 width=52) (actual time=3.753..3.753 rows=17954 loops=1)
               Buckets: 32768  Batches: 1  Memory Usage: 1799kB
               ->  Seq Scan on item  (cost=0.00..366.00 rows=18000 width=52) (actual time=0.004..1.637 rows=18000 loops=1)
   ->  Hash  (cost=6.00..6.00 rows=300 width=28) (actual time=0.074..0.074 rows=293 loops=1)
         Buckets: 1024  Batches: 1  Memory Usage: 27kB
         ->  Seq Scan on promotion  (cost=0.00..6.00 rows=300 width=28) (actual time=0.007..0.034 rows=300 loops=1)
 Planning Time: 0.308 ms
 Execution Time: 507.293 ms
(22 rows)

                                                                                                                                                                                                         QUERY PLAN                                                                                                                                                                                                          
-----------------------------------------------------------------------------------------------------------------------------------------------------------------------------------------------------------------------------------------------------------------------------------------------------------------------------------------------------------------------------------------------------------------------------
 Hash Join  (cost=144395.54..145111.00 rows=21446 width=244) (actual time=605.243..612.268 rows=12814 loops=1)
   Hash Cond: ((item.item_sk)::double precision = promotion.item_sk)
   ->  Seq Scan on item  (cost=0.00..366.00 rows=18000 width=52) (actual time=0.006..1.361 rows=18000 loops=1)
   ->  Hash  (cost=144391.11..144391.11 rows=355 width=192) (actual time=605.222..605.224 rows=12814 loops=1)
         Buckets: 16384 (originally 1024)  Batches: 1 (originally 1)  Memory Usage: 3031kB
         ->  Hash Join  (cost=9.75..144391.11 rows=355 width=192) (actual time=0.122..599.227 rows=13120 loops=1)
               Hash Cond: (store_sales.promo_sk = (promotion.promo_sk)::double precision)
               ->  Nested Loop  (cost=0.00..144348.98 rows=372 width=164) (actual time=0.051..593.646 rows=13132 loops=1)
                     Join Filter: (store_sales.store_sk = (store.store_sk)::double precision)
                     Rows Removed by Join Filter: 144588
                     ->  Seq Scan on store_sales  (cost=0.00..142956.36 rows=11120 width=132) (actual time=0.043..569.923 rows=15772 loops=1)
                           Filter: ((quantity <= '88'::double precision) AND (quantity >= '26'::double precision) AND (ext_list_price <= '1905.6'::double precision) AND (ext_list_price >= '1815.42'::double precision) AND (net_paid_inc_tax <= '3984.47'::double precision) AND (net_paid_inc_tax >= '-1'::double precision) AND (net_profit <= '-1'::double precision) AND (net_profit >= '-3235.48'::double precision))
                           Rows Removed by Filter: 2864632
                     ->  Materialize  (cost=0.00..30.43 rows=7 width=32) (actual time=0.000..0.000 rows=10 loops=15772)
                           ->  Seq Scan on store  (cost=0.00..30.40 rows=7 width=32) (actual time=0.002..0.004 rows=10 loops=1)
                                 Filter: ((market_id <= 8) AND (market_id >= 2))
                                 Rows Removed by Filter: 2
               ->  Hash  (cost=6.00..6.00 rows=300 width=28) (actual time=0.066..0.067 rows=300 loops=1)
                     Buckets: 1024  Batches: 1  Memory Usage: 27kB
                     ->  Seq Scan on promotion  (cost=0.00..6.00 rows=300 width=28) (actual time=0.004..0.028 rows=300 loops=1)
 Planning Time: 0.264 ms
 Execution Time: 612.747 ms
(22 rows)

                                                                         QUERY PLAN                                                                          
-------------------------------------------------------------------------------------------------------------------------------------------------------------
 Hash Join  (cost=548331.80..774718.76 rows=3628697 width=240) (actual time=10185.086..12126.577 rows=2202704 loops=1)
   Hash Cond: ((customer.customer_sk)::double precision = store_sales.customer_sk)
   ->  Seq Scan on customer  (cost=0.00..1727.00 rows=100000 width=28) (actual time=0.006..15.409 rows=100000 loops=1)
   ->  Hash  (cost=452738.28..452738.28 rows=2287082 width=212) (actual time=10185.063..10185.082 rows=2202704 loops=1)
         Buckets: 16384  Batches: 256  Memory Usage: 2691kB
         ->  Hash Join  (cost=361255.21..452738.28 rows=2287082 width=212) (actual time=5391.224..8472.321 rows=2231034 loops=1)
               Hash Cond: ((promotion.promo_sk)::double precision = store_sales.promo_sk)
               ->  Seq Scan on promotion  (cost=0.00..6.00 rows=300 width=28) (actual time=0.004..0.097 rows=300 loops=1)
               ->  Hash  (cost=270490.26..270490.26 rows=2395436 width=184) (actual time=5391.200..5391.219 rows=2231034 loops=1)
                     Buckets: 32768 (originally 32768)  Batches: 2048 (originally 256)  Memory Usage: 6556kB
                     ->  Hash Join  (cost=177609.77..270490.26 rows=2395436 width=184) (actual time=1406.076..3728.824 rows=2284057 loops=1)
                           Hash Cond: (item.wholesale_cost = store_sales.wholesale_cost)
                           ->  Seq Scan on item  (cost=0.00..456.00 rows=8689 width=52) (actual time=0.005..2.988 rows=8674 loops=1)
                                 Filter: ((current_price <= '58.19'::double precision) AND (current_price >= '3.98'::double precision))
                                 Rows Removed by Filter: 9326
                           ->  Hash  (cost=85352.12..85352.12 rows=2880212 width=132) (actual time=1406.043..1406.043 rows=2750381 loops=1)
                                 Buckets: 32768 (originally 32768)  Batches: 256 (originally 128)  Memory Usage: 3841kB
                                 ->  Seq Scan on store_sales  (cost=0.00..85352.12 rows=2880212 width=132) (actual time=0.027..355.441 rows=2880404 loops=1)
 Planning Time: 0.294 ms
 Execution Time: 12215.876 ms
(20 rows)

                                                                                                                                                                                                                                                                  QUERY PLAN                                                                                                                                                                                                                                                                   
-----------------------------------------------------------------------------------------------------------------------------------------------------------------------------------------------------------------------------------------------------------------------------------------------------------------------------------------------------------------------------------------------------------------------------------------------------------------------------------------------------------------------------------------------
 Hash Join  (cost=158184.92..161670.11 rows=818 width=240) (actual time=688.365..707.050 rows=1430 loops=1)
   Hash Cond: ((customer.customer_sk)::double precision = store_sales.customer_sk)
   ->  Seq Scan on customer  (cost=0.00..1727.00 rows=100000 width=28) (actual time=0.011..7.810 rows=100000 loops=1)
   ->  Hash  (cost=158178.47..158178.47 rows=516 width=212) (actual time=688.340..688.342 rows=1430 loops=1)
         Buckets: 2048 (originally 1024)  Batches: 1 (originally 1)  Memory Usage: 373kB
         ->  Hash Join  (cost=557.91..158178.47 rows=516 width=212) (actual time=3.031..687.436 rows=1434 loops=1)
               Hash Cond: (store_sales.promo_sk = (promotion.promo_sk)::double precision)
               ->  Hash Join  (cost=548.16..158121.71 rows=540 width=184) (actual time=2.960..686.592 rows=1438 loops=1)
                     Hash Cond: (store_sales.item_sk = item.item_sk)
                     ->  Seq Scan on store_sales  (cost=0.00..157357.42 rows=56193 width=132) (actual time=0.032..671.941 rows=149202 loops=1)
                           Filter: ((quantity <= '96'::double precision) AND (quantity >= '-1'::double precision) AND (ext_discount_amt <= '0'::double precision) AND (ext_discount_amt >= '0'::double precision) AND (ext_wholesale_cost <= '1412.84'::double precision) AND (ext_wholesale_cost >= '684.08'::double precision) AND (ext_coupon_amt <= '2614.42'::double precision) AND (ext_coupon_amt >= '0'::double precision) AND (net_paid_inc_tax <= '1566.51'::double precision) AND (net_paid_inc_tax >= '702.58'::double precision))
                           Rows Removed by Filter: 2731202
                     ->  Hash  (cost=546.00..546.00 rows=173 width=52) (actual time=1.895..1.895 rows=168 loops=1)
                           Buckets: 1024  Batches: 1  Memory Usage: 23kB
                           ->  Seq Scan on item  (cost=0.00..546.00 rows=173 width=52) (actual time=0.018..1.861 rows=168 loops=1)
                                 Filter: ((current_price <= '9.75'::double precision) AND (current_price >= '9.5'::double precision) AND (category_id <= '10'::double precision) AND (category_id >= '5'::double precision))
                                 Rows Removed by Filter: 17832
               ->  Hash  (cost=6.00..6.00 rows=300 width=28) (actual time=0.066..0.067 rows=300 loops=1)
                     Buckets: 1024  Batches: 1  Memory Usage: 27kB
                     ->  Seq Scan on promotion  (cost=0.00..6.00 rows=300 width=28) (actual time=0.005..0.029 rows=300 loops=1)
 Planning Time: 0.309 ms
 Execution Time: 707.145 ms
(22 rows)

                                                                                         QUERY PLAN                                                                                          
---------------------------------------------------------------------------------------------------------------------------------------------------------------------------------------------
 Hash Join  (cost=547.99..102864.55 rows=484 width=244) (actual time=3.149..635.195 rows=687 loops=1)
   Hash Cond: ((item.item_sk)::double precision = promotion.item_sk)
   ->  Hash Join  (cost=538.24..102846.36 rows=481 width=216) (actual time=2.535..630.863 rows=32412 loops=1)
         Hash Cond: (store_sales.item_sk = item.item_sk)
         ->  Hash Join  (cost=37.21..102331.50 rows=2405 width=164) (actual time=0.043..600.908 rows=161553 loops=1)
               Hash Cond: (store_sales.store_sk = (store.store_sk)::double precision)
               ->  Seq Scan on store_sales  (cost=0.00..99753.18 rows=503412 width=132) (actual time=0.026..528.637 rows=494231 loops=1)
                     Filter: ((net_profit <= '-1798.08'::double precision) AND (net_profit >= '-5166.9'::double precision))
                     Rows Removed by Filter: 2386173
               ->  Hash  (cost=37.20..37.20 rows=1 width=32) (actual time=0.005..0.006 rows=3 loops=1)
                     Buckets: 1024  Batches: 1  Memory Usage: 9kB
                     ->  Seq Scan on store  (cost=0.00..37.20 rows=1 width=32) (actual time=0.003..0.004 rows=3 loops=1)
                           Filter: ((floor_space <= 8954883) AND (floor_space >= 5285950) AND (tax_percentage <= '0.03'::double precision) AND (tax_percentage >= '0.01'::double precision))
                           Rows Removed by Filter: 9
         ->  Hash  (cost=456.00..456.00 rows=3602 width=52) (actual time=2.413..2.414 rows=3602 loops=1)
               Buckets: 4096  Batches: 1  Memory Usage: 342kB
               ->  Seq Scan on item  (cost=0.00..456.00 rows=3602 width=52) (actual time=0.003..2.064 rows=3602 loops=1)
                     Filter: ((category_id <= '6'::double precision) AND (category_id >= '5'::double precision))
                     Rows Removed by Filter: 14398
   ->  Hash  (cost=6.00..6.00 rows=300 width=28) (actual time=0.065..0.065 rows=293 loops=1)
         Buckets: 1024  Batches: 1  Memory Usage: 27kB
         ->  Seq Scan on promotion  (cost=0.00..6.00 rows=300 width=28) (actual time=0.008..0.031 rows=300 loops=1)
 Planning Time: 0.268 ms
 Execution Time: 635.290 ms
(24 rows)

                                                                                                                                                                                                             QUERY PLAN                                                                                                                                                                                                              
-------------------------------------------------------------------------------------------------------------------------------------------------------------------------------------------------------------------------------------------------------------------------------------------------------------------------------------------------------------------------------------------------------------------------------------
 Hash Join  (cost=146170.21..149152.84 rows=563 width=240) (actual time=772.494..797.744 rows=39 loops=1)
   Hash Cond: ((customer.customer_sk)::double precision = store_sales.customer_sk)
   ->  Seq Scan on customer  (cost=0.00..1727.00 rows=100000 width=28) (actual time=0.007..11.345 rows=100000 loops=1)
   ->  Hash  (cost=146165.77..146165.77 rows=355 width=212) (actual time=772.278..772.281 rows=39 loops=1)
         Buckets: 1024  Batches: 1  Memory Usage: 18kB
         ->  Hash Join  (cost=144522.07..146165.77 rows=355 width=212) (actual time=766.172..772.249 rows=39 loops=1)
               Hash Cond: (store_sales.promo_sk = (promotion.promo_sk)::double precision)
               ->  Hash Join  (cost=144512.32..146123.64 rows=372 width=184) (actual time=766.095..772.141 rows=39 loops=1)
                     Hash Cond: (item.wholesale_cost = store_sales.wholesale_cost)
                     ->  Seq Scan on item  (cost=0.00..546.00 rows=80 width=52) (actual time=0.007..3.501 rows=66 loops=1)
                           Filter: ((current_price <= '0.98'::double precision) AND (current_price >= '0.15'::double precision) AND (manufact_id <= '505'::double precision) AND (manufact_id >= '454'::double precision))
                           Rows Removed by Filter: 17934
                     ->  Hash  (cost=142956.36..142956.36 rows=48557 width=132) (actual time=650.961..650.962 rows=108322 loops=1)
                           Buckets: 32768 (originally 32768)  Batches: 8 (originally 4)  Memory Usage: 3841kB
                           ->  Seq Scan on store_sales  (cost=0.00..142956.36 rows=48557 width=132) (actual time=0.049..605.481 rows=108658 loops=1)
                                 Filter: ((list_price <= '96.45'::double precision) AND (list_price >= '14.6'::double precision) AND (ext_sales_price <= '2032.8'::double precision) AND (ext_sales_price >= '133.2'::double precision) AND (ext_coupon_amt <= '1333.46'::double precision) AND (ext_coupon_amt >= '0'::double precision) AND (net_paid <= '265.43'::double precision) AND (net_paid >= '162.09'::double precision))
                                 Rows Removed by Filter: 2771746
               ->  Hash  (cost=6.00..6.00 rows=300 width=28) (actual time=0.069..0.070 rows=300 loops=1)
                     Buckets: 1024  Batches: 1  Memory Usage: 27kB
                     ->  Seq Scan on promotion  (cost=0.00..6.00 rows=300 width=28) (actual time=0.003..0.029 rows=300 loops=1)
 Planning Time: 0.305 ms
 Execution Time: 797.814 ms
(22 rows)

                                                                                                              QUERY PLAN                                                                                                              
--------------------------------------------------------------------------------------------------------------------------------------------------------------------------------------------------------------------------------------
 Hash Join  (cost=100656.41..102927.94 rows=216 width=244) (actual time=2205.672..2793.041 rows=11586 loops=1)
   Hash Cond: (store_sales.wholesale_cost = item.wholesale_cost)
   ->  Hash Join  (cost=100106.72..102350.50 rows=301 width=192) (actual time=2201.435..2781.333 rows=19316 loops=1)
         Hash Cond: ((customer.customer_sk)::double precision = store_sales.customer_sk)
         ->  Seq Scan on customer  (cost=0.00..2227.00 rows=1377 width=28) (actual time=0.006..9.648 rows=1438 loops=1)
               Filter: ((birth_year <= '1985'::double precision) AND (birth_year >= '1985'::double precision))
               Rows Removed by Filter: 98562
         ->  Hash  (cost=99934.76..99934.76 rows=13757 width=164) (actual time=2018.715..2018.717 rows=1340927 loops=1)
               Buckets: 32768 (originally 16384)  Batches: 128 (originally 1)  Memory Usage: 3841kB
               ->  Hash Join  (cost=44.01..99934.76 rows=13757 width=164) (actual time=0.061..1039.004 rows=1373327 loops=1)
                     Hash Cond: (store_sales.store_sk = (store.store_sk)::double precision)
                     ->  Seq Scan on store_sales  (cost=0.00..85352.12 rows=2880212 width=132) (actual time=0.038..362.796 rows=2880404 loops=1)
                     ->  Hash  (cost=44.00..44.00 rows=1 width=32) (actual time=0.010..0.010 rows=6 loops=1)
                           Buckets: 1024  Batches: 1  Memory Usage: 9kB
                           ->  Seq Scan on store  (cost=0.00..44.00 rows=1 width=32) (actual time=0.004..0.007 rows=6 loops=1)
                                 Filter: ((devision_id <= 1) AND (devision_id >= 1) AND (company_id <= 877) AND (company_id >= 27) AND (tax_percentage <= '0.03'::double precision) AND (tax_percentage >= '0.03'::double precision))
                                 Rows Removed by Filter: 6
   ->  Hash  (cost=456.00..456.00 rows=7495 width=52) (actual time=4.219..4.219 rows=7496 loops=1)
         Buckets: 8192  Batches: 1  Memory Usage: 708kB
         ->  Seq Scan on item  (cost=0.00..456.00 rows=7495 width=52) (actual time=0.011..3.151 rows=7509 loops=1)
               Filter: ((manufact_id <= '422'::double precision) AND (manufact_id >= '148'::double precision))
               Rows Removed by Filter: 10491
 Planning Time: 0.341 ms
 Execution Time: 2793.546 ms
(24 rows)

                                                                                                                                                             QUERY PLAN                                                                                                                                                              
-------------------------------------------------------------------------------------------------------------------------------------------------------------------------------------------------------------------------------------------------------------------------------------------------------------------------------------
 Hash Join  (cost=151017.02..158454.05 rows=21003 width=240) (actual time=1093.251..1113.142 rows=4907 loops=1)
   Hash Cond: ((customer.customer_sk)::double precision = store_sales.customer_sk)
   ->  Seq Scan on customer  (cost=0.00..1727.00 rows=100000 width=28) (actual time=0.024..7.475 rows=100000 loops=1)
   ->  Hash  (cost=150851.55..150851.55 rows=13238 width=212) (actual time=1093.182..1093.185 rows=4907 loops=1)
         Buckets: 16384  Batches: 1  Memory Usage: 1352kB
         ->  Hash Join  (cost=140905.75..150851.55 rows=13238 width=212) (actual time=1006.514..1091.085 rows=4916 loops=1)
               Hash Cond: (store_sales.promo_sk = (promotion.promo_sk)::double precision)
               ->  Hash Join  (cost=140896.00..149634.88 rows=13865 width=184) (actual time=1006.444..1089.564 rows=4930 loops=1)
                     Hash Cond: (item.wholesale_cost = store_sales.wholesale_cost)
                     ->  Seq Scan on item  (cost=0.00..546.00 rows=376 width=52) (actual time=0.008..2.233 rows=375 loops=1)
                           Filter: ((brand_id <= '7014004'::double precision) AND (brand_id >= '3001001'::double precision) AND (manufact_id <= '311'::double precision) AND (manufact_id >= '288'::double precision))
                           Rows Removed by Filter: 17625
                     ->  Hash  (cost=128555.30..128555.30 rows=385256 width=132) (actual time=947.264..947.264 rows=528449 loops=1)
                           Buckets: 32768  Batches: 32  Memory Usage: 3092kB
                           ->  Seq Scan on store_sales  (cost=0.00..128555.30 rows=385256 width=132) (actual time=0.029..647.471 rows=531707 loops=1)
                                 Filter: ((list_price <= '59.7'::double precision) AND (list_price >= '24.09'::double precision) AND (ext_discount_amt <= '0'::double precision) AND (ext_discount_amt >= '0'::double precision) AND (ext_list_price <= '6183.24'::double precision) AND (ext_list_price >= '-1'::double precision))
                                 Rows Removed by Filter: 2348697
               ->  Hash  (cost=6.00..6.00 rows=300 width=28) (actual time=0.064..0.064 rows=300 loops=1)
                     Buckets: 1024  Batches: 1  Memory Usage: 27kB
                     ->  Seq Scan on promotion  (cost=0.00..6.00 rows=300 width=28) (actual time=0.005..0.028 rows=300 loops=1)
 Planning Time: 0.288 ms
 Execution Time: 1113.365 ms
(22 rows)

                                                                                                                                                                                                                                               QUERY PLAN                                                                                                                                                                                                                                               
--------------------------------------------------------------------------------------------------------------------------------------------------------------------------------------------------------------------------------------------------------------------------------------------------------------------------------------------------------------------------------------------------------------------------------------------------------------------------------------------------------
 Hash Join  (cost=158857.65..161728.75 rows=2212 width=244) (actual time=774.484..918.661 rows=260782 loops=1)
   Hash Cond: (store_sales.wholesale_cost = item.wholesale_cost)
   ->  Hash Join  (cost=158266.65..161006.49 rows=1284 width=192) (actual time=770.782..847.171 rows=76466 loops=1)
         Hash Cond: ((customer.customer_sk)::double precision = store_sales.customer_sk)
         ->  Seq Scan on customer  (cost=0.00..1727.00 rows=100000 width=28) (actual time=0.004..7.734 rows=100000 loops=1)
         ->  Hash  (cost=158256.54..158256.54 rows=809 width=164) (actual time=764.653..764.655 rows=76466 loops=1)
               Buckets: 32768 (originally 1024)  Batches: 4 (originally 1)  Memory Usage: 4044kB
               ->  Hash Join  (cost=44.01..158256.54 rows=809 width=164) (actual time=0.041..719.251 rows=76576 loops=1)
                     Hash Cond: (store_sales.store_sk = (store.store_sk)::double precision)
                     ->  Seq Scan on store_sales  (cost=0.00..157357.42 rows=169403 width=132) (actual time=0.031..666.480 rows=459376 loops=1)
                           Filter: ((ext_discount_amt <= '0'::double precision) AND (ext_discount_amt >= '0'::double precision) AND (ext_tax <= '25.4'::double precision) AND (ext_tax >= '0'::double precision) AND (ext_coupon_amt <= '0'::double precision) AND (ext_coupon_amt >= '0'::double precision) AND (net_paid <= '506.11'::double precision) AND (net_paid >= '49.68'::double precision) AND (net_profit <= '2347.95'::double precision) AND (net_profit >= '-2392.92'::double precision))
                           Rows Removed by Filter: 2421028
                     ->  Hash  (cost=44.00..44.00 rows=1 width=32) (actual time=0.005..0.006 rows=1 loops=1)
                           Buckets: 1024  Batches: 1  Memory Usage: 9kB
                           ->  Seq Scan on store  (cost=0.00..44.00 rows=1 width=32) (actual time=0.004..0.004 rows=1 loops=1)
                                 Filter: ((floor_space <= 9294113) AND (floor_space >= 9294113) AND (devision_id <= 1) AND (devision_id >= 1) AND (tax_percentage <= '0.08'::double precision) AND (tax_percentage >= '0.03'::double precision))
                                 Rows Removed by Filter: 11
   ->  Hash  (cost=366.00..366.00 rows=18000 width=52) (actual time=3.662..3.662 rows=17954 loops=1)
         Buckets: 32768  Batches: 1  Memory Usage: 1799kB
         ->  Seq Scan on item  (cost=0.00..366.00 rows=18000 width=52) (actual time=0.007..1.442 rows=18000 loops=1)
 Planning Time: 0.283 ms
 Execution Time: 927.641 ms
(22 rows)

                                                                                                              QUERY PLAN                                                                                                              
--------------------------------------------------------------------------------------------------------------------------------------------------------------------------------------------------------------------------------------
 Hash Join  (cost=258162.19..4002562.02 rows=361480685 width=244) (actual time=823.321..1301.629 rows=13525 loops=1)
   Hash Cond: ((store_sales.item_sk)::double precision = promotion.item_sk)
   ->  Merge Join  (cost=257243.65..328597.16 rows=3989036 width=164) (actual time=820.125..1238.054 rows=623696 loops=1)
         Merge Cond: (((store.store_sk)::double precision) = store_sales.store_sk)
         ->  Sort  (cost=94.38..97.78 rows=1360 width=32) (actual time=0.012..0.019 rows=11 loops=1)
               Sort Key: ((store.store_sk)::double precision)
               Sort Method: quicksort  Memory: 25kB
               ->  Seq Scan on store  (cost=0.00..23.60 rows=1360 width=32) (actual time=0.003..0.006 rows=12 loops=1)
         ->  Materialize  (cost=257149.27..260219.63 rows=614072 width=132) (actual time=820.104..1079.857 rows=623697 loops=1)
               ->  Sort  (cost=257149.27..258684.45 rows=614072 width=132) (actual time=820.101..919.129 rows=623697 loops=1)
                     Sort Key: store_sales.store_sk
                     Sort Method: external merge  Disk: 89608kB
                     ->  Seq Scan on store_sales  (cost=0.00..114154.24 rows=614072 width=132) (actual time=0.030..556.847 rows=631239 loops=1)
                           Filter: ((ext_sales_price <= '7828.8'::double precision) AND (ext_sales_price >= '2022.93'::double precision) AND (ext_coupon_amt <= '0'::double precision) AND (ext_coupon_amt >= '0'::double precision))
                           Rows Removed by Filter: 2249165
   ->  Hash  (cost=691.99..691.99 rows=18124 width=80) (actual time=3.153..3.155 rows=293 loops=1)
         Buckets: 32768  Batches: 1  Memory Usage: 291kB
         ->  Hash Join  (cost=9.75..691.99 rows=18124 width=80) (actual time=0.088..3.089 rows=293 loops=1)
               Hash Cond: ((item.item_sk)::double precision = promotion.item_sk)
               ->  Seq Scan on item  (cost=0.00..366.00 rows=18000 width=52) (actual time=0.012..1.315 rows=18000 loops=1)
               ->  Hash  (cost=6.00..6.00 rows=300 width=28) (actual time=0.066..0.067 rows=293 loops=1)
                     Buckets: 1024  Batches: 1  Memory Usage: 27kB
                     ->  Seq Scan on promotion  (cost=0.00..6.00 rows=300 width=28) (actual time=0.005..0.029 rows=300 loops=1)
 Planning Time: 0.249 ms
 Execution Time: 1332.620 ms
(25 rows)

                                                                                                           QUERY PLAN                                                                                                            
---------------------------------------------------------------------------------------------------------------------------------------------------------------------------------------------------------------------------------
 Hash Join  (cost=121238.42..135169.68 rows=143526 width=240) (actual time=860.544..955.045 rows=91267 loops=1)
   Hash Cond: ((customer.customer_sk)::double precision = store_sales.customer_sk)
   ->  Seq Scan on customer  (cost=0.00..1727.00 rows=100000 width=28) (actual time=0.010..8.704 rows=100000 loops=1)
   ->  Hash  (cost=117456.66..117456.66 rows=90461 width=212) (actual time=829.125..829.129 rows=91267 loops=1)
         Buckets: 16384  Batches: 8  Memory Usage: 2978kB
         ->  Hash Join  (cost=567.41..117456.66 rows=90461 width=212) (actual time=2.184..758.036 rows=92417 loops=1)
               Hash Cond: (store_sales.promo_sk = (promotion.promo_sk)::double precision)
               ->  Hash Join  (cost=556.25..109265.14 rows=97010 width=184) (actual time=2.097..726.273 rows=96847 loops=1)
                     Hash Cond: (store_sales.item_sk = item.item_sk)
                     ->  Seq Scan on store_sales  (cost=0.00..99753.18 rows=2129495 width=132) (actual time=0.032..515.037 rows=2122320 loops=1)
                           Filter: ((sales_price <= '82.28'::double precision) AND (sales_price >= '3.34'::double precision))
                           Rows Removed by Filter: 758084
                     ->  Hash  (cost=546.00..546.00 rows=820 width=52) (actual time=2.057..2.058 rows=835 loops=1)
                           Buckets: 1024  Batches: 1  Memory Usage: 80kB
                           ->  Seq Scan on item  (cost=0.00..546.00 rows=820 width=52) (actual time=0.006..1.975 rows=835 loops=1)
                                 Filter: ((current_price <= '4.52'::double precision) AND (current_price >= '2.81'::double precision) AND (manufact_id <= '413'::double precision) AND (manufact_id >= '253'::double precision))
                                 Rows Removed by Filter: 17165
               ->  Hash  (cost=7.50..7.50 rows=293 width=28) (actual time=0.082..0.083 rows=293 loops=1)
                     Buckets: 1024  Batches: 1  Memory Usage: 27kB
                     ->  Seq Scan on promotion  (cost=0.00..7.50 rows=293 width=28) (actual time=0.006..0.048 rows=293 loops=1)
                           Filter: ((response_target <= '1'::double precision) AND (response_target >= '1'::double precision))
                           Rows Removed by Filter: 7
 Planning Time: 0.258 ms
 Execution Time: 958.359 ms
(24 rows)

                                                                                                       QUERY PLAN                                                                                                        
-------------------------------------------------------------------------------------------------------------------------------------------------------------------------------------------------------------------------
 Hash Join  (cost=120634.41..123151.87 rows=4046 width=244) (actual time=805.237..848.115 rows=20978 loops=1)
   Hash Cond: ((customer.customer_sk)::double precision = store_sales.customer_sk)
   ->  Seq Scan on customer  (cost=0.00..1727.00 rows=100000 width=28) (actual time=0.010..7.549 rows=100000 loops=1)
   ->  Hash  (cost=120602.53..120602.53 rows=2550 width=216) (actual time=803.017..803.020 rows=20978 loops=1)
         Buckets: 16384 (originally 4096)  Batches: 2 (originally 1)  Memory Usage: 3969kB
         ->  Hash Join  (cost=590.45..120602.53 rows=2550 width=216) (actual time=2.294..788.569 rows=21037 loops=1)
               Hash Cond: (store_sales.wholesale_cost = item.wholesale_cost)
               ->  Hash Join  (cost=30.49..117989.82 rows=23850 width=164) (actual time=0.072..730.817 rows=492420 loops=1)
                     Hash Cond: (store_sales.store_sk = (store.store_sk)::double precision)
                     ->  Seq Scan on store_sales  (cost=0.00..114154.24 rows=713319 width=132) (actual time=0.044..579.277 rows=597792 loops=1)
                           Filter: ((ext_list_price <= '9299.7'::double precision) AND (ext_list_price >= '584.06'::double precision) AND (ext_tax <= '23'::double precision) AND (ext_tax >= '0.06'::double precision))
                           Rows Removed by Filter: 2282612
                     ->  Hash  (cost=30.40..30.40 rows=7 width=32) (actual time=0.023..0.023 rows=10 loops=1)
                           Buckets: 1024  Batches: 1  Memory Usage: 9kB
                           ->  Seq Scan on store  (cost=0.00..30.40 rows=7 width=32) (actual time=0.003..0.006 rows=10 loops=1)
                                 Filter: ((floor_space <= 9294113) AND (floor_space >= 5250760))
                                 Rows Removed by Filter: 2
               ->  Hash  (cost=546.00..546.00 rows=1117 width=52) (actual time=2.160..2.161 rows=1616 loops=1)
                     Buckets: 2048  Batches: 1  Memory Usage: 155kB
                     ->  Seq Scan on item  (cost=0.00..546.00 rows=1117 width=52) (actual time=0.005..1.972 rows=1616 loops=1)
                           Filter: ((class_id <= '2'::double precision) AND (class_id >= '1'::double precision) AND (category_id <= '3'::double precision) AND (category_id >= '2'::double precision))
                           Rows Removed by Filter: 16384
 Planning Time: 0.303 ms
 Execution Time: 848.881 ms
(24 rows)

                                                                                                                                                                                                                                                                                                            QUERY PLAN                                                                                                                                                                                                                                                                                                             
-----------------------------------------------------------------------------------------------------------------------------------------------------------------------------------------------------------------------------------------------------------------------------------------------------------------------------------------------------------------------------------------------------------------------------------------------------------------------------------------------------------------------------------------------------------------------------------------------------------------------------------
 Nested Loop  (cost=609.91..172553.70 rows=18 width=244) (actual time=1046.886..1046.889 rows=0 loops=1)
   Join Filter: ((item.item_sk)::double precision = promotion.item_sk)
   Rows Removed by Join Filter: 11100
   ->  Seq Scan on promotion  (cost=0.00..6.00 rows=300 width=28) (actual time=0.007..0.029 rows=300 loops=1)
   ->  Materialize  (cost=609.91..172453.25 rows=18 width=216) (actual time=0.034..3.484 rows=37 loops=300)
         ->  Hash Join  (cost=609.91..172453.16 rows=18 width=216) (actual time=10.319..1044.572 rows=37 loops=1)
               Hash Cond: (store_sales.wholesale_cost = item.wholesale_cost)
               ->  Nested Loop  (cost=0.00..171841.79 rows=15 width=164) (actual time=0.490..1040.603 rows=2293 loops=1)
                     Join Filter: (store_sales.store_sk = (store.store_sk)::double precision)
                     Rows Removed by Join Filter: 24527
                     ->  Seq Scan on store  (cost=0.00..37.20 rows=1 width=32) (actual time=0.003..0.007 rows=2 loops=1)
                           Filter: ((floor_space <= 8954883) AND (floor_space >= 5285950) AND (market_id <= 8) AND (market_id >= 7))
                           Rows Removed by Filter: 10
                     ->  Seq Scan on store_sales  (cost=0.00..171758.48 rows=3074 width=132) (actual time=0.105..518.630 rows=13410 loops=2)
                           Filter: ((quantity <= '29'::double precision) AND (quantity >= '24'::double precision) AND (list_price <= '173.76'::double precision) AND (list_price >= '-1'::double precision) AND (ext_discount_amt <= '0'::double precision) AND (ext_discount_amt >= '0'::double precision) AND (ext_wholesale_cost <= '2616.84'::double precision) AND (ext_wholesale_cost >= '2119.68'::double precision) AND (ext_list_price <= '4062.26'::double precision) AND (ext_list_price >= '235.98'::double precision) AND (net_profit <= '451.5'::double precision) AND (net_profit >= '-2536.11'::double precision))
                           Rows Removed by Filter: 2866994
               ->  Hash  (cost=456.00..456.00 rows=12313 width=52) (actual time=3.351..3.351 rows=12242 loops=1)
                     Buckets: 16384  Batches: 1  Memory Usage: 1180kB
                     ->  Seq Scan on item  (cost=0.00..456.00 rows=12313 width=52) (actual time=0.004..2.124 rows=12256 loops=1)
                           Filter: ((brand_id <= '8016001'::double precision) AND (brand_id >= '2001002'::double precision))
                           Rows Removed by Filter: 5744
 Planning Time: 0.356 ms
 Execution Time: 1046.941 ms
(23 rows)

                                                                    QUERY PLAN                                                                    
--------------------------------------------------------------------------------------------------------------------------------------------------
 Merge Join  (cost=116621.35..125524.72 rows=497247 width=244) (actual time=438.610..439.819 rows=2196 loops=1)
   Merge Cond: (((store.store_sk)::double precision) = store_sales.store_sk)
   ->  Sort  (cost=94.38..97.78 rows=1360 width=32) (actual time=0.016..0.018 rows=11 loops=1)
         Sort Key: ((store.store_sk)::double precision)
         Sort Method: quicksort  Memory: 25kB
         ->  Seq Scan on store  (cost=0.00..23.60 rows=1360 width=32) (actual time=0.006..0.009 rows=12 loops=1)
   ->  Materialize  (cost=116526.97..116909.70 rows=76546 width=212) (actual time=438.587..439.105 rows=2197 loops=1)
         ->  Sort  (cost=116526.97..116718.33 rows=76546 width=212) (actual time=438.584..438.745 rows=2197 loops=1)
               Sort Key: store_sales.store_sk
               Sort Method: quicksort  Memory: 692kB
               ->  Hash Join  (cost=580.90..102467.04 rows=76546 width=212) (actual time=3.023..437.298 rows=2242 loops=1)
                     Hash Cond: (store_sales.item_sk = item.item_sk)
                     ->  Seq Scan on store_sales  (cost=0.00..99753.18 rows=364678 width=132) (actual time=0.029..405.740 rows=377320 loops=1)
                           Filter: ((sales_price <= '4.62'::double precision) AND (sales_price >= '-1'::double precision))
                           Rows Removed by Filter: 2503084
                     ->  Hash  (cost=533.67..533.67 rows=3778 width=80) (actual time=2.349..2.350 rows=86 loops=1)
                           Buckets: 4096  Batches: 1  Memory Usage: 43kB
                           ->  Hash Join  (cost=11.18..533.67 rows=3778 width=80) (actual time=0.131..2.317 rows=86 loops=1)
                                 Hash Cond: ((item.item_sk)::double precision = promotion.item_sk)
                                 ->  Seq Scan on item  (cost=0.00..456.00 rows=3829 width=52) (actual time=0.005..1.856 rows=3829 loops=1)
                                       Filter: ((class_id <= '16'::double precision) AND (class_id >= '10'::double precision))
                                       Rows Removed by Filter: 14171
                                 ->  Hash  (cost=7.50..7.50 rows=294 width=28) (actual time=0.084..0.085 rows=291 loops=1)
                                       Buckets: 1024  Batches: 1  Memory Usage: 27kB
                                       ->  Seq Scan on promotion  (cost=0.00..7.50 rows=294 width=28) (actual time=0.003..0.049 rows=294 loops=1)
                                             Filter: ((cost <= '1000'::double precision) AND (cost >= '1000'::double precision))
                                             Rows Removed by Filter: 6
 Planning Time: 0.261 ms
 Execution Time: 439.949 ms
(29 rows)

                                                                    QUERY PLAN                                                                     
---------------------------------------------------------------------------------------------------------------------------------------------------
 Hash Join  (cost=100690.92..105867.55 rows=37606 width=244) (actual time=2132.591..3647.815 rows=1896885 loops=1)
   Hash Cond: (store_sales.wholesale_cost = item.wholesale_cost)
   ->  Hash Join  (cost=100099.92..103045.19 rows=21827 width=192) (actual time=2128.891..3113.512 rows=1341917 loops=1)
         Hash Cond: ((customer.customer_sk)::double precision = store_sales.customer_sk)
         ->  Seq Scan on customer  (cost=0.00..1727.00 rows=100000 width=28) (actual time=0.005..8.837 rows=100000 loops=1)
         ->  Hash  (cost=99927.96..99927.96 rows=13757 width=164) (actual time=1977.469..1977.472 rows=1341917 loops=1)
               Buckets: 32768 (originally 16384)  Batches: 128 (originally 1)  Memory Usage: 3841kB
               ->  Hash Join  (cost=37.21..99927.96 rows=13757 width=164) (actual time=0.042..1014.498 rows=1374412 loops=1)
                     Hash Cond: (store_sales.store_sk = (store.store_sk)::double precision)
                     ->  Seq Scan on store_sales  (cost=0.00..85352.12 rows=2880212 width=132) (actual time=0.025..345.272 rows=2880404 loops=1)
                     ->  Hash  (cost=37.20..37.20 rows=1 width=32) (actual time=0.008..0.008 rows=6 loops=1)
                           Buckets: 1024  Batches: 1  Memory Usage: 9kB
                           ->  Seq Scan on store  (cost=0.00..37.20 rows=1 width=32) (actual time=0.004..0.006 rows=6 loops=1)
                                 Filter: ((number_employees <= 294) AND (number_employees >= 229) AND (company_id <= 877) AND (company_id >= 226))
                                 Rows Removed by Filter: 6
   ->  Hash  (cost=366.00..366.00 rows=18000 width=52) (actual time=3.662..3.663 rows=17954 loops=1)
         Buckets: 32768  Batches: 1  Memory Usage: 1799kB
         ->  Seq Scan on item  (cost=0.00..366.00 rows=18000 width=52) (actual time=0.007..1.523 rows=18000 loops=1)
 Planning Time: 0.234 ms
 Execution Time: 3712.985 ms
(20 rows)

                                                                                                                                                         QUERY PLAN                                                                                                                                                          
-----------------------------------------------------------------------------------------------------------------------------------------------------------------------------------------------------------------------------------------------------------------------------------------------------------------------------
 Hash Join  (cost=210035.73..502333.85 rows=1976015 width=240) (actual time=2965.960..3754.526 rows=384321 loops=1)
   Hash Cond: (store_sales.wholesale_cost = item.wholesale_cost)
   ->  Hash Join  (cost=209444.73..384495.77 rows=1146905 width=188) (actual time=2931.216..3564.602 rows=1025485 loops=1)
         Hash Cond: ((customer.customer_sk)::double precision = store_sales.customer_sk)
         ->  Seq Scan on customer  (cost=0.00..1727.00 rows=100000 width=28) (actual time=0.004..8.250 rows=100000 loops=1)
         ->  Hash  (cost=184171.90..184171.90 rows=722867 width=160) (actual time=2931.184..2931.186 rows=1025485 loops=1)
               Buckets: 32768  Batches: 64  Memory Usage: 3383kB
               ->  Hash Join  (cost=152807.23..184171.90 rows=722867 width=160) (actual time=1407.940..2360.472 rows=1031897 loops=1)
                     Hash Cond: ((promotion.promo_sk)::double precision = store_sales.promo_sk)
                     ->  Seq Scan on promotion  (cost=0.00..6.00 rows=300 width=28) (actual time=0.004..0.061 rows=300 loops=1)
                     ->  Hash  (cost=128555.30..128555.30 rows=757114 width=132) (actual time=1407.899..1407.900 rows=1031897 loops=1)
                           Buckets: 32768 (originally 32768)  Batches: 256 (originally 64)  Memory Usage: 3841kB
                           ->  Seq Scan on store_sales  (cost=0.00..128555.30 rows=757114 width=132) (actual time=0.033..794.136 rows=1044460 loops=1)
                                 Filter: ((ext_discount_amt <= '0'::double precision) AND (ext_discount_amt >= '0'::double precision) AND (ext_coupon_amt <= '0'::double precision) AND (ext_coupon_amt >= '0'::double precision) AND (net_paid <= '2814.35'::double precision) AND (net_paid >= '363.3'::double precision))
                                 Rows Removed by Filter: 1835944
   ->  Hash  (cost=366.00..366.00 rows=18000 width=52) (actual time=3.563..3.564 rows=17954 loops=1)
         Buckets: 32768  Batches: 1  Memory Usage: 1799kB
         ->  Seq Scan on item  (cost=0.00..366.00 rows=18000 width=52) (actual time=0.012..1.430 rows=18000 loops=1)
 Planning Time: 0.252 ms
 Execution Time: 3768.401 ms
(20 rows)

                                                                                                                                                                                                                                                                       QUERY PLAN                                                                                                                                                                                                                                                                       
--------------------------------------------------------------------------------------------------------------------------------------------------------------------------------------------------------------------------------------------------------------------------------------------------------------------------------------------------------------------------------------------------------------------------------------------------------------------------------------------------------------------------------------------------------
 Hash Join  (cost=158228.39..165463.62 rows=3963 width=244) (actual time=616.841..640.076 rows=698 loops=1)
   Hash Cond: (store_sales.wholesale_cost = item.wholesale_cost)
   ->  Hash Join  (cost=157637.39..164637.40 rows=2301 width=192) (actual time=613.152..635.166 rows=7127 loops=1)
         Hash Cond: ((customer.customer_sk)::double precision = store_sales.customer_sk)
         ->  Seq Scan on customer  (cost=0.00..1727.00 rows=100000 width=28) (actual time=0.005..7.546 rows=100000 loops=1)
         ->  Hash  (cost=157619.26..157619.26 rows=1450 width=164) (actual time=613.135..613.136 rows=7127 loops=1)
               Buckets: 8192 (originally 2048)  Batches: 1 (originally 1)  Memory Usage: 1456kB
               ->  Hash Join  (cost=30.49..157619.26 rows=1450 width=164) (actual time=0.047..609.738 rows=7136 loops=1)
                     Hash Cond: (store_sales.store_sk = (store.store_sk)::double precision)
                     ->  Seq Scan on store_sales  (cost=0.00..157357.42 rows=43371 width=132) (actual time=0.036..605.923 rows=14324 loops=1)
                           Filter: ((sales_price <= '43.84'::double precision) AND (sales_price >= '3.89'::double precision) AND (ext_discount_amt <= '293.41'::double precision) AND (ext_discount_amt >= '0'::double precision) AND (ext_wholesale_cost <= '4847.55'::double precision) AND (ext_wholesale_cost >= '2620.74'::double precision) AND (ext_coupon_amt <= '0'::double precision) AND (ext_coupon_amt >= '0'::double precision) AND (net_paid_inc_tax <= '410.35'::double precision) AND (net_paid_inc_tax >= '72.24'::double precision))
                           Rows Removed by Filter: 2866080
                     ->  Hash  (cost=30.40..30.40 rows=7 width=32) (actual time=0.006..0.006 rows=6 loops=1)
                           Buckets: 1024  Batches: 1  Memory Usage: 9kB
                           ->  Seq Scan on store  (cost=0.00..30.40 rows=7 width=32) (actual time=0.002..0.004 rows=6 loops=1)
                                 Filter: ((tax_percentage <= '0.03'::double precision) AND (tax_percentage >= '0.03'::double precision))
                                 Rows Removed by Filter: 6
   ->  Hash  (cost=366.00..366.00 rows=18000 width=52) (actual time=3.647..3.647 rows=17954 loops=1)
         Buckets: 32768  Batches: 1  Memory Usage: 1799kB
         ->  Seq Scan on item  (cost=0.00..366.00 rows=18000 width=52) (actual time=0.011..1.433 rows=18000 loops=1)
 Planning Time: 0.317 ms
 Execution Time: 640.185 ms
(22 rows)

                                                                                                                                                                                                                                                                 QUERY PLAN                                                                                                                                                                                                                                                                 
--------------------------------------------------------------------------------------------------------------------------------------------------------------------------------------------------------------------------------------------------------------------------------------------------------------------------------------------------------------------------------------------------------------------------------------------------------------------------------------------------------------------------------------------
 Nested Loop  (cost=2265.54..161111.04 rows=3 width=244) (actual time=569.878..723.075 rows=79 loops=1)
   Join Filter: (store_sales.item_sk = item.item_sk)
   Rows Removed by Join Filter: 1421921
   ->  Seq Scan on item  (cost=0.00..366.00 rows=18000 width=52) (actual time=0.007..1.441 rows=18000 loops=1)
   ->  Materialize  (cost=2265.54..159935.05 rows=3 width=192) (actual time=0.001..0.035 rows=79 loops=18000)
         ->  Hash Join  (cost=2265.54..159935.03 rows=3 width=192) (actual time=8.683..569.719 rows=79 loops=1)
               Hash Cond: (store_sales.customer_sk = (customer.customer_sk)::double precision)
               ->  Nested Loop  (cost=0.00..157615.39 rows=70 width=164) (actual time=0.234..561.692 rows=2583 loops=1)
                     Join Filter: (store_sales.store_sk = (store.store_sk)::double precision)
                     Rows Removed by Join Filter: 12297
                     ->  Seq Scan on store  (cost=0.00..37.20 rows=1 width=32) (actual time=0.005..0.006 rows=1 loops=1)
                           Filter: ((number_employees <= 278) AND (number_employees >= 278) AND (devision_id <= 1) AND (devision_id >= 1))
                           Rows Removed by Filter: 11
                     ->  Seq Scan on store_sales  (cost=0.00..157357.42 rows=14718 width=132) (actual time=0.174..559.919 rows=14880 loops=1)
                           Filter: ((list_price <= '140.93'::double precision) AND (list_price >= '66.1'::double precision) AND (sales_price <= '17.31'::double precision) AND (sales_price >= '5.82'::double precision) AND (ext_discount_amt <= '0'::double precision) AND (ext_discount_amt >= '0'::double precision) AND (ext_sales_price <= '260.49'::double precision) AND (ext_sales_price >= '18.81'::double precision) AND (net_paid_inc_tax <= '1487.98'::double precision) AND (net_paid_inc_tax >= '125.37'::double precision))
                           Rows Removed by Filter: 2865524
               ->  Hash  (cost=2227.00..2227.00 rows=3083 width=28) (actual time=7.328..7.328 rows=3236 loops=1)
                     Buckets: 4096  Batches: 1  Memory Usage: 234kB
                     ->  Seq Scan on customer  (cost=0.00..2227.00 rows=3083 width=28) (actual time=0.005..6.944 rows=3236 loops=1)
                           Filter: ((birth_day <= '1'::double precision) AND (birth_day >= '-1'::double precision))
                           Rows Removed by Filter: 96764
 Planning Time: 0.295 ms
 Execution Time: 723.124 ms
(23 rows)

                                                                                                                                                              QUERY PLAN                                                                                                                                                               
---------------------------------------------------------------------------------------------------------------------------------------------------------------------------------------------------------------------------------------------------------------------------------------------------------------------------------------
 Merge Join  (cost=181395.01..186782.40 rows=300658 width=244) (actual time=781.484..805.997 rows=38729 loops=1)
   Merge Cond: (((store.store_sk)::double precision) = store_sales.store_sk)
   ->  Sort  (cost=94.38..97.78 rows=1360 width=32) (actual time=0.017..0.019 rows=11 loops=1)
         Sort Key: ((store.store_sk)::double precision)
         Sort Method: quicksort  Memory: 25kB
         ->  Seq Scan on store  (cost=0.00..23.60 rows=1360 width=32) (actual time=0.007..0.009 rows=12 loops=1)
   ->  Materialize  (cost=181300.62..181532.04 rows=46283 width=212) (actual time=781.460..793.470 rows=38730 loops=1)
         ->  Sort  (cost=181300.62..181416.33 rows=46283 width=212) (actual time=781.458..787.927 rows=38730 loops=1)
               Sort Key: store_sales.store_sk
               Sort Method: external merge  Disk: 8888kB
               ->  Hash Join  (cost=164570.54..172968.11 rows=46283 width=212) (actual time=674.019..754.210 rows=38803 loops=1)
                     Hash Cond: (store_sales.wholesale_cost = item.wholesale_cost)
                     ->  Merge Join  (cost=164017.87..166638.32 rows=62521 width=160) (actual time=671.072..738.647 rows=37314 loops=1)
                           Merge Cond: (store_sales.customer_sk = ((customer.customer_sk)::double precision))
                           ->  Sort  (cost=160412.13..160920.90 rows=203511 width=132) (actual time=657.872..695.929 rows=191110 loops=1)
                                 Sort Key: store_sales.customer_sk
                                 Sort Method: external merge  Disk: 27400kB
                                 ->  Seq Scan on store_sales  (cost=0.00..128555.30 rows=203511 width=132) (actual time=0.035..560.846 rows=192211 loops=1)
                                       Filter: ((ext_discount_amt <= '0'::double precision) AND (ext_discount_amt >= '0'::double precision) AND (ext_sales_price <= '382.4'::double precision) AND (ext_sales_price >= '16.28'::double precision) AND (ext_tax <= '78.7'::double precision) AND (ext_tax >= '8.28'::double precision))
                                       Rows Removed by Filter: 2688193
                           ->  Sort  (cost=3605.74..3654.15 rows=19363 width=28) (actual time=13.188..15.463 rows=42494 loops=1)
                                 Sort Key: ((customer.customer_sk)::double precision)
                                 Sort Method: quicksort  Memory: 2305kB
                                 ->  Seq Scan on customer  (cost=0.00..2227.00 rows=19363 width=28) (actual time=0.012..10.554 rows=19661 loops=1)
                                       Filter: ((birth_year <= '1988'::double precision) AND (birth_year >= '1975'::double precision))
                                       Rows Removed by Filter: 80339
                     ->  Hash  (cost=456.00..456.00 rows=7734 width=52) (actual time=2.928..2.929 rows=7743 loops=1)
                           Buckets: 8192  Batches: 1  Memory Usage: 730kB
                           ->  Seq Scan on item  (cost=0.00..456.00 rows=7734 width=52) (actual time=0.004..2.158 rows=7753 loops=1)
                                 Filter: ((manufact_id <= '552'::double precision) AND (manufact_id >= '204'::double precision))
                                 Rows Removed by Filter: 10247
 Planning Time: 0.351 ms
 Execution Time: 814.890 ms
(33 rows)

                                                                                       QUERY PLAN                                                                                       
----------------------------------------------------------------------------------------------------------------------------------------------------------------------------------------
 Hash Join  (cost=644.76..104258.70 rows=5631 width=244) (actual time=3.952..1025.324 rows=17015 loops=1)
   Hash Cond: ((item.item_sk)::double precision = promotion.item_sk)
   ->  Hash Join  (cost=635.01..104150.70 rows=5593 width=216) (actual time=3.867..925.237 rows=1046713 loops=1)
         Hash Cond: (store_sales.wholesale_cost = item.wholesale_cost)
         ->  Hash Join  (cost=44.01..103227.86 rows=3246 width=164) (actual time=0.042..677.705 rows=222834 loops=1)
               Hash Cond: (store_sales.store_sk = (store.store_sk)::double precision)
               ->  Seq Scan on store_sales  (cost=0.00..99753.18 rows=679641 width=132) (actual time=0.030..575.820 rows=683781 loops=1)
                     Filter: ((net_profit <= '88.8'::double precision) AND (net_profit >= '-262.71'::double precision))
                     Rows Removed by Filter: 2196623
               ->  Hash  (cost=44.00..44.00 rows=1 width=32) (actual time=0.007..0.024 rows=4 loops=1)
                     Buckets: 1024  Batches: 1  Memory Usage: 9kB
                     ->  Seq Scan on store  (cost=0.00..44.00 rows=1 width=32) (actual time=0.004..0.005 rows=4 loops=1)
                           Filter: ((number_employees <= 297) AND (number_employees >= 294) AND (market_id <= 10) AND (market_id >= 6) AND (company_id <= 811) AND (company_id >= 175))
                           Rows Removed by Filter: 8
         ->  Hash  (cost=366.00..366.00 rows=18000 width=52) (actual time=3.794..3.795 rows=17954 loops=1)
               Buckets: 32768  Batches: 1  Memory Usage: 1799kB
               ->  Seq Scan on item  (cost=0.00..366.00 rows=18000 width=52) (actual time=0.004..1.614 rows=18000 loops=1)
   ->  Hash  (cost=6.00..6.00 rows=300 width=28) (actual time=0.068..0.069 rows=293 loops=1)
         Buckets: 1024  Batches: 1  Memory Usage: 27kB
         ->  Seq Scan on promotion  (cost=0.00..6.00 rows=300 width=28) (actual time=0.010..0.034 rows=300 loops=1)
 Planning Time: 0.291 ms
 Execution Time: 1026.199 ms
(22 rows)

                                                                                                                                                                                                                                              QUERY PLAN                                                                                                                                                                                                                                               
-------------------------------------------------------------------------------------------------------------------------------------------------------------------------------------------------------------------------------------------------------------------------------------------------------------------------------------------------------------------------------------------------------------------------------------------------------------------------------------------------------
 Nested Loop  (cost=591.46..159489.94 rows=179 width=244) (actual time=1751.997..1830.826 rows=49 loops=1)
   Join Filter: ((item.item_sk)::double precision = promotion.item_sk)
   Rows Removed by Join Filter: 530051
   ->  Seq Scan on promotion  (cost=0.00..6.00 rows=300 width=28) (actual time=0.007..0.047 rows=300 loops=1)
   ->  Materialize  (cost=591.46..158549.89 rows=178 width=216) (actual time=1.926..5.830 rows=1767 loops=300)
         ->  Hash Join  (cost=591.46..158549.00 rows=178 width=216) (actual time=577.846..1724.667 rows=1767 loops=1)
               Hash Cond: (store_sales.wholesale_cost = item.wholesale_cost)
               ->  Nested Loop  (cost=0.00..157941.13 rows=172 width=164) (actual time=573.750..1718.677 rows=7869 loops=1)
                     Join Filter: (store_sales.store_sk = (store.store_sk)::double precision)
                     Rows Removed by Join Filter: 132132
                     ->  Seq Scan on store  (cost=0.00..44.00 rows=1 width=32) (actual time=0.004..0.009 rows=3 loops=1)
                           Filter: ((floor_space <= 9294113) AND (floor_space >= 9078805) AND (devision_id <= 1) AND (devision_id >= 1) AND (company_id <= 226) AND (company_id >= 27))
                           Rows Removed by Filter: 9
                     ->  Seq Scan on store_sales  (cost=0.00..157357.42 rows=35981 width=132) (actual time=0.084..568.867 rows=46667 loops=3)
                           Filter: ((quantity <= '45'::double precision) AND (quantity >= '5'::double precision) AND (list_price <= '119.59'::double precision) AND (list_price >= '14.72'::double precision) AND (sales_price <= '11.61'::double precision) AND (sales_price >= '5.34'::double precision) AND (net_paid <= '3900.65'::double precision) AND (net_paid >= '154.71'::double precision) AND (net_profit <= '338.24'::double precision) AND (net_profit >= '-1724.15'::double precision))
                           Rows Removed by Filter: 2833737
               ->  Hash  (cost=456.00..456.00 rows=10837 width=52) (actual time=3.568..3.569 rows=10825 loops=1)
                     Buckets: 16384  Batches: 1  Memory Usage: 1059kB
                     ->  Seq Scan on item  (cost=0.00..456.00 rows=10837 width=52) (actual time=0.006..2.402 rows=10837 loops=1)
                           Filter: ((category_id <= '7'::double precision) AND (category_id >= '2'::double precision))
                           Rows Removed by Filter: 7163
 Planning Time: 0.390 ms
 Execution Time: 1830.920 ms
(23 rows)

                                                                                           QUERY PLAN                                                                                            
-------------------------------------------------------------------------------------------------------------------------------------------------------------------------------------------------
 Hash Join  (cost=177660.12..9556853.37 rows=143891458 width=244) (actual time=2410.440..3776.438 rows=294505 loops=1)
   Hash Cond: (store_sales.store_sk = (store.store_sk)::double precision)
   ->  Hash Join  (cost=177619.52..531304.54 rows=22150639 width=212) (actual time=2410.422..3689.879 rows=301663 loops=1)
         Hash Cond: ((promotion.promo_sk)::double precision = store_sales.promo_sk)
         ->  Hash Join  (cost=9.75..597.91 rows=2416 width=80) (actual time=0.138..2.412 rows=33 loops=1)
               Hash Cond: ((item.item_sk)::double precision = promotion.item_sk)
               ->  Seq Scan on item  (cost=0.00..546.00 rows=2400 width=52) (actual time=0.007..2.064 rows=2372 loops=1)
                     Filter: ((class_id <= '6'::double precision) AND (class_id >= '4'::double precision) AND (category_id <= '8'::double precision) AND (category_id >= '3'::double precision))
                     Rows Removed by Filter: 15628
               ->  Hash  (cost=6.00..6.00 rows=300 width=28) (actual time=0.058..0.058 rows=293 loops=1)
                     Buckets: 1024  Batches: 1  Memory Usage: 27kB
                     ->  Seq Scan on promotion  (cost=0.00..6.00 rows=300 width=28) (actual time=0.003..0.025 rows=300 loops=1)
         ->  Hash  (cost=85352.12..85352.12 rows=2880212 width=132) (actual time=1785.402..1785.402 rows=2750920 loops=1)
               Buckets: 32768 (originally 32768)  Batches: 2048 (originally 128)  Memory Usage: 5918kB
               ->  Seq Scan on store_sales  (cost=0.00..85352.12 rows=2880212 width=132) (actual time=0.030..357.079 rows=2880404 loops=1)
   ->  Hash  (cost=23.60..23.60 rows=1360 width=32) (actual time=0.009..0.010 rows=12 loops=1)
         Buckets: 2048  Batches: 1  Memory Usage: 17kB
         ->  Seq Scan on store  (cost=0.00..23.60 rows=1360 width=32) (actual time=0.004..0.005 rows=12 loops=1)
 Planning Time: 0.249 ms
 Execution Time: 3787.280 ms
(20 rows)

                                                                                                                                                                                                            QUERY PLAN                                                                                                                                                                                                            
----------------------------------------------------------------------------------------------------------------------------------------------------------------------------------------------------------------------------------------------------------------------------------------------------------------------------------------------------------------------------------------------------------------------------------
 Hash Join  (cost=170172.38..179031.86 rows=57097 width=240) (actual time=759.776..863.233 rows=3251 loops=1)
   Hash Cond: (store_sales.wholesale_cost = item.wholesale_cost)
   ->  Hash Join  (cost=169514.58..174662.23 rows=36951 width=188) (actual time=755.307..853.046 rows=40013 loops=1)
         Hash Cond: (store_sales.promo_sk = (promotion.promo_sk)::double precision)
         ->  Merge Join  (cost=169503.40..171319.72 rows=39491 width=160) (actual time=755.225..841.888 rows=40918 loops=1)
               Merge Cond: (store_sales.customer_sk = ((customer.customer_sk)::double precision))
               ->  Sort  (cost=166113.61..166488.68 rows=150030 width=132) (actual time=742.665..793.668 rows=255824 loops=1)
                     Sort Key: store_sales.customer_sk
                     Sort Method: external merge  Disk: 36656kB
                     ->  Seq Scan on store_sales  (cost=0.00..142956.36 rows=150030 width=132) (actual time=0.036..604.623 rows=256643 loops=1)
                           Filter: ((quantity <= '67'::double precision) AND (quantity >= '28'::double precision) AND (sales_price <= '74.09'::double precision) AND (sales_price >= '12.66'::double precision) AND (ext_wholesale_cost <= '5894.64'::double precision) AND (ext_wholesale_cost >= '2464.83'::double precision) AND (net_profit <= '1652.62'::double precision) AND (net_profit >= '-4198.19'::double precision))
                           Rows Removed by Filter: 2623761
               ->  Sort  (cost=3389.80..3431.27 rows=16590 width=28) (actual time=12.539..14.892 rows=44273 loops=1)
                     Sort Key: ((customer.customer_sk)::double precision)
                     Sort Method: quicksort  Memory: 1641kB
                     ->  Seq Scan on customer  (cost=0.00..2227.00 rows=16590 width=28) (actual time=0.015..10.331 rows=16089 loops=1)
                           Filter: ((birth_month <= '11'::double precision) AND (birth_month >= '10'::double precision))
                           Rows Removed by Filter: 83911
         ->  Hash  (cost=7.50..7.50 rows=294 width=28) (actual time=0.074..0.074 rows=294 loops=1)
               Buckets: 1024  Batches: 1  Memory Usage: 27kB
               ->  Seq Scan on promotion  (cost=0.00..7.50 rows=294 width=28) (actual time=0.007..0.043 rows=294 loops=1)
                     Filter: ((cost <= '1000'::double precision) AND (cost >= '1000'::double precision))
                     Rows Removed by Filter: 6
   ->  Hash  (cost=456.00..456.00 rows=16144 width=52) (actual time=4.394..4.394 rows=16125 loops=1)
         Buckets: 16384  Batches: 1  Memory Usage: 1514kB
         ->  Seq Scan on item  (cost=0.00..456.00 rows=16144 width=52) (actual time=0.018..2.666 rows=16144 loops=1)
               Filter: ((category_id <= '9'::double precision) AND (category_id >= '1'::double precision))
               Rows Removed by Filter: 1856
 Planning Time: 0.302 ms
 Execution Time: 870.351 ms
(30 rows)

                                                                                                                                                                    QUERY PLAN                                                                                                                                                                    
--------------------------------------------------------------------------------------------------------------------------------------------------------------------------------------------------------------------------------------------------------------------------------------------------------------------------------------------------
 Hash Join  (cost=142833.22..148986.83 rows=9158 width=240) (actual time=1033.358..1045.879 rows=4 loops=1)
   Hash Cond: ((store_sales.item_sk)::double precision = promotion.item_sk)
   ->  Hash Join  (cost=142823.47..148817.29 rows=9095 width=212) (actual time=1030.049..1045.775 rows=137 loops=1)
         Hash Cond: ((customer.customer_sk)::double precision = store_sales.customer_sk)
         ->  Seq Scan on customer  (cost=0.00..2227.00 rows=40843 width=28) (actual time=0.005..12.026 rows=40505 loops=1)
               Filter: ((birth_year <= '1972'::double precision) AND (birth_year >= '1944'::double precision))
               Rows Removed by Filter: 59495
         ->  Hash  (cost=142648.03..142648.03 rows=14035 width=184) (actual time=1029.945..1029.947 rows=330 loops=1)
               Buckets: 16384  Batches: 1  Memory Usage: 201kB
               ->  Hash Join  (cost=136357.91..142648.03 rows=14035 width=184) (actual time=992.121..1029.777 rows=332 loops=1)
                     Hash Cond: (item.wholesale_cost = store_sales.wholesale_cost)
                     ->  Seq Scan on item  (cost=0.00..546.00 rows=602 width=52) (actual time=0.017..2.016 rows=581 loops=1)
                           Filter: ((current_price <= '9.55'::double precision) AND (current_price >= '6.02'::double precision) AND (class_id <= '2'::double precision) AND (class_id >= '2'::double precision))
                           Rows Removed by Filter: 17419
                     ->  Hash  (cost=128555.30..128555.30 rows=243569 width=132) (actual time=962.536..962.536 rows=244754 loops=1)
                           Buckets: 32768  Batches: 16  Memory Usage: 2705kB
                           ->  Seq Scan on store_sales  (cost=0.00..128555.30 rows=243569 width=132) (actual time=0.030..802.776 rows=246187 loops=1)
                                 Filter: ((ext_discount_amt <= '0'::double precision) AND (ext_discount_amt >= '0'::double precision) AND (net_paid_inc_tax <= '7106.94'::double precision) AND (net_paid_inc_tax >= '9.02'::double precision) AND (net_profit <= '-1119.72'::double precision) AND (net_profit >= '-2111.34'::double precision))
                                 Rows Removed by Filter: 2634217
   ->  Hash  (cost=6.00..6.00 rows=300 width=28) (actual time=0.070..0.071 rows=293 loops=1)
         Buckets: 1024  Batches: 1  Memory Usage: 27kB
         ->  Seq Scan on promotion  (cost=0.00..6.00 rows=300 width=28) (actual time=0.011..0.036 rows=300 loops=1)
 Planning Time: 0.294 ms
 Execution Time: 1045.928 ms
(24 rows)

                                                                      QUERY PLAN                                                                       
-------------------------------------------------------------------------------------------------------------------------------------------------------
 Hash Join  (cost=346649.50..404935.54 rows=1897154 width=240) (actual time=2653.672..2944.483 rows=19817 loops=1)
   Hash Cond: (item.wholesale_cost = store_sales.wholesale_cost)
   ->  Seq Scan on item  (cost=0.00..366.00 rows=18000 width=52) (actual time=0.007..2.111 rows=18000 loops=1)
   ->  Hash  (cost=303851.34..303851.34 rows=1101133 width=188) (actual time=2653.618..2653.621 rows=14141 loops=1)
         Buckets: 32768  Batches: 128  Memory Usage: 301kB
         ->  Hash Join  (cost=177620.94..303851.34 rows=1101133 width=188) (actual time=1527.041..2395.082 rows=14454 loops=1)
               Hash Cond: ((store_sales.item_sk)::double precision = promotion.item_sk)
               ->  Hash Join  (cost=177609.77..284459.32 rows=1115935 width=160) (actual time=1479.807..2330.174 rows=671242 loops=1)
                     Hash Cond: ((customer.customer_sk)::double precision = store_sales.customer_sk)
                     ->  Seq Scan on customer  (cost=0.00..2227.00 rows=24420 width=28) (actual time=0.004..12.256 rows=24399 loops=1)
                           Filter: ((birth_month <= '9'::double precision) AND (birth_month >= '7'::double precision))
                           Rows Removed by Filter: 75601
                     ->  Hash  (cost=85352.12..85352.12 rows=2880212 width=132) (actual time=1398.755..1398.756 rows=2750652 loops=1)
                           Buckets: 32768 (originally 32768)  Batches: 256 (originally 128)  Memory Usage: 3841kB
                           ->  Seq Scan on store_sales  (cost=0.00..85352.12 rows=2880212 width=132) (actual time=0.032..352.771 rows=2880404 loops=1)
               ->  Hash  (cost=7.50..7.50 rows=294 width=28) (actual time=0.080..0.081 rows=291 loops=1)
                     Buckets: 1024  Batches: 1  Memory Usage: 27kB
                     ->  Seq Scan on promotion  (cost=0.00..7.50 rows=294 width=28) (actual time=0.007..0.049 rows=294 loops=1)
                           Filter: ((cost <= '1000'::double precision) AND (cost >= '1000'::double precision))
                           Rows Removed by Filter: 6
 Planning Time: 0.243 ms
 Execution Time: 2945.308 ms
(22 rows)

                                                                                                                                                                                                                                                                                                                 QUERY PLAN                                                                                                                                                                                                                                                                                                                  
---------------------------------------------------------------------------------------------------------------------------------------------------------------------------------------------------------------------------------------------------------------------------------------------------------------------------------------------------------------------------------------------------------------------------------------------------------------------------------------------------------------------------------------------------------------------------------------------------------------------------------------------
 Hash Join  (cost=180486.46..497015.24 rows=30339124 width=244) (actual time=713.011..813.408 rows=2728 loops=1)
   Hash Cond: ((store_sales.item_sk)::double precision = promotion.item_sk)
   ->  Merge Join  (cost=179574.66..185694.92 rows=341633 width=164) (actual time=709.656..797.496 rows=124749 loops=1)
         Merge Cond: (((store.store_sk)::double precision) = store_sales.store_sk)
         ->  Sort  (cost=94.38..97.78 rows=1360 width=32) (actual time=0.012..0.015 rows=11 loops=1)
               Sort Key: ((store.store_sk)::double precision)
               Sort Method: quicksort  Memory: 25kB
               ->  Seq Scan on store  (cost=0.00..23.60 rows=1360 width=32) (actual time=0.003..0.005 rows=12 loops=1)
         ->  Materialize  (cost=179480.28..179743.23 rows=52591 width=132) (actual time=709.637..765.246 rows=124750 loops=1)
               ->  Sort  (cost=179480.28..179611.76 rows=52591 width=132) (actual time=709.634..729.285 rows=124750 loops=1)
                     Sort Key: store_sales.store_sk
                     Sort Method: external merge  Disk: 17880kB
                     ->  Seq Scan on store_sales  (cost=0.00..171758.48 rows=52591 width=132) (actual time=0.029..664.276 rows=124935 loops=1)
                           Filter: ((list_price <= '139.13'::double precision) AND (list_price >= '13.86'::double precision) AND (ext_discount_amt <= '0'::double precision) AND (ext_discount_amt >= '0'::double precision) AND (ext_sales_price <= '2567.07'::double precision) AND (ext_sales_price >= '74.25'::double precision) AND (ext_wholesale_cost <= '6809.61'::double precision) AND (ext_wholesale_cost >= '3164.79'::double precision) AND (ext_coupon_amt <= '0'::double precision) AND (ext_coupon_amt >= '0'::double precision) AND (net_paid <= '2668.95'::double precision) AND (net_paid >= '914.85'::double precision))
                           Rows Removed by Filter: 2755469
   ->  Hash  (cost=689.78..689.78 rows=17761 width=80) (actual time=3.277..3.279 rows=291 loops=1)
         Buckets: 32768  Batches: 1  Memory Usage: 291kB
         ->  Hash Join  (cost=11.18..689.78 rows=17761 width=80) (actual time=0.108..3.212 rows=291 loops=1)
               Hash Cond: ((item.item_sk)::double precision = promotion.item_sk)
               ->  Seq Scan on item  (cost=0.00..366.00 rows=18000 width=52) (actual time=0.006..1.296 rows=18000 loops=1)
               ->  Hash  (cost=7.50..7.50 rows=294 width=28) (actual time=0.092..0.093 rows=291 loops=1)
                     Buckets: 1024  Batches: 1  Memory Usage: 27kB
                     ->  Seq Scan on promotion  (cost=0.00..7.50 rows=294 width=28) (actual time=0.006..0.047 rows=294 loops=1)
                           Filter: ((cost <= '1000'::double precision) AND (cost >= '1000'::double precision))
                           Rows Removed by Filter: 6
 Planning Time: 0.328 ms
 Execution Time: 820.151 ms
(27 rows)

                                                                                                                                                                                                                                                   QUERY PLAN                                                                                                                                                                                                                                                   
----------------------------------------------------------------------------------------------------------------------------------------------------------------------------------------------------------------------------------------------------------------------------------------------------------------------------------------------------------------------------------------------------------------------------------------------------------------------------------------------------------------
 Hash Join  (cost=174838.32..177019.79 rows=39332 width=240) (actual time=720.640..774.347 rows=889 loops=1)
   Hash Cond: ((store_sales.item_sk)::double precision = promotion.item_sk)
   ->  Merge Join  (cost=174828.57..176323.74 rows=39064 width=212) (actual time=720.532..770.154 rows=42617 loops=1)
         Merge Cond: (((customer.customer_sk)::double precision) = store_sales.customer_sk)
         ->  Sort  (cost=12425.82..12675.82 rows=100000 width=28) (actual time=42.353..52.859 rows=100000 loops=1)
               Sort Key: ((customer.customer_sk)::double precision)
               Sort Method: external merge  Disk: 4824kB
               ->  Seq Scan on customer  (cost=0.00..1727.00 rows=100000 width=28) (actual time=0.006..12.815 rows=100000 loops=1)
         ->  Materialize  (cost=162402.75..162525.86 rows=24621 width=184) (actual time=678.168..691.694 rows=42618 loops=1)
               ->  Sort  (cost=162402.75..162464.30 rows=24621 width=184) (actual time=678.165..686.044 rows=42618 loops=1)
                     Sort Key: store_sales.customer_sk
                     Sort Method: external merge  Disk: 8440kB
                     ->  Hash Join  (cost=529.44..158415.94 rows=24621 width=184) (actual time=2.774..637.659 rows=42700 loops=1)
                           Hash Cond: (store_sales.item_sk = item.item_sk)
                           ->  Seq Scan on store_sales  (cost=0.00..157357.42 rows=75434 width=132) (actual time=0.035..608.297 rows=130177 loops=1)
                                 Filter: ((quantity <= '55'::double precision) AND (quantity >= '15'::double precision) AND (list_price <= '113.21'::double precision) AND (list_price >= '22.82'::double precision) AND (ext_list_price <= '9770.4'::double precision) AND (ext_list_price >= '1342.2'::double precision) AND (ext_tax <= '401.54'::double precision) AND (ext_tax >= '63'::double precision) AND (net_profit <= '539.06'::double precision) AND (net_profit >= '-2018.41'::double precision))
                                 Rows Removed by Filter: 2750227
                           ->  Hash  (cost=456.00..456.00 rows=5875 width=52) (actual time=2.706..2.706 rows=5856 loops=1)
                                 Buckets: 8192  Batches: 1  Memory Usage: 568kB
                                 ->  Seq Scan on item  (cost=0.00..456.00 rows=5875 width=52) (actual time=0.005..2.157 rows=5856 loops=1)
                                       Filter: ((manufact_id <= '675'::double precision) AND (manufact_id >= '320'::double precision))
                                       Rows Removed by Filter: 12144
   ->  Hash  (cost=6.00..6.00 rows=300 width=28) (actual time=0.073..0.073 rows=293 loops=1)
         Buckets: 1024  Batches: 1  Memory Usage: 27kB
         ->  Seq Scan on promotion  (cost=0.00..6.00 rows=300 width=28) (actual time=0.010..0.037 rows=300 loops=1)
 Planning Time: 0.267 ms
 Execution Time: 776.910 ms
(27 rows)

                                                                QUERY PLAN                                                                 
-------------------------------------------------------------------------------------------------------------------------------------------
 Hash Join  (cost=585.59..102692.80 rows=37133 width=244) (actual time=3.156..1712.739 rows=18791 loops=1)
   Hash Cond: ((item.item_sk)::double precision = promotion.item_sk)
   ->  Hash Join  (cost=574.41..102028.05 rows=37632 width=216) (actual time=3.054..1611.687 rows=897545 loops=1)
         Hash Cond: (store_sales.item_sk = item.item_sk)
         ->  Hash Join  (cost=30.49..100746.68 rows=96301 width=164) (actual time=0.034..1179.072 rows=2292176 loops=1)
               Hash Cond: (store_sales.store_sk = (store.store_sk)::double precision)
               ->  Seq Scan on store_sales  (cost=0.00..85352.12 rows=2880212 width=132) (actual time=0.023..327.675 rows=2880404 loops=1)
               ->  Hash  (cost=30.40..30.40 rows=7 width=32) (actual time=0.006..0.007 rows=9 loops=1)
                     Buckets: 1024  Batches: 1  Memory Usage: 9kB
                     ->  Seq Scan on store  (cost=0.00..30.40 rows=7 width=32) (actual time=0.003..0.005 rows=9 loops=1)
                           Filter: ((tax_percentage <= '0.08'::double precision) AND (tax_percentage >= '0.03'::double precision))
                           Rows Removed by Filter: 3
         ->  Hash  (cost=456.00..456.00 rows=7034 width=52) (actual time=3.010..3.010 rows=7026 loops=1)
               Buckets: 8192  Batches: 1  Memory Usage: 668kB
               ->  Seq Scan on item  (cost=0.00..456.00 rows=7034 width=52) (actual time=0.004..2.278 rows=7026 loops=1)
                     Filter: ((manufact_id <= '978'::double precision) AND (manufact_id >= '336'::double precision))
                     Rows Removed by Filter: 10974
   ->  Hash  (cost=7.50..7.50 rows=294 width=28) (actual time=0.081..0.081 rows=291 loops=1)
         Buckets: 1024  Batches: 1  Memory Usage: 27kB
         ->  Seq Scan on promotion  (cost=0.00..7.50 rows=294 width=28) (actual time=0.009..0.050 rows=294 loops=1)
               Filter: ((cost <= '1000'::double precision) AND (cost >= '-1'::double precision))
               Rows Removed by Filter: 6
 Planning Time: 0.240 ms
 Execution Time: 1713.787 ms
(24 rows)

                                                                                                                                                                                                             QUERY PLAN                                                                                                                                                                                                             
------------------------------------------------------------------------------------------------------------------------------------------------------------------------------------------------------------------------------------------------------------------------------------------------------------------------------------------------------------------------------------------------------------------------------------
 Merge Join  (cost=172518.36..185008.23 rows=697781 width=244) (actual time=611.037..611.061 rows=24 loops=1)
   Merge Cond: (((store.store_sk)::double precision) = store_sales.store_sk)
   ->  Sort  (cost=94.38..97.78 rows=1360 width=32) (actual time=0.016..0.018 rows=11 loops=1)
         Sort Key: ((store.store_sk)::double precision)
         Sort Method: quicksort  Memory: 25kB
         ->  Seq Scan on store  (cost=0.00..23.60 rows=1360 width=32) (actual time=0.006..0.009 rows=12 loops=1)
   ->  Materialize  (cost=172423.97..172961.05 rows=107416 width=212) (actual time=611.012..611.022 rows=24 loops=1)
         ->  Sort  (cost=172423.97..172692.51 rows=107416 width=212) (actual time=611.009..611.013 rows=24 loops=1)
               Sort Key: store_sales.store_sk
               Sort Method: quicksort  Memory: 31kB
               ->  Hash Join  (cost=667.55..152433.34 rows=107416 width=212) (actual time=9.233..610.972 rows=24 loops=1)
                     Hash Cond: ((item.item_sk)::double precision = promotion.item_sk)
                     ->  Hash Join  (cost=657.80..150549.30 rows=106683 width=184) (actual time=5.002..610.159 rows=4606 loops=1)
                           Hash Cond: (store_sales.wholesale_cost = item.wholesale_cost)
                           ->  Seq Scan on store_sales  (cost=0.00..142956.36 rows=69039 width=132) (actual time=0.050..597.494 rows=41592 loops=1)
                                 Filter: ((ext_discount_amt <= '0'::double precision) AND (ext_discount_amt >= '0'::double precision) AND (ext_list_price <= '8571.96'::double precision) AND (ext_list_price >= '5468.04'::double precision) AND (ext_tax <= '87.07'::double precision) AND (ext_tax >= '4.92'::double precision) AND (net_profit <= '-194.91'::double precision) AND (net_profit >= '-2985.7'::double precision))
                                 Rows Removed by Filter: 2838812
                           ->  Hash  (cost=456.00..456.00 rows=16144 width=52) (actual time=4.499..4.499 rows=16125 loops=1)
                                 Buckets: 16384  Batches: 1  Memory Usage: 1514kB
                                 ->  Seq Scan on item  (cost=0.00..456.00 rows=16144 width=52) (actual time=0.004..2.636 rows=16144 loops=1)
                                       Filter: ((category_id <= '9'::double precision) AND (category_id >= '1'::double precision))
                                       Rows Removed by Filter: 1856
                     ->  Hash  (cost=6.00..6.00 rows=300 width=28) (actual time=0.060..0.060 rows=293 loops=1)
                           Buckets: 1024  Batches: 1  Memory Usage: 27kB
                           ->  Seq Scan on promotion  (cost=0.00..6.00 rows=300 width=28) (actual time=0.005..0.026 rows=300 loops=1)
 Planning Time: 0.297 ms
 Execution Time: 611.119 ms
(27 rows)

                                                                                                                        QUERY PLAN                                                                                                                        
----------------------------------------------------------------------------------------------------------------------------------------------------------------------------------------------------------------------------------------------------------
 Merge Join  (cost=172347.55..178926.03 rows=367252 width=244) (actual time=1248.775..1252.205 rows=6385 loops=1)
   Merge Cond: (((store.store_sk)::double precision) = store_sales.store_sk)
   ->  Sort  (cost=94.38..97.78 rows=1360 width=32) (actual time=0.015..0.017 rows=11 loops=1)
         Sort Key: ((store.store_sk)::double precision)
         Sort Method: quicksort  Memory: 25kB
         ->  Seq Scan on store  (cost=0.00..23.60 rows=1360 width=32) (actual time=0.007..0.010 rows=12 loops=1)
   ->  Materialize  (cost=172253.17..172535.84 rows=56535 width=212) (actual time=1248.752..1249.986 rows=6386 loops=1)
         ->  Sort  (cost=172253.17..172394.50 rows=56535 width=212) (actual time=1248.751..1249.113 rows=6386 loops=1)
               Sort Key: store_sales.store_sk
               Sort Method: quicksort  Memory: 1893kB
               ->  Hash Join  (cost=143733.87..161991.12 rows=56535 width=212) (actual time=1216.519..1245.804 rows=6402 loops=1)
                     Hash Cond: ((customer.customer_sk)::double precision = store_sales.customer_sk)
                     ->  Seq Scan on customer  (cost=0.00..2227.00 rows=41333 width=28) (actual time=0.005..11.465 rows=41365 loops=1)
                           Filter: ((birth_day <= '17'::double precision) AND (birth_day >= '5'::double precision))
                           Rows Removed by Filter: 58635
                     ->  Hash  (cost=140467.26..140467.26 rows=86209 width=184) (actual time=1183.039..1183.041 rows=15360 loops=1)
                           Buckets: 32768  Batches: 8  Memory Usage: 691kB
                           ->  Hash Join  (cost=127839.95..140467.26 rows=86209 width=184) (actual time=1083.424..1162.400 rows=15451 loops=1)
                                 Hash Cond: (item.wholesale_cost = store_sales.wholesale_cost)
                                 ->  Seq Scan on item  (cost=0.00..456.00 rows=2108 width=52) (actual time=0.006..2.021 rows=2106 loops=1)
                                       Filter: ((manufact_id <= '158'::double precision) AND (manufact_id >= '95'::double precision))
                                       Rows Removed by Filter: 15894
                                 ->  Hash  (cost=114154.24..114154.24 rows=427257 width=132) (actual time=1024.230..1024.231 rows=499051 loops=1)
                                       Buckets: 32768  Batches: 32  Memory Usage: 2786kB
                                       ->  Seq Scan on store_sales  (cost=0.00..114154.24 rows=427257 width=132) (actual time=0.024..726.587 rows=505132 loops=1)
                                             Filter: ((ext_list_price <= '4197.76'::double precision) AND (ext_list_price >= '1086.84'::double precision) AND (net_profit <= '-6.86'::double precision) AND (net_profit >= '-1161.84'::double precision))
                                             Rows Removed by Filter: 2375272
 Planning Time: 0.323 ms
 Execution Time: 1252.511 ms
(29 rows)

                                                                     QUERY PLAN                                                                      
-----------------------------------------------------------------------------------------------------------------------------------------------------
 Hash Join  (cost=188005.32..489540.70 rows=1729859 width=240) (actual time=2033.665..2798.158 rows=763457 loops=1)
   Hash Cond: (store_sales.wholesale_cost = item.wholesale_cost)
   ->  Hash Join  (cost=187369.18..365009.01 rows=1254082 width=188) (actual time=2029.525..2549.428 rows=796444 loops=1)
         Hash Cond: ((customer.customer_sk)::double precision = store_sales.customer_sk)
         ->  Seq Scan on customer  (cost=0.00..1727.00 rows=100000 width=28) (actual time=0.005..8.080 rows=100000 loops=1)
         ->  Hash  (cost=159734.95..159734.95 rows=790419 width=160) (actual time=2029.488..2029.490 rows=796444 loops=1)
               Buckets: 32768  Batches: 64  Memory Usage: 2618kB
               ->  Hash Join  (cost=126271.50..159734.95 rows=790419 width=160) (actual time=898.460..1559.779 rows=806169 loops=1)
                     Hash Cond: ((promotion.promo_sk)::double precision = store_sales.promo_sk)
                     ->  Seq Scan on promotion  (cost=0.00..6.00 rows=300 width=28) (actual time=0.005..0.058 rows=300 loops=1)
                     ->  Hash  (cost=99753.18..99753.18 rows=827866 width=132) (actual time=898.422..898.423 rows=806169 loops=1)
                           Buckets: 32768 (originally 32768)  Batches: 128 (originally 64)  Memory Usage: 3841kB
                           ->  Seq Scan on store_sales  (cost=0.00..99753.18 rows=827866 width=132) (actual time=0.032..555.658 rows=825465 loops=1)
                                 Filter: ((ext_tax <= '40.06'::double precision) AND (ext_tax >= '5.96'::double precision))
                                 Rows Removed by Filter: 2054939
   ->  Hash  (cost=456.00..456.00 rows=14411 width=52) (actual time=4.127..4.127 rows=14395 loops=1)
         Buckets: 16384  Batches: 1  Memory Usage: 1365kB
         ->  Seq Scan on item  (cost=0.00..456.00 rows=14411 width=52) (actual time=0.009..2.591 rows=14411 loops=1)
               Filter: ((category_id <= '8'::double precision) AND (category_id >= '1'::double precision))
               Rows Removed by Filter: 3589
 Planning Time: 0.252 ms
 Execution Time: 2825.433 ms
(22 rows)

                                                                                                             QUERY PLAN                                                                                                              
-------------------------------------------------------------------------------------------------------------------------------------------------------------------------------------------------------------------------------------
 Hash Join  (cost=141437.59..306545.83 rows=2209424 width=244) (actual time=1264.482..1362.149 rows=1331 loops=1)
   Hash Cond: (store_sales.store_sk = (store.store_sk)::double precision)
   ->  Hash Join  (cost=141396.99..167920.20 rows=340119 width=212) (actual time=1264.459..1361.720 rows=1340 loops=1)
         Hash Cond: (item.wholesale_cost = store_sales.wholesale_cost)
         ->  Hash Join  (cost=11.18..630.74 rows=4180 width=80) (actual time=0.120..2.908 rows=73 loops=1)
               Hash Cond: ((item.item_sk)::double precision = promotion.item_sk)
               ->  Seq Scan on item  (cost=0.00..546.00 rows=4236 width=52) (actual time=0.006..2.364 rows=4263 loops=1)
                     Filter: ((current_price <= '8.8'::double precision) AND (current_price >= '4.44'::double precision) AND (category_id <= '9'::double precision) AND (category_id >= '2'::double precision))
                     Rows Removed by Filter: 13737
               ->  Hash  (cost=7.50..7.50 rows=294 width=28) (actual time=0.072..0.073 rows=291 loops=1)
                     Buckets: 1024  Batches: 1  Memory Usage: 27kB
                     ->  Seq Scan on promotion  (cost=0.00..7.50 rows=294 width=28) (actual time=0.005..0.043 rows=294 loops=1)
                           Filter: ((cost <= '1000'::double precision) AND (cost >= '1000'::double precision))
                           Rows Removed by Filter: 6
         ->  Hash  (cost=114154.24..114154.24 rows=850126 width=132) (actual time=1178.992..1178.993 rows=872837 loops=1)
               Buckets: 32768  Batches: 64  Memory Usage: 2601kB
               ->  Seq Scan on store_sales  (cost=0.00..114154.24 rows=850126 width=132) (actual time=0.028..672.852 rows=883474 loops=1)
                     Filter: ((ext_discount_amt <= '299.87'::double precision) AND (ext_discount_amt >= '0'::double precision) AND (ext_list_price <= '3164.7'::double precision) AND (ext_list_price >= '668.1'::double precision))
                     Rows Removed by Filter: 1996930
   ->  Hash  (cost=23.60..23.60 rows=1360 width=32) (actual time=0.015..0.015 rows=12 loops=1)
         Buckets: 2048  Batches: 1  Memory Usage: 17kB
         ->  Seq Scan on store  (cost=0.00..23.60 rows=1360 width=32) (actual time=0.009..0.011 rows=12 loops=1)
 Planning Time: 0.319 ms
 Execution Time: 1362.255 ms
(24 rows)

                                                                                           QUERY PLAN                                                                                            
-------------------------------------------------------------------------------------------------------------------------------------------------------------------------------------------------
 Hash Join  (cost=298373.69..2511991.51 rows=207375306 width=244) (actual time=862.850..1479.736 rows=8242 loops=1)
   Hash Cond: ((store_sales.item_sk)::double precision = promotion.item_sk)
   ->  Merge Join  (cost=297590.57..395307.92 rows=5463124 width=164) (actual time=859.471..1401.689 rows=815067 loops=1)
         Merge Cond: (((store.store_sk)::double precision) = store_sales.store_sk)
         ->  Sort  (cost=94.38..97.78 rows=1360 width=32) (actual time=0.011..0.024 rows=11 loops=1)
               Sort Key: ((store.store_sk)::double precision)
               Sort Method: quicksort  Memory: 25kB
               ->  Seq Scan on store  (cost=0.00..23.60 rows=1360 width=32) (actual time=0.003..0.006 rows=12 loops=1)
         ->  Materialize  (cost=297496.18..301701.15 rows=840993 width=132) (actual time=859.445..1197.054 rows=815068 loops=1)
               ->  Sort  (cost=297496.18..299598.67 rows=840993 width=132) (actual time=859.437..986.797 rows=815068 loops=1)
                     Sort Key: store_sales.store_sk
                     Sort Method: external merge  Disk: 117288kB
                     ->  Seq Scan on store_sales  (cost=0.00..99753.18 rows=840993 width=132) (actual time=0.030..478.583 rows=834670 loops=1)
                           Filter: ((ext_sales_price <= '1478.52'::double precision) AND (ext_sales_price >= '382.63'::double precision))
                           Rows Removed by Filter: 2045734
   ->  Hash  (cost=688.22..688.22 rows=7592 width=80) (actual time=3.325..3.330 rows=130 loops=1)
         Buckets: 8192  Batches: 1  Memory Usage: 80kB
         ->  Hash Join  (cost=9.75..688.22 rows=7592 width=80) (actual time=0.094..3.282 rows=130 loops=1)
               Hash Cond: ((item.item_sk)::double precision = promotion.item_sk)
               ->  Seq Scan on item  (cost=0.00..546.00 rows=7540 width=52) (actual time=0.013..2.440 rows=7914 loops=1)
                     Filter: ((class_id <= '3'::double precision) AND (class_id >= '1'::double precision) AND (category_id <= '9'::double precision) AND (category_id >= '1'::double precision))
                     Rows Removed by Filter: 10086
               ->  Hash  (cost=6.00..6.00 rows=300 width=28) (actual time=0.070..0.072 rows=293 loops=1)
                     Buckets: 1024  Batches: 1  Memory Usage: 27kB
                     ->  Seq Scan on promotion  (cost=0.00..6.00 rows=300 width=28) (actual time=0.004..0.033 rows=300 loops=1)
 Planning Time: 0.250 ms
 Execution Time: 1521.244 ms
(27 rows)

                                                                                                           QUERY PLAN                                                                                                            
---------------------------------------------------------------------------------------------------------------------------------------------------------------------------------------------------------------------------------
 Hash Join  (cost=467162.97..2411709.82 rows=28734771 width=244) (actual time=3556.519..4810.085 rows=367190 loops=1)
   Hash Cond: (store_sales.store_sk = (store.store_sk)::double precision)
   ->  Hash Join  (cost=467122.38..609296.67 rows=4423430 width=212) (actual time=3556.496..4668.000 rows=368307 loops=1)
         Hash Cond: (item.wholesale_cost = store_sales.wholesale_cost)
         ->  Seq Scan on item  (cost=0.00..366.00 rows=18000 width=52) (actual time=0.004..3.611 rows=18000 loops=1)
         ->  Hash  (cost=377362.67..377362.67 rows=2567416 width=160) (actual time=3556.434..3556.452 rows=1624417 loops=1)
               Buckets: 32768  Batches: 256  Memory Usage: 1779kB
               ->  Hash Join  (cost=165987.51..377362.67 rows=2567416 width=160) (actual time=1353.015..2300.497 rows=1634454 loops=1)
                     Hash Cond: ((customer.customer_sk)::double precision = store_sales.customer_sk)
                     ->  Seq Scan on customer  (cost=0.00..1727.00 rows=100000 width=28) (actual time=0.005..9.005 rows=100000 loops=1)
                     ->  Hash  (cost=114154.24..114154.24 rows=1618182 width=132) (actual time=1352.954..1352.955 rows=1634454 loops=1)
                           Buckets: 32768  Batches: 128  Memory Usage: 2437kB
                           ->  Seq Scan on store_sales  (cost=0.00..114154.24 rows=1618182 width=132) (actual time=0.031..670.849 rows=1654371 loops=1)
                                 Filter: ((sales_price <= '129.07'::double precision) AND (sales_price >= '8.02'::double precision) AND (ext_coupon_amt <= '0'::double precision) AND (ext_coupon_amt >= '0'::double precision))
                                 Rows Removed by Filter: 1226033
   ->  Hash  (cost=23.60..23.60 rows=1360 width=32) (actual time=0.014..0.014 rows=12 loops=1)
         Buckets: 2048  Batches: 1  Memory Usage: 17kB
         ->  Seq Scan on store  (cost=0.00..23.60 rows=1360 width=32) (actual time=0.008..0.010 rows=12 loops=1)
 Planning Time: 0.331 ms
 Execution Time: 4827.081 ms
(20 rows)

                                                                                                                                                                 QUERY PLAN                                                                                                                                                                  
---------------------------------------------------------------------------------------------------------------------------------------------------------------------------------------------------------------------------------------------------------------------------------------------------------------------------------------------
 Hash Join  (cost=140515.42..144839.13 rows=4087 width=240) (actual time=970.558..983.387 rows=3 loops=1)
   Hash Cond: ((store_sales.item_sk)::double precision = promotion.item_sk)
   ->  Hash Join  (cost=140504.25..144756.02 rows=4142 width=212) (actual time=970.439..983.244 rows=125 loops=1)
         Hash Cond: ((customer.customer_sk)::double precision = store_sales.customer_sk)
         ->  Seq Scan on customer  (cost=0.00..2227.00 rows=29383 width=28) (actual time=0.007..10.120 rows=29325 loops=1)
               Filter: ((birth_year <= '1944'::double precision) AND (birth_year >= '1924'::double precision))
               Rows Removed by Filter: 70675
         ->  Hash  (cost=140393.20..140393.20 rows=8884 width=184) (actual time=970.300..970.302 rows=439 loops=1)
               Buckets: 16384  Batches: 1  Memory Usage: 225kB
               ->  Hash Join  (cost=135118.39..140393.20 rows=8884 width=184) (actual time=937.482..970.062 rows=441 loops=1)
                     Hash Cond: (item.wholesale_cost = store_sales.wholesale_cost)
                     ->  Seq Scan on item  (cost=0.00..546.00 rows=453 width=52) (actual time=0.010..1.828 rows=427 loops=1)
                           Filter: ((current_price <= '3.99'::double precision) AND (current_price >= '2.87'::double precision) AND (manufact_id <= '497'::double precision) AND (manufact_id >= '309'::double precision))
                           Rows Removed by Filter: 17573
                     ->  Hash  (cost=128555.30..128555.30 rows=204887 width=132) (actual time=904.736..904.737 rows=252535 loops=1)
                           Buckets: 32768  Batches: 16  Memory Usage: 2733kB
                           ->  Seq Scan on store_sales  (cost=0.00..128555.30 rows=204887 width=132) (actual time=0.031..672.317 rows=254087 loops=1)
                                 Filter: ((sales_price <= '33.18'::double precision) AND (sales_price >= '0.39'::double precision) AND (ext_discount_amt <= '0'::double precision) AND (ext_discount_amt >= '0'::double precision) AND (ext_sales_price <= '1685.76'::double precision) AND (ext_sales_price >= '813.51'::double precision))
                                 Rows Removed by Filter: 2626317
   ->  Hash  (cost=7.50..7.50 rows=294 width=28) (actual time=0.111..0.112 rows=291 loops=1)
         Buckets: 1024  Batches: 1  Memory Usage: 27kB
         ->  Seq Scan on promotion  (cost=0.00..7.50 rows=294 width=28) (actual time=0.014..0.059 rows=294 loops=1)
               Filter: ((cost <= '1000'::double precision) AND (cost >= '1000'::double precision))
               Rows Removed by Filter: 6
 Planning Time: 0.301 ms
 Execution Time: 983.444 ms
(26 rows)

                                                                QUERY PLAN                                                                 
-------------------------------------------------------------------------------------------------------------------------------------------
 Hash Join  (cost=555.52..100583.34 rows=3075 width=244) (actual time=2.345..990.684 rows=4707 loops=1)
   Hash Cond: ((item.item_sk)::double precision = promotion.item_sk)
   ->  Hash Join  (cost=544.36..100517.97 rows=3127 width=216) (actual time=2.246..965.062 rows=208246 loops=1)
         Hash Cond: (store_sales.item_sk = item.item_sk)
         ->  Hash Join  (cost=37.21..99927.96 rows=13757 width=164) (actual time=0.040..819.135 rows=917764 loops=1)
               Hash Cond: (store_sales.store_sk = (store.store_sk)::double precision)
               ->  Seq Scan on store_sales  (cost=0.00..85352.12 rows=2880212 width=132) (actual time=0.028..318.852 rows=2880404 loops=1)
               ->  Hash  (cost=37.20..37.20 rows=1 width=32) (actual time=0.006..0.007 rows=4 loops=1)
                     Buckets: 1024  Batches: 1  Memory Usage: 9kB
                     ->  Seq Scan on store  (cost=0.00..37.20 rows=1 width=32) (actual time=0.003..0.005 rows=4 loops=1)
                           Filter: ((devision_id <= 1) AND (devision_id >= 1) AND (company_id <= 175) AND (company_id >= 27))
                           Rows Removed by Filter: 8
         ->  Hash  (cost=456.00..456.00 rows=4092 width=52) (actual time=2.200..2.200 rows=4092 loops=1)
               Buckets: 4096  Batches: 1  Memory Usage: 384kB
               ->  Seq Scan on item  (cost=0.00..456.00 rows=4092 width=52) (actual time=0.004..1.802 rows=4092 loops=1)
                     Filter: ((brand_id <= '4004002'::double precision) AND (brand_id >= '2004001'::double precision))
                     Rows Removed by Filter: 13908
   ->  Hash  (cost=7.50..7.50 rows=293 width=28) (actual time=0.081..0.082 rows=291 loops=1)
         Buckets: 1024  Batches: 1  Memory Usage: 27kB
         ->  Seq Scan on promotion  (cost=0.00..7.50 rows=293 width=28) (actual time=0.008..0.050 rows=293 loops=1)
               Filter: ((response_target <= '1'::double precision) AND (response_target >= '1'::double precision))
               Rows Removed by Filter: 7
 Planning Time: 0.233 ms
 Execution Time: 991.027 ms
(24 rows)

                                                                                                   QUERY PLAN                                                                                                    
-----------------------------------------------------------------------------------------------------------------------------------------------------------------------------------------------------------------
 Hash Join  (cost=197064.95..284200.70 rows=740407 width=240) (actual time=2524.574..3076.070 rows=12657 loops=1)
   Hash Cond: ((store_sales.item_sk)::double precision = promotion.item_sk)
   ->  Hash Join  (cost=197055.20..271271.73 rows=735353 width=212) (actual time=2382.171..3013.649 rows=587255 loops=1)
         Hash Cond: ((customer.customer_sk)::double precision = store_sales.customer_sk)
         ->  Seq Scan on customer  (cost=0.00..1727.00 rows=100000 width=28) (actual time=0.003..11.688 rows=100000 loops=1)
         ->  Hash  (cost=179493.75..179493.75 rows=463476 width=184) (actual time=2298.051..2298.053 rows=587255 loops=1)
               Buckets: 32768 (originally 32768)  Batches: 64 (originally 32)  Memory Usage: 3841kB
               ->  Hash Join  (cost=142932.58..179493.75 rows=463476 width=184) (actual time=1080.926..1901.241 rows=594801 loops=1)
                     Hash Cond: (item.wholesale_cost = store_sales.wholesale_cost)
                     ->  Seq Scan on item  (cost=0.00..546.00 rows=3592 width=52) (actual time=0.005..2.739 rows=3628 loops=1)
                           Filter: ((category_id <= '10'::double precision) AND (category_id >= '4'::double precision) AND (manufact_id <= '189'::double precision) AND (manufact_id >= '30'::double precision))
                           Rows Removed by Filter: 14372
                     ->  Hash  (cost=99753.18..99753.18 rows=1348032 width=132) (actual time=1080.886..1080.887 rows=1317042 loops=1)
                           Buckets: 32768 (originally 32768)  Batches: 128 (originally 64)  Memory Usage: 3841kB
                           ->  Seq Scan on store_sales  (cost=0.00..99753.18 rows=1348032 width=132) (actual time=0.030..599.617 rows=1348563 loops=1)
                                 Filter: ((net_paid_inc_tax <= '1026.21'::double precision) AND (net_paid_inc_tax >= '15.48'::double precision))
                                 Rows Removed by Filter: 1531841
   ->  Hash  (cost=6.00..6.00 rows=300 width=28) (actual time=0.058..0.059 rows=293 loops=1)
         Buckets: 1024  Batches: 1  Memory Usage: 27kB
         ->  Seq Scan on promotion  (cost=0.00..6.00 rows=300 width=28) (actual time=0.007..0.027 rows=300 loops=1)
 Planning Time: 0.255 ms
 Execution Time: 3076.668 ms
(22 rows)

                                                                                                                                       QUERY PLAN                                                                                                                                       
----------------------------------------------------------------------------------------------------------------------------------------------------------------------------------------------------------------------------------------------------------------------------------------
 Hash Join  (cost=955.81..133386.60 rows=175126 width=244) (actual time=3.312..676.086 rows=1642 loops=1)
   Hash Cond: ((store_sales.item_sk)::double precision = promotion.item_sk)
   ->  Hash Join  (cost=44.01..130683.04 rows=1972 width=164) (actual time=0.057..663.852 rows=75215 loops=1)
         Hash Cond: (store_sales.store_sk = (store.store_sk)::double precision)
         ->  Seq Scan on store_sales  (cost=0.00..128555.30 rows=412801 width=132) (actual time=0.036..614.038 rows=454480 loops=1)
               Filter: ((quantity <= '88'::double precision) AND (quantity >= '27'::double precision) AND (ext_tax <= '35.05'::double precision) AND (ext_tax >= '0.96'::double precision) AND (net_profit <= '-1'::double precision) AND (net_profit >= '-3815.71'::double precision))
               Rows Removed by Filter: 2425924
         ->  Hash  (cost=44.00..44.00 rows=1 width=32) (actual time=0.009..0.010 rows=2 loops=1)
               Buckets: 1024  Batches: 1  Memory Usage: 9kB
               ->  Seq Scan on store  (cost=0.00..44.00 rows=1 width=32) (actual time=0.004..0.007 rows=2 loops=1)
                     Filter: ((number_employees <= 294) AND (number_employees >= 245) AND (company_id <= 877) AND (company_id >= 175) AND (tax_percentage <= '0.03'::double precision) AND (tax_percentage >= '0.01'::double precision))
                     Rows Removed by Filter: 10
   ->  Hash  (cost=689.78..689.78 rows=17761 width=80) (actual time=3.192..3.194 rows=291 loops=1)
         Buckets: 32768  Batches: 1  Memory Usage: 291kB
         ->  Hash Join  (cost=11.18..689.78 rows=17761 width=80) (actual time=0.116..3.128 rows=291 loops=1)
               Hash Cond: ((item.item_sk)::double precision = promotion.item_sk)
               ->  Seq Scan on item  (cost=0.00..366.00 rows=18000 width=52) (actual time=0.004..1.307 rows=18000 loops=1)
               ->  Hash  (cost=7.50..7.50 rows=294 width=28) (actual time=0.103..0.104 rows=291 loops=1)
                     Buckets: 1024  Batches: 1  Memory Usage: 27kB
                     ->  Seq Scan on promotion  (cost=0.00..7.50 rows=294 width=28) (actual time=0.005..0.068 rows=294 loops=1)
                           Filter: ((cost <= '1000'::double precision) AND (cost >= '1000'::double precision))
                           Rows Removed by Filter: 6
 Planning Time: 0.269 ms
 Execution Time: 676.237 ms
(24 rows)

                                                                                                          QUERY PLAN                                                                                                          
------------------------------------------------------------------------------------------------------------------------------------------------------------------------------------------------------------------------------
 Hash Join  (cost=557.94..119803.67 rows=7888 width=244) (actual time=2.639..952.419 rows=4547 loops=1)
   Hash Cond: ((item.item_sk)::double precision = promotion.item_sk)
   ->  Hash Join  (cost=546.76..119653.66 rows=7994 width=216) (actual time=2.301..926.919 rows=201249 loops=1)
         Hash Cond: (store_sales.item_sk = item.item_sk)
         ->  Hash Join  (cost=30.49..118945.54 rows=29841 width=164) (actual time=0.041..795.551 rows=762192 loops=1)
               Hash Cond: (store_sales.store_sk = (store.store_sk)::double precision)
               ->  Seq Scan on store_sales  (cost=0.00..114154.24 rows=892481 width=132) (actual time=0.028..554.767 rows=926507 loops=1)
                     Filter: ((list_price <= '170.64'::double precision) AND (list_price >= '47.72'::double precision) AND (ext_sales_price <= '3078'::double precision) AND (ext_sales_price >= '357.24'::double precision))
                     Rows Removed by Filter: 1953897
               ->  Hash  (cost=30.40..30.40 rows=7 width=32) (actual time=0.007..0.008 rows=10 loops=1)
                     Buckets: 1024  Batches: 1  Memory Usage: 9kB
                     ->  Seq Scan on store  (cost=0.00..30.40 rows=7 width=32) (actual time=0.002..0.005 rows=10 loops=1)
                           Filter: ((company_id <= 767) AND (company_id >= 27))
                           Rows Removed by Filter: 2
         ->  Hash  (cost=456.00..456.00 rows=4822 width=52) (actual time=2.251..2.252 rows=4822 loops=1)
               Buckets: 8192  Batches: 1  Memory Usage: 479kB
               ->  Seq Scan on item  (cost=0.00..456.00 rows=4822 width=52) (actual time=0.004..1.783 rows=4822 loops=1)
                     Filter: ((brand_id <= '4003001'::double precision) AND (brand_id >= '2001001'::double precision))
                     Rows Removed by Filter: 13178
   ->  Hash  (cost=7.50..7.50 rows=294 width=28) (actual time=0.081..0.081 rows=291 loops=1)
         Buckets: 1024  Batches: 1  Memory Usage: 27kB
         ->  Seq Scan on promotion  (cost=0.00..7.50 rows=294 width=28) (actual time=0.009..0.050 rows=294 loops=1)
               Filter: ((cost <= '1000'::double precision) AND (cost >= '1000'::double precision))
               Rows Removed by Filter: 6
 Planning Time: 0.242 ms
 Execution Time: 952.748 ms
(26 rows)

                                                             QUERY PLAN                                                              
-------------------------------------------------------------------------------------------------------------------------------------
 Hash Join  (cost=857.94..109041.63 rows=815302 width=244) (actual time=3.416..1549.654 rows=39456 loops=1)
   Hash Cond: ((store_sales.item_sk)::double precision = promotion.item_sk)
   ->  Hash Join  (cost=37.21..99927.96 rows=13757 width=164) (actual time=0.052..1288.394 rows=2750370 loops=1)
         Hash Cond: (store_sales.store_sk = (store.store_sk)::double precision)
         ->  Seq Scan on store_sales  (cost=0.00..85352.12 rows=2880212 width=132) (actual time=0.036..326.036 rows=2880404 loops=1)
         ->  Hash  (cost=37.20..37.20 rows=1 width=32) (actual time=0.010..0.011 rows=12 loops=1)
               Buckets: 1024  Batches: 1  Memory Usage: 9kB
               ->  Seq Scan on store  (cost=0.00..37.20 rows=1 width=32) (actual time=0.004..0.007 rows=12 loops=1)
                     Filter: ((devision_id <= 1) AND (devision_id >= 1) AND (company_id <= 877) AND (company_id >= 27))
   ->  Hash  (cost=672.57..672.57 rows=11853 width=80) (actual time=3.318..3.320 rows=192 loops=1)
         Buckets: 16384  Batches: 1  Memory Usage: 151kB
         ->  Hash Join  (cost=9.75..672.57 rows=11853 width=80) (actual time=0.136..3.274 rows=192 loops=1)
               Hash Cond: ((item.item_sk)::double precision = promotion.item_sk)
               ->  Seq Scan on item  (cost=0.00..456.00 rows=11772 width=52) (actual time=0.004..2.118 rows=11773 loops=1)
                     Filter: ((current_price <= '8.04'::double precision) AND (current_price >= '1.1'::double precision))
                     Rows Removed by Filter: 6227
               ->  Hash  (cost=6.00..6.00 rows=300 width=28) (actual time=0.106..0.106 rows=293 loops=1)
                     Buckets: 1024  Batches: 1  Memory Usage: 27kB
                     ->  Seq Scan on promotion  (cost=0.00..6.00 rows=300 width=28) (actual time=0.005..0.036 rows=300 loops=1)
 Planning Time: 0.246 ms
 Execution Time: 1551.632 ms
(21 rows)

                                                                                                                                                                                                              QUERY PLAN                                                                                                                                                                                                              
--------------------------------------------------------------------------------------------------------------------------------------------------------------------------------------------------------------------------------------------------------------------------------------------------------------------------------------------------------------------------------------------------------------------------------------
 Hash Join  (cost=148867.18..149870.11 rows=9081 width=240) (actual time=698.533..708.076 rows=155 loops=1)
   Hash Cond: (store_sales.wholesale_cost = item.wholesale_cost)
   ->  Hash Join  (cost=148276.18..148740.26 rows=5271 width=188) (actual time=694.865..704.331 rows=106 loops=1)
         Hash Cond: ((store_sales.item_sk)::double precision = promotion.item_sk)
         ->  Merge Join  (cost=148265.02..148636.19 rows=5360 width=160) (actual time=694.463..703.653 rows=6219 loops=1)
               Merge Cond: (store_sales.customer_sk = ((customer.customer_sk)::double precision))
               ->  Sort  (cost=143669.73..143696.39 rows=10663 width=132) (actual time=679.369..681.280 rows=19162 loops=1)
                     Sort Key: store_sales.customer_sk
                     Sort Method: external merge  Disk: 2752kB
                     ->  Seq Scan on store_sales  (cost=0.00..142956.36 rows=10663 width=132) (actual time=0.113..664.330 rows=19258 loops=1)
                           Filter: ((ext_discount_amt <= '0'::double precision) AND (ext_discount_amt >= '0'::double precision) AND (ext_coupon_amt <= '0'::double precision) AND (ext_coupon_amt >= '0'::double precision) AND (net_paid_inc_tax <= '1099.51'::double precision) AND (net_paid_inc_tax >= '39.19'::double precision) AND (net_profit <= '-233.73'::double precision) AND (net_profit >= '-264.6'::double precision))
                           Rows Removed by Filter: 2861146
               ->  Sort  (cost=4595.28..4674.48 rows=31680 width=28) (actual time=15.086..16.460 rows=32718 loops=1)
                     Sort Key: ((customer.customer_sk)::double precision)
                     Sort Method: quicksort  Memory: 3263kB
                     ->  Seq Scan on customer  (cost=0.00..2227.00 rows=31680 width=28) (actual time=0.012..10.585 rows=31924 loops=1)
                           Filter: ((birth_month <= '4'::double precision) AND (birth_month >= '1'::double precision))
                           Rows Removed by Filter: 68076
         ->  Hash  (cost=7.50..7.50 rows=293 width=28) (actual time=0.071..0.072 rows=291 loops=1)
               Buckets: 1024  Batches: 1  Memory Usage: 27kB
               ->  Seq Scan on promotion  (cost=0.00..7.50 rows=293 width=28) (actual time=0.006..0.044 rows=293 loops=1)
                     Filter: ((response_target <= '1'::double precision) AND (response_target >= '1'::double precision))
                     Rows Removed by Filter: 7
   ->  Hash  (cost=366.00..366.00 rows=18000 width=52) (actual time=3.642..3.643 rows=17954 loops=1)
         Buckets: 32768  Batches: 1  Memory Usage: 1799kB
         ->  Seq Scan on item  (cost=0.00..366.00 rows=18000 width=52) (actual time=0.007..1.521 rows=18000 loops=1)
 Planning Time: 0.260 ms
 Execution Time: 708.909 ms
(28 rows)

                                                                                                            QUERY PLAN                                                                                                            
----------------------------------------------------------------------------------------------------------------------------------------------------------------------------------------------------------------------------------
 Hash Join  (cost=152707.28..452320.85 rows=3477509 width=244) (actual time=1071.186..1685.350 rows=345175 loops=1)
   Hash Cond: (store_sales.store_sk = (store.store_sk)::double precision)
   ->  Hash Join  (cost=152666.68..234155.69 rows=535327 width=212) (actual time=1071.168..1578.548 rows=347327 loops=1)
         Hash Cond: (store_sales.item_sk = item.item_sk)
         ->  Hash Join  (cost=152075.68..226203.95 rows=535327 width=160) (actual time=1067.454..1466.094 rows=347327 loops=1)
               Hash Cond: ((customer.customer_sk)::double precision = store_sales.customer_sk)
               ->  Seq Scan on customer  (cost=0.00..2227.00 rows=28500 width=28) (actual time=0.006..10.879 rows=28451 loops=1)
                     Filter: ((birth_day <= '20'::double precision) AND (birth_day >= '12'::double precision))
                     Rows Removed by Filter: 71549
               ->  Hash  (cost=114154.24..114154.24 rows=1183875 width=132) (actual time=1063.349..1063.350 rows=1213609 loops=1)
                     Buckets: 32768  Batches: 64  Memory Usage: 3369kB
                     ->  Seq Scan on store_sales  (cost=0.00..114154.24 rows=1183875 width=132) (actual time=0.023..619.412 rows=1228506 loops=1)
                           Filter: ((ext_list_price <= '3617.79'::double precision) AND (ext_list_price >= '64.9'::double precision) AND (ext_coupon_amt <= '0'::double precision) AND (ext_coupon_amt >= '0'::double precision))
                           Rows Removed by Filter: 1651898
         ->  Hash  (cost=366.00..366.00 rows=18000 width=52) (actual time=3.677..3.677 rows=18000 loops=1)
               Buckets: 32768  Batches: 1  Memory Usage: 1801kB
               ->  Seq Scan on item  (cost=0.00..366.00 rows=18000 width=52) (actual time=0.005..1.640 rows=18000 loops=1)
   ->  Hash  (cost=23.60..23.60 rows=1360 width=32) (actual time=0.010..0.011 rows=12 loops=1)
         Buckets: 2048  Batches: 1  Memory Usage: 17kB
         ->  Seq Scan on store  (cost=0.00..23.60 rows=1360 width=32) (actual time=0.005..0.007 rows=12 loops=1)
 Planning Time: 0.225 ms
 Execution Time: 1697.610 ms
(22 rows)

                                                                                                                                                                                                                                                                  QUERY PLAN                                                                                                                                                                                                                                                                  
----------------------------------------------------------------------------------------------------------------------------------------------------------------------------------------------------------------------------------------------------------------------------------------------------------------------------------------------------------------------------------------------------------------------------------------------------------------------------------------------------------------------------------------------
 Hash Join  (cost=163174.53..163389.58 rows=3050 width=240) (actual time=613.252..614.576 rows=187 loops=1)
   Hash Cond: (store_sales.wholesale_cost = item.wholesale_cost)
   ->  Merge Join  (cost=162583.53..162617.63 rows=1770 width=188) (actual time=609.423..610.313 rows=2512 loops=1)
         Merge Cond: (((promotion.promo_sk)::double precision) = store_sales.promo_sk)
         ->  Sort  (cost=19.55..20.29 rows=294 width=28) (actual time=0.098..0.126 rows=294 loops=1)
               Sort Key: ((promotion.promo_sk)::double precision)
               Sort Method: quicksort  Memory: 47kB
               ->  Seq Scan on promotion  (cost=0.00..7.50 rows=294 width=28) (actual time=0.007..0.054 rows=294 loops=1)
                     Filter: ((cost <= '1000'::double precision) AND (cost >= '1000'::double precision))
                     Rows Removed by Filter: 6
         ->  Sort  (cost=162563.98..162568.71 rows=1892 width=160) (actual time=609.321..609.460 rows=2562 loops=1)
               Sort Key: store_sales.promo_sk
               Sort Method: quicksort  Memory: 777kB
               ->  Merge Join  (cost=162176.25..162461.00 rows=1892 width=160) (actual time=601.033..608.122 rows=2562 loops=1)
                     Merge Cond: (store_sales.customer_sk = ((customer.customer_sk)::double precision))
                     ->  Sort  (cost=157580.96..157590.37 rows=3764 width=132) (actual time=584.681..585.656 rows=8077 loops=1)
                           Sort Key: store_sales.customer_sk
                           Sort Method: quicksort  Memory: 2339kB
                           ->  Seq Scan on store_sales  (cost=0.00..157357.42 rows=3764 width=132) (actual time=0.062..581.408 rows=8089 loops=1)
                                 Filter: ((list_price <= '145.76'::double precision) AND (list_price >= '96.8'::double precision) AND (ext_sales_price <= '7452.72'::double precision) AND (ext_sales_price >= '-1'::double precision) AND (ext_coupon_amt <= '0'::double precision) AND (ext_coupon_amt >= '0'::double precision) AND (net_paid_inc_tax <= '2883.36'::double precision) AND (net_paid_inc_tax >= '1914.57'::double precision) AND (net_profit <= '518.67'::double precision) AND (net_profit >= '108.32'::double precision))
                                 Rows Removed by Filter: 2872315
                     ->  Sort  (cost=4595.28..4674.48 rows=31680 width=28) (actual time=16.344..17.834 rows=32055 loops=1)
                           Sort Key: ((customer.customer_sk)::double precision)
                           Sort Method: quicksort  Memory: 3263kB
                           ->  Seq Scan on customer  (cost=0.00..2227.00 rows=31680 width=28) (actual time=0.013..10.835 rows=31924 loops=1)
                                 Filter: ((birth_month <= '4'::double precision) AND (birth_month >= '-1'::double precision))
                                 Rows Removed by Filter: 68076
   ->  Hash  (cost=366.00..366.00 rows=18000 width=52) (actual time=3.780..3.781 rows=17954 loops=1)
         Buckets: 32768  Batches: 1  Memory Usage: 1799kB
         ->  Seq Scan on item  (cost=0.00..366.00 rows=18000 width=52) (actual time=0.010..1.486 rows=18000 loops=1)
 Planning Time: 0.297 ms
 Execution Time: 614.808 ms
(32 rows)

                                                                                                                                                                 QUERY PLAN                                                                                                                                                                 
--------------------------------------------------------------------------------------------------------------------------------------------------------------------------------------------------------------------------------------------------------------------------------------------------------------------------------------------
 Hash Join  (cost=129321.81..137419.63 rows=13559 width=244) (actual time=583.449..602.586 rows=1640 loops=1)
   Hash Cond: (store_sales.store_sk = (store.store_sk)::double precision)
   ->  Hash Join  (cost=129281.21..136529.07 rows=2086 width=212) (actual time=583.431..602.058 rows=1648 loops=1)
         Hash Cond: ((customer.customer_sk)::double precision = store_sales.customer_sk)
         ->  Seq Scan on customer  (cost=0.00..1727.00 rows=100000 width=28) (actual time=0.004..7.325 rows=100000 loops=1)
         ->  Hash  (cost=129264.77..129264.77 rows=1315 width=184) (actual time=583.412..583.414 rows=1648 loops=1)
               Buckets: 2048  Batches: 1  Memory Usage: 376kB
               ->  Hash Join  (cost=553.79..129264.77 rows=1315 width=184) (actual time=3.234..582.540 rows=1660 loops=1)
                     Hash Cond: (store_sales.item_sk = item.item_sk)
                     ->  Seq Scan on store_sales  (cost=0.00..128555.30 rows=38008 width=132) (actual time=0.028..574.990 rows=44809 loops=1)
                           Filter: ((ext_discount_amt <= '0'::double precision) AND (ext_discount_amt >= '0'::double precision) AND (net_paid_inc_tax <= '405.52'::double precision) AND (net_paid_inc_tax >= '190.12'::double precision) AND (net_profit <= '-458.28'::double precision) AND (net_profit >= '-1120.14'::double precision))
                           Rows Removed by Filter: 2835595
                     ->  Hash  (cost=546.00..546.00 rows=623 width=52) (actual time=2.179..2.180 rows=650 loops=1)
                           Buckets: 1024  Batches: 1  Memory Usage: 64kB
                           ->  Seq Scan on item  (cost=0.00..546.00 rows=623 width=52) (actual time=0.010..2.114 rows=650 loops=1)
                                 Filter: ((class_id <= '8'::double precision) AND (class_id >= '1'::double precision) AND (manufact_id <= '331'::double precision) AND (manufact_id >= '306'::double precision))
                                 Rows Removed by Filter: 17350
   ->  Hash  (cost=23.60..23.60 rows=1360 width=32) (actual time=0.011..0.011 rows=12 loops=1)
         Buckets: 2048  Batches: 1  Memory Usage: 17kB
         ->  Seq Scan on store  (cost=0.00..23.60 rows=1360 width=32) (actual time=0.005..0.007 rows=12 loops=1)
 Planning Time: 0.249 ms
 Execution Time: 602.691 ms
(22 rows)

                                                                                                                                               QUERY PLAN                                                                                                                                               
--------------------------------------------------------------------------------------------------------------------------------------------------------------------------------------------------------------------------------------------------------------------------------------------------------
 Nested Loop  (cost=566.98..129237.63 rows=6 width=244) (actual time=1998.754..1998.819 rows=1 loops=1)
   Join Filter: ((item.item_sk)::double precision = promotion.item_sk)
   Rows Removed by Join Filter: 34397
   ->  Seq Scan on promotion  (cost=0.00..7.50 rows=294 width=28) (actual time=0.007..0.056 rows=294 loops=1)
         Filter: ((cost <= '1000'::double precision) AND (cost >= '1000'::double precision))
         Rows Removed by Filter: 6
   ->  Materialize  (cost=566.98..129199.27 rows=6 width=216) (actual time=0.023..6.781 rows=117 loops=294)
         ->  Hash Join  (cost=566.98..129199.24 rows=6 width=216) (actual time=6.668..1991.897 rows=117 loops=1)
               Hash Cond: (store_sales.item_sk = item.item_sk)
               ->  Nested Loop  (cost=0.00..128632.16 rows=13 width=164) (actual time=2.376..1988.634 rows=212 loops=1)
                     Join Filter: (store_sales.store_sk = (store.store_sk)::double precision)
                     Rows Removed by Join Filter: 2520
                     ->  Seq Scan on store  (cost=0.00..37.20 rows=1 width=32) (actual time=0.003..0.009 rows=4 loops=1)
                           Filter: ((floor_space <= 9341467) AND (floor_space >= 9078805) AND (tax_percentage <= '0.11'::double precision) AND (tax_percentage >= '0.03'::double precision))
                           Rows Removed by Filter: 8
                     ->  Seq Scan on store_sales  (cost=0.00..128555.30 rows=2644 width=132) (actual time=0.740..497.057 rows=683 loops=4)
                           Filter: ((quantity <= '11'::double precision) AND (quantity >= '9'::double precision) AND (net_paid <= '2181.52'::double precision) AND (net_paid >= '843.54'::double precision) AND (net_profit <= '-1'::double precision) AND (net_profit >= '-189.54'::double precision))
                           Rows Removed by Filter: 2879721
               ->  Hash  (cost=456.00..456.00 rows=8878 width=52) (actual time=3.091..3.092 rows=8878 loops=1)
                     Buckets: 16384  Batches: 1  Memory Usage: 891kB
                     ->  Seq Scan on item  (cost=0.00..456.00 rows=8878 width=52) (actual time=0.005..2.211 rows=8878 loops=1)
                           Filter: ((category_id <= '10'::double precision) AND (category_id >= '6'::double precision))
                           Rows Removed by Filter: 9122
 Planning Time: 0.261 ms
 Execution Time: 1998.867 ms
(25 rows)

                                                                                                      QUERY PLAN                                                                                                      
----------------------------------------------------------------------------------------------------------------------------------------------------------------------------------------------------------------------
 Merge Join  (cost=141452.26..143195.19 rows=99013 width=244) (actual time=977.503..977.899 rows=1124 loops=1)
   Merge Cond: (((store.store_sk)::double precision) = store_sales.store_sk)
   ->  Sort  (cost=94.38..97.78 rows=1360 width=32) (actual time=0.017..0.019 rows=11 loops=1)
         Sort Key: ((store.store_sk)::double precision)
         Sort Method: quicksort  Memory: 25kB
         ->  Seq Scan on store  (cost=0.00..23.60 rows=1360 width=32) (actual time=0.007..0.010 rows=12 loops=1)
   ->  Sort  (cost=141357.88..141395.98 rows=15242 width=212) (actual time=977.478..977.533 rows=1125 loops=1)
         Sort Key: store_sales.store_sk
         Sort Method: quicksort  Memory: 348kB
         ->  Hash Join  (cost=133542.31..140298.88 rows=15242 width=212) (actual time=961.617..977.022 rows=1129 loops=1)
               Hash Cond: ((customer.customer_sk)::double precision = store_sales.customer_sk)
               ->  Seq Scan on customer  (cost=0.00..2227.00 rows=15910 width=28) (actual time=0.006..9.425 rows=16218 loops=1)
                     Filter: ((birth_month <= '5'::double precision) AND (birth_month >= '4'::double precision))
                     Rows Removed by Filter: 83782
               ->  Hash  (cost=131253.54..131253.54 rows=60382 width=184) (actual time=955.706..955.708 rows=7209 loops=1)
                     Buckets: 32768  Batches: 4  Memory Usage: 648kB
                     ->  Hash Join  (cost=117619.28..131253.54 rows=60382 width=184) (actual time=804.643..946.558 rows=7302 loops=1)
                           Hash Cond: (item.wholesale_cost = store_sales.wholesale_cost)
                           ->  Seq Scan on item  (cost=0.00..546.00 rows=1131 width=52) (actual time=0.005..2.137 rows=1153 loops=1)
                                 Filter: ((category_id <= '6'::double precision) AND (category_id >= '3'::double precision) AND (manufact_id <= '102'::double precision) AND (manufact_id >= '15'::double precision))
                                 Rows Removed by Filter: 16847
                           ->  Hash  (cost=99753.18..99753.18 rows=557768 width=132) (actual time=804.590..804.591 rows=546446 loops=1)
                                 Buckets: 32768  Batches: 32  Memory Usage: 3131kB
                                 ->  Seq Scan on store_sales  (cost=0.00..99753.18 rows=557768 width=132) (actual time=0.032..565.236 rows=559771 loops=1)
                                       Filter: ((net_paid_inc_tax <= '2841.06'::double precision) AND (net_paid_inc_tax >= '1260.63'::double precision))
                                       Rows Removed by Filter: 2320633
 Planning Time: 0.286 ms
 Execution Time: 977.995 ms
(28 rows)

                                                                                                           QUERY PLAN                                                                                                            
---------------------------------------------------------------------------------------------------------------------------------------------------------------------------------------------------------------------------------
 Hash Join  (cost=99596.81..101919.89 rows=9608 width=244) (actual time=757.194..880.699 rows=86198 loops=1)
   Hash Cond: ((customer.customer_sk)::double precision = store_sales.customer_sk)
   ->  Seq Scan on customer  (cost=0.00..1727.00 rows=100000 width=28) (actual time=0.006..8.610 rows=100000 loops=1)
   ->  Hash  (cost=99521.11..99521.11 rows=6056 width=216) (actual time=757.174..757.178 rows=86198 loops=1)
         Buckets: 16384 (originally 8192)  Batches: 8 (originally 1)  Memory Usage: 3969kB
         ->  Hash Join  (cost=590.64..99521.11 rows=6056 width=216) (actual time=2.238..687.251 rows=88327 loops=1)
               Hash Cond: (store_sales.store_sk = (store.store_sk)::double precision)
               ->  Hash Join  (cost=560.15..98524.39 rows=181133 width=184) (actual time=2.226..647.635 rows=185058 loops=1)
                     Hash Cond: (store_sales.item_sk = item.item_sk)
                     ->  Seq Scan on store_sales  (cost=0.00..85352.12 rows=2880212 width=132) (actual time=0.029..320.668 rows=2880404 loops=1)
                     ->  Hash  (cost=546.00..546.00 rows=1132 width=52) (actual time=2.190..2.191 rows=1168 loops=1)
                           Buckets: 2048  Batches: 1  Memory Usage: 117kB
                           ->  Seq Scan on item  (cost=0.00..546.00 rows=1132 width=52) (actual time=0.005..2.078 rows=1168 loops=1)
                                 Filter: ((current_price <= '5.49'::double precision) AND (current_price >= '2.34'::double precision) AND (manufact_id <= '303'::double precision) AND (manufact_id >= '205'::double precision))
                                 Rows Removed by Filter: 16832
               ->  Hash  (cost=30.40..30.40 rows=7 width=32) (actual time=0.007..0.008 rows=6 loops=1)
                     Buckets: 1024  Batches: 1  Memory Usage: 9kB
                     ->  Seq Scan on store  (cost=0.00..30.40 rows=7 width=32) (actual time=0.004..0.005 rows=6 loops=1)
                           Filter: ((floor_space <= 9341467) AND (floor_space >= 8954883))
                           Rows Removed by Filter: 6
 Planning Time: 0.270 ms
 Execution Time: 883.744 ms
(22 rows)

                                                                                                          QUERY PLAN                                                                                                          
------------------------------------------------------------------------------------------------------------------------------------------------------------------------------------------------------------------------------
 Merge Join  (cost=150556.87..168107.10 rows=980719 width=244) (actual time=997.035..1054.956 rows=88780 loops=1)
   Merge Cond: (((store.store_sk)::double precision) = store_sales.store_sk)
   ->  Sort  (cost=94.38..97.78 rows=1360 width=32) (actual time=0.022..0.024 rows=11 loops=1)
         Sort Key: ((store.store_sk)::double precision)
         Sort Method: quicksort  Memory: 25kB
         ->  Seq Scan on store  (cost=0.00..23.60 rows=1360 width=32) (actual time=0.010..0.014 rows=12 loops=1)
   ->  Materialize  (cost=150462.49..151217.35 rows=150972 width=212) (actual time=997.006..1026.417 rows=88781 loops=1)
         ->  Sort  (cost=150462.49..150839.92 rows=150972 width=212) (actual time=997.003..1013.710 rows=88781 loops=1)
               Sort Key: store_sales.store_sk
               Sort Method: external merge  Disk: 20632kB
               ->  Hash Join  (cost=107100.21..121991.94 rows=150972 width=212) (actual time=821.295..941.995 rows=90969 loops=1)
                     Hash Cond: ((customer.customer_sk)::double precision = store_sales.customer_sk)
                     ->  Seq Scan on customer  (cost=0.00..2227.00 rows=43887 width=28) (actual time=0.007..11.578 rows=43452 loops=1)
                           Filter: ((birth_year <= '1961'::double precision) AND (birth_year >= '1931'::double precision))
                           Rows Removed by Filter: 56548
                     ->  Hash  (cost=98884.01..98884.01 rows=216816 width=184) (actual time=821.236..821.238 rows=207949 loops=1)
                           Buckets: 32768  Batches: 16  Memory Usage: 3092kB
                           ->  Hash Join  (cost=562.94..98884.01 rows=216816 width=184) (actual time=2.274..671.227 rows=217608 loops=1)
                                 Hash Cond: (store_sales.item_sk = item.item_sk)
                                 ->  Seq Scan on store_sales  (cost=0.00..85352.12 rows=2880212 width=132) (actual time=0.031..326.879 rows=2880404 loops=1)
                                 ->  Hash  (cost=546.00..546.00 rows=1355 width=52) (actual time=2.236..2.236 rows=1371 loops=1)
                                       Buckets: 2048  Batches: 1  Memory Usage: 134kB
                                       ->  Seq Scan on item  (cost=0.00..546.00 rows=1355 width=52) (actual time=0.007..2.099 rows=1371 loops=1)
                                             Filter: ((class_id <= '12'::double precision) AND (class_id >= '4'::double precision) AND (manufact_id <= '213'::double precision) AND (manufact_id >= '113'::double precision))
                                             Rows Removed by Filter: 16629
 Planning Time: 0.264 ms
 Execution Time: 1062.226 ms
(27 rows)

                                                                                                                                                               QUERY PLAN                                                                                                                                                               
----------------------------------------------------------------------------------------------------------------------------------------------------------------------------------------------------------------------------------------------------------------------------------------------------------------------------------------
 Hash Join  (cost=197454.14..210830.24 rows=50933 width=240) (actual time=2155.459..2232.239 rows=41043 loops=1)
   Hash Cond: (store_sales.promo_sk = (promotion.promo_sk)::double precision)
   ->  Hash Join  (cost=197444.39..206176.85 rows=53346 width=212) (actual time=2155.364..2220.761 rows=41170 loops=1)
         Hash Cond: ((customer.customer_sk)::double precision = store_sales.customer_sk)
         ->  Seq Scan on customer  (cost=0.00..1727.00 rows=100000 width=28) (actual time=0.004..7.809 rows=100000 loops=1)
         ->  Hash  (cost=196170.10..196170.10 rows=33623 width=184) (actual time=2155.316..2155.319 rows=41170 loops=1)
               Buckets: 32768 (originally 32768)  Batches: 4 (originally 2)  Memory Usage: 3841kB
               ->  Hash Join  (cost=169771.42..196170.10 rows=33623 width=184) (actual time=1543.060..2130.114 rows=41439 loops=1)
                     Hash Cond: (item.wholesale_cost = store_sales.wholesale_cost)
                     ->  Seq Scan on item  (cost=0.00..546.00 rows=273 width=52) (actual time=0.041..2.352 rows=263 loops=1)
                           Filter: ((brand_id <= '6013008'::double precision) AND (brand_id >= '3004002'::double precision) AND (manufact_id <= '597'::double precision) AND (manufact_id >= '543'::double precision))
                           Rows Removed by Filter: 17737
                     ->  Hash  (cost=128555.30..128555.30 rows=1286730 width=132) (actual time=1458.510..1458.511 rows=1726483 loops=1)
                           Buckets: 32768 (originally 32768)  Batches: 128 (originally 64)  Memory Usage: 3841kB
                           ->  Seq Scan on store_sales  (cost=0.00..128555.30 rows=1286730 width=132) (actual time=0.028..723.863 rows=1747561 loops=1)
                                 Filter: ((ext_discount_amt <= '0'::double precision) AND (ext_discount_amt >= '0'::double precision) AND (ext_list_price <= '6855.96'::double precision) AND (ext_list_price >= '28.2'::double precision) AND (ext_coupon_amt <= '0'::double precision) AND (ext_coupon_amt >= '0'::double precision))
                                 Rows Removed by Filter: 1132843
   ->  Hash  (cost=6.00..6.00 rows=300 width=28) (actual time=0.072..0.072 rows=300 loops=1)
         Buckets: 1024  Batches: 1  Memory Usage: 27kB
         ->  Seq Scan on promotion  (cost=0.00..6.00 rows=300 width=28) (actual time=0.011..0.035 rows=300 loops=1)
 Planning Time: 0.296 ms
 Execution Time: 2233.754 ms
(22 rows)

                                                                                                          QUERY PLAN                                                                                                           
-------------------------------------------------------------------------------------------------------------------------------------------------------------------------------------------------------------------------------
 Hash Join  (cost=101651.26..103888.40 rows=3 width=244) (actual time=488.486..505.768 rows=321 loops=1)
   Hash Cond: (store_sales.store_sk = (store.store_sk)::double precision)
   ->  Hash Join  (cost=101614.04..103847.78 rows=674 width=212) (actual time=488.467..505.615 rows=638 loops=1)
         Hash Cond: ((customer.customer_sk)::double precision = store_sales.customer_sk)
         ->  Seq Scan on customer  (cost=0.00..1727.00 rows=100000 width=28) (actual time=0.004..7.053 rows=100000 loops=1)
         ->  Hash  (cost=101608.73..101608.73 rows=425 width=184) (actual time=488.379..488.381 rows=638 loops=1)
               Buckets: 1024  Batches: 1  Memory Usage: 147kB
               ->  Hash Join  (cost=546.27..101608.73 rows=425 width=184) (actual time=2.078..488.005 rows=651 loops=1)
                     Hash Cond: (store_sales.item_sk = item.item_sk)
                     ->  Seq Scan on store_sales  (cost=0.00..99753.18 rows=348007 width=132) (actual time=0.028..460.532 rows=347844 loops=1)
                           Filter: ((ext_wholesale_cost <= '3247.1'::double precision) AND (ext_wholesale_cost >= '2280.8'::double precision))
                           Rows Removed by Filter: 2532560
                     ->  Hash  (cost=546.00..546.00 rows=22 width=52) (actual time=2.013..2.014 rows=35 loops=1)
                           Buckets: 1024  Batches: 1  Memory Usage: 12kB
                           ->  Seq Scan on item  (cost=0.00..546.00 rows=22 width=52) (actual time=0.032..2.008 rows=35 loops=1)
                                 Filter: ((current_price <= '6.84'::double precision) AND (current_price >= '0.46'::double precision) AND (manufact_id <= '39'::double precision) AND (manufact_id >= '38'::double precision))
                                 Rows Removed by Filter: 17965
   ->  Hash  (cost=37.20..37.20 rows=1 width=32) (actual time=0.012..0.012 rows=6 loops=1)
         Buckets: 1024  Batches: 1  Memory Usage: 9kB
         ->  Seq Scan on store  (cost=0.00..37.20 rows=1 width=32) (actual time=0.007..0.010 rows=6 loops=1)
               Filter: ((number_employees <= 294) AND (number_employees >= 236) AND (company_id <= 877) AND (company_id >= 226))
               Rows Removed by Filter: 6
 Planning Time: 0.327 ms
 Execution Time: 505.841 ms
(24 rows)

                                                                QUERY PLAN                                                                 
-------------------------------------------------------------------------------------------------------------------------------------------
 Hash Join  (cost=632.66..107796.94 rows=38355 width=244) (actual time=3.862..1360.850 rows=24618 loops=1)
   Hash Cond: ((item.item_sk)::double precision = promotion.item_sk)
   ->  Hash Join  (cost=621.49..107110.68 rows=38871 width=216) (actual time=3.748..1233.563 rows=1135480 loops=1)
         Hash Cond: (store_sales.item_sk = item.item_sk)
         ->  Hash Join  (cost=30.49..105985.21 rows=38871 width=164) (actual time=0.037..866.023 rows=1135480 loops=1)
               Hash Cond: (store_sales.store_sk = (store.store_sk)::double precision)
               ->  Seq Scan on store_sales  (cost=0.00..99753.18 rows=1162566 width=132) (actual time=0.025..509.320 rows=1162929 loops=1)
                     Filter: ((sales_price <= '140.26'::double precision) AND (sales_price >= '33.77'::double precision))
                     Rows Removed by Filter: 1717475
               ->  Hash  (cost=30.40..30.40 rows=7 width=32) (actual time=0.007..0.008 rows=12 loops=1)
                     Buckets: 1024  Batches: 1  Memory Usage: 9kB
                     ->  Seq Scan on store  (cost=0.00..30.40 rows=7 width=32) (actual time=0.002..0.005 rows=12 loops=1)
                           Filter: ((devision_id <= 1) AND (devision_id >= 1))
         ->  Hash  (cost=366.00..366.00 rows=18000 width=52) (actual time=3.689..3.689 rows=18000 loops=1)
               Buckets: 32768  Batches: 1  Memory Usage: 1801kB
               ->  Seq Scan on item  (cost=0.00..366.00 rows=18000 width=52) (actual time=0.004..1.634 rows=18000 loops=1)
   ->  Hash  (cost=7.50..7.50 rows=294 width=28) (actual time=0.075..0.075 rows=291 loops=1)
         Buckets: 1024  Batches: 1  Memory Usage: 27kB
         ->  Seq Scan on promotion  (cost=0.00..7.50 rows=294 width=28) (actual time=0.008..0.045 rows=294 loops=1)
               Filter: ((cost <= '1000'::double precision) AND (cost >= '1000'::double precision))
               Rows Removed by Filter: 6
 Planning Time: 0.283 ms
 Execution Time: 1362.131 ms
(23 rows)

                                                                                                                                                                                                              QUERY PLAN                                                                                                                                                                                                               
---------------------------------------------------------------------------------------------------------------------------------------------------------------------------------------------------------------------------------------------------------------------------------------------------------------------------------------------------------------------------------------------------------------------------------------
 Hash Join  (cost=143669.44..151157.40 rows=1097 width=240) (actual time=596.863..614.020 rows=456 loops=1)
   Hash Cond: ((customer.customer_sk)::double precision = store_sales.customer_sk)
   ->  Seq Scan on customer  (cost=0.00..1727.00 rows=100000 width=28) (actual time=0.006..7.204 rows=100000 loops=1)
   ->  Hash  (cost=143660.80..143660.80 rows=691 width=212) (actual time=596.842..596.844 rows=456 loops=1)
         Buckets: 1024  Batches: 1  Memory Usage: 122kB
         ->  Hash Join  (cost=564.52..143660.80 rows=691 width=212) (actual time=2.433..596.534 rows=456 loops=1)
               Hash Cond: (store_sales.promo_sk = (promotion.promo_sk)::double precision)
               ->  Hash Join  (cost=554.77..143588.03 rows=724 width=184) (actual time=2.363..596.162 rows=459 loops=1)
                     Hash Cond: (store_sales.item_sk = item.item_sk)
                     ->  Seq Scan on store_sales  (cost=0.00..142956.36 rows=18576 width=132) (actual time=0.052..592.297 rows=11193 loops=1)
                           Filter: ((list_price <= '108.44'::double precision) AND (list_price >= '18.86'::double precision) AND (ext_wholesale_cost <= '6215.76'::double precision) AND (ext_wholesale_cost >= '3601.26'::double precision) AND (net_paid <= '4660.21'::double precision) AND (net_paid >= '1184.43'::double precision) AND (net_profit <= '641.76'::double precision) AND (net_profit >= '-29.7'::double precision))
                           Rows Removed by Filter: 2869211
                     ->  Hash  (cost=546.00..546.00 rows=702 width=52) (actual time=2.096..2.097 rows=696 loops=1)
                           Buckets: 1024  Batches: 1  Memory Usage: 68kB
                           ->  Seq Scan on item  (cost=0.00..546.00 rows=702 width=52) (actual time=0.007..2.023 rows=696 loops=1)
                                 Filter: ((brand_id <= '8003003'::double precision) AND (brand_id >= '6012007'::double precision) AND (manufact_id <= '632'::double precision) AND (manufact_id >= '336'::double precision))
                                 Rows Removed by Filter: 17304
               ->  Hash  (cost=6.00..6.00 rows=300 width=28) (actual time=0.066..0.066 rows=300 loops=1)
                     Buckets: 1024  Batches: 1  Memory Usage: 27kB
                     ->  Seq Scan on promotion  (cost=0.00..6.00 rows=300 width=28) (actual time=0.005..0.029 rows=300 loops=1)
 Planning Time: 0.291 ms
 Execution Time: 614.080 ms
(22 rows)

                                                                   QUERY PLAN                                                                    
-------------------------------------------------------------------------------------------------------------------------------------------------
 Hash Join  (cost=104799.44..119031.25 rows=152792 width=244) (actual time=2671.763..4389.961 rows=1789446 loops=1)
   Hash Cond: (store_sales.item_sk = item.item_sk)
   ->  Hash Join  (cost=104208.44..116339.36 rows=152792 width=192) (actual time=2668.005..3841.913 rows=1789446 loops=1)
         Hash Cond: ((customer.customer_sk)::double precision = store_sales.customer_sk)
         ->  Seq Scan on customer  (cost=0.00..1727.00 rows=100000 width=28) (actual time=0.003..8.860 rows=100000 loops=1)
         ->  Hash  (cost=100746.68..100746.68 rows=96301 width=164) (actual time=2523.049..2523.051 rows=1789446 loops=1)
               Buckets: 32768 (originally 32768)  Batches: 128 (originally 8)  Memory Usage: 3841kB
               ->  Hash Join  (cost=30.49..100746.68 rows=96301 width=164) (actual time=0.037..1233.891 rows=1832684 loops=1)
                     Hash Cond: (store_sales.store_sk = (store.store_sk)::double precision)
                     ->  Seq Scan on store_sales  (cost=0.00..85352.12 rows=2880212 width=132) (actual time=0.022..380.751 rows=2880404 loops=1)
                     ->  Hash  (cost=30.40..30.40 rows=7 width=32) (actual time=0.006..0.006 rows=7 loops=1)
                           Buckets: 1024  Batches: 1  Memory Usage: 9kB
                           ->  Seq Scan on store  (cost=0.00..30.40 rows=7 width=32) (actual time=0.003..0.004 rows=7 loops=1)
                                 Filter: ((number_employees <= 278) AND (number_employees >= 218))
                                 Rows Removed by Filter: 5
   ->  Hash  (cost=366.00..366.00 rows=18000 width=52) (actual time=3.727..3.727 rows=18000 loops=1)
         Buckets: 32768  Batches: 1  Memory Usage: 1801kB
         ->  Seq Scan on item  (cost=0.00..366.00 rows=18000 width=52) (actual time=0.006..1.612 rows=18000 loops=1)
 Planning Time: 0.240 ms
 Execution Time: 4452.947 ms
(20 rows)

                                                                                                                                                               QUERY PLAN                                                                                                                                                               
----------------------------------------------------------------------------------------------------------------------------------------------------------------------------------------------------------------------------------------------------------------------------------------------------------------------------------------
 Merge Join  (cost=135530.62..138542.57 rows=167838 width=244) (actual time=601.877..602.686 rows=1288 loops=1)
   Merge Cond: (((store.store_sk)::double precision) = store_sales.store_sk)
   ->  Sort  (cost=94.38..97.78 rows=1360 width=32) (actual time=0.020..0.022 rows=11 loops=1)
         Sort Key: ((store.store_sk)::double precision)
         Sort Method: quicksort  Memory: 25kB
         ->  Seq Scan on store  (cost=0.00..23.60 rows=1360 width=32) (actual time=0.010..0.014 rows=12 loops=1)
   ->  Materialize  (cost=135436.23..135565.42 rows=25837 width=212) (actual time=601.848..602.193 rows=1289 loops=1)
         ->  Sort  (cost=135436.23..135500.82 rows=25837 width=212) (actual time=601.845..601.959 rows=1289 loops=1)
               Sort Key: store_sales.store_sk
               Sort Method: quicksort  Memory: 392kB
               ->  Hash Join  (cost=576.29..130893.25 rows=25837 width=212) (actual time=3.459..600.901 rows=1293 loops=1)
                     Hash Cond: ((item.item_sk)::double precision = promotion.item_sk)
                     ->  Hash Join  (cost=566.54..130432.67 rows=25661 width=184) (actual time=2.555..594.434 rows=47830 loops=1)
                           Hash Cond: (store_sales.item_sk = item.item_sk)
                           ->  Seq Scan on store_sales  (cost=0.00..128555.30 rows=281126 width=132) (actual time=0.032..558.899 rows=188793 loops=1)
                                 Filter: ((ext_wholesale_cost <= '4732.52'::double precision) AND (ext_wholesale_cost >= '912.24'::double precision) AND (ext_tax <= '19.51'::double precision) AND (ext_tax >= '1.57'::double precision) AND (ext_coupon_amt <= '0'::double precision) AND (ext_coupon_amt >= '-1'::double precision))
                                 Rows Removed by Filter: 2691611
                           ->  Hash  (cost=546.00..546.00 rows=1643 width=52) (actual time=2.510..2.510 rows=4331 loops=1)
                                 Buckets: 8192 (originally 2048)  Batches: 1 (originally 1)  Memory Usage: 437kB
                                 ->  Seq Scan on item  (cost=0.00..546.00 rows=1643 width=52) (actual time=0.005..2.056 rows=4331 loops=1)
                                       Filter: ((brand_id <= '4004001'::double precision) AND (brand_id >= '1004002'::double precision) AND (category_id <= '4'::double precision) AND (category_id >= '2'::double precision))
                                       Rows Removed by Filter: 13669
                     ->  Hash  (cost=6.00..6.00 rows=300 width=28) (actual time=0.064..0.065 rows=293 loops=1)
                           Buckets: 1024  Batches: 1  Memory Usage: 27kB
                           ->  Seq Scan on promotion  (cost=0.00..6.00 rows=300 width=28) (actual time=0.005..0.029 rows=300 loops=1)
 Planning Time: 0.289 ms
 Execution Time: 602.785 ms
(27 rows)

                                                                                                                                                                                                                                                 QUERY PLAN                                                                                                                                                                                                                                                 
------------------------------------------------------------------------------------------------------------------------------------------------------------------------------------------------------------------------------------------------------------------------------------------------------------------------------------------------------------------------------------------------------------------------------------------------------------------------------------------------------------
 Hash Join  (cost=162384.99..162999.51 rows=1528 width=240) (actual time=567.419..578.801 rows=12 loops=1)
   Hash Cond: ((store_sales.item_sk)::double precision = promotion.item_sk)
   ->  Hash Join  (cost=162373.82..162961.44 rows=1549 width=212) (actual time=565.869..578.605 rows=511 loops=1)
         Hash Cond: (store_sales.wholesale_cost = item.wholesale_cost)
         ->  Merge Join  (cost=161859.61..162136.45 rows=3474 width=160) (actual time=563.231..575.031 rows=7312 loops=1)
               Merge Cond: (store_sales.customer_sk = ((customer.customer_sk)::double precision))
               ->  Sort  (cost=157999.52..158023.77 rows=9697 width=132) (actual time=549.417..553.647 rows=32098 loops=1)
                     Sort Key: store_sales.customer_sk
                     Sort Method: external merge  Disk: 4608kB
                     ->  Seq Scan on store_sales  (cost=0.00..157357.42 rows=9697 width=132) (actual time=0.085..526.307 rows=32157 loops=1)
                           Filter: ((quantity <= '77'::double precision) AND (quantity >= '73'::double precision) AND (sales_price <= '68.13'::double precision) AND (sales_price >= '3.37'::double precision) AND (ext_tax <= '485.72'::double precision) AND (ext_tax >= '26.86'::double precision) AND (net_paid <= '2839.1'::double precision) AND (net_paid >= '251.55'::double precision) AND (net_paid_inc_tax <= '8132.88'::double precision) AND (net_paid_inc_tax >= '897.45'::double precision))
                           Rows Removed by Filter: 2848247
               ->  Sort  (cost=3860.08..3916.54 rows=22583 width=28) (actual time=13.804..14.827 rows=23772 loops=1)
                     Sort Key: ((customer.customer_sk)::double precision)
                     Sort Method: quicksort  Memory: 2515kB
                     ->  Seq Scan on customer  (cost=0.00..2227.00 rows=22583 width=28) (actual time=0.012..10.619 rows=22360 loops=1)
                           Filter: ((birth_year <= '1954'::double precision) AND (birth_year >= '1939'::double precision))
                           Rows Removed by Filter: 77640
         ->  Hash  (cost=456.00..456.00 rows=4657 width=52) (actual time=2.565..2.566 rows=4663 loops=1)
               Buckets: 8192  Batches: 1  Memory Usage: 465kB
               ->  Seq Scan on item  (cost=0.00..456.00 rows=4657 width=52) (actual time=0.004..2.063 rows=4671 loops=1)
                     Filter: ((manufact_id <= '410'::double precision) AND (manufact_id >= '231'::double precision))
                     Rows Removed by Filter: 13329
   ->  Hash  (cost=7.50..7.50 rows=294 width=28) (actual time=0.109..0.109 rows=291 loops=1)
         Buckets: 1024  Batches: 1  Memory Usage: 27kB
         ->  Seq Scan on promotion  (cost=0.00..7.50 rows=294 width=28) (actual time=0.009..0.052 rows=294 loops=1)
               Filter: ((cost <= '1000'::double precision) AND (cost >= '1000'::double precision))
               Rows Removed by Filter: 6
 Planning Time: 0.357 ms
 Execution Time: 579.750 ms
(30 rows)

                                                                                                                      QUERY PLAN                                                                                                                      
------------------------------------------------------------------------------------------------------------------------------------------------------------------------------------------------------------------------------------------------------
 Hash Join  (cost=162401.16..283625.00 rows=1834790 width=244) (actual time=980.989..1248.966 rows=230231 loops=1)
   Hash Cond: (store_sales.store_sk = (store.store_sk)::double precision)
   ->  Merge Join  (cost=162360.56..168498.43 rows=282447 width=212) (actual time=980.969..1176.948 rows=231644 loops=1)
         Merge Cond: (((customer.customer_sk)::double precision) = store_sales.customer_sk)
         ->  Sort  (cost=12425.82..12675.82 rows=100000 width=28) (actual time=40.648..52.662 rows=100000 loops=1)
               Sort Key: ((customer.customer_sk)::double precision)
               Sort Method: external merge  Disk: 4824kB
               ->  Seq Scan on customer  (cost=0.00..1727.00 rows=100000 width=28) (actual time=0.005..12.184 rows=100000 loops=1)
         ->  Materialize  (cost=149934.74..150824.84 rows=178020 width=184) (actual time=940.311..1031.397 rows=231645 loops=1)
               ->  Sort  (cost=149934.74..150379.79 rows=178020 width=184) (actual time=940.307..998.676 rows=231645 loops=1)
                     Sort Key: store_sales.customer_sk
                     Sort Method: external merge  Disk: 46160kB
                     ->  Hash Join  (cost=526.67..118586.40 rows=178020 width=184) (actual time=2.449..742.805 rows=234545 loops=1)
                           Hash Cond: (store_sales.item_sk = item.item_sk)
                           ->  Seq Scan on store_sales  (cost=0.00..114154.24 rows=566742 width=132) (actual time=0.031..613.776 rows=733290 loops=1)
                                 Filter: ((ext_wholesale_cost <= '3545.9'::double precision) AND (ext_wholesale_cost >= '1004.18'::double precision) AND (net_profit <= '-53.97'::double precision) AND (net_profit >= '-2709.97'::double precision))
                                 Rows Removed by Filter: 2147114
                           ->  Hash  (cost=456.00..456.00 rows=5654 width=52) (actual time=2.407..2.408 rows=5668 loops=1)
                                 Buckets: 8192  Batches: 1  Memory Usage: 551kB
                                 ->  Seq Scan on item  (cost=0.00..456.00 rows=5654 width=52) (actual time=0.005..1.869 rows=5668 loops=1)
                                       Filter: ((brand_id <= '7010001'::double precision) AND (brand_id >= '4002002'::double precision))
                                       Rows Removed by Filter: 12332
   ->  Hash  (cost=23.60..23.60 rows=1360 width=32) (actual time=0.010..0.011 rows=12 loops=1)
         Buckets: 2048  Batches: 1  Memory Usage: 17kB
         ->  Seq Scan on store  (cost=0.00..23.60 rows=1360 width=32) (actual time=0.005..0.007 rows=12 loops=1)
 Planning Time: 0.310 ms
 Execution Time: 1266.126 ms
(27 rows)

                                                                                                                                                                                                                  QUERY PLAN                                                                                                                                                                                                                   
-----------------------------------------------------------------------------------------------------------------------------------------------------------------------------------------------------------------------------------------------------------------------------------------------------------------------------------------------------------------------------------------------------------------------------------------------
 Nested Loop  (cost=559.20..144969.60 rows=58 width=244) (actual time=2546.930..2939.732 rows=161 loops=1)
   Join Filter: ((item.item_sk)::double precision = promotion.item_sk)
   Rows Removed by Join Filter: 2014800
   ->  Seq Scan on promotion  (cost=0.00..7.50 rows=293 width=28) (actual time=0.011..0.137 rows=293 loops=1)
         Filter: ((response_target <= '1'::double precision) AND (response_target >= '1'::double precision))
         Rows Removed by Filter: 7
   ->  Materialize  (cost=559.20..144659.73 rows=59 width=216) (actual time=0.007..8.972 rows=6877 loops=293)
         ->  Nested Loop  (cost=559.20..144659.43 rows=59 width=216) (actual time=2.142..2537.552 rows=6877 loops=1)
               Join Filter: (store_sales.store_sk = (store.store_sk)::double precision)
               Rows Removed by Join Filter: 75827
               ->  Seq Scan on store  (cost=0.00..44.00 rows=1 width=32) (actual time=0.003..0.008 rows=4 loops=1)
                     Filter: ((number_employees <= 294) AND (number_employees >= 218) AND (company_id <= 767) AND (company_id >= 220) AND (tax_percentage <= '0.03'::double precision) AND (tax_percentage >= '0.01'::double precision))
                     Rows Removed by Filter: 8
               ->  Hash Join  (cost=559.20..144429.90 rows=12369 width=184) (actual time=0.557..632.122 rows=20676 loops=4)
                     Hash Cond: (store_sales.item_sk = item.item_sk)
                     ->  Seq Scan on store_sales  (cost=0.00..142956.36 rows=210839 width=132) (actual time=0.015..595.024 rows=343447 loops=4)
                           Filter: ((ext_discount_amt <= '151.11'::double precision) AND (ext_discount_amt >= '0'::double precision) AND (ext_wholesale_cost <= '865.48'::double precision) AND (ext_wholesale_cost >= '327.76'::double precision) AND (ext_coupon_amt <= '432.58'::double precision) AND (ext_coupon_amt >= '0'::double precision) AND (net_paid <= '2931.06'::double precision) AND (net_paid >= '37.23'::double precision))
                           Rows Removed by Filter: 2536957
                     ->  Hash  (cost=546.00..546.00 rows=1056 width=52) (actual time=2.009..2.010 rows=1061 loops=1)
                           Buckets: 2048  Batches: 1  Memory Usage: 108kB
                           ->  Seq Scan on item  (cost=0.00..546.00 rows=1056 width=52) (actual time=0.005..1.901 rows=1061 loops=1)
                                 Filter: ((brand_id <= '5002002'::double precision) AND (brand_id >= '4004001'::double precision) AND (manufact_id <= '747'::double precision) AND (manufact_id >= '54'::double precision))
                                 Rows Removed by Filter: 16939
 Planning Time: 0.286 ms
 Execution Time: 2939.849 ms
(25 rows)

                                                                                                                         QUERY PLAN                                                                                                                         
------------------------------------------------------------------------------------------------------------------------------------------------------------------------------------------------------------------------------------------------------------
 Hash Join  (cost=162065.43..184293.96 rows=306466 width=240) (actual time=1214.239..1872.442 rows=1275951 loops=1)
   Hash Cond: (store_sales.wholesale_cost = item.wholesale_cost)
   ->  Merge Join  (cost=161474.43..165518.75 rows=177877 width=188) (actual time=1210.640..1568.787 rows=426857 loops=1)
         Merge Cond: (((customer.customer_sk)::double precision) = store_sales.customer_sk)
         ->  Sort  (cost=8124.94..8307.47 rows=73013 width=28) (actual time=31.871..41.389 rows=73334 loops=1)
               Sort Key: ((customer.customer_sk)::double precision)
               Sort Method: external merge  Disk: 3576kB
               ->  Seq Scan on customer  (cost=0.00..2227.00 rows=73013 width=28) (actual time=0.007..14.120 rows=73334 loops=1)
                     Filter: ((birth_day <= '23'::double precision) AND (birth_day >= '1'::double precision))
                     Rows Removed by Filter: 26666
         ->  Materialize  (cost=153349.49..154117.24 rows=153550 width=160) (actual time=1178.759..1374.474 rows=582389 loops=1)
               ->  Sort  (cost=153349.49..153733.37 rows=153550 width=160) (actual time=1178.755..1298.818 rows=582389 loops=1)
                     Sort Key: store_sales.customer_sk
                     Sort Method: external merge  Disk: 101776kB
                     ->  Hash Join  (cost=11.16..128050.93 rows=153550 width=160) (actual time=0.111..676.821 rows=585982 loops=1)
                           Hash Cond: (store_sales.promo_sk = (promotion.promo_sk)::double precision)
                           ->  Seq Scan on store_sales  (cost=0.00..114154.24 rows=164667 width=132) (actual time=0.030..508.844 rows=607242 loops=1)
                                 Filter: ((ext_wholesale_cost <= '857.46'::double precision) AND (ext_wholesale_cost >= '117.81'::double precision) AND (ext_list_price <= '1420.56'::double precision) AND (ext_list_price >= '148.92'::double precision))
                                 Rows Removed by Filter: 2273162
                           ->  Hash  (cost=7.50..7.50 rows=293 width=28) (actual time=0.074..0.075 rows=293 loops=1)
                                 Buckets: 1024  Batches: 1  Memory Usage: 27kB
                                 ->  Seq Scan on promotion  (cost=0.00..7.50 rows=293 width=28) (actual time=0.005..0.042 rows=293 loops=1)
                                       Filter: ((response_target <= '1'::double precision) AND (response_target >= '1'::double precision))
                                       Rows Removed by Filter: 7
   ->  Hash  (cost=366.00..366.00 rows=18000 width=52) (actual time=3.571..3.572 rows=17954 loops=1)
         Buckets: 32768  Batches: 1  Memory Usage: 1799kB
         ->  Seq Scan on item  (cost=0.00..366.00 rows=18000 width=52) (actual time=0.007..1.455 rows=18000 loops=1)
 Planning Time: 0.265 ms
 Execution Time: 1934.112 ms
(29 rows)

                                                                                           QUERY PLAN                                                                                            
-------------------------------------------------------------------------------------------------------------------------------------------------------------------------------------------------
 Hash Join  (cost=326337.62..374078.08 rows=645296 width=240) (actual time=2199.584..2470.767 rows=8829 loops=1)
   Hash Cond: ((store_sales.item_sk)::double precision = promotion.item_sk)
   ->  Hash Join  (cost=326326.45..362709.17 rows=653971 width=212) (actual time=2198.546..2431.630 rows=422692 loops=1)
         Hash Cond: (item.wholesale_cost = store_sales.wholesale_cost)
         ->  Seq Scan on item  (cost=0.00..546.00 rows=5929 width=52) (actual time=0.004..2.568 rows=7821 loops=1)
               Filter: ((brand_id <= '6007006'::double precision) AND (brand_id >= '1003002'::double precision) AND (class_id <= '6'::double precision) AND (class_id >= '1'::double precision))
               Rows Removed by Filter: 10179
         ->  Hash  (cost=286039.00..286039.00 rows=1152356 width=160) (actual time=2198.508..2198.511 rows=681356 loops=1)
               Buckets: 32768  Batches: 64  Memory Usage: 2459kB
               ->  Hash Join  (cost=177609.77..286039.00 rows=1152356 width=160) (actual time=1262.478..1899.103 rows=697967 loops=1)
                     Hash Cond: ((customer.customer_sk)::double precision = store_sales.customer_sk)
                     ->  Seq Scan on customer  (cost=0.00..2227.00 rows=25217 width=28) (actual time=0.005..10.953 rows=25261 loops=1)
                           Filter: ((birth_day <= '19'::double precision) AND (birth_day >= '12'::double precision))
                           Rows Removed by Filter: 74739
                     ->  Hash  (cost=85352.12..85352.12 rows=2880212 width=132) (actual time=1260.337..1260.338 rows=2750652 loops=1)
                           Buckets: 32768 (originally 32768)  Batches: 256 (originally 128)  Memory Usage: 3841kB
                           ->  Seq Scan on store_sales  (cost=0.00..85352.12 rows=2880212 width=132) (actual time=0.030..350.151 rows=2880404 loops=1)
   ->  Hash  (cost=7.50..7.50 rows=294 width=28) (actual time=0.100..0.100 rows=291 loops=1)
         Buckets: 1024  Batches: 1  Memory Usage: 27kB
         ->  Seq Scan on promotion  (cost=0.00..7.50 rows=294 width=28) (actual time=0.012..0.068 rows=294 loops=1)
               Filter: ((cost <= '1000'::double precision) AND (cost >= '1000'::double precision))
               Rows Removed by Filter: 6
 Planning Time: 0.315 ms
 Execution Time: 2471.180 ms
(24 rows)

                                                              QUERY PLAN                                                              
--------------------------------------------------------------------------------------------------------------------------------------
 Hash Join  (cost=951.04..502757.48 rows=6199661 width=244) (actual time=3.428..558.592 rows=20299 loops=1)
   Hash Cond: (store_sales.store_sk = (store.store_sk)::double precision)
   ->  Hash Join  (cost=910.44..113846.86 rows=954375 width=212) (actual time=3.398..551.016 rows=20793 loops=1)
         Hash Cond: (store_sales.item_sk = item.item_sk)
         ->  Seq Scan on store_sales  (cost=0.00..99753.18 rows=970506 width=132) (actual time=0.030..466.303 rows=965182 loops=1)
               Filter: ((sales_price <= '23.16'::double precision) AND (sales_price >= '3'::double precision))
               Rows Removed by Filter: 1915222
         ->  Hash  (cost=689.17..689.17 rows=17701 width=80) (actual time=3.351..3.353 rows=291 loops=1)
               Buckets: 32768  Batches: 1  Memory Usage: 291kB
               ->  Hash Join  (cost=11.16..689.17 rows=17701 width=80) (actual time=0.113..3.284 rows=291 loops=1)
                     Hash Cond: ((item.item_sk)::double precision = promotion.item_sk)
                     ->  Seq Scan on item  (cost=0.00..366.00 rows=18000 width=52) (actual time=0.004..1.385 rows=18000 loops=1)
                     ->  Hash  (cost=7.50..7.50 rows=293 width=28) (actual time=0.098..0.099 rows=291 loops=1)
                           Buckets: 1024  Batches: 1  Memory Usage: 27kB
                           ->  Seq Scan on promotion  (cost=0.00..7.50 rows=293 width=28) (actual time=0.005..0.050 rows=293 loops=1)
                                 Filter: ((response_target <= '1'::double precision) AND (response_target >= '1'::double precision))
                                 Rows Removed by Filter: 7
   ->  Hash  (cost=23.60..23.60 rows=1360 width=32) (actual time=0.025..0.025 rows=12 loops=1)
         Buckets: 2048  Batches: 1  Memory Usage: 17kB
         ->  Seq Scan on store  (cost=0.00..23.60 rows=1360 width=32) (actual time=0.019..0.021 rows=12 loops=1)
 Planning Time: 0.233 ms
 Execution Time: 559.420 ms
(22 rows)

                                                                                                                                                                                                                                                                      QUERY PLAN                                                                                                                                                                                                                                                                      
------------------------------------------------------------------------------------------------------------------------------------------------------------------------------------------------------------------------------------------------------------------------------------------------------------------------------------------------------------------------------------------------------------------------------------------------------------------------------------------------------------------------------------------------------
 Hash Join  (cost=157993.93..160471.12 rows=19 width=244) (actual time=1240.160..1255.739 rows=139 loops=1)
   Hash Cond: ((customer.customer_sk)::double precision = store_sales.customer_sk)
   ->  Seq Scan on customer  (cost=0.00..1727.00 rows=100000 width=28) (actual time=0.007..6.933 rows=100000 loops=1)
   ->  Hash  (cost=157993.78..157993.78 rows=12 width=216) (actual time=1239.811..1239.813 rows=139 loops=1)
         Buckets: 1024  Batches: 1  Memory Usage: 43kB
         ->  Hash Join  (cost=529.94..157993.78 rows=12 width=216) (actual time=623.673..1239.701 rows=139 loops=1)
               Hash Cond: (store_sales.wholesale_cost = item.wholesale_cost)
               ->  Nested Loop  (cost=0.00..157461.94 rows=21 width=164) (actual time=618.297..1236.058 rows=3865 loops=1)
                     Join Filter: (store_sales.store_sk = (store.store_sk)::double precision)
                     Rows Removed by Join Filter: 42899
                     ->  Seq Scan on store  (cost=0.00..37.20 rows=1 width=32) (actual time=0.004..0.007 rows=2 loops=1)
                           Filter: ((number_employees <= 288) AND (number_employees >= 278) AND (floor_space <= 9341467) AND (floor_space >= 5219562))
                           Rows Removed by Filter: 10
                     ->  Seq Scan on store_sales  (cost=0.00..157357.42 rows=4488 width=132) (actual time=0.018..615.738 rows=23382 loops=2)
                           Filter: ((quantity <= '95'::double precision) AND (quantity >= '46'::double precision) AND (ext_wholesale_cost <= '6951.6'::double precision) AND (ext_wholesale_cost >= '224.94'::double precision) AND (ext_list_price <= '8147.76'::double precision) AND (ext_list_price >= '6127.92'::double precision) AND (net_paid_inc_tax <= '9571.16'::double precision) AND (net_paid_inc_tax >= '1149.3'::double precision) AND (net_profit <= '-1189.81'::double precision) AND (net_profit >= '-1990.14'::double precision))
                           Rows Removed by Filter: 2857022
               ->  Hash  (cost=456.00..456.00 rows=5915 width=52) (actual time=2.529..2.530 rows=5873 loops=1)
                     Buckets: 8192  Batches: 1  Memory Usage: 569kB
                     ->  Seq Scan on item  (cost=0.00..456.00 rows=5915 width=52) (actual time=0.005..1.961 rows=5880 loops=1)
                           Filter: ((manufact_id <= '229'::double precision) AND (manufact_id >= '47'::double precision))
                           Rows Removed by Filter: 12120
 Planning Time: 0.333 ms
 Execution Time: 1255.826 ms
(23 rows)

                                                                                                       QUERY PLAN                                                                                                        
-------------------------------------------------------------------------------------------------------------------------------------------------------------------------------------------------------------------------
 Hash Join  (cost=120112.33..138463.29 rows=57838 width=240) (actual time=672.747..718.423 rows=15586 loops=1)
   Hash Cond: (store_sales.promo_sk = (promotion.promo_sk)::double precision)
   ->  Hash Join  (cost=120102.58..133180.36 rows=60578 width=212) (actual time=672.657..713.834 rows=15652 loops=1)
         Hash Cond: ((customer.customer_sk)::double precision = store_sales.customer_sk)
         ->  Seq Scan on customer  (cost=0.00..2227.00 rows=70240 width=28) (actual time=0.004..12.326 rows=69918 loops=1)
               Filter: ((birth_year <= '1973'::double precision) AND (birth_year >= '-1'::double precision))
               Rows Removed by Filter: 30082
         ->  Hash  (cost=118042.11..118042.11 rows=54358 width=184) (actual time=672.388..672.405 rows=22362 loops=1)
               Buckets: 32768  Batches: 4  Memory Usage: 1468kB
               ->  Hash Join  (cost=562.49..118042.11 rows=54358 width=184) (actual time=1.895..658.730 rows=22618 loops=1)
                     Hash Cond: (store_sales.item_sk = item.item_sk)
                     ->  Seq Scan on store_sales  (cost=0.00..114154.24 rows=741813 width=132) (actual time=0.034..589.400 rows=771147 loops=1)
                           Filter: ((quantity <= '69'::double precision) AND (quantity >= '39'::double precision) AND (net_paid_inc_tax <= '5276.88'::double precision) AND (net_paid_inc_tax >= '0'::double precision))
                           Rows Removed by Filter: 2109257
                     ->  Hash  (cost=546.00..546.00 rows=1319 width=52) (actual time=1.853..1.853 rows=620 loops=1)
                           Buckets: 2048  Batches: 1  Memory Usage: 70kB
                           ->  Seq Scan on item  (cost=0.00..546.00 rows=1319 width=52) (actual time=0.015..1.788 rows=620 loops=1)
                                 Filter: ((brand_id <= '9013005'::double precision) AND (brand_id >= '8003006'::double precision) AND (class_id <= '3'::double precision) AND (class_id >= '1'::double precision))
                                 Rows Removed by Filter: 17380
   ->  Hash  (cost=6.00..6.00 rows=300 width=28) (actual time=0.077..0.078 rows=300 loops=1)
         Buckets: 1024  Batches: 1  Memory Usage: 27kB
         ->  Seq Scan on promotion  (cost=0.00..6.00 rows=300 width=28) (actual time=0.006..0.042 rows=300 loops=1)
 Planning Time: 0.273 ms
 Execution Time: 719.037 ms
(24 rows)

                                                                                                          QUERY PLAN                                                                                                           
-------------------------------------------------------------------------------------------------------------------------------------------------------------------------------------------------------------------------------
 Hash Join  (cost=124040.41..137581.07 rows=20826 width=240) (actual time=884.307..943.195 rows=35 loops=1)
   Hash Cond: (store_sales.wholesale_cost = item.wholesale_cost)
   ->  Hash Join  (cost=123449.41..135754.32 rows=12088 width=188) (actual time=878.576..939.251 rows=206 loops=1)
         Hash Cond: ((store_sales.item_sk)::double precision = promotion.item_sk)
         ->  Hash Join  (cost=123438.25..135530.08 rows=12292 width=160) (actual time=877.126..938.181 rows=9358 loops=1)
               Hash Cond: ((customer.customer_sk)::double precision = store_sales.customer_sk)
               ->  Seq Scan on customer  (cost=0.00..2227.00 rows=2673 width=28) (actual time=0.004..9.112 rows=2735 loops=1)
                     Filter: ((birth_year <= '1957'::double precision) AND (birth_year >= '1956'::double precision))
                     Rows Removed by Filter: 97265
               ->  Hash  (cost=114154.24..114154.24 rows=289841 width=132) (actual time=876.551..876.552 rows=341803 loops=1)
                     Buckets: 32768  Batches: 16  Memory Usage: 3783kB
                     ->  Seq Scan on store_sales  (cost=0.00..114154.24 rows=289841 width=132) (actual time=0.021..714.334 rows=345907 loops=1)
                           Filter: ((ext_list_price <= '8630.44'::double precision) AND (ext_list_price >= '2001.92'::double precision) AND (ext_tax <= '79.44'::double precision) AND (ext_tax >= '26.21'::double precision))
                           Rows Removed by Filter: 2534497
         ->  Hash  (cost=7.50..7.50 rows=293 width=28) (actual time=0.072..0.073 rows=291 loops=1)
               Buckets: 1024  Batches: 1  Memory Usage: 27kB
               ->  Seq Scan on promotion  (cost=0.00..7.50 rows=293 width=28) (actual time=0.006..0.045 rows=293 loops=1)
                     Filter: ((response_target <= '1'::double precision) AND (response_target >= '1'::double precision))
                     Rows Removed by Filter: 7
   ->  Hash  (cost=366.00..366.00 rows=18000 width=52) (actual time=3.838..3.839 rows=17954 loops=1)
         Buckets: 32768  Batches: 1  Memory Usage: 1799kB
         ->  Seq Scan on item  (cost=0.00..366.00 rows=18000 width=52) (actual time=0.007..1.473 rows=18000 loops=1)
 Planning Time: 0.255 ms
 Execution Time: 943.264 ms
(24 rows)

                                                                                                                                                                                                                                                QUERY PLAN                                                                                                                                                                                                                                                 
-----------------------------------------------------------------------------------------------------------------------------------------------------------------------------------------------------------------------------------------------------------------------------------------------------------------------------------------------------------------------------------------------------------------------------------------------------------------------------------------------------------
 Hash Join  (cost=158265.91..167454.96 rows=580805 width=244) (actual time=564.123..568.026 rows=1405 loops=1)
   Hash Cond: ((item.item_sk)::double precision = promotion.item_sk)
   ->  Seq Scan on item  (cost=0.00..366.00 rows=18000 width=52) (actual time=0.011..1.405 rows=18000 loops=1)
   ->  Hash  (cost=158145.74..158145.74 rows=9614 width=192) (actual time=564.080..564.082 rows=1405 loops=1)
         Buckets: 16384  Batches: 1  Memory Usage: 447kB
         ->  Hash Join  (cost=50.35..158145.74 rows=9614 width=192) (actual time=0.901..563.173 rows=1431 loops=1)
               Hash Cond: (store_sales.store_sk = (store.store_sk)::double precision)
               ->  Hash Join  (cost=9.75..157502.09 rows=1480 width=160) (actual time=0.871..562.411 rows=1434 loops=1)
                     Hash Cond: (store_sales.promo_sk = (promotion.promo_sk)::double precision)
                     ->  Seq Scan on store_sales  (cost=0.00..157357.42 rows=1550 width=132) (actual time=0.800..561.633 rows=1437 loops=1)
                           Filter: ((quantity <= '88'::double precision) AND (quantity >= '58'::double precision) AND (list_price <= '26.76'::double precision) AND (list_price >= '23.97'::double precision) AND (sales_price <= '96.18'::double precision) AND (sales_price >= '1.1'::double precision) AND (ext_coupon_amt <= '5.87'::double precision) AND (ext_coupon_amt >= '0'::double precision) AND (net_profit <= '-1087.92'::double precision) AND (net_profit >= '-2300.6'::double precision))
                           Rows Removed by Filter: 2878967
                     ->  Hash  (cost=6.00..6.00 rows=300 width=28) (actual time=0.066..0.067 rows=300 loops=1)
                           Buckets: 1024  Batches: 1  Memory Usage: 27kB
                           ->  Seq Scan on promotion  (cost=0.00..6.00 rows=300 width=28) (actual time=0.004..0.030 rows=300 loops=1)
               ->  Hash  (cost=23.60..23.60 rows=1360 width=32) (actual time=0.021..0.021 rows=12 loops=1)
                     Buckets: 2048  Batches: 1  Memory Usage: 17kB
                     ->  Seq Scan on store  (cost=0.00..23.60 rows=1360 width=32) (actual time=0.002..0.003 rows=12 loops=1)
 Planning Time: 0.285 ms
 Execution Time: 568.128 ms
(20 rows)

                                                                                                           QUERY PLAN                                                                                                            
---------------------------------------------------------------------------------------------------------------------------------------------------------------------------------------------------------------------------------
 Hash Join  (cost=128246.73..152739.86 rows=242313 width=240) (actual time=1087.131..1213.157 rows=154970 loops=1)
   Hash Cond: ((customer.customer_sk)::double precision = store_sales.customer_sk)
   ->  Seq Scan on customer  (cost=0.00..1727.00 rows=100000 width=28) (actual time=0.007..7.857 rows=100000 loops=1)
   ->  Hash  (cost=121862.68..121862.68 rows=152724 width=212) (actual time=1086.576..1086.580 rows=154970 loops=1)
         Buckets: 16384  Batches: 16  Memory Usage: 2580kB
         ->  Hash Join  (cost=579.89..121862.68 rows=152724 width=212) (actual time=2.430..889.974 rows=156908 loops=1)
               Hash Cond: (store_sales.promo_sk = (promotion.promo_sk)::double precision)
               ->  Hash Join  (cost=568.73..108040.70 rows=163781 width=184) (actual time=2.343..835.047 rows=164682 loops=1)
                     Hash Cond: (store_sales.item_sk = item.item_sk)
                     ->  Seq Scan on store_sales  (cost=0.00..99753.18 rows=1621597 width=132) (actual time=0.039..626.778 rows=1618549 loops=1)
                           Filter: ((net_paid <= '1704.82'::double precision) AND (net_paid >= '40.95'::double precision))
                           Rows Removed by Filter: 1261855
                     ->  Hash  (cost=546.00..546.00 rows=1818 width=52) (actual time=2.294..2.294 rows=1839 loops=1)
                           Buckets: 2048  Batches: 1  Memory Usage: 175kB
                           ->  Seq Scan on item  (cost=0.00..546.00 rows=1818 width=52) (actual time=0.004..2.097 rows=1839 loops=1)
                                 Filter: ((current_price <= '7.66'::double precision) AND (current_price >= '3.79'::double precision) AND (manufact_id <= '590'::double precision) AND (manufact_id >= '278'::double precision))
                                 Rows Removed by Filter: 16161
               ->  Hash  (cost=7.50..7.50 rows=293 width=28) (actual time=0.083..0.084 rows=293 loops=1)
                     Buckets: 1024  Batches: 1  Memory Usage: 27kB
                     ->  Seq Scan on promotion  (cost=0.00..7.50 rows=293 width=28) (actual time=0.005..0.047 rows=293 loops=1)
                           Filter: ((response_target <= '1'::double precision) AND (response_target >= '1'::double precision))
                           Rows Removed by Filter: 7
 Planning Time: 0.314 ms
 Execution Time: 1218.803 ms
(24 rows)

                                                                                                                                                                                                                                                         QUERY PLAN                                                                                                                                                                                                                                                          
-----------------------------------------------------------------------------------------------------------------------------------------------------------------------------------------------------------------------------------------------------------------------------------------------------------------------------------------------------------------------------------------------------------------------------------------------------------------------------------------------------------------------------
 Merge Join  (cost=171350.92..172375.31 rows=15679 width=240) (actual time=561.872..581.263 rows=65 loops=1)
   Merge Cond: (((customer.customer_sk)::double precision) = store_sales.customer_sk)
   ->  Sort  (cost=12425.82..12675.82 rows=100000 width=28) (actual time=38.716..49.316 rows=99877 loops=1)
         Sort Key: ((customer.customer_sk)::double precision)
         Sort Method: external merge  Disk: 4824kB
         ->  Seq Scan on customer  (cost=0.00..1727.00 rows=100000 width=28) (actual time=0.012..12.570 rows=100000 loops=1)
   ->  Sort  (cost=158925.10..158949.81 rows=9882 width=212) (actual time=523.131..523.140 rows=65 loops=1)
         Sort Key: store_sales.customer_sk
         Sort Method: quicksort  Memory: 42kB
         ->  Hash Join  (cost=602.17..158269.40 rows=9882 width=212) (actual time=13.155..523.067 rows=65 loops=1)
               Hash Cond: (store_sales.item_sk = item.item_sk)
               ->  Hash Join  (cost=11.18..157542.53 rows=9882 width=160) (actual time=9.615..519.468 rows=65 loops=1)
                     Hash Cond: ((store_sales.item_sk)::double precision = promotion.item_sk)
                     ->  Seq Scan on store_sales  (cost=0.00..157357.42 rows=10015 width=132) (actual time=0.289..518.864 rows=2995 loops=1)
                           Filter: ((quantity <= '82'::double precision) AND (quantity >= '50'::double precision) AND (list_price <= '139.72'::double precision) AND (list_price >= '6.95'::double precision) AND (sales_price <= '109.12'::double precision) AND (sales_price >= '72.11'::double precision) AND (ext_sales_price <= '4645.72'::double precision) AND (ext_sales_price >= '1620.8'::double precision) AND (ext_list_price <= '4766.85'::double precision) AND (ext_list_price >= '745.8'::double precision))
                           Rows Removed by Filter: 2877409
                     ->  Hash  (cost=7.50..7.50 rows=294 width=28) (actual time=0.070..0.070 rows=291 loops=1)
                           Buckets: 1024  Batches: 1  Memory Usage: 27kB
                           ->  Seq Scan on promotion  (cost=0.00..7.50 rows=294 width=28) (actual time=0.005..0.041 rows=294 loops=1)
                                 Filter: ((cost <= '1000'::double precision) AND (cost >= '1000'::double precision))
                                 Rows Removed by Filter: 6
               ->  Hash  (cost=366.00..366.00 rows=18000 width=52) (actual time=3.513..3.513 rows=18000 loops=1)
                     Buckets: 32768  Batches: 1  Memory Usage: 1801kB
                     ->  Seq Scan on item  (cost=0.00..366.00 rows=18000 width=52) (actual time=0.005..1.573 rows=18000 loops=1)
 Planning Time: 0.326 ms
 Execution Time: 582.317 ms
(26 rows)

                                                                                                                                                                                                    QUERY PLAN                                                                                                                                                                                                    
------------------------------------------------------------------------------------------------------------------------------------------------------------------------------------------------------------------------------------------------------------------------------------------------------------------------------------------------------------------------------------------------------------------
 Nested Loop  (cost=2896.25..147266.49 rows=218 width=244) (actual time=78.768..544.946 rows=60 loops=1)
   Join Filter: (store_sales.store_sk = (store.store_sk)::double precision)
   Rows Removed by Join Filter: 660
   ->  Seq Scan on store  (cost=0.00..23.60 rows=1360 width=32) (actual time=0.005..0.007 rows=12 loops=1)
   ->  Materialize  (cost=2896.25..146433.78 rows=34 width=212) (actual time=1.702..45.403 rows=60 loops=12)
         ->  Hash Join  (cost=2896.25..146433.61 rows=34 width=212) (actual time=20.423..544.733 rows=60 loops=1)
               Hash Cond: (store_sales.customer_sk = (customer.customer_sk)::double precision)
               ->  Hash Join  (cost=549.91..143556.35 rows=222 width=184) (actual time=2.552..533.899 rows=872 loops=1)
                     Hash Cond: (store_sales.item_sk = item.item_sk)
                     ->  Seq Scan on store_sales  (cost=0.00..142956.36 rows=12762 width=132) (actual time=0.027..526.684 rows=51684 loops=1)
                           Filter: ((quantity <= '62'::double precision) AND (quantity >= '48'::double precision) AND (ext_list_price <= '8085.2'::double precision) AND (ext_list_price >= '5602.35'::double precision) AND (ext_coupon_amt <= '0'::double precision) AND (ext_coupon_amt >= '0'::double precision) AND (net_paid <= '9789.12'::double precision) AND (net_paid >= '1599.93'::double precision))
                           Rows Removed by Filter: 2828720
                     ->  Hash  (cost=546.00..546.00 rows=313 width=52) (actual time=1.976..1.977 rows=301 loops=1)
                           Buckets: 1024  Batches: 1  Memory Usage: 34kB
                           ->  Seq Scan on item  (cost=0.00..546.00 rows=313 width=52) (actual time=0.008..1.944 rows=301 loops=1)
                                 Filter: ((class_id <= '11'::double precision) AND (class_id >= '9'::double precision) AND (manufact_id <= '457'::double precision) AND (manufact_id >= '297'::double precision))
                                 Rows Removed by Filter: 17699
               ->  Hash  (cost=2227.00..2227.00 rows=9547 width=28) (actual time=10.533..10.534 rows=9424 loops=1)
                     Buckets: 16384  Batches: 1  Memory Usage: 715kB
                     ->  Seq Scan on customer  (cost=0.00..2227.00 rows=9547 width=28) (actual time=0.005..9.307 rows=9424 loops=1)
                           Filter: ((birth_day <= '25'::double precision) AND (birth_day >= '23'::double precision))
                           Rows Removed by Filter: 90576
 Planning Time: 0.297 ms
 Execution Time: 545.000 ms
(24 rows)

                                                                                                          QUERY PLAN                                                                                                          
------------------------------------------------------------------------------------------------------------------------------------------------------------------------------------------------------------------------------
 Hash Join  (cost=145908.66..177798.76 rows=431911 width=240) (actual time=1372.116..1564.728 rows=277266 loops=1)
   Hash Cond: ((customer.customer_sk)::double precision = store_sales.customer_sk)
   ->  Seq Scan on customer  (cost=0.00..1727.00 rows=100000 width=28) (actual time=0.006..8.066 rows=100000 loops=1)
   ->  Hash  (cost=134529.87..134529.87 rows=272223 width=212) (actual time=1371.310..1371.329 rows=277266 loops=1)
         Buckets: 16384  Batches: 32  Memory Usage: 2311kB
         ->  Hash Join  (cost=123507.14..134529.87 rows=272223 width=212) (actual time=1045.610..1221.440 rows=280675 loops=1)
               Hash Cond: ((promotion.promo_sk)::double precision = store_sales.promo_sk)
               ->  Seq Scan on promotion  (cost=0.00..6.00 rows=300 width=28) (actual time=0.004..0.048 rows=300 loops=1)
               ->  Hash  (cost=112703.14..112703.14 rows=285120 width=184) (actual time=1045.565..1045.583 rows=280675 loops=1)
                     Buckets: 32768 (originally 32768)  Batches: 32 (originally 16)  Memory Usage: 3841kB
                     ->  Hash Join  (cost=571.25..112703.14 rows=285120 width=184) (actual time=2.447..872.917 rows=287476 loops=1)
                           Hash Cond: (store_sales.item_sk = item.item_sk)
                           ->  Seq Scan on store_sales  (cost=0.00..99753.18 rows=2540669 width=132) (actual time=0.025..550.013 rows=2546356 loops=1)
                                 Filter: ((ext_discount_amt <= '690.33'::double precision) AND (ext_discount_amt >= '0'::double precision))
                                 Rows Removed by Filter: 334048
                           ->  Hash  (cost=546.00..546.00 rows=2020 width=52) (actual time=2.413..2.430 rows=2031 loops=1)
                                 Buckets: 2048  Batches: 1  Memory Usage: 191kB
                                 ->  Seq Scan on item  (cost=0.00..546.00 rows=2020 width=52) (actual time=0.006..2.207 rows=2031 loops=1)
                                       Filter: ((category_id <= '10'::double precision) AND (category_id >= '8'::double precision) AND (manufact_id <= '340'::double precision) AND (manufact_id >= '129'::double precision))
                                       Rows Removed by Filter: 15969
 Planning Time: 0.260 ms
 Execution Time: 1575.006 ms
(22 rows)

                                                                   QUERY PLAN                                                                    
-------------------------------------------------------------------------------------------------------------------------------------------------
 Hash Join  (cost=117927.11..449569.94 rows=4571542 width=244) (actual time=1013.455..1376.706 rows=409240 loops=1)
   Hash Cond: (store_sales.store_sk = (store.store_sk)::double precision)
   ->  Hash Join  (cost=117886.51..162781.94 rows=703743 width=212) (actual time=1013.432..1255.741 rows=419161 loops=1)
         Hash Cond: ((customer.customer_sk)::double precision = store_sales.customer_sk)
         ->  Seq Scan on customer  (cost=0.00..1727.00 rows=100000 width=28) (actual time=0.004..7.783 rows=100000 loops=1)
         ->  Hash  (cost=101079.09..101079.09 rows=443553 width=184) (actual time=1013.397..1013.399 rows=419161 loops=1)
               Buckets: 32768  Batches: 32  Memory Usage: 3056kB
               ->  Hash Join  (cost=490.65..101079.09 rows=443553 width=184) (actual time=2.054..768.504 rows=438904 loops=1)
                     Hash Cond: (store_sales.item_sk = item.item_sk)
                     ->  Seq Scan on store_sales  (cost=0.00..85352.12 rows=2880212 width=132) (actual time=0.028..334.537 rows=2880404 loops=1)
                     ->  Hash  (cost=456.00..456.00 rows=2772 width=52) (actual time=2.015..2.016 rows=2772 loops=1)
                           Buckets: 4096  Batches: 1  Memory Usage: 271kB
                           ->  Seq Scan on item  (cost=0.00..456.00 rows=2772 width=52) (actual time=0.005..1.731 rows=2772 loops=1)
                                 Filter: ((class_id <= '1'::double precision) AND (class_id >= '1'::double precision))
                                 Rows Removed by Filter: 15228
   ->  Hash  (cost=23.60..23.60 rows=1360 width=32) (actual time=0.015..0.015 rows=12 loops=1)
         Buckets: 2048  Batches: 1  Memory Usage: 17kB
         ->  Seq Scan on store  (cost=0.00..23.60 rows=1360 width=32) (actual time=0.008..0.010 rows=12 loops=1)
 Planning Time: 0.235 ms
 Execution Time: 1391.503 ms
(20 rows)

                                                                                                                                                                                                               QUERY PLAN                                                                                                                                                                                                               
----------------------------------------------------------------------------------------------------------------------------------------------------------------------------------------------------------------------------------------------------------------------------------------------------------------------------------------------------------------------------------------------------------------------------------------
 Hash Join  (cost=143210.35..144323.61 rows=47726 width=244) (actual time=617.954..623.302 rows=6886 loops=1)
   Hash Cond: ((item.item_sk)::double precision = promotion.item_sk)
   ->  Seq Scan on item  (cost=0.00..366.00 rows=18000 width=52) (actual time=0.010..1.387 rows=18000 loops=1)
   ->  Hash  (cost=143200.47..143200.47 rows=790 width=192) (actual time=617.928..617.931 rows=6886 loops=1)
         Buckets: 8192 (originally 1024)  Batches: 1 (originally 1)  Memory Usage: 1624kB
         ->  Hash Join  (cost=40.24..143200.47 rows=790 width=192) (actual time=0.131..614.313 rows=7069 loops=1)
               Hash Cond: (store_sales.promo_sk = (promotion.promo_sk)::double precision)
               ->  Hash Join  (cost=30.49..143118.73 rows=827 width=164) (actual time=0.059..611.057 rows=7079 loops=1)
                     Hash Cond: (store_sales.store_sk = (store.store_sk)::double precision)
                     ->  Seq Scan on store_sales  (cost=0.00..142956.36 rows=24723 width=132) (actual time=0.048..605.158 rows=42360 loops=1)
                           Filter: ((list_price <= '163.1'::double precision) AND (list_price >= '54.78'::double precision) AND (ext_wholesale_cost <= '4133.36'::double precision) AND (ext_wholesale_cost >= '-1'::double precision) AND (ext_list_price <= '367.25'::double precision) AND (ext_list_price >= '-1'::double precision) AND (net_profit <= '330.4'::double precision) AND (net_profit >= '-105.12'::double precision))
                           Rows Removed by Filter: 2838044
                     ->  Hash  (cost=30.40..30.40 rows=7 width=32) (actual time=0.005..0.006 rows=2 loops=1)
                           Buckets: 1024  Batches: 1  Memory Usage: 9kB
                           ->  Seq Scan on store  (cost=0.00..30.40 rows=7 width=32) (actual time=0.003..0.004 rows=2 loops=1)
                                 Filter: ((company_id <= 27) AND (company_id >= 27))
                                 Rows Removed by Filter: 10
               ->  Hash  (cost=6.00..6.00 rows=300 width=28) (actual time=0.069..0.069 rows=300 loops=1)
                     Buckets: 1024  Batches: 1  Memory Usage: 27kB
                     ->  Seq Scan on promotion  (cost=0.00..6.00 rows=300 width=28) (actual time=0.004..0.030 rows=300 loops=1)
 Planning Time: 0.259 ms
 Execution Time: 623.615 ms
(22 rows)

                                                                      QUERY PLAN                                                                       
-------------------------------------------------------------------------------------------------------------------------------------------------------
 Hash Join  (cost=266716.85..285089.28 rows=358867 width=240) (actual time=1966.991..2196.138 rows=221000 loops=1)
   Hash Cond: (store_sales.item_sk = item.item_sk)
   ->  Hash Join  (cost=266125.85..279563.85 rows=358867 width=188) (actual time=1963.357..2124.148 rows=221000 loops=1)
         Hash Cond: ((promotion.promo_sk)::double precision = store_sales.promo_sk)
         ->  Seq Scan on promotion  (cost=0.00..7.50 rows=294 width=28) (actual time=0.006..0.075 rows=294 loops=1)
               Filter: ((cost <= '1000'::double precision) AND (cost >= '1000'::double precision))
               Rows Removed by Filter: 6
         ->  Hash  (cost=252716.60..252716.60 rows=383540 width=160) (actual time=1963.316..1963.333 rows=225409 loops=1)
               Buckets: 32768  Batches: 32  Memory Usage: 2417kB
               ->  Hash Join  (cost=177609.77..252716.60 rows=383540 width=160) (actual time=1192.865..1820.598 rows=230834 loops=1)
                     Hash Cond: ((customer.customer_sk)::double precision = store_sales.customer_sk)
                     ->  Seq Scan on customer  (cost=0.00..2227.00 rows=8393 width=28) (actual time=0.005..10.278 rows=8416 loops=1)
                           Filter: ((birth_year <= '1960'::double precision) AND (birth_year >= '1955'::double precision))
                           Rows Removed by Filter: 91584
                     ->  Hash  (cost=85352.12..85352.12 rows=2880212 width=132) (actual time=1118.320..1118.336 rows=2750652 loops=1)
                           Buckets: 32768 (originally 32768)  Batches: 256 (originally 128)  Memory Usage: 3841kB
                           ->  Seq Scan on store_sales  (cost=0.00..85352.12 rows=2880212 width=132) (actual time=0.024..350.163 rows=2880404 loops=1)
   ->  Hash  (cost=366.00..366.00 rows=18000 width=52) (actual time=3.611..3.612 rows=18000 loops=1)
         Buckets: 32768  Batches: 1  Memory Usage: 1801kB
         ->  Seq Scan on item  (cost=0.00..366.00 rows=18000 width=52) (actual time=0.006..1.370 rows=18000 loops=1)
 Planning Time: 0.255 ms
 Execution Time: 2204.318 ms
(22 rows)

                                                                                                                   QUERY PLAN                                                                                                                    
-------------------------------------------------------------------------------------------------------------------------------------------------------------------------------------------------------------------------------------------------
 Hash Join  (cost=100720.47..105784.70 rows=26366 width=244) (actual time=1646.166..2594.438 rows=883278 loops=1)
   Hash Cond: (store_sales.wholesale_cost = item.wholesale_cost)
   ->  Hash Join  (cost=100106.72..103051.99 rows=21827 width=192) (actual time=1642.384..2303.776 rows=893398 loops=1)
         Hash Cond: ((customer.customer_sk)::double precision = store_sales.customer_sk)
         ->  Seq Scan on customer  (cost=0.00..1727.00 rows=100000 width=28) (actual time=0.004..9.076 rows=100000 loops=1)
         ->  Hash  (cost=99934.76..99934.76 rows=13757 width=164) (actual time=1614.055..1614.057 rows=893398 loops=1)
               Buckets: 32768 (originally 16384)  Batches: 64 (originally 1)  Memory Usage: 3841kB
               ->  Hash Join  (cost=44.01..99934.76 rows=13757 width=164) (actual time=0.041..993.870 rows=915055 loops=1)
                     Hash Cond: (store_sales.store_sk = (store.store_sk)::double precision)
                     ->  Seq Scan on store_sales  (cost=0.00..85352.12 rows=2880212 width=132) (actual time=0.025..389.831 rows=2880404 loops=1)
                     ->  Hash  (cost=44.00..44.00 rows=1 width=32) (actual time=0.005..0.006 rows=2 loops=1)
                           Buckets: 1024  Batches: 1  Memory Usage: 9kB
                           ->  Seq Scan on store  (cost=0.00..44.00 rows=1 width=32) (actual time=0.003..0.004 rows=2 loops=1)
                                 Filter: ((floor_space <= 5285950) AND (floor_space >= 5219562) AND (devision_id <= 1) AND (devision_id >= 1) AND (tax_percentage <= '0.03'::double precision) AND (tax_percentage >= '0.03'::double precision))
                                 Rows Removed by Filter: 10
   ->  Hash  (cost=456.00..456.00 rows=12620 width=52) (actual time=3.768..3.769 rows=12607 loops=1)
         Buckets: 16384  Batches: 1  Memory Usage: 1212kB
         ->  Seq Scan on item  (cost=0.00..456.00 rows=12620 width=52) (actual time=0.011..2.407 rows=12620 loops=1)
               Filter: ((category_id <= '8'::double precision) AND (category_id >= '2'::double precision))
               Rows Removed by Filter: 5380
 Planning Time: 0.302 ms
 Execution Time: 2626.260 ms
(22 rows)

                                                                                                                                                                                                                                                                                                        QUERY PLAN                                                                                                                                                                                                                                                                                                         
---------------------------------------------------------------------------------------------------------------------------------------------------------------------------------------------------------------------------------------------------------------------------------------------------------------------------------------------------------------------------------------------------------------------------------------------------------------------------------------------------------------------------------------------------------------------------------------------------------------------------
 Hash Join  (cost=569.51..172567.72 rows=518 width=244) (actual time=536.281..548.476 rows=161 loops=1)
   Hash Cond: (promotion.item_sk = (item.item_sk)::double precision)
   ->  Nested Loop  (cost=0.00..171954.40 rows=17 width=192) (actual time=533.226..545.346 rows=322 loops=1)
         Join Filter: (store_sales.promo_sk = (promotion.promo_sk)::double precision)
         Rows Removed by Join Filter: 96661
         ->  Seq Scan on promotion  (cost=0.00..7.50 rows=293 width=28) (actual time=0.013..0.063 rows=293 loops=1)
               Filter: ((response_target <= '1'::double precision) AND (response_target >= '1'::double precision))
               Rows Removed by Filter: 7
         ->  Materialize  (cost=0.00..171854.65 rows=18 width=164) (actual time=0.009..1.834 rows=331 loops=293)
               ->  Nested Loop  (cost=0.00..171854.56 rows=18 width=164) (actual time=2.490..532.843 rows=331 loops=1)
                     Join Filter: (store_sales.store_sk = (store.store_sk)::double precision)
                     Rows Removed by Join Filter: 2273
                     ->  Seq Scan on store_sales  (cost=0.00..171758.48 rows=536 width=132) (actual time=0.977..532.241 rows=651 loops=1)
                           Filter: ((quantity <= '52'::double precision) AND (quantity >= '43'::double precision) AND (sales_price <= '20.79'::double precision) AND (sales_price >= '19.31'::double precision) AND (ext_discount_amt <= '0'::double precision) AND (ext_discount_amt >= '0'::double precision) AND (ext_wholesale_cost <= '5435.08'::double precision) AND (ext_wholesale_cost >= '2144.12'::double precision) AND (ext_coupon_amt <= '0'::double precision) AND (ext_coupon_amt >= '0'::double precision) AND (net_profit <= '62.4'::double precision) AND (net_profit >= '-1959.36'::double precision))
                           Rows Removed by Filter: 2879753
                     ->  Materialize  (cost=0.00..30.43 rows=7 width=32) (actual time=0.000..0.000 rows=4 loops=651)
                           ->  Seq Scan on store  (cost=0.00..30.40 rows=7 width=32) (actual time=0.003..0.005 rows=4 loops=1)
                                 Filter: ((company_id <= 811) AND (company_id >= 255))
                                 Rows Removed by Filter: 8
   ->  Hash  (cost=456.00..456.00 rows=9081 width=52) (actual time=3.027..3.028 rows=9081 loops=1)
         Buckets: 16384  Batches: 1  Memory Usage: 909kB
         ->  Seq Scan on item  (cost=0.00..456.00 rows=9081 width=52) (actual time=0.010..1.997 rows=9081 loops=1)
               Filter: ((current_price <= '49.66'::double precision) AND (current_price >= '3.7'::double precision))
               Rows Removed by Filter: 8919
 Planning Time: 0.312 ms
 Execution Time: 548.533 ms
(26 rows)

                                                                                                        QUERY PLAN                                                                                                         
---------------------------------------------------------------------------------------------------------------------------------------------------------------------------------------------------------------------------
 Hash Join  (cost=119755.22..120773.64 rows=9669 width=240) (actual time=569.892..569.896 rows=0 loops=1)
   Hash Cond: (store_sales.wholesale_cost = item.wholesale_cost)
   ->  Hash Join  (cost=119164.22..119608.93 rows=5612 width=188) (actual time=560.255..566.447 rows=47 loops=1)
         Hash Cond: ((store_sales.item_sk)::double precision = promotion.item_sk)
         ->  Merge Join  (cost=119154.47..119501.25 rows=5574 width=160) (actual time=560.137..566.130 rows=2177 loops=1)
               Merge Cond: (store_sales.customer_sk = ((customer.customer_sk)::double precision))
               ->  Sort  (cost=115147.76..115183.73 rows=14386 width=132) (actual time=545.789..546.864 rows=9043 loops=1)
                     Sort Key: store_sales.customer_sk
                     Sort Method: quicksort  Memory: 2737kB
                     ->  Seq Scan on store_sales  (cost=0.00..114154.24 rows=14386 width=132) (actual time=0.032..541.796 rows=9135 loops=1)
                           Filter: ((list_price <= '131.7'::double precision) AND (list_price >= '111.11'::double precision) AND (net_profit <= '121.59'::double precision) AND (net_profit >= '14.82'::double precision))
                           Rows Removed by Filter: 2871269
               ->  Sort  (cost=4006.70..4067.75 rows=24420 width=28) (actual time=14.332..15.384 rows=24538 loops=1)
                     Sort Key: ((customer.customer_sk)::double precision)
                     Sort Method: quicksort  Memory: 2675kB
                     ->  Seq Scan on customer  (cost=0.00..2227.00 rows=24420 width=28) (actual time=0.014..11.001 rows=24399 loops=1)
                           Filter: ((birth_month <= '9'::double precision) AND (birth_month >= '7'::double precision))
                           Rows Removed by Filter: 75601
         ->  Hash  (cost=6.00..6.00 rows=300 width=28) (actual time=0.058..0.059 rows=293 loops=1)
               Buckets: 1024  Batches: 1  Memory Usage: 27kB
               ->  Seq Scan on promotion  (cost=0.00..6.00 rows=300 width=28) (actual time=0.003..0.025 rows=300 loops=1)
   ->  Hash  (cost=366.00..366.00 rows=18000 width=52) (actual time=3.408..3.409 rows=17954 loops=1)
         Buckets: 32768  Batches: 1  Memory Usage: 1799kB
         ->  Seq Scan on item  (cost=0.00..366.00 rows=18000 width=52) (actual time=0.006..1.359 rows=18000 loops=1)
 Planning Time: 0.288 ms
 Execution Time: 569.956 ms
(26 rows)

                                                                                                             QUERY PLAN                                                                                                             
------------------------------------------------------------------------------------------------------------------------------------------------------------------------------------------------------------------------------------
 Hash Join  (cost=102000.51..106259.58 rows=19102 width=244) (actual time=443.153..459.000 rows=1392 loops=1)
   Hash Cond: (store_sales.store_sk = (store.store_sk)::double precision)
   ->  Hash Join  (cost=101959.91..105021.05 rows=2940 width=212) (actual time=443.134..458.557 rows=1406 loops=1)
         Hash Cond: ((customer.customer_sk)::double precision = store_sales.customer_sk)
         ->  Seq Scan on customer  (cost=0.00..2227.00 rows=40237 width=28) (actual time=0.005..10.785 rows=40531 loops=1)
               Filter: ((birth_month <= '9'::double precision) AND (birth_month >= '5'::double precision))
               Rows Removed by Filter: 59469
         ->  Hash  (cost=101902.34..101902.34 rows=4606 width=184) (actual time=443.110..443.112 rows=3506 loops=1)
               Buckets: 8192  Batches: 1  Memory Usage: 828kB
               ->  Hash Join  (cost=548.50..101902.34 rows=4606 width=184) (actual time=2.249..441.450 rows=3593 loops=1)
                     Hash Cond: (store_sales.item_sk = item.item_sk)
                     ->  Seq Scan on store_sales  (cost=0.00..99753.18 rows=414559 width=132) (actual time=0.025..406.693 rows=412551 loops=1)
                           Filter: ((quantity <= '86'::double precision) AND (quantity >= '72'::double precision))
                           Rows Removed by Filter: 2467853
                     ->  Hash  (cost=546.00..546.00 rows=200 width=52) (actual time=2.105..2.105 rows=196 loops=1)
                           Buckets: 1024  Batches: 1  Memory Usage: 25kB
                           ->  Seq Scan on item  (cost=0.00..546.00 rows=200 width=52) (actual time=0.034..2.083 rows=196 loops=1)
                                 Filter: ((current_price <= '52.49'::double precision) AND (current_price >= '1.01'::double precision) AND (brand_id <= '5002001'::double precision) AND (brand_id >= '5002001'::double precision))
                                 Rows Removed by Filter: 17804
   ->  Hash  (cost=23.60..23.60 rows=1360 width=32) (actual time=0.010..0.011 rows=12 loops=1)
         Buckets: 2048  Batches: 1  Memory Usage: 17kB
         ->  Seq Scan on store  (cost=0.00..23.60 rows=1360 width=32) (actual time=0.005..0.007 rows=12 loops=1)
 Planning Time: 0.334 ms
 Execution Time: 459.098 ms
(24 rows)

                                                                                                                                                                                                      QUERY PLAN                                                                                                                                                                                                       
-----------------------------------------------------------------------------------------------------------------------------------------------------------------------------------------------------------------------------------------------------------------------------------------------------------------------------------------------------------------------------------------------------------------------
 Hash Join  (cost=150915.75..151427.36 rows=1010 width=240) (actual time=548.863..560.017 rows=16 loops=1)
   Hash Cond: ((store_sales.item_sk)::double precision = promotion.item_sk)
   ->  Merge Join  (cost=150906.00..151399.99 rows=1003 width=212) (actual time=548.226..559.837 rows=715 loops=1)
         Merge Cond: (store_sales.customer_sk = ((customer.customer_sk)::double precision))
         ->  Sort  (cost=143610.59..143613.07 rows=995 width=184) (actual time=511.737..511.858 rows=1088 loops=1)
               Sort Key: store_sales.customer_sk
               Sort Method: quicksort  Memory: 338kB
               ->  Hash Join  (cost=591.00..143561.04 rows=995 width=184) (actual time=4.303..510.968 rows=1088 loops=1)
                     Hash Cond: (store_sales.item_sk = item.item_sk)
                     ->  Seq Scan on store_sales  (cost=0.00..142956.36 rows=995 width=132) (actual time=0.515..506.260 rows=1088 loops=1)
                           Filter: ((quantity <= '48'::double precision) AND (quantity >= '39'::double precision) AND (ext_discount_amt <= '286.57'::double precision) AND (ext_discount_amt >= '0'::double precision) AND (ext_sales_price <= '1617.92'::double precision) AND (ext_sales_price >= '1543.53'::double precision) AND (ext_tax <= '51.43'::double precision) AND (ext_tax >= '6.59'::double precision))
                           Rows Removed by Filter: 2879316
                     ->  Hash  (cost=366.00..366.00 rows=18000 width=52) (actual time=3.764..3.764 rows=18000 loops=1)
                           Buckets: 32768  Batches: 1  Memory Usage: 1801kB
                           ->  Seq Scan on item  (cost=0.00..366.00 rows=18000 width=52) (actual time=0.004..1.711 rows=18000 loops=1)
         ->  Sort  (cost=7295.41..7454.25 rows=63533 width=28) (actual time=36.468..42.207 rows=63754 loops=1)
               Sort Key: ((customer.customer_sk)::double precision)
               Sort Method: external sort  Disk: 3352kB
               ->  Seq Scan on customer  (cost=0.00..2227.00 rows=63533 width=28) (actual time=0.014..13.725 rows=63764 loops=1)
                     Filter: ((birth_day <= '20'::double precision) AND (birth_day >= '-1'::double precision))
                     Rows Removed by Filter: 36236
   ->  Hash  (cost=6.00..6.00 rows=300 width=28) (actual time=0.065..0.066 rows=293 loops=1)
         Buckets: 1024  Batches: 1  Memory Usage: 27kB
         ->  Seq Scan on promotion  (cost=0.00..6.00 rows=300 width=28) (actual time=0.008..0.032 rows=300 loops=1)
 Planning Time: 0.283 ms
 Execution Time: 560.636 ms
(26 rows)

                                                                                                                                                                   QUERY PLAN                                                                                                                                                                   
------------------------------------------------------------------------------------------------------------------------------------------------------------------------------------------------------------------------------------------------------------------------------------------------------------------------------------------------
 Hash Join  (cost=182039.27..209142.03 rows=149575 width=240) (actual time=1511.831..1551.922 rows=4207 loops=1)
   Hash Cond: ((customer.customer_sk)::double precision = store_sales.customer_sk)
   ->  Seq Scan on customer  (cost=0.00..1727.00 rows=100000 width=28) (actual time=0.007..7.785 rows=100000 loops=1)
   ->  Hash  (cost=178098.85..178098.85 rows=94274 width=212) (actual time=1497.520..1497.522 rows=4207 loops=1)
         Buckets: 16384  Batches: 8  Memory Usage: 262kB
         ->  Hash Join  (cost=151802.11..178098.85 rows=94274 width=212) (actual time=1236.025..1480.951 rows=4213 loops=1)
               Hash Cond: (store_sales.promo_sk = (promotion.promo_sk)::double precision)
               ->  Hash Join  (cost=151792.36..169494.01 rows=98740 width=184) (actual time=1235.956..1479.416 rows=4224 loops=1)
                     Hash Cond: (item.wholesale_cost = store_sales.wholesale_cost)
                     ->  Seq Scan on item  (cost=0.00..546.00 rows=1422 width=52) (actual time=0.008..2.015 rows=1414 loops=1)
                           Filter: ((current_price <= '4.92'::double precision) AND (current_price >= '3.84'::double precision) AND (brand_id <= '10008010'::double precision) AND (brand_id >= '4002002'::double precision))
                           Rows Removed by Filter: 16586
                     ->  Hash  (cost=128555.30..128555.30 rows=725445 width=132) (actual time=1106.556..1106.557 rows=955114 loops=1)
                           Buckets: 32768 (originally 32768)  Batches: 64 (originally 32)  Memory Usage: 3841kB
                           ->  Seq Scan on store_sales  (cost=0.00..128555.30 rows=725445 width=132) (actual time=0.023..674.293 rows=960983 loops=1)
                                 Filter: ((sales_price <= '118.25'::double precision) AND (sales_price >= '11.07'::double precision) AND (ext_sales_price <= '3425.28'::double precision) AND (ext_sales_price >= '602.03'::double precision) AND (ext_coupon_amt <= '646.44'::double precision) AND (ext_coupon_amt >= '0'::double precision))
                                 Rows Removed by Filter: 1919421
               ->  Hash  (cost=6.00..6.00 rows=300 width=28) (actual time=0.063..0.064 rows=300 loops=1)
                     Buckets: 1024  Batches: 1  Memory Usage: 27kB
                     ->  Seq Scan on promotion  (cost=0.00..6.00 rows=300 width=28) (actual time=0.005..0.027 rows=300 loops=1)
 Planning Time: 0.327 ms
 Execution Time: 1552.132 ms
(22 rows)

                                                                                                                                                                                                         QUERY PLAN                                                                                                                                                                                                         
----------------------------------------------------------------------------------------------------------------------------------------------------------------------------------------------------------------------------------------------------------------------------------------------------------------------------------------------------------------------------------------------------------------------------
 Nested Loop  (cost=591.00..145532.17 rows=274 width=244) (actual time=2309.510..2567.830 rows=93 loops=1)
   Join Filter: ((item.item_sk)::double precision = promotion.item_sk)
   Rows Removed by Join Filter: 1563507
   ->  Seq Scan on promotion  (cost=0.00..6.00 rows=300 width=28) (actual time=0.007..0.059 rows=300 loops=1)
   ->  Materialize  (cost=591.00..144098.85 rows=272 width=216) (actual time=0.015..7.754 rows=5212 loops=300)
         ->  Hash Join  (cost=591.00..144097.49 rows=272 width=216) (actual time=4.361..2254.733 rows=5212 loops=1)
               Hash Cond: (store_sales.wholesale_cost = item.wholesale_cost)
               ->  Nested Loop  (cost=0.00..143490.35 rows=158 width=164) (actual time=0.061..2246.610 rows=14141 loops=1)
                     Join Filter: (store_sales.store_sk = (store.store_sk)::double precision)
                     Rows Removed by Join Filter: 323375
                     ->  Seq Scan on store  (cost=0.00..37.20 rows=1 width=32) (actual time=0.015..0.027 rows=4 loops=1)
                           Filter: ((floor_space <= 9294113) AND (floor_space >= 5285950) AND (tax_percentage <= '0.03'::double precision) AND (tax_percentage >= '0.03'::double precision))
                           Rows Removed by Filter: 8
                     ->  Seq Scan on store_sales  (cost=0.00..142956.36 rows=33119 width=132) (actual time=0.022..554.943 rows=84379 loops=4)
                           Filter: ((list_price <= '55.62'::double precision) AND (list_price >= '19.84'::double precision) AND (ext_tax <= '79.49'::double precision) AND (ext_tax >= '0.85'::double precision) AND (net_paid_inc_tax <= '1275.78'::double precision) AND (net_paid_inc_tax >= '507.99'::double precision) AND (net_profit <= '780.84'::double precision) AND (net_profit >= '-499.86'::double precision))
                           Rows Removed by Filter: 2796025
               ->  Hash  (cost=366.00..366.00 rows=18000 width=52) (actual time=3.567..3.568 rows=17954 loops=1)
                     Buckets: 32768  Batches: 1  Memory Usage: 1799kB
                     ->  Seq Scan on item  (cost=0.00..366.00 rows=18000 width=52) (actual time=0.004..1.468 rows=18000 loops=1)
 Planning Time: 0.340 ms
 Execution Time: 2567.993 ms
(21 rows)

                                                                                                                                                                                                      QUERY PLAN                                                                                                                                                                                                      
----------------------------------------------------------------------------------------------------------------------------------------------------------------------------------------------------------------------------------------------------------------------------------------------------------------------------------------------------------------------------------------------------------------------
 Hash Join  (cost=163486.13..175467.14 rows=140869 width=240) (actual time=662.820..694.004 rows=7 loops=1)
   Hash Cond: (store_sales.wholesale_cost = item.wholesale_cost)
   ->  Hash Join  (cost=162895.13..166517.68 rows=81762 width=188) (actual time=654.967..689.869 rows=87 loops=1)
         Hash Cond: ((store_sales.item_sk)::double precision = promotion.item_sk)
         ->  Merge Join  (cost=162885.38..165081.28 rows=81204 width=160) (actual time=654.489..689.330 rows=3580 loops=1)
               Merge Cond: (store_sales.customer_sk = ((customer.customer_sk)::double precision))
               ->  Sort  (cost=150459.56..150587.52 rows=51181 width=132) (actual time=611.710..612.103 rows=3581 loops=1)
                     Sort Key: store_sales.customer_sk
                     Sort Method: quicksort  Memory: 1048kB
                     ->  Seq Scan on store_sales  (cost=0.00..142956.36 rows=51181 width=132) (actual time=0.104..610.182 rows=3593 loops=1)
                           Filter: ((quantity <= '53'::double precision) AND (quantity >= '-1'::double precision) AND (ext_list_price <= '4569.25'::double precision) AND (ext_list_price >= '132.3'::double precision) AND (ext_coupon_amt <= '0'::double precision) AND (ext_coupon_amt >= '0'::double precision) AND (net_profit <= '-2991.69'::double precision) AND (net_profit >= '-5135.3'::double precision))
                           Rows Removed by Filter: 2876811
               ->  Materialize  (cost=12425.82..12925.82 rows=100000 width=28) (actual time=42.768..64.671 rows=100044 loops=1)
                     ->  Sort  (cost=12425.82..12675.82 rows=100000 width=28) (actual time=42.762..53.126 rows=99969 loops=1)
                           Sort Key: ((customer.customer_sk)::double precision)
                           Sort Method: external merge  Disk: 4824kB
                           ->  Seq Scan on customer  (cost=0.00..1727.00 rows=100000 width=28) (actual time=0.012..12.575 rows=100000 loops=1)
         ->  Hash  (cost=6.00..6.00 rows=300 width=28) (actual time=0.059..0.060 rows=293 loops=1)
               Buckets: 1024  Batches: 1  Memory Usage: 27kB
               ->  Seq Scan on promotion  (cost=0.00..6.00 rows=300 width=28) (actual time=0.003..0.025 rows=300 loops=1)
   ->  Hash  (cost=366.00..366.00 rows=18000 width=52) (actual time=4.022..4.023 rows=17954 loops=1)
         Buckets: 32768  Batches: 1  Memory Usage: 1799kB
         ->  Seq Scan on item  (cost=0.00..366.00 rows=18000 width=52) (actual time=0.006..1.576 rows=18000 loops=1)
 Planning Time: 0.326 ms
 Execution Time: 694.853 ms
(25 rows)

                                                                                                          QUERY PLAN                                                                                                           
-------------------------------------------------------------------------------------------------------------------------------------------------------------------------------------------------------------------------------
 Hash Join  (cost=145312.88..151674.51 rows=154630 width=240) (actual time=771.924..945.359 rows=4012 loops=1)
   Hash Cond: ((store_sales.item_sk)::double precision = promotion.item_sk)
   ->  Merge Join  (cost=145303.13..148966.65 rows=153575 width=212) (actual time=771.809..928.074 rows=182959 loops=1)
         Merge Cond: (store_sales.customer_sk = ((customer.customer_sk)::double precision))
         ->  Sort  (cost=132877.31..133119.29 rows=96795 width=184) (actual time=727.866..770.563 rows=182960 loops=1)
               Sort Key: store_sales.customer_sk
               Sort Method: external merge  Disk: 36472kB
               ->  Hash Join  (cost=611.71..116258.40 rows=96795 width=184) (actual time=3.809..578.005 rows=185258 loops=1)
                     Hash Cond: (store_sales.item_sk = item.item_sk)
                     ->  Seq Scan on store_sales  (cost=0.00..114154.24 rows=139866 width=132) (actual time=0.022..497.690 rows=268132 loops=1)
                           Filter: ((quantity <= '80'::double precision) AND (quantity >= '64'::double precision) AND (ext_wholesale_cost <= '7392'::double precision) AND (ext_wholesale_cost >= '2888.1'::double precision))
                           Rows Removed by Filter: 2612272
                     ->  Hash  (cost=456.00..456.00 rows=12457 width=52) (actual time=3.767..3.768 rows=12466 loops=1)
                           Buckets: 16384  Batches: 1  Memory Usage: 1199kB
                           ->  Seq Scan on item  (cost=0.00..456.00 rows=12457 width=52) (actual time=0.004..2.535 rows=12466 loops=1)
                                 Filter: ((manufact_id <= '492'::double precision) AND (manufact_id >= '27'::double precision))
                                 Rows Removed by Filter: 5534
         ->  Materialize  (cost=12425.82..12925.82 rows=100000 width=28) (actual time=43.934..74.078 rows=210348 loops=1)
               ->  Sort  (cost=12425.82..12675.82 rows=100000 width=28) (actual time=43.930..55.015 rows=100000 loops=1)
                     Sort Key: ((customer.customer_sk)::double precision)
                     Sort Method: external merge  Disk: 4824kB
                     ->  Seq Scan on customer  (cost=0.00..1727.00 rows=100000 width=28) (actual time=0.011..12.761 rows=100000 loops=1)
   ->  Hash  (cost=6.00..6.00 rows=300 width=28) (actual time=0.065..0.065 rows=293 loops=1)
         Buckets: 1024  Batches: 1  Memory Usage: 27kB
         ->  Seq Scan on promotion  (cost=0.00..6.00 rows=300 width=28) (actual time=0.007..0.030 rows=300 loops=1)
 Planning Time: 0.266 ms
 Execution Time: 953.264 ms
(27 rows)

                                                                QUERY PLAN                                                                 
-------------------------------------------------------------------------------------------------------------------------------------------
 Hash Join  (cost=104219.61..107770.91 rows=41939 width=244) (actual time=1130.756..1298.424 rows=2779 loops=1)
   Hash Cond: (item.wholesale_cost = store_sales.wholesale_cost)
   ->  Hash Join  (cost=11.18..547.26 rows=4550 width=80) (actual time=0.157..2.630 rows=76 loops=1)
         Hash Cond: ((item.item_sk)::double precision = promotion.item_sk)
         ->  Seq Scan on item  (cost=0.00..456.00 rows=4611 width=52) (actual time=0.012..2.059 rows=4659 loops=1)
               Filter: ((brand_id <= '7004010'::double precision) AND (brand_id >= '4003002'::double precision))
               Rows Removed by Filter: 13341
         ->  Hash  (cost=7.50..7.50 rows=294 width=28) (actual time=0.084..0.085 rows=291 loops=1)
               Buckets: 1024  Batches: 1  Memory Usage: 27kB
               ->  Seq Scan on promotion  (cost=0.00..7.50 rows=294 width=28) (actual time=0.005..0.056 rows=294 loops=1)
                     Filter: ((cost <= '1000'::double precision) AND (cost >= '1000'::double precision))
                     Rows Removed by Filter: 6
   ->  Hash  (cost=100746.68..100746.68 rows=96301 width=164) (actual time=1106.844..1106.846 rows=447331 loops=1)
         Buckets: 32768 (originally 32768)  Batches: 32 (originally 8)  Memory Usage: 3841kB
         ->  Hash Join  (cost=30.49..100746.68 rows=96301 width=164) (actual time=0.099..745.849 rows=458194 loops=1)
               Hash Cond: (store_sales.store_sk = (store.store_sk)::double precision)
               ->  Seq Scan on store_sales  (cost=0.00..85352.12 rows=2880212 width=132) (actual time=0.026..341.809 rows=2880404 loops=1)
               ->  Hash  (cost=30.40..30.40 rows=7 width=32) (actual time=0.005..0.006 rows=2 loops=1)
                     Buckets: 1024  Batches: 1  Memory Usage: 9kB
                     ->  Seq Scan on store  (cost=0.00..30.40 rows=7 width=32) (actual time=0.003..0.004 rows=2 loops=1)
                           Filter: ((floor_space <= 8954883) AND (floor_space >= 7557959))
                           Rows Removed by Filter: 10
 Planning Time: 0.368 ms
 Execution Time: 1298.620 ms
(24 rows)

                                                                                                                                                                                                                                                 QUERY PLAN                                                                                                                                                                                                                                                  
-------------------------------------------------------------------------------------------------------------------------------------------------------------------------------------------------------------------------------------------------------------------------------------------------------------------------------------------------------------------------------------------------------------------------------------------------------------------------------------------------------------
 Hash Join  (cost=170432.48..171319.91 rows=1977 width=240) (actual time=680.160..697.869 rows=104 loops=1)
   Hash Cond: (store_sales.wholesale_cost = item.wholesale_cost)
   ->  Merge Join  (cost=169841.48..170611.55 rows=1148 width=188) (actual time=676.501..694.165 rows=41 loops=1)
         Merge Cond: (((customer.customer_sk)::double precision) = store_sales.customer_sk)
         ->  Sort  (cost=12425.82..12675.82 rows=100000 width=28) (actual time=41.393..51.396 rows=99848 loops=1)
               Sort Key: ((customer.customer_sk)::double precision)
               Sort Method: external merge  Disk: 4824kB
               ->  Seq Scan on customer  (cost=0.00..1727.00 rows=100000 width=28) (actual time=0.006..12.617 rows=100000 loops=1)
         ->  Sort  (cost=157415.66..157417.46 rows=723 width=160) (actual time=633.978..633.984 rows=41 loops=1)
               Sort Key: store_sales.customer_sk
               Sort Method: quicksort  Memory: 35kB
               ->  Hash Join  (cost=11.18..157381.32 rows=723 width=160) (actual time=16.893..633.934 rows=41 loops=1)
                     Hash Cond: ((store_sales.item_sk)::double precision = promotion.item_sk)
                     ->  Seq Scan on store_sales  (cost=0.00..157357.42 rows=733 width=132) (actual time=0.412..633.413 rows=2059 loops=1)
                           Filter: ((list_price <= '90.15'::double precision) AND (list_price >= '6.09'::double precision) AND (ext_discount_amt <= '0'::double precision) AND (ext_discount_amt >= '0'::double precision) AND (ext_coupon_amt <= '0'::double precision) AND (ext_coupon_amt >= '0'::double precision) AND (net_paid <= '261.64'::double precision) AND (net_paid >= '248.16'::double precision) AND (net_profit <= '-27.2'::double precision) AND (net_profit >= '-156'::double precision))
                           Rows Removed by Filter: 2878345
                     ->  Hash  (cost=7.50..7.50 rows=294 width=28) (actual time=0.072..0.072 rows=291 loops=1)
                           Buckets: 1024  Batches: 1  Memory Usage: 27kB
                           ->  Seq Scan on promotion  (cost=0.00..7.50 rows=294 width=28) (actual time=0.005..0.044 rows=294 loops=1)
                                 Filter: ((cost <= '1000'::double precision) AND (cost >= '1000'::double precision))
                                 Rows Removed by Filter: 6
   ->  Hash  (cost=366.00..366.00 rows=18000 width=52) (actual time=3.626..3.626 rows=17954 loops=1)
         Buckets: 32768  Batches: 1  Memory Usage: 1799kB
         ->  Seq Scan on item  (cost=0.00..366.00 rows=18000 width=52) (actual time=0.010..1.392 rows=18000 loops=1)
 Planning Time: 0.327 ms
 Execution Time: 698.942 ms
(26 rows)

                                                                                       QUERY PLAN                                                                                        
-----------------------------------------------------------------------------------------------------------------------------------------------------------------------------------------
 Hash Join  (cost=100488.59..103219.07 rows=2090 width=244) (actual time=793.171..860.162 rows=42346 loops=1)
   Hash Cond: ((customer.customer_sk)::double precision = store_sales.customer_sk)
   ->  Seq Scan on customer  (cost=0.00..2227.00 rows=96517 width=28) (actual time=0.008..12.861 rows=96551 loops=1)
         Filter: ((birth_month <= '12'::double precision) AND (birth_month >= '-1'::double precision))
         Rows Removed by Filter: 3449
   ->  Hash  (cost=100471.53..100471.53 rows=1365 width=216) (actual time=787.260..787.277 rows=43880 loops=1)
         Buckets: 16384 (originally 2048)  Batches: 4 (originally 1)  Memory Usage: 3969kB
         ->  Hash Join  (cost=515.54..100471.53 rows=1365 width=216) (actual time=1.898..753.034 rows=44941 loops=1)
               Hash Cond: (store_sales.item_sk = item.item_sk)
               ->  Hash Join  (cost=37.21..99927.96 rows=13757 width=164) (actual time=0.037..693.536 rows=456896 loops=1)
                     Hash Cond: (store_sales.store_sk = (store.store_sk)::double precision)
                     ->  Seq Scan on store_sales  (cost=0.00..85352.12 rows=2880212 width=132) (actual time=0.021..315.856 rows=2880404 loops=1)
                     ->  Hash  (cost=37.20..37.20 rows=1 width=32) (actual time=0.007..0.022 rows=2 loops=1)
                           Buckets: 1024  Batches: 1  Memory Usage: 9kB
                           ->  Seq Scan on store  (cost=0.00..37.20 rows=1 width=32) (actual time=0.003..0.005 rows=2 loops=1)
                                 Filter: ((company_id <= 877) AND (company_id >= 337) AND (tax_percentage <= '0.03'::double precision) AND (tax_percentage >= '0.03'::double precision))
                                 Rows Removed by Filter: 10
               ->  Hash  (cost=456.00..456.00 rows=1786 width=52) (actual time=1.854..1.854 rows=1786 loops=1)
                     Buckets: 2048  Batches: 1  Memory Usage: 170kB
                     ->  Seq Scan on item  (cost=0.00..456.00 rows=1786 width=52) (actual time=0.004..1.656 rows=1786 loops=1)
                           Filter: ((brand_id <= '3004001'::double precision) AND (brand_id >= '2004002'::double precision))
                           Rows Removed by Filter: 16214
 Planning Time: 0.283 ms
 Execution Time: 861.693 ms
(24 rows)

                                                                                                                    QUERY PLAN                                                                                                                    
--------------------------------------------------------------------------------------------------------------------------------------------------------------------------------------------------------------------------------------------------
 Merge Join  (cost=200466.81..208086.26 rows=425462 width=244) (actual time=1975.271..2005.380 rows=46997 loops=1)
   Merge Cond: (((store.store_sk)::double precision) = store_sales.store_sk)
   ->  Sort  (cost=94.38..97.78 rows=1360 width=32) (actual time=0.017..0.019 rows=11 loops=1)
         Sort Key: ((store.store_sk)::double precision)
         Sort Method: quicksort  Memory: 25kB
         ->  Seq Scan on store  (cost=0.00..23.60 rows=1360 width=32) (actual time=0.007..0.010 rows=12 loops=1)
   ->  Materialize  (cost=200372.43..200699.90 rows=65495 width=212) (actual time=1975.246..1990.056 rows=46998 loops=1)
         ->  Sort  (cost=200372.43..200536.16 rows=65495 width=212) (actual time=1975.244..1983.331 rows=46998 loops=1)
               Sort Key: store_sales.store_sk
               Sort Method: external merge  Disk: 10784kB
               ->  Hash Join  (cost=178117.67..188416.62 rows=65495 width=212) (actual time=1880.717..1943.588 rows=47153 loops=1)
                     Hash Cond: ((customer.customer_sk)::double precision = store_sales.customer_sk)
                     ->  Seq Scan on customer  (cost=0.00..1727.00 rows=100000 width=28) (actual time=0.004..7.998 rows=100000 loops=1)
                     ->  Hash  (cost=176552.67..176552.67 rows=41280 width=184) (actual time=1876.414..1876.416 rows=47153 loops=1)
                           Buckets: 32768  Batches: 4  Memory Usage: 2782kB
                           ->  Hash Join  (cost=152001.89..176552.67 rows=41280 width=184) (actual time=1235.406..1849.391 rows=47459 loops=1)
                                 Hash Cond: (item.wholesale_cost = store_sales.wholesale_cost)
                                 ->  Seq Scan on item  (cost=0.00..546.00 rows=365 width=52) (actual time=0.007..1.784 rows=534 loops=1)
                                       Filter: ((brand_id <= '3004002'::double precision) AND (brand_id >= '3003002'::double precision) AND (class_id <= '4'::double precision) AND (class_id >= '1'::double precision))
                                       Rows Removed by Filter: 17466
                                 ->  Hash  (cost=114154.24..114154.24 rows=1181572 width=132) (actual time=1182.955..1182.955 rows=1328026 loops=1)
                                       Buckets: 32768 (originally 32768)  Batches: 128 (originally 64)  Memory Usage: 3841kB
                                       ->  Seq Scan on store_sales  (cost=0.00..114154.24 rows=1181572 width=132) (actual time=0.031..680.312 rows=1344281 loops=1)
                                             Filter: ((ext_tax <= '293.8'::double precision) AND (ext_tax >= '3.08'::double precision) AND (net_paid_inc_tax <= '1937.62'::double precision) AND (net_paid_inc_tax >= '33.04'::double precision))
                                             Rows Removed by Filter: 1536123
 Planning Time: 0.348 ms
 Execution Time: 2009.197 ms
(27 rows)

                                                                QUERY PLAN                                                                 
-------------------------------------------------------------------------------------------------------------------------------------------
 Hash Join  (cost=104218.19..159701.55 rows=3894403 width=244) (actual time=3100.064..5185.787 rows=1574132 loops=1)
   Hash Cond: ((promotion.promo_sk)::double precision = store_sales.promo_sk)
   ->  Hash Join  (cost=9.75..687.47 rows=12707 width=80) (actual time=0.119..4.158 rows=211 loops=1)
         Hash Cond: ((item.item_sk)::double precision = promotion.item_sk)
         ->  Seq Scan on item  (cost=0.00..456.00 rows=12620 width=52) (actual time=0.013..2.727 rows=12620 loops=1)
               Filter: ((category_id <= '8'::double precision) AND (category_id >= '2'::double precision))
               Rows Removed by Filter: 5380
         ->  Hash  (cost=6.00..6.00 rows=300 width=28) (actual time=0.094..0.094 rows=293 loops=1)
               Buckets: 1024  Batches: 1  Memory Usage: 27kB
               ->  Seq Scan on promotion  (cost=0.00..6.00 rows=300 width=28) (actual time=0.006..0.050 rows=300 loops=1)
   ->  Hash  (cost=100746.68..100746.68 rows=96301 width=164) (actual time=2981.571..2981.573 rows=2238351 loops=1)
         Buckets: 32768 (originally 32768)  Batches: 2048 (originally 8)  Memory Usage: 5779kB
         ->  Hash Join  (cost=30.49..100746.68 rows=96301 width=164) (actual time=0.045..1223.690 rows=2292176 loops=1)
               Hash Cond: (store_sales.store_sk = (store.store_sk)::double precision)
               ->  Seq Scan on store_sales  (cost=0.00..85352.12 rows=2880212 width=132) (actual time=0.031..353.856 rows=2880404 loops=1)
               ->  Hash  (cost=30.40..30.40 rows=7 width=32) (actual time=0.008..0.008 rows=10 loops=1)
                     Buckets: 1024  Batches: 1  Memory Usage: 9kB
                     ->  Seq Scan on store  (cost=0.00..30.40 rows=7 width=32) (actual time=0.004..0.006 rows=10 loops=1)
                           Filter: ((market_id <= 8) AND (market_id >= 2))
                           Rows Removed by Filter: 2
 Planning Time: 0.245 ms
 Execution Time: 5242.461 ms
(22 rows)

                                                                                                                     QUERY PLAN                                                                                                                      
-----------------------------------------------------------------------------------------------------------------------------------------------------------------------------------------------------------------------------------------------------
 Merge Join  (cost=212091.92..242343.26 rows=1690878 width=244) (actual time=882.701..992.261 rows=127043 loops=1)
   Merge Cond: (((store.store_sk)::double precision) = store_sales.store_sk)
   ->  Sort  (cost=94.38..97.78 rows=1360 width=32) (actual time=0.019..0.024 rows=11 loops=1)
         Sort Key: ((store.store_sk)::double precision)
         Sort Method: quicksort  Memory: 25kB
         ->  Seq Scan on store  (cost=0.00..23.60 rows=1360 width=32) (actual time=0.010..0.013 rows=12 loops=1)
   ->  Materialize  (cost=211997.54..213299.01 rows=260294 width=212) (actual time=882.676..951.340 rows=127044 loops=1)
         ->  Sort  (cost=211997.54..212648.27 rows=260294 width=212) (actual time=882.674..908.183 rows=127044 loops=1)
               Sort Key: store_sales.store_sk
               Sort Method: external merge  Disk: 29200kB
               ->  Hash Join  (cost=152599.04..161893.37 rows=260294 width=212) (actual time=653.057..802.478 rows=127807 loops=1)
                     Hash Cond: (store_sales.item_sk = item.item_sk)
                     ->  Merge Join  (cost=152008.04..157723.33 rows=260294 width=160) (actual time=649.458..758.842 rows=127807 loops=1)
                           Merge Cond: (((customer.customer_sk)::double precision) = store_sales.customer_sk)
                           ->  Sort  (cost=12425.82..12675.82 rows=100000 width=28) (actual time=38.818..52.669 rows=100000 loops=1)
                                 Sort Key: ((customer.customer_sk)::double precision)
                                 Sort Method: external merge  Disk: 4824kB
                                 ->  Seq Scan on customer  (cost=0.00..1727.00 rows=100000 width=28) (actual time=0.006..12.407 rows=100000 loops=1)
                           ->  Materialize  (cost=139582.22..140402.51 rows=164057 width=132) (actual time=610.629..655.197 rows=127808 loops=1)
                                 ->  Sort  (cost=139582.22..139992.37 rows=164057 width=132) (actual time=610.626..637.868 rows=127808 loops=1)
                                       Sort Key: store_sales.customer_sk
                                       Sort Method: external merge  Disk: 18376kB
                                       ->  Seq Scan on store_sales  (cost=0.00..114154.24 rows=164057 width=132) (actual time=0.030..539.632 rows=129376 loops=1)
                                             Filter: ((ext_wholesale_cost <= '6297.48'::double precision) AND (ext_wholesale_cost >= '555.5'::double precision) AND (ext_tax <= '9.11'::double precision) AND (ext_tax >= '4.05'::double precision))
                                             Rows Removed by Filter: 2751028
                     ->  Hash  (cost=366.00..366.00 rows=18000 width=52) (actual time=3.580..3.581 rows=18000 loops=1)
                           Buckets: 32768  Batches: 1  Memory Usage: 1801kB
                           ->  Seq Scan on item  (cost=0.00..366.00 rows=18000 width=52) (actual time=0.005..1.568 rows=18000 loops=1)
 Planning Time: 0.312 ms
 Execution Time: 1011.563 ms
(30 rows)

                                                                      QUERY PLAN                                                                       
-------------------------------------------------------------------------------------------------------------------------------------------------------
 Hash Join  (cost=410510.69..707889.73 rows=4093905 width=240) (actual time=3272.617..3360.175 rows=45385 loops=1)
   Hash Cond: ((customer.customer_sk)::double precision = store_sales.customer_sk)
   ->  Seq Scan on customer  (cost=0.00..1727.00 rows=100000 width=28) (actual time=0.010..9.110 rows=100000 loops=1)
   ->  Hash  (cost=302662.04..302662.04 rows=2580292 width=212) (actual time=2795.164..2795.167 rows=45385 loops=1)
         Buckets: 16384  Batches: 256  Memory Usage: 167kB
         ->  Hash Join  (cost=170061.15..302662.04 rows=2580292 width=212) (actual time=1379.959..2541.537 rows=45873 loops=1)
               Hash Cond: ((store_sales.item_sk)::double precision = promotion.item_sk)
               ->  Hash Join  (cost=170049.99..257168.68 rows=2623904 width=184) (actual time=1379.817..2339.295 rows=2157492 loops=1)
                     Hash Cond: (item.wholesale_cost = store_sales.wholesale_cost)
                     ->  Seq Scan on item  (cost=0.00..456.00 rows=12491 width=52) (actual time=0.003..3.230 rows=12541 loops=1)
                           Filter: ((brand_id <= '8014007'::double precision) AND (brand_id >= '1004002'::double precision))
                           Rows Removed by Filter: 5459
                     ->  Hash  (cost=99753.18..99753.18 rows=2194625 width=132) (actual time=1379.767..1379.768 rows=2159321 loops=1)
                           Buckets: 32768  Batches: 128  Memory Usage: 3442kB
                           ->  Seq Scan on store_sales  (cost=0.00..99753.18 rows=2194625 width=132) (actual time=0.030..642.778 rows=2211665 loops=1)
                                 Filter: ((ext_discount_amt <= '0'::double precision) AND (ext_discount_amt >= '0'::double precision))
                                 Rows Removed by Filter: 668739
               ->  Hash  (cost=7.50..7.50 rows=293 width=28) (actual time=0.075..0.076 rows=291 loops=1)
                     Buckets: 1024  Batches: 1  Memory Usage: 27kB
                     ->  Seq Scan on promotion  (cost=0.00..7.50 rows=293 width=28) (actual time=0.006..0.046 rows=293 loops=1)
                           Filter: ((response_target <= '1'::double precision) AND (response_target >= '1'::double precision))
                           Rows Removed by Filter: 7
 Planning Time: 0.301 ms
 Execution Time: 3361.993 ms
(24 rows)

                                                                                                                                                                                                                                                      QUERY PLAN                                                                                                                                                                                                                                                      
----------------------------------------------------------------------------------------------------------------------------------------------------------------------------------------------------------------------------------------------------------------------------------------------------------------------------------------------------------------------------------------------------------------------------------------------------------------------------------------------------------------------
 Merge Join  (cost=180331.44..190213.98 rows=551995 width=244) (actual time=609.462..611.302 rows=3315 loops=1)
   Merge Cond: (((store.store_sk)::double precision) = store_sales.store_sk)
   ->  Sort  (cost=94.38..97.78 rows=1360 width=32) (actual time=0.018..0.020 rows=11 loops=1)
         Sort Key: ((store.store_sk)::double precision)
         Sort Method: quicksort  Memory: 25kB
         ->  Seq Scan on store  (cost=0.00..23.60 rows=1360 width=32) (actual time=0.008..0.010 rows=12 loops=1)
   ->  Materialize  (cost=180237.05..180661.92 rows=84974 width=212) (actual time=609.437..610.199 rows=3316 loops=1)
         ->  Sort  (cost=180237.05..180449.49 rows=84974 width=212) (actual time=609.434..609.664 rows=3316 loops=1)
               Sort Key: store_sales.store_sk
               Sort Method: quicksort  Memory: 978kB
               ->  Hash Join  (cost=602.17..164564.92 rows=84974 width=212) (actual time=4.368..607.394 rows=3317 loops=1)
                     Hash Cond: ((item.item_sk)::double precision = promotion.item_sk)
                     ->  Hash Join  (cost=591.00..163058.13 rows=86116 width=184) (actual time=4.123..587.055 rows=203979 loops=1)
                           Hash Cond: (store_sales.wholesale_cost = item.wholesale_cost)
                           ->  Seq Scan on store_sales  (cost=0.00..157357.42 rows=49983 width=132) (actual time=0.036..532.251 rows=60434 loops=1)
                                 Filter: ((quantity <= '56'::double precision) AND (quantity >= '50'::double precision) AND (ext_discount_amt <= '23.43'::double precision) AND (ext_discount_amt >= '0'::double precision) AND (ext_list_price <= '3160.64'::double precision) AND (ext_list_price >= '26.88'::double precision) AND (ext_coupon_amt <= '0'::double precision) AND (ext_coupon_amt >= '0'::double precision) AND (net_paid <= '5054.17'::double precision) AND (net_paid >= '-1'::double precision))
                                 Rows Removed by Filter: 2819970
                           ->  Hash  (cost=366.00..366.00 rows=18000 width=52) (actual time=4.043..4.043 rows=17954 loops=1)
                                 Buckets: 32768  Batches: 1  Memory Usage: 1799kB
                                 ->  Seq Scan on item  (cost=0.00..366.00 rows=18000 width=52) (actual time=0.004..1.600 rows=18000 loops=1)
                     ->  Hash  (cost=7.50..7.50 rows=294 width=28) (actual time=0.072..0.072 rows=291 loops=1)
                           Buckets: 1024  Batches: 1  Memory Usage: 27kB
                           ->  Seq Scan on promotion  (cost=0.00..7.50 rows=294 width=28) (actual time=0.006..0.044 rows=294 loops=1)
                                 Filter: ((cost <= '1000'::double precision) AND (cost >= '1000'::double precision))
                                 Rows Removed by Filter: 6
 Planning Time: 0.321 ms
 Execution Time: 611.476 ms
(27 rows)

                                                                                                                                                                                                                                                                                                 QUERY PLAN                                                                                                                                                                                                                                                                                                 
------------------------------------------------------------------------------------------------------------------------------------------------------------------------------------------------------------------------------------------------------------------------------------------------------------------------------------------------------------------------------------------------------------------------------------------------------------------------------------------------------------------------------------------------------------------------------------------------------------
 Hash Join  (cost=551.31..175335.75 rows=25838 width=244) (actual time=2.052..727.185 rows=17080 loops=1)
   Hash Cond: (store_sales.promo_sk = (promotion.promo_sk)::double precision)
   ->  Hash Join  (cost=30.49..172516.37 rows=4559 width=164) (actual time=0.048..702.899 rows=214036 loops=1)
         Hash Cond: (store_sales.store_sk = (store.store_sk)::double precision)
         ->  Seq Scan on store_sales  (cost=0.00..171758.48 rows=136362 width=132) (actual time=0.027..629.251 rows=322452 loops=1)
               Filter: ((quantity <= '68'::double precision) AND (quantity >= '2'::double precision) AND (list_price <= '97.96'::double precision) AND (list_price >= '-1'::double precision) AND (sales_price <= '18.76'::double precision) AND (sales_price >= '2.71'::double precision) AND (ext_discount_amt <= '1144.63'::double precision) AND (ext_discount_amt >= '0'::double precision) AND (ext_wholesale_cost <= '2945.08'::double precision) AND (ext_wholesale_cost >= '90.31'::double precision) AND (ext_coupon_amt <= '0'::double precision) AND (ext_coupon_amt >= '0'::double precision))
               Rows Removed by Filter: 2557952
         ->  Hash  (cost=30.40..30.40 rows=7 width=32) (actual time=0.007..0.008 rows=8 loops=1)
               Buckets: 1024  Batches: 1  Memory Usage: 9kB
               ->  Seq Scan on store  (cost=0.00..30.40 rows=7 width=32) (actual time=0.003..0.005 rows=8 loops=1)
                     Filter: ((company_id <= 877) AND (company_id >= 220))
                     Rows Removed by Filter: 4
   ->  Hash  (cost=498.56..498.56 rows=1781 width=80) (actual time=1.985..1.987 rows=24 loops=1)
         Buckets: 2048  Batches: 1  Memory Usage: 19kB
         ->  Hash Join  (cost=11.16..498.56 rows=1781 width=80) (actual time=0.107..1.979 rows=24 loops=1)
               Hash Cond: ((item.item_sk)::double precision = promotion.item_sk)
               ->  Seq Scan on item  (cost=0.00..456.00 rows=1811 width=52) (actual time=0.003..1.725 rows=1811 loops=1)
                     Filter: ((category_id <= '2'::double precision) AND (category_id >= '2'::double precision))
                     Rows Removed by Filter: 16189
               ->  Hash  (cost=7.50..7.50 rows=293 width=28) (actual time=0.070..0.070 rows=291 loops=1)
                     Buckets: 1024  Batches: 1  Memory Usage: 27kB
                     ->  Seq Scan on promotion  (cost=0.00..7.50 rows=293 width=28) (actual time=0.004..0.042 rows=293 loops=1)
                           Filter: ((response_target <= '1'::double precision) AND (response_target >= '1'::double precision))
                           Rows Removed by Filter: 7
 Planning Time: 0.299 ms
 Execution Time: 728.112 ms
(26 rows)

                                                                  QUERY PLAN                                                                   
-----------------------------------------------------------------------------------------------------------------------------------------------
 Hash Join  (cost=102178.83..109968.48 rows=483829 width=244) (actual time=637.011..668.190 rows=39292 loops=1)
   Hash Cond: ((item.item_sk)::double precision = promotion.item_sk)
   ->  Seq Scan on item  (cost=0.00..456.00 rows=16363 width=52) (actual time=0.009..2.642 rows=16363 loops=1)
         Filter: ((class_id <= '13'::double precision) AND (class_id >= '1'::double precision))
         Rows Removed by Filter: 1637
   ->  Hash  (cost=102068.71..102068.71 rows=8810 width=192) (actual time=630.710..630.713 rows=44358 loops=1)
         Buckets: 32768 (originally 16384)  Batches: 4 (originally 1)  Memory Usage: 3841kB
         ->  Hash Join  (cost=40.24..102068.71 rows=8810 width=192) (actual time=0.223..597.797 rows=45385 loops=1)
               Hash Cond: (store_sales.promo_sk = (promotion.promo_sk)::double precision)
               ->  Hash Join  (cost=30.49..101255.77 rows=9227 width=164) (actual time=0.143..581.465 rows=45965 loops=1)
                     Hash Cond: (store_sales.store_sk = (store.store_sk)::double precision)
                     ->  Seq Scan on store_sales  (cost=0.00..99753.18 rows=275966 width=132) (actual time=0.041..548.474 rows=282902 loops=1)
                           Filter: ((net_profit <= '238.32'::double precision) AND (net_profit >= '-1'::double precision))
                           Rows Removed by Filter: 2597502
                     ->  Hash  (cost=30.40..30.40 rows=7 width=32) (actual time=0.005..0.006 rows=2 loops=1)
                           Buckets: 1024  Batches: 1  Memory Usage: 9kB
                           ->  Seq Scan on store  (cost=0.00..30.40 rows=7 width=32) (actual time=0.003..0.005 rows=2 loops=1)
                                 Filter: ((tax_percentage <= '0.01'::double precision) AND (tax_percentage >= '0.01'::double precision))
                                 Rows Removed by Filter: 10
               ->  Hash  (cost=6.00..6.00 rows=300 width=28) (actual time=0.075..0.076 rows=300 loops=1)
                     Buckets: 1024  Batches: 1  Memory Usage: 27kB
                     ->  Seq Scan on promotion  (cost=0.00..6.00 rows=300 width=28) (actual time=0.006..0.033 rows=300 loops=1)
 Planning Time: 0.226 ms
 Execution Time: 669.616 ms
(24 rows)

                                                                                                       QUERY PLAN                                                                                                        
-------------------------------------------------------------------------------------------------------------------------------------------------------------------------------------------------------------------------
 Hash Join  (cost=117761.27..123677.66 rows=20985 width=244) (actual time=1085.028..1405.109 rows=108286 loops=1)
   Hash Cond: (store_sales.wholesale_cost = item.wholesale_cost)
   ->  Hash Join  (cost=117170.27..121841.51 rows=12180 width=192) (actual time=1081.423..1350.987 rows=219594 loops=1)
         Hash Cond: ((customer.customer_sk)::double precision = store_sales.customer_sk)
         ->  Seq Scan on customer  (cost=0.00..2227.00 rows=44237 width=28) (actual time=0.006..11.287 rows=44183 loops=1)
               Filter: ((birth_day <= '25'::double precision) AND (birth_day >= '12'::double precision))
               Rows Removed by Filter: 55817
         ->  Hash  (cost=116953.34..116953.34 rows=17354 width=164) (actual time=1081.126..1081.128 rows=495528 loops=1)
               Buckets: 32768 (originally 32768)  Batches: 32 (originally 1)  Memory Usage: 3841kB
               ->  Hash Join  (cost=30.49..116953.34 rows=17354 width=164) (actual time=0.034..777.578 rows=498580 loops=1)
                     Hash Cond: (store_sales.store_sk = (store.store_sk)::double precision)
                     ->  Seq Scan on store_sales  (cost=0.00..114154.24 rows=519015 width=132) (actual time=0.023..639.009 rows=504641 loops=1)
                           Filter: ((net_paid <= '5083.2'::double precision) AND (net_paid >= '168.3'::double precision) AND (net_profit <= '-83.76'::double precision) AND (net_profit >= '-792.54'::double precision))
                           Rows Removed by Filter: 2375763
                     ->  Hash  (cost=30.40..30.40 rows=7 width=32) (actual time=0.006..0.007 rows=12 loops=1)
                           Buckets: 1024  Batches: 1  Memory Usage: 9kB
                           ->  Seq Scan on store  (cost=0.00..30.40 rows=7 width=32) (actual time=0.002..0.004 rows=12 loops=1)
                                 Filter: ((devision_id <= 1) AND (devision_id >= 1))
   ->  Hash  (cost=366.00..366.00 rows=18000 width=52) (actual time=3.586..3.586 rows=17954 loops=1)
         Buckets: 32768  Batches: 1  Memory Usage: 1799kB
         ->  Seq Scan on item  (cost=0.00..366.00 rows=18000 width=52) (actual time=0.007..1.343 rows=18000 loops=1)
 Planning Time: 0.255 ms
 Execution Time: 1409.081 ms
(23 rows)

                                                                                                                                                                                                           QUERY PLAN                                                                                                                                                                                                            
---------------------------------------------------------------------------------------------------------------------------------------------------------------------------------------------------------------------------------------------------------------------------------------------------------------------------------------------------------------------------------------------------------------------------------
 Merge Join  (cost=180125.72..190539.55 rows=581701 width=244) (actual time=1262.984..1263.559 rows=964 loops=1)
   Merge Cond: (((store.store_sk)::double precision) = store_sales.store_sk)
   ->  Sort  (cost=94.38..97.78 rows=1360 width=32) (actual time=0.021..0.023 rows=11 loops=1)
         Sort Key: ((store.store_sk)::double precision)
         Sort Method: quicksort  Memory: 25kB
         ->  Seq Scan on store  (cost=0.00..23.60 rows=1360 width=32) (actual time=0.011..0.014 rows=12 loops=1)
   ->  Materialize  (cost=180031.33..180479.07 rows=89547 width=212) (actual time=1262.955..1263.195 rows=965 loops=1)
         ->  Sort  (cost=180031.33..180255.20 rows=89547 width=212) (actual time=1262.952..1263.026 rows=965 loops=1)
               Sort Key: store_sales.store_sk
               Sort Method: quicksort  Memory: 282kB
               ->  Hash Join  (cost=151803.56..163481.93 rows=89547 width=212) (actual time=1089.738..1262.504 rows=969 loops=1)
                     Hash Cond: (item.wholesale_cost = store_sales.wholesale_cost)
                     ->  Hash Join  (cost=9.75..614.92 rows=3391 width=80) (actual time=0.125..2.609 rows=43 loops=1)
                           Hash Cond: ((item.item_sk)::double precision = promotion.item_sk)
                           ->  Seq Scan on item  (cost=0.00..546.00 rows=3368 width=52) (actual time=0.005..2.189 rows=2882 loops=1)
                                 Filter: ((class_id <= '3'::double precision) AND (class_id >= '2'::double precision) AND (category_id <= '9'::double precision) AND (category_id >= '4'::double precision))
                                 Rows Removed by Filter: 15118
                           ->  Hash  (cost=6.00..6.00 rows=300 width=28) (actual time=0.108..0.108 rows=293 loops=1)
                                 Buckets: 1024  Batches: 1  Memory Usage: 27kB
                                 ->  Seq Scan on promotion  (cost=0.00..6.00 rows=300 width=28) (actual time=0.004..0.056 rows=300 loops=1)
                     ->  Hash  (cost=142956.36..142956.36 rows=275876 width=132) (actual time=1089.486..1089.486 rows=546736 loops=1)
                           Buckets: 32768 (originally 32768)  Batches: 32 (originally 16)  Memory Usage: 3841kB
                           ->  Seq Scan on store_sales  (cost=0.00..142956.36 rows=275876 width=132) (actual time=0.031..685.270 rows=550040 loops=1)
                                 Filter: ((ext_discount_amt <= '0'::double precision) AND (ext_discount_amt >= '0'::double precision) AND (ext_sales_price <= '2660.24'::double precision) AND (ext_sales_price >= '82.32'::double precision) AND (ext_tax <= '56.09'::double precision) AND (ext_tax >= '12.29'::double precision) AND (ext_coupon_amt <= '0'::double precision) AND (ext_coupon_amt >= '0'::double precision))
                                 Rows Removed by Filter: 2330364
 Planning Time: 0.347 ms
 Execution Time: 1263.656 ms
(27 rows)

                                                                      QUERY PLAN                                                                       
-------------------------------------------------------------------------------------------------------------------------------------------------------
 Hash Join  (cost=322194.33..385768.18 rows=1701644 width=240) (actual time=2007.126..2043.168 rows=29105 loops=1)
   Hash Cond: (item.wholesale_cost = store_sales.wholesale_cost)
   ->  Seq Scan on item  (cost=0.00..456.00 rows=16144 width=52) (actual time=0.013..2.920 rows=16144 loops=1)
         Filter: ((category_id <= '9'::double precision) AND (category_id >= '1'::double precision))
         Rows Removed by Filter: 1856
   ->  Hash  (cost=279393.29..279393.29 rows=1101203 width=188) (actual time=2007.080..2007.083 rows=14671 loops=1)
         Buckets: 32768  Batches: 128  Memory Usage: 316kB
         ->  Hash Join  (cost=146879.63..279393.29 rows=1101203 width=188) (actual time=1061.905..1809.540 rows=14854 loops=1)
               Hash Cond: ((store_sales.item_sk)::double precision = promotion.item_sk)
               ->  Hash Join  (cost=146869.88..260168.87 rows=1093686 width=160) (actual time=1048.883..1744.511 rows=678577 loops=1)
                     Hash Cond: ((customer.customer_sk)::double precision = store_sales.customer_sk)
                     ->  Seq Scan on customer  (cost=0.00..2227.00 rows=46863 width=28) (actual time=0.005..12.173 rows=46712 loops=1)
                           Filter: ((birth_day <= '30'::double precision) AND (birth_day >= '16'::double precision))
                           Rows Removed by Filter: 53288
                     ->  Hash  (cost=99753.18..99753.18 rows=1470936 width=132) (actual time=1048.475..1048.476 rows=1449995 loops=1)
                           Buckets: 32768 (originally 32768)  Batches: 128 (originally 64)  Memory Usage: 3841kB
                           ->  Seq Scan on store_sales  (cost=0.00..99753.18 rows=1470936 width=132) (actual time=0.032..624.603 rows=1484904 loops=1)
                                 Filter: ((net_profit <= '34.2'::double precision) AND (net_profit >= '-1631.16'::double precision))
                                 Rows Removed by Filter: 1395500
               ->  Hash  (cost=6.00..6.00 rows=300 width=28) (actual time=0.072..0.073 rows=293 loops=1)
                     Buckets: 1024  Batches: 1  Memory Usage: 27kB
                     ->  Seq Scan on promotion  (cost=0.00..6.00 rows=300 width=28) (actual time=0.007..0.034 rows=300 loops=1)
 Planning Time: 0.243 ms
 Execution Time: 2044.351 ms
(24 rows)

                                                                                                                                                     QUERY PLAN                                                                                                                                                      
---------------------------------------------------------------------------------------------------------------------------------------------------------------------------------------------------------------------------------------------------------------------------------------------------------------------
 Hash Join  (cost=621.75..131146.98 rows=2010 width=244) (actual time=35.351..627.350 rows=26 loops=1)
   Hash Cond: ((item.item_sk)::double precision = promotion.item_sk)
   ->  Hash Join  (cost=610.59..131100.38 rows=2044 width=216) (actual time=2.512..626.735 rows=2935 loops=1)
         Hash Cond: (store_sales.wholesale_cost = item.wholesale_cost)
         ->  Hash Join  (cost=30.49..129834.55 rows=7827 width=164) (actual time=0.068..618.404 rows=41046 loops=1)
               Hash Cond: (store_sales.store_sk = (store.store_sk)::double precision)
               ->  Seq Scan on store_sales  (cost=0.00..128555.30 rows=234098 width=132) (actual time=0.043..597.674 rows=123307 loops=1)
                     Filter: ((sales_price <= '48.26'::double precision) AND (sales_price >= '-1'::double precision) AND (ext_list_price <= '2055.9'::double precision) AND (ext_list_price >= '16.5'::double precision) AND (net_paid <= '2955.21'::double precision) AND (net_paid >= '766.69'::double precision))
                     Rows Removed by Filter: 2757097
               ->  Hash  (cost=30.40..30.40 rows=7 width=32) (actual time=0.005..0.006 rows=4 loops=1)
                     Buckets: 1024  Batches: 1  Memory Usage: 9kB
                     ->  Seq Scan on store  (cost=0.00..30.40 rows=7 width=32) (actual time=0.003..0.004 rows=4 loops=1)
                           Filter: ((company_id <= 175) AND (company_id >= 27))
                           Rows Removed by Filter: 8
         ->  Hash  (cost=546.00..546.00 rows=2728 width=52) (actual time=2.306..2.307 rows=2718 loops=1)
               Buckets: 4096  Batches: 1  Memory Usage: 266kB
               ->  Seq Scan on item  (cost=0.00..546.00 rows=2728 width=52) (actual time=0.003..2.027 rows=2720 loops=1)
                     Filter: ((brand_id <= '4001001'::double precision) AND (brand_id >= '1001001'::double precision) AND (manufact_id <= '529'::double precision) AND (manufact_id >= '162'::double precision))
                     Rows Removed by Filter: 15280
   ->  Hash  (cost=7.50..7.50 rows=293 width=28) (actual time=0.074..0.074 rows=291 loops=1)
         Buckets: 1024  Batches: 1  Memory Usage: 27kB
         ->  Seq Scan on promotion  (cost=0.00..7.50 rows=293 width=28) (actual time=0.008..0.046 rows=293 loops=1)
               Filter: ((response_target <= '1'::double precision) AND (response_target >= '1'::double precision))
               Rows Removed by Filter: 7
 Planning Time: 0.339 ms
 Execution Time: 627.399 ms
(26 rows)

                                                                                                           QUERY PLAN                                                                                                           
--------------------------------------------------------------------------------------------------------------------------------------------------------------------------------------------------------------------------------
 Hash Join  (cost=160076.23..276002.06 rows=1754100 width=244) (actual time=804.023..990.913 rows=151110 loops=1)
   Hash Cond: (store_sales.store_sk = (store.store_sk)::double precision)
   ->  Merge Join  (cost=160035.63..165936.56 rows=270026 width=212) (actual time=803.974..943.129 rows=152097 loops=1)
         Merge Cond: (((customer.customer_sk)::double precision) = store_sales.customer_sk)
         ->  Sort  (cost=12425.82..12675.82 rows=100000 width=28) (actual time=39.494..51.196 rows=100000 loops=1)
               Sort Key: ((customer.customer_sk)::double precision)
               Sort Method: external merge  Disk: 4824kB
               ->  Seq Scan on customer  (cost=0.00..1727.00 rows=100000 width=28) (actual time=0.005..12.511 rows=100000 loops=1)
         ->  Materialize  (cost=147609.81..148460.76 rows=170191 width=184) (actual time=764.472..825.049 rows=152098 loops=1)
               ->  Sort  (cost=147609.81..148035.28 rows=170191 width=184) (actual time=764.468..803.352 rows=152098 loops=1)
                     Sort Key: store_sales.customer_sk
                     Sort Method: external merge  Disk: 30312kB
                     ->  Hash Join  (cost=569.00..117695.93 rows=170191 width=184) (actual time=3.076..639.539 rows=153908 loops=1)
                           Hash Cond: (store_sales.item_sk = item.item_sk)
                           ->  Seq Scan on store_sales  (cost=0.00..114154.24 rows=338876 width=132) (actual time=0.025..568.342 rows=306648 loops=1)
                                 Filter: ((ext_discount_amt <= '0'::double precision) AND (ext_discount_amt >= '0'::double precision) AND (net_paid <= '187.74'::double precision) AND (net_paid >= '23.84'::double precision))
                                 Rows Removed by Filter: 2573756
                           ->  Hash  (cost=456.00..456.00 rows=9040 width=52) (actual time=3.037..3.037 rows=9040 loops=1)
                                 Buckets: 16384  Batches: 1  Memory Usage: 905kB
                                 ->  Seq Scan on item  (cost=0.00..456.00 rows=9040 width=52) (actual time=0.004..2.171 rows=9040 loops=1)
                                       Filter: ((manufact_id <= '630'::double precision) AND (manufact_id >= '205'::double precision))
                                       Rows Removed by Filter: 8960
   ->  Hash  (cost=23.60..23.60 rows=1360 width=32) (actual time=0.025..0.026 rows=12 loops=1)
         Buckets: 2048  Batches: 1  Memory Usage: 17kB
         ->  Seq Scan on store  (cost=0.00..23.60 rows=1360 width=32) (actual time=0.005..0.007 rows=12 loops=1)
 Planning Time: 0.272 ms
 Execution Time: 1002.768 ms
(27 rows)

                                                                                                      QUERY PLAN                                                                                                       
-----------------------------------------------------------------------------------------------------------------------------------------------------------------------------------------------------------------------
 Hash Join  (cost=590.01..103047.13 rows=258 width=244) (actual time=2.665..3927.842 rows=697 loops=1)
   Hash Cond: ((item.item_sk)::double precision = promotion.item_sk)
   ->  Nested Loop  (cost=580.26..103032.88 rows=256 width=216) (actual time=2.571..3922.498 rows=33392 loops=1)
         Join Filter: (store_sales.store_sk = (store.store_sk)::double precision)
         Rows Removed by Join Filter: 326303
         ->  Seq Scan on store  (cost=0.00..44.00 rows=1 width=32) (actual time=0.004..0.012 rows=7 loops=1)
               Filter: ((market_id <= 9) AND (market_id >= 2) AND (devision_id <= 1) AND (devision_id >= 1) AND (tax_percentage <= '0.03'::double precision) AND (tax_percentage >= '0.01'::double precision))
               Rows Removed by Filter: 5
         ->  Hash Join  (cost=580.26..102186.24 rows=53509 width=184) (actual time=0.389..555.549 rows=51385 loops=7)
               Hash Cond: (store_sales.item_sk = item.item_sk)
               ->  Seq Scan on store_sales  (cost=0.00..99753.18 rows=351389 width=132) (actual time=0.013..508.162 rows=343145 loops=7)
                     Filter: ((ext_tax <= '66.8'::double precision) AND (ext_tax >= '36.15'::double precision))
                     Rows Removed by Filter: 2537259
               ->  Hash  (cost=546.00..546.00 rows=2741 width=52) (actual time=2.438..2.439 rows=2684 loops=1)
                     Buckets: 4096  Batches: 1  Memory Usage: 263kB
                     ->  Seq Scan on item  (cost=0.00..546.00 rows=2741 width=52) (actual time=0.004..2.118 rows=2684 loops=1)
                           Filter: ((current_price <= '4.52'::double precision) AND (current_price >= '2.03'::double precision) AND (category_id <= '5'::double precision) AND (category_id >= '1'::double precision))
                           Rows Removed by Filter: 15316
   ->  Hash  (cost=6.00..6.00 rows=300 width=28) (actual time=0.082..0.082 rows=293 loops=1)
         Buckets: 1024  Batches: 1  Memory Usage: 27kB
         ->  Seq Scan on promotion  (cost=0.00..6.00 rows=300 width=28) (actual time=0.011..0.034 rows=300 loops=1)
 Planning Time: 0.282 ms
 Execution Time: 3927.965 ms
(23 rows)

                                                                                                                                                   QUERY PLAN                                                                                                                                                   
----------------------------------------------------------------------------------------------------------------------------------------------------------------------------------------------------------------------------------------------------------------------------------------------------------------
 Hash Join  (cost=2949.55..132694.07 rows=15 width=244) (actual time=1162.033..2304.572 rows=187 loops=1)
   Hash Cond: (store_sales.customer_sk = (customer.customer_sk)::double precision)
   ->  Nested Loop  (cost=621.09..130123.59 rows=119 width=216) (actual time=1151.917..2293.845 rows=2144 loops=1)
         Join Filter: (store_sales.store_sk = (store.store_sk)::double precision)
         Rows Removed by Join Filter: 48392
         ->  Seq Scan on store  (cost=0.00..44.00 rows=1 width=32) (actual time=0.007..0.012 rows=4 loops=1)
               Filter: ((number_employees <= 294) AND (number_employees >= 229) AND (floor_space <= 9294113) AND (floor_space >= 9026222) AND (devision_id <= 1) AND (devision_id >= 1))
               Rows Removed by Filter: 8
         ->  Hash Join  (cost=621.09..129705.72 rows=24925 width=184) (actual time=0.855..572.187 rows=12634 loops=4)
               Hash Cond: (store_sales.item_sk = item.item_sk)
               ->  Seq Scan on store_sales  (cost=0.00..128555.30 rows=74688 width=132) (actual time=0.034..561.929 rows=38039 loops=4)
                     Filter: ((list_price <= '96.04'::double precision) AND (list_price >= '6.29'::double precision) AND (sales_price <= '102.45'::double precision) AND (sales_price >= '45.34'::double precision) AND (net_paid <= '1139.96'::double precision) AND (net_paid >= '534.75'::double precision))
                     Rows Removed by Filter: 2842365
               ->  Hash  (cost=546.00..546.00 rows=6007 width=52) (actual time=3.156..3.156 rows=6028 loops=1)
                     Buckets: 8192  Batches: 1  Memory Usage: 582kB
                     ->  Seq Scan on item  (cost=0.00..546.00 rows=6007 width=52) (actual time=0.004..2.572 rows=6028 loops=1)
                           Filter: ((class_id <= '11'::double precision) AND (class_id >= '3'::double precision) AND (manufact_id <= '816'::double precision) AND (manufact_id >= '182'::double precision))
                           Rows Removed by Filter: 11972
   ->  Hash  (cost=2227.00..2227.00 rows=8117 width=28) (actual time=10.096..10.096 rows=8195 loops=1)
         Buckets: 16384 (originally 8192)  Batches: 1 (originally 1)  Memory Usage: 639kB
         ->  Seq Scan on customer  (cost=0.00..2227.00 rows=8117 width=28) (actual time=0.009..9.046 rows=8195 loops=1)
               Filter: ((birth_month <= '7'::double precision) AND (birth_month >= '7'::double precision))
               Rows Removed by Filter: 91805
 Planning Time: 0.321 ms
 Execution Time: 2304.640 ms
(25 rows)

                                                                  QUERY PLAN                                                                   
-----------------------------------------------------------------------------------------------------------------------------------------------
 Hash Join  (cost=114426.38..145908.90 rows=102621 width=240) (actual time=792.497..874.786 rows=59 loops=1)
   Hash Cond: (store_sales.wholesale_cost = item.wholesale_cost)
   ->  Hash Join  (cost=113835.38..139228.83 rows=59563 width=188) (actual time=780.653..870.627 rows=801 loops=1)
         Hash Cond: ((store_sales.item_sk)::double precision = promotion.item_sk)
         ->  Hash Join  (cost=113825.63..138179.78 rows=59156 width=160) (actual time=779.308..866.923 rows=36946 loops=1)
               Hash Cond: ((customer.customer_sk)::double precision = store_sales.customer_sk)
               ->  Seq Scan on customer  (cost=0.00..2227.00 rows=8487 width=28) (actual time=0.005..9.724 rows=8502 loops=1)
                     Filter: ((birth_year <= '1969'::double precision) AND (birth_year >= '1964'::double precision))
                     Rows Removed by Filter: 91498
               ->  Hash  (cost=99753.18..99753.18 rows=439316 width=132) (actual time=778.775..778.776 rows=433973 loops=1)
                     Buckets: 32768  Batches: 32  Memory Usage: 2444kB
                     ->  Seq Scan on store_sales  (cost=0.00..99753.18 rows=439316 width=132) (actual time=0.030..575.526 rows=444473 loops=1)
                           Filter: ((sales_price <= '113.7'::double precision) AND (sales_price >= '64.88'::double precision))
                           Rows Removed by Filter: 2435931
         ->  Hash  (cost=6.00..6.00 rows=300 width=28) (actual time=0.062..0.063 rows=293 loops=1)
               Buckets: 1024  Batches: 1  Memory Usage: 27kB
               ->  Seq Scan on promotion  (cost=0.00..6.00 rows=300 width=28) (actual time=0.004..0.028 rows=300 loops=1)
   ->  Hash  (cost=366.00..366.00 rows=18000 width=52) (actual time=3.909..3.910 rows=17954 loops=1)
         Buckets: 32768  Batches: 1  Memory Usage: 1799kB
         ->  Seq Scan on item  (cost=0.00..366.00 rows=18000 width=52) (actual time=0.007..1.548 rows=18000 loops=1)
 Planning Time: 0.316 ms
 Execution Time: 874.859 ms
(22 rows)

                                                                QUERY PLAN                                                                 
-------------------------------------------------------------------------------------------------------------------------------------------
 Hash Join  (cost=104219.60..110100.16 rows=163160 width=244) (actual time=972.291..1111.085 rows=10022 loops=1)
   Hash Cond: (item.wholesale_cost = store_sales.wholesale_cost)
   ->  Hash Join  (cost=11.16..689.17 rows=17701 width=80) (actual time=0.100..3.271 rows=291 loops=1)
         Hash Cond: ((item.item_sk)::double precision = promotion.item_sk)
         ->  Seq Scan on item  (cost=0.00..366.00 rows=18000 width=52) (actual time=0.011..1.401 rows=18000 loops=1)
         ->  Hash  (cost=7.50..7.50 rows=293 width=28) (actual time=0.079..0.080 rows=291 loops=1)
               Buckets: 1024  Batches: 1  Memory Usage: 27kB
               ->  Seq Scan on promotion  (cost=0.00..7.50 rows=293 width=28) (actual time=0.006..0.049 rows=293 loops=1)
                     Filter: ((response_target <= '1'::double precision) AND (response_target >= '1'::double precision))
                     Rows Removed by Filter: 7
   ->  Hash  (cost=100746.68..100746.68 rows=96301 width=164) (actual time=971.669..971.671 rows=448448 loops=1)
         Buckets: 32768 (originally 32768)  Batches: 32 (originally 8)  Memory Usage: 3841kB
         ->  Hash Join  (cost=30.49..100746.68 rows=96301 width=164) (actual time=0.059..720.108 rows=459357 loops=1)
               Hash Cond: (store_sales.store_sk = (store.store_sk)::double precision)
               ->  Seq Scan on store_sales  (cost=0.00..85352.12 rows=2880212 width=132) (actual time=0.029..330.542 rows=2880404 loops=1)
               ->  Hash  (cost=30.40..30.40 rows=7 width=32) (actual time=0.006..0.006 rows=2 loops=1)
                     Buckets: 1024  Batches: 1  Memory Usage: 9kB
                     ->  Seq Scan on store  (cost=0.00..30.40 rows=7 width=32) (actual time=0.004..0.005 rows=2 loops=1)
                           Filter: ((floor_space <= 6995995) AND (floor_space >= 6995995))
                           Rows Removed by Filter: 10
 Planning Time: 0.312 ms
 Execution Time: 1111.517 ms
(22 rows)

                                                                                                QUERY PLAN                                                                                                
----------------------------------------------------------------------------------------------------------------------------------------------------------------------------------------------------------
 Hash Join  (cost=618.54..120180.65 rows=582 width=244) (actual time=2.755..732.325 rows=448 loops=1)
   Hash Cond: ((item.item_sk)::double precision = promotion.item_sk)
   ->  Hash Join  (cost=608.79..120160.75 rows=578 width=216) (actual time=2.256..729.664 rows=18248 loops=1)
         Hash Cond: (store_sales.item_sk = item.item_sk)
         ->  Hash Join  (cost=37.21..119564.33 rows=5084 width=164) (actual time=0.040..702.858 rows=168482 loops=1)
               Hash Cond: (store_sales.store_sk = (store.store_sk)::double precision)
               ->  Seq Scan on store_sales  (cost=0.00..114154.24 rows=1064407 width=132) (actual time=0.029..586.797 rows=1019489 loops=1)
                     Filter: ((list_price <= '121.46'::double precision) AND (list_price >= '37.77'::double precision) AND (ext_tax <= '77.34'::double precision) AND (ext_tax >= '0'::double precision))
                     Rows Removed by Filter: 1860915
               ->  Hash  (cost=37.20..37.20 rows=1 width=32) (actual time=0.006..0.007 rows=1 loops=1)
                     Buckets: 1024  Batches: 1  Memory Usage: 9kB
                     ->  Seq Scan on store  (cost=0.00..37.20 rows=1 width=32) (actual time=0.004..0.005 rows=1 loops=1)
                           Filter: ((market_id <= 10) AND (market_id >= 8) AND (company_id <= 175) AND (company_id >= 175))
                           Rows Removed by Filter: 11
         ->  Hash  (cost=546.00..546.00 rows=2046 width=52) (actual time=2.171..2.172 rows=1972 loops=1)
               Buckets: 2048  Batches: 1  Memory Usage: 186kB
               ->  Seq Scan on item  (cost=0.00..546.00 rows=2046 width=52) (actual time=0.004..1.992 rows=1972 loops=1)
                     Filter: ((class_id <= '2'::double precision) AND (class_id >= '1'::double precision) AND (manufact_id <= '381'::double precision) AND (manufact_id >= '158'::double precision))
                     Rows Removed by Filter: 16028
   ->  Hash  (cost=6.00..6.00 rows=300 width=28) (actual time=0.070..0.071 rows=293 loops=1)
         Buckets: 1024  Batches: 1  Memory Usage: 27kB
         ->  Seq Scan on promotion  (cost=0.00..6.00 rows=300 width=28) (actual time=0.010..0.035 rows=300 loops=1)
 Planning Time: 0.410 ms
 Execution Time: 732.412 ms
(24 rows)

                                                                                                 QUERY PLAN                                                                                                  
-------------------------------------------------------------------------------------------------------------------------------------------------------------------------------------------------------------
 Hash Join  (cost=677.10..102874.50 rows=1314 width=244) (actual time=8.256..630.291 rows=289 loops=1)
   Hash Cond: ((item.item_sk)::double precision = promotion.item_sk)
   ->  Hash Join  (cost=665.94..102840.18 rows=1336 width=216) (actual time=3.166..627.427 rows=18877 loops=1)
         Hash Cond: (store_sales.wholesale_cost = item.wholesale_cost)
         ->  Hash Join  (cost=37.21..102018.83 rows=2109 width=164) (actual time=0.076..603.031 rows=145077 loops=1)
               Hash Cond: (store_sales.store_sk = (store.store_sk)::double precision)
               ->  Seq Scan on store_sales  (cost=0.00..99753.18 rows=441470 width=132) (actual time=0.026..537.836 rows=446322 loops=1)
                     Filter: ((net_profit <= '-782.6'::double precision) AND (net_profit >= '-1747.45'::double precision))
                     Rows Removed by Filter: 2434082
               ->  Hash  (cost=37.20..37.20 rows=1 width=32) (actual time=0.006..0.007 rows=4 loops=1)
                     Buckets: 1024  Batches: 1  Memory Usage: 9kB
                     ->  Seq Scan on store  (cost=0.00..37.20 rows=1 width=32) (actual time=0.003..0.005 rows=4 loops=1)
                           Filter: ((number_employees <= 288) AND (number_employees >= 245) AND (devision_id <= 1) AND (devision_id >= 1))
                           Rows Removed by Filter: 8
         ->  Hash  (cost=546.00..546.00 rows=6618 width=52) (actual time=3.046..3.047 rows=6644 loops=1)
               Buckets: 8192  Batches: 1  Memory Usage: 635kB
               ->  Seq Scan on item  (cost=0.00..546.00 rows=6618 width=52) (actual time=0.018..2.369 rows=6646 loops=1)
                     Filter: ((current_price <= '88.02'::double precision) AND (current_price >= '4.79'::double precision) AND (class_id <= '12'::double precision) AND (class_id >= '1'::double precision))
                     Rows Removed by Filter: 11354
   ->  Hash  (cost=7.50..7.50 rows=293 width=28) (actual time=0.083..0.084 rows=291 loops=1)
         Buckets: 1024  Batches: 1  Memory Usage: 27kB
         ->  Seq Scan on promotion  (cost=0.00..7.50 rows=293 width=28) (actual time=0.008..0.051 rows=293 loops=1)
               Filter: ((response_target <= '1'::double precision) AND (response_target >= '1'::double precision))
               Rows Removed by Filter: 7
 Planning Time: 0.313 ms
 Execution Time: 630.364 ms
(26 rows)

                                                                                                                   QUERY PLAN                                                                                                                   
------------------------------------------------------------------------------------------------------------------------------------------------------------------------------------------------------------------------------------------------
 Hash Join  (cost=417825.87..1881376.88 rows=92085437 width=244) (actual time=2483.468..2670.844 rows=261370 loops=1)
   Hash Cond: ((item.item_sk)::double precision = promotion.item_sk)
   ->  Seq Scan on item  (cost=0.00..546.00 rows=9812 width=52) (actual time=0.008..3.359 rows=9870 loops=1)
         Filter: ((category_id <= '10'::double precision) AND (category_id >= '4'::double precision) AND (manufact_id <= '583'::double precision) AND (manufact_id >= '25'::double precision))
         Rows Removed by Filter: 8130
   ->  Hash  (cost=309142.42..309142.42 rows=2796276 width=192) (actual time=2048.387..2048.391 rows=442723 loops=1)
         Buckets: 32768  Batches: 256  Memory Usage: 1733kB
         ->  Merge Join  (cost=259121.32..309142.42 rows=2796276 width=192) (actual time=1261.019..1616.924 rows=453151 loops=1)
               Merge Cond: (((store.store_sk)::double precision) = store_sales.store_sk)
               ->  Sort  (cost=94.38..97.78 rows=1360 width=32) (actual time=0.014..0.022 rows=11 loops=1)
                     Sort Key: ((store.store_sk)::double precision)
                     Sort Method: quicksort  Memory: 25kB
                     ->  Seq Scan on store  (cost=0.00..23.60 rows=1360 width=32) (actual time=0.004..0.006 rows=12 loops=1)
               ->  Materialize  (cost=259026.93..261179.22 rows=430458 width=160) (actual time=1260.996..1485.372 rows=453152 loops=1)
                     ->  Sort  (cost=259026.93..260103.08 rows=430458 width=160) (actual time=1260.993..1346.669 rows=453152 loops=1)
                           Sort Key: store_sales.store_sk
                           Sort Method: external merge  Disk: 79128kB
                           ->  Hash Join  (cost=128595.89..151062.72 rows=430458 width=160) (actual time=800.058..986.325 rows=455987 loops=1)
                                 Hash Cond: ((promotion.promo_sk)::double precision = store_sales.promo_sk)
                                 ->  Seq Scan on promotion  (cost=0.00..6.00 rows=300 width=28) (actual time=0.004..0.038 rows=300 loops=1)
                                 ->  Hash  (cost=114154.24..114154.24 rows=450852 width=132) (actual time=800.021..800.022 rows=455987 loops=1)
                                       Buckets: 32768 (originally 32768)  Batches: 64 (originally 32)  Memory Usage: 3990kB
                                       ->  Seq Scan on store_sales  (cost=0.00..114154.24 rows=450852 width=132) (actual time=0.035..590.421 rows=461572 loops=1)
                                             Filter: ((ext_list_price <= '1209.25'::double precision) AND (ext_list_price >= '-1'::double precision) AND (net_paid <= '2552.93'::double precision) AND (net_paid >= '99.63'::double precision))
                                             Rows Removed by Filter: 2418832
 Planning Time: 0.244 ms
 Execution Time: 2711.269 ms
(27 rows)

                                                                     QUERY PLAN                                                                      
-----------------------------------------------------------------------------------------------------------------------------------------------------
 Hash Join  (cost=184607.36..483594.10 rows=2067198 width=240) (actual time=2198.335..3333.348 rows=2614882 loops=1)
   Hash Cond: (store_sales.wholesale_cost = item.wholesale_cost)
   ->  Hash Join  (cost=184016.36..360345.65 rows=1199829 width=188) (actual time=2194.426..2711.082 rows=769042 loops=1)
         Hash Cond: ((customer.customer_sk)::double precision = store_sales.customer_sk)
         ->  Seq Scan on customer  (cost=0.00..1727.00 rows=100000 width=28) (actual time=0.005..8.133 rows=100000 loops=1)
         ->  Hash  (cost=157577.56..157577.56 rows=756224 width=160) (actual time=2194.366..2194.368 rows=769042 loops=1)
               Buckets: 32768  Batches: 64  Memory Usage: 2562kB
               ->  Hash Join  (cost=125123.82..157577.56 rows=756224 width=160) (actual time=1089.125..1737.773 rows=778440 loops=1)
                     Hash Cond: ((promotion.promo_sk)::double precision = store_sales.promo_sk)
                     ->  Seq Scan on promotion  (cost=0.00..6.00 rows=300 width=28) (actual time=0.005..0.055 rows=300 loops=1)
                     ->  Hash  (cost=99753.18..99753.18 rows=792051 width=132) (actual time=1089.066..1089.066 rows=778440 loops=1)
                           Buckets: 32768 (originally 32768)  Batches: 128 (originally 64)  Memory Usage: 3841kB
                           ->  Seq Scan on store_sales  (cost=0.00..99753.18 rows=792051 width=132) (actual time=0.030..630.594 rows=797351 loops=1)
                                 Filter: ((net_paid_inc_tax <= '396.74'::double precision) AND (net_paid_inc_tax >= '14.64'::double precision))
                                 Rows Removed by Filter: 2083053
   ->  Hash  (cost=366.00..366.00 rows=18000 width=52) (actual time=3.867..3.867 rows=17954 loops=1)
         Buckets: 32768  Batches: 1  Memory Usage: 1799kB
         ->  Seq Scan on item  (cost=0.00..366.00 rows=18000 width=52) (actual time=0.011..1.593 rows=18000 loops=1)
 Planning Time: 0.286 ms
 Execution Time: 3426.571 ms
(20 rows)

                                                                      QUERY PLAN                                                                       
-------------------------------------------------------------------------------------------------------------------------------------------------------
 Hash Join  (cost=237623.76..834103.01 rows=7937290 width=244) (actual time=2453.877..2763.602 rows=336459 loops=1)
   Hash Cond: (store_sales.store_sk = (store.store_sk)::double precision)
   ->  Hash Join  (cost=237583.16..336200.81 rows=1221865 width=212) (actual time=2453.834..2664.405 rows=338547 loops=1)
         Hash Cond: ((customer.customer_sk)::double precision = store_sales.customer_sk)
         ->  Seq Scan on customer  (cost=0.00..1727.00 rows=100000 width=28) (actual time=0.005..8.302 rows=100000 loops=1)
         ->  Hash  (cost=208402.75..208402.75 rows=770113 width=184) (actual time=2369.445..2369.447 rows=338547 loops=1)
               Buckets: 32768  Batches: 64  Memory Usage: 1393kB
               ->  Hash Join  (cost=158338.51..208402.75 rows=770113 width=184) (actual time=1506.241..2086.326 rows=342878 loops=1)
                     Hash Cond: (item.wholesale_cost = store_sales.wholesale_cost)
                     ->  Seq Scan on item  (cost=0.00..456.00 rows=4399 width=52) (actual time=0.006..2.496 rows=4415 loops=1)
                           Filter: ((current_price <= '5.08'::double precision) AND (current_price >= '2.99'::double precision))
                           Rows Removed by Filter: 13585
                     ->  Hash  (cost=99753.18..99753.18 rows=1828986 width=132) (actual time=1475.271..1475.272 rows=1771035 loops=1)
                           Buckets: 32768  Batches: 128  Memory Usage: 2827kB
                           ->  Seq Scan on store_sales  (cost=0.00..99753.18 rows=1828986 width=132) (actual time=0.032..594.825 rows=1813689 loops=1)
                                 Filter: ((ext_sales_price <= '3148.4'::double precision) AND (ext_sales_price >= '118.72'::double precision))
                                 Rows Removed by Filter: 1066715
   ->  Hash  (cost=23.60..23.60 rows=1360 width=32) (actual time=0.036..0.037 rows=12 loops=1)
         Buckets: 2048  Batches: 1  Memory Usage: 17kB
         ->  Seq Scan on store  (cost=0.00..23.60 rows=1360 width=32) (actual time=0.015..0.017 rows=12 loops=1)
 Planning Time: 0.258 ms
 Execution Time: 2775.949 ms
(22 rows)

                                                                                                                                                                                                                  QUERY PLAN                                                                                                                                                                                                                   
-----------------------------------------------------------------------------------------------------------------------------------------------------------------------------------------------------------------------------------------------------------------------------------------------------------------------------------------------------------------------------------------------------------------------------------------------
 Hash Join  (cost=143714.52..149509.49 rows=568 width=244) (actual time=556.184..570.860 rows=45 loops=1)
   Hash Cond: ((customer.customer_sk)::double precision = store_sales.customer_sk)
   ->  Seq Scan on customer  (cost=0.00..2227.00 rows=67853 width=28) (actual time=0.013..11.045 rows=67639 loops=1)
         Filter: ((birth_day <= '31'::double precision) AND (birth_day >= '10'::double precision))
         Rows Removed by Filter: 32361
   ->  Hash  (cost=143707.92..143707.92 rows=528 width=216) (actual time=554.430..554.433 rows=62 loops=1)
         Buckets: 1024  Batches: 1  Memory Usage: 24kB
         ->  Hash Join  (cost=613.79..143707.92 rows=528 width=216) (actual time=28.508..554.378 rows=62 loops=1)
               Hash Cond: (store_sales.wholesale_cost = item.wholesale_cost)
               ->  Hash Join  (cost=30.49..143073.27 rows=542 width=164) (actual time=0.270..549.867 rows=4721 loops=1)
                     Hash Cond: (store_sales.store_sk = (store.store_sk)::double precision)
                     ->  Seq Scan on store_sales  (cost=0.00..142956.36 rows=16201 width=132) (actual time=0.255..546.888 rows=14452 loops=1)
                           Filter: ((list_price <= '139.65'::double precision) AND (list_price >= '91.39'::double precision) AND (ext_list_price <= '1589.28'::double precision) AND (ext_list_price >= '59.96'::double precision) AND (ext_coupon_amt <= '966.38'::double precision) AND (ext_coupon_amt >= '0'::double precision) AND (net_paid_inc_tax <= '576.65'::double precision) AND (net_paid_inc_tax >= '371.28'::double precision))
                           Rows Removed by Filter: 2865952
                     ->  Hash  (cost=30.40..30.40 rows=7 width=32) (actual time=0.008..0.008 rows=4 loops=1)
                           Buckets: 1024  Batches: 1  Memory Usage: 9kB
                           ->  Seq Scan on store  (cost=0.00..30.40 rows=7 width=32) (actual time=0.003..0.005 rows=4 loops=1)
                                 Filter: ((company_id <= 255) AND (company_id >= 220))
                                 Rows Removed by Filter: 8
               ->  Hash  (cost=456.00..456.00 rows=10184 width=52) (actual time=3.401..3.402 rows=10166 loops=1)
                     Buckets: 16384  Batches: 1  Memory Usage: 1002kB
                     ->  Seq Scan on item  (cost=0.00..456.00 rows=10184 width=52) (actual time=0.004..2.132 rows=10176 loops=1)
                           Filter: ((current_price <= '7.61'::double precision) AND (current_price >= '1.62'::double precision))
                           Rows Removed by Filter: 7824
 Planning Time: 0.287 ms
 Execution Time: 570.914 ms
(26 rows)

                                                                                                                                         QUERY PLAN                                                                                                                                         
--------------------------------------------------------------------------------------------------------------------------------------------------------------------------------------------------------------------------------------------------------------------------------------------
 Hash Join  (cost=2932.74..132698.73 rows=471 width=244) (actual time=12.870..516.234 rows=32 loops=1)
   Hash Cond: (store_sales.store_sk = (store.store_sk)::double precision)
   ->  Hash Join  (cost=2892.14..132628.79 rows=72 width=212) (actual time=12.855..516.188 rows=32 loops=1)
         Hash Cond: (store_sales.customer_sk = (customer.customer_sk)::double precision)
         ->  Hash Join  (cost=559.89..129153.55 rows=542 width=184) (actual time=2.936..506.171 rows=541 loops=1)
               Hash Cond: (store_sales.item_sk = item.item_sk)
               ->  Seq Scan on store_sales  (cost=0.00..128555.30 rows=8785 width=132) (actual time=0.061..502.376 rows=9909 loops=1)
                     Filter: ((quantity <= '48'::double precision) AND (quantity >= '46'::double precision) AND (ext_tax <= '16.55'::double precision) AND (ext_tax >= '2.94'::double precision) AND (net_paid <= '3145.8'::double precision) AND (net_paid >= '166.63'::double precision))
                     Rows Removed by Filter: 2870495
               ->  Hash  (cost=546.00..546.00 rows=1111 width=52) (actual time=2.149..2.150 rows=1105 loops=1)
                     Buckets: 2048  Batches: 1  Memory Usage: 111kB
                     ->  Seq Scan on item  (cost=0.00..546.00 rows=1111 width=52) (actual time=0.007..2.041 rows=1105 loops=1)
                           Filter: ((current_price <= '7.39'::double precision) AND (current_price >= '3.53'::double precision) AND (class_id <= '5'::double precision) AND (class_id >= '4'::double precision))
                           Rows Removed by Filter: 16895
         ->  Hash  (cost=2227.00..2227.00 rows=8420 width=28) (actual time=9.831..9.832 rows=8319 loops=1)
               Buckets: 16384  Batches: 1  Memory Usage: 646kB
               ->  Seq Scan on customer  (cost=0.00..2227.00 rows=8420 width=28) (actual time=0.006..8.814 rows=8319 loops=1)
                     Filter: ((birth_month <= '8'::double precision) AND (birth_month >= '8'::double precision))
                     Rows Removed by Filter: 91681
   ->  Hash  (cost=23.60..23.60 rows=1360 width=32) (actual time=0.010..0.011 rows=12 loops=1)
         Buckets: 2048  Batches: 1  Memory Usage: 17kB
         ->  Seq Scan on store  (cost=0.00..23.60 rows=1360 width=32) (actual time=0.005..0.006 rows=12 loops=1)
 Planning Time: 0.266 ms
 Execution Time: 516.284 ms
(24 rows)

                                                                                                                                                                                                                                                               QUERY PLAN                                                                                                                                                                                                                                                                
-----------------------------------------------------------------------------------------------------------------------------------------------------------------------------------------------------------------------------------------------------------------------------------------------------------------------------------------------------------------------------------------------------------------------------------------------------------------------------------------------------------------------------------------
 Hash Join  (cost=590.43..159568.26 rows=1786 width=244) (actual time=506.754..523.943 rows=19 loops=1)
   Hash Cond: (store_sales.store_sk = (store.store_sk)::double precision)
   ->  Nested Loop  (cost=549.83..159415.62 rows=275 width=212) (actual time=506.735..523.915 rows=19 loops=1)
         Join Filter: ((item.item_sk)::double precision = promotion.item_sk)
         Rows Removed by Join Filter: 118646
         ->  Seq Scan on promotion  (cost=0.00..7.50 rows=293 width=28) (actual time=0.005..0.078 rows=293 loops=1)
               Filter: ((response_target <= '1'::double precision) AND (response_target >= '1'::double precision))
               Rows Removed by Filter: 7
         ->  Materialize  (cost=549.83..157973.12 rows=280 width=184) (actual time=0.011..1.732 rows=405 loops=293)
               ->  Hash Join  (cost=549.83..157971.72 rows=280 width=184) (actual time=3.095..502.153 rows=405 loops=1)
                     Hash Cond: (store_sales.item_sk = item.item_sk)
                     ->  Seq Scan on store_sales  (cost=0.00..157357.42 rows=16446 width=132) (actual time=0.090..497.788 rows=23290 loops=1)
                           Filter: ((list_price <= '27.15'::double precision) AND (list_price >= '5.72'::double precision) AND (ext_sales_price <= '2344.75'::double precision) AND (ext_sales_price >= '102.29'::double precision) AND (ext_wholesale_cost <= '5679.44'::double precision) AND (ext_wholesale_cost >= '633.16'::double precision) AND (ext_tax <= '108.3'::double precision) AND (ext_tax >= '51.36'::double precision) AND (ext_coupon_amt <= '0.79'::double precision) AND (ext_coupon_amt >= '0'::double precision))
                           Rows Removed by Filter: 2857114
                     ->  Hash  (cost=546.00..546.00 rows=306 width=52) (actual time=1.837..1.837 rows=316 loops=1)
                           Buckets: 1024  Batches: 1  Memory Usage: 36kB
                           ->  Seq Scan on item  (cost=0.00..546.00 rows=306 width=52) (actual time=0.007..1.802 rows=316 loops=1)
                                 Filter: ((current_price <= '8.02'::double precision) AND (current_price >= '5.77'::double precision) AND (class_id <= '13'::double precision) AND (class_id >= '10'::double precision))
                                 Rows Removed by Filter: 17684
   ->  Hash  (cost=23.60..23.60 rows=1360 width=32) (actual time=0.010..0.011 rows=12 loops=1)
         Buckets: 2048  Batches: 1  Memory Usage: 17kB
         ->  Seq Scan on store  (cost=0.00..23.60 rows=1360 width=32) (actual time=0.005..0.006 rows=12 loops=1)
 Planning Time: 0.309 ms
 Execution Time: 524.008 ms
(24 rows)

                                                                                                                                                       QUERY PLAN                                                                                                                                                       
------------------------------------------------------------------------------------------------------------------------------------------------------------------------------------------------------------------------------------------------------------------------------------------------------------------------
 Hash Join  (cost=129371.27..136364.88 rows=1661 width=244) (actual time=585.201..653.247 rows=48429 loops=1)
   Hash Cond: ((customer.customer_sk)::double precision = store_sales.customer_sk)
   ->  Seq Scan on customer  (cost=0.00..1727.00 rows=100000 width=28) (actual time=0.006..7.738 rows=100000 loops=1)
   ->  Hash  (cost=129358.18..129358.18 rows=1047 width=216) (actual time=584.988..584.991 rows=48429 loops=1)
         Buckets: 16384 (originally 2048)  Batches: 4 (originally 1)  Memory Usage: 3969kB
         ->  Hash Join  (cost=621.49..129358.18 rows=1047 width=216) (actual time=3.991..553.433 rows=48590 loops=1)
               Hash Cond: (store_sales.item_sk = item.item_sk)
               ->  Hash Join  (cost=30.49..128752.79 rows=1047 width=164) (actual time=0.046..526.313 rows=48590 loops=1)
                     Hash Cond: (store_sales.store_sk = (store.store_sk)::double precision)
                     ->  Seq Scan on store_sales  (cost=0.00..128555.30 rows=31306 width=132) (actual time=0.033..505.828 rows=97261 loops=1)
                           Filter: ((quantity <= '9'::double precision) AND (quantity >= '-1'::double precision) AND (sales_price <= '155.98'::double precision) AND (sales_price >= '3.16'::double precision) AND (net_paid_inc_tax <= '226.29'::double precision) AND (net_paid_inc_tax >= '43.4'::double precision))
                           Rows Removed by Filter: 2783143
                     ->  Hash  (cost=30.40..30.40 rows=7 width=32) (actual time=0.006..0.007 rows=5 loops=1)
                           Buckets: 1024  Batches: 1  Memory Usage: 9kB
                           ->  Seq Scan on store  (cost=0.00..30.40 rows=7 width=32) (actual time=0.002..0.004 rows=5 loops=1)
                                 Filter: ((number_employees <= 245) AND (number_employees >= 218))
                                 Rows Removed by Filter: 7
               ->  Hash  (cost=366.00..366.00 rows=18000 width=52) (actual time=3.918..3.918 rows=18000 loops=1)
                     Buckets: 32768  Batches: 1  Memory Usage: 1801kB
                     ->  Seq Scan on item  (cost=0.00..366.00 rows=18000 width=52) (actual time=0.004..1.775 rows=18000 loops=1)
 Planning Time: 0.285 ms
 Execution Time: 655.050 ms
(22 rows)

                                                                                                                                                                                                                                                                   QUERY PLAN                                                                                                                                                                                                                                                                   
------------------------------------------------------------------------------------------------------------------------------------------------------------------------------------------------------------------------------------------------------------------------------------------------------------------------------------------------------------------------------------------------------------------------------------------------------------------------------------------------------------------------------------------------
 Merge Join  (cost=162196.37..162345.66 rows=8002 width=244) (actual time=600.018..600.025 rows=6 loops=1)
   Merge Cond: (store_sales.store_sk = ((store.store_sk)::double precision))
   ->  Sort  (cost=162101.98..162105.06 rows=1232 width=212) (actual time=599.996..599.999 rows=6 loops=1)
         Sort Key: store_sales.store_sk
         Sort Method: quicksort  Memory: 26kB
         ->  Hash Join  (cost=161786.33..162038.74 rows=1232 width=212) (actual time=597.872..599.992 rows=6 loops=1)
               Hash Cond: (store_sales.wholesale_cost = item.wholesale_cost)
               ->  Merge Join  (cost=161195.33..161374.64 rows=715 width=160) (actual time=593.415..595.997 rows=51 loops=1)
                     Merge Cond: (store_sales.customer_sk = ((customer.customer_sk)::double precision))
                     ->  Sort  (cost=157477.55..157482.97 rows=2168 width=132) (actual time=580.002..580.026 rows=225 loops=1)
                           Sort Key: store_sales.customer_sk
                           Sort Method: quicksort  Memory: 84kB
                           ->  Seq Scan on store_sales  (cost=0.00..157357.42 rows=2168 width=132) (actual time=8.077..579.902 rows=225 loops=1)
                                 Filter: ((ext_discount_amt <= '0'::double precision) AND (ext_discount_amt >= '0'::double precision) AND (ext_list_price <= '3551.68'::double precision) AND (ext_list_price >= '2426.16'::double precision) AND (ext_tax <= '579.32'::double precision) AND (ext_tax >= '295.68'::double precision) AND (ext_coupon_amt <= '0'::double precision) AND (ext_coupon_amt >= '-1'::double precision) AND (net_paid_inc_tax <= '4947.28'::double precision) AND (net_paid_inc_tax >= '1718.13'::double precision))
                                 Rows Removed by Filter: 2880179
                     ->  Sort  (cost=3717.78..3769.75 rows=20787 width=28) (actual time=13.360..14.227 rows=20735 loops=1)
                           Sort Key: ((customer.customer_sk)::double precision)
                           Sort Method: quicksort  Memory: 2406kB
                           ->  Seq Scan on customer  (cost=0.00..2227.00 rows=20787 width=28) (actual time=0.013..10.528 rows=20959 loops=1)
                                 Filter: ((birth_year <= '1971'::double precision) AND (birth_year >= '1957'::double precision))
                                 Rows Removed by Filter: 79041
               ->  Hash  (cost=366.00..366.00 rows=18000 width=52) (actual time=3.933..3.934 rows=17954 loops=1)
                     Buckets: 32768  Batches: 1  Memory Usage: 1799kB
                     ->  Seq Scan on item  (cost=0.00..366.00 rows=18000 width=52) (actual time=0.009..1.689 rows=18000 loops=1)
   ->  Sort  (cost=94.38..97.78 rows=1360 width=32) (actual time=0.018..0.018 rows=12 loops=1)
         Sort Key: ((store.store_sk)::double precision)
         Sort Method: quicksort  Memory: 25kB
         ->  Seq Scan on store  (cost=0.00..23.60 rows=1360 width=32) (actual time=0.004..0.006 rows=12 loops=1)
 Planning Time: 0.300 ms
 Execution Time: 600.086 ms
(30 rows)

                                                                                                                                                                                                                                                       QUERY PLAN                                                                                                                                                                                                                                                       
------------------------------------------------------------------------------------------------------------------------------------------------------------------------------------------------------------------------------------------------------------------------------------------------------------------------------------------------------------------------------------------------------------------------------------------------------------------------------------------------------------------------
 Hash Join  (cost=159171.40..166153.52 rows=512 width=244) (actual time=671.843..716.184 rows=22728 loops=1)
   Hash Cond: ((customer.customer_sk)::double precision = store_sales.customer_sk)
   ->  Seq Scan on customer  (cost=0.00..1727.00 rows=100000 width=28) (actual time=0.007..7.585 rows=100000 loops=1)
   ->  Hash  (cost=159167.36..159167.36 rows=323 width=216) (actual time=671.684..671.701 rows=22728 loops=1)
         Buckets: 16384 (originally 1024)  Batches: 2 (originally 1)  Memory Usage: 3969kB
         ->  Hash Join  (cost=591.00..159167.36 rows=323 width=216) (actual time=3.999..658.372 rows=22763 loops=1)
               Hash Cond: (store_sales.item_sk = item.item_sk)
               ->  Nested Loop  (cost=0.00..158571.92 rows=323 width=164) (actual time=0.049..642.153 rows=22763 loops=1)
                     Join Filter: (store_sales.store_sk = (store.store_sk)::double precision)
                     Rows Removed by Join Filter: 251053
                     ->  Seq Scan on store_sales  (cost=0.00..157357.42 rows=9666 width=132) (actual time=0.038..602.699 rows=22818 loops=1)
                           Filter: ((ext_discount_amt <= '0'::double precision) AND (ext_discount_amt >= '0'::double precision) AND (ext_sales_price <= '598.07'::double precision) AND (ext_sales_price >= '138.32'::double precision) AND (ext_tax <= '14.99'::double precision) AND (ext_tax >= '-1'::double precision) AND (ext_coupon_amt <= '0'::double precision) AND (ext_coupon_amt >= '0'::double precision) AND (net_profit <= '-643.28'::double precision) AND (net_profit >= '-962.38'::double precision))
                           Rows Removed by Filter: 2857586
                     ->  Materialize  (cost=0.00..30.43 rows=7 width=32) (actual time=0.000..0.001 rows=12 loops=22818)
                           ->  Seq Scan on store  (cost=0.00..30.40 rows=7 width=32) (actual time=0.002..0.004 rows=12 loops=1)
                                 Filter: ((devision_id <= 1) AND (devision_id >= 1))
               ->  Hash  (cost=366.00..366.00 rows=18000 width=52) (actual time=3.913..3.913 rows=18000 loops=1)
                     Buckets: 32768  Batches: 1  Memory Usage: 1801kB
                     ->  Seq Scan on item  (cost=0.00..366.00 rows=18000 width=52) (actual time=0.004..1.735 rows=18000 loops=1)
 Planning Time: 0.300 ms
 Execution Time: 717.020 ms
(21 rows)

                                                                                   QUERY PLAN                                                                                    
---------------------------------------------------------------------------------------------------------------------------------------------------------------------------------
 Hash Join  (cost=100111.10..101178.99 rows=23388 width=244) (actual time=2539.895..3591.333 rows=50713 loops=1)
   Hash Cond: (item.wholesale_cost = store_sales.wholesale_cost)
   ->  Hash Join  (cost=11.18..689.78 rows=17761 width=80) (actual time=0.144..3.786 rows=291 loops=1)
         Hash Cond: ((item.item_sk)::double precision = promotion.item_sk)
         ->  Seq Scan on item  (cost=0.00..366.00 rows=18000 width=52) (actual time=0.007..1.633 rows=18000 loops=1)
         ->  Hash  (cost=7.50..7.50 rows=294 width=28) (actual time=0.126..0.127 rows=291 loops=1)
               Buckets: 1024  Batches: 1  Memory Usage: 27kB
               ->  Seq Scan on promotion  (cost=0.00..7.50 rows=294 width=28) (actual time=0.006..0.077 rows=294 loops=1)
                     Filter: ((cost <= '1000'::double precision) AND (cost >= '1000'::double precision))
                     Rows Removed by Filter: 6
   ->  Hash  (cost=99927.96..99927.96 rows=13757 width=164) (actual time=2539.043..2539.044 rows=2237984 loops=1)
         Buckets: 32768 (originally 16384)  Batches: 256 (originally 1)  Memory Usage: 3841kB
         ->  Hash Join  (cost=37.21..99927.96 rows=13757 width=164) (actual time=0.047..1231.925 rows=2292176 loops=1)
               Hash Cond: (store_sales.store_sk = (store.store_sk)::double precision)
               ->  Seq Scan on store_sales  (cost=0.00..85352.12 rows=2880212 width=132) (actual time=0.021..351.202 rows=2880404 loops=1)
               ->  Hash  (cost=37.20..37.20 rows=1 width=32) (actual time=0.006..0.007 rows=9 loops=1)
                     Buckets: 1024  Batches: 1  Memory Usage: 9kB
                     ->  Seq Scan on store  (cost=0.00..37.20 rows=1 width=32) (actual time=0.003..0.005 rows=9 loops=1)
                           Filter: ((devision_id <= 1) AND (devision_id >= 1) AND (tax_percentage <= '0.08'::double precision) AND (tax_percentage >= '0.03'::double precision))
                           Rows Removed by Filter: 3
 Planning Time: 0.331 ms
 Execution Time: 3593.265 ms
(22 rows)

                                                                                                                                                            QUERY PLAN                                                                                                                                                             
-----------------------------------------------------------------------------------------------------------------------------------------------------------------------------------------------------------------------------------------------------------------------------------------------------------------------------------
 Hash Join  (cost=571.17..130335.24 rows=1300 width=244) (actual time=3.893..6064.783 rows=2649 loops=1)
   Hash Cond: (promotion.item_sk = (item.item_sk)::double precision)
   ->  Hash Join  (cost=9.75..129663.47 rows=314 width=192) (actual time=0.387..6055.754 rows=41091 loops=1)
         Hash Cond: (store_sales.promo_sk = (promotion.promo_sk)::double precision)
         ->  Nested Loop  (cost=0.00..129625.09 rows=329 width=164) (actual time=0.282..6041.319 rows=41210 loops=1)
               Join Filter: (store_sales.store_sk = (store.store_sk)::double precision)
               Rows Removed by Join Filter: 456490
               ->  Seq Scan on store  (cost=0.00..37.20 rows=1 width=32) (actual time=0.010..0.023 rows=12 loops=1)
                     Filter: ((floor_space <= 9341467) AND (floor_space >= 5219562) AND (devision_id <= 1) AND (devision_id >= 1))
               ->  Seq Scan on store_sales  (cost=0.00..128555.30 rows=68839 width=132) (actual time=0.047..499.780 rows=41475 loops=12)
                     Filter: ((list_price <= '98.34'::double precision) AND (list_price >= '84.18'::double precision) AND (ext_wholesale_cost <= '1363.66'::double precision) AND (ext_wholesale_cost >= '120.48'::double precision) AND (ext_coupon_amt <= '0'::double precision) AND (ext_coupon_amt >= '-1'::double precision))
                     Rows Removed by Filter: 2838929
         ->  Hash  (cost=6.00..6.00 rows=300 width=28) (actual time=0.097..0.098 rows=300 loops=1)
               Buckets: 1024  Batches: 1  Memory Usage: 27kB
               ->  Seq Scan on promotion  (cost=0.00..6.00 rows=300 width=28) (actual time=0.005..0.055 rows=300 loops=1)
   ->  Hash  (cost=546.00..546.00 rows=1234 width=52) (actual time=2.362..2.363 rows=1209 loops=1)
         Buckets: 2048  Batches: 1  Memory Usage: 120kB
         ->  Seq Scan on item  (cost=0.00..546.00 rows=1234 width=52) (actual time=0.006..2.217 rows=1209 loops=1)
               Filter: ((category_id <= '10'::double precision) AND (category_id >= '7'::double precision) AND (manufact_id <= '222'::double precision) AND (manufact_id >= '128'::double precision))
               Rows Removed by Filter: 16791
 Planning Time: 0.277 ms
 Execution Time: 6064.955 ms
(22 rows)

                                                                              QUERY PLAN                                                                               
-----------------------------------------------------------------------------------------------------------------------------------------------------------------------
 Hash Join  (cost=674.33..101698.15 rows=26951 width=244) (actual time=4.029..544.869 rows=443 loops=1)
   Hash Cond: ((store_sales.item_sk)::double precision = promotion.item_sk)
   ->  Hash Join  (cost=37.21..100785.92 rows=942 width=164) (actual time=0.074..534.677 rows=65161 loops=1)
         Hash Cond: (store_sales.store_sk = (store.store_sk)::double precision)
         ->  Seq Scan on store_sales  (cost=0.00..99753.18 rows=197221 width=132) (actual time=0.038..503.957 rows=199718 loops=1)
               Filter: ((net_paid_inc_tax <= '130.06'::double precision) AND (net_paid_inc_tax >= '56.39'::double precision))
               Rows Removed by Filter: 2680686
         ->  Hash  (cost=37.20..37.20 rows=1 width=32) (actual time=0.009..0.010 rows=3 loops=1)
               Buckets: 1024  Batches: 1  Memory Usage: 9kB
               ->  Seq Scan on store  (cost=0.00..37.20 rows=1 width=32) (actual time=0.004..0.006 rows=3 loops=1)
                     Filter: ((market_id <= 6) AND (market_id >= 2) AND (tax_percentage <= '0.03'::double precision) AND (tax_percentage >= '0.01'::double precision))
                     Rows Removed by Filter: 9
   ->  Hash  (cost=565.59..565.59 rows=5722 width=80) (actual time=2.753..2.755 rows=92 loops=1)
         Buckets: 8192  Batches: 1  Memory Usage: 75kB
         ->  Hash Join  (cost=9.75..565.59 rows=5722 width=80) (actual time=0.125..2.715 rows=92 loops=1)
               Hash Cond: ((item.item_sk)::double precision = promotion.item_sk)
               ->  Seq Scan on item  (cost=0.00..456.00 rows=5683 width=52) (actual time=0.004..2.074 rows=5683 loops=1)
                     Filter: ((class_id <= '4'::double precision) AND (class_id >= '3'::double precision))
                     Rows Removed by Filter: 12317
               ->  Hash  (cost=6.00..6.00 rows=300 width=28) (actual time=0.112..0.112 rows=293 loops=1)
                     Buckets: 1024  Batches: 1  Memory Usage: 27kB
                     ->  Seq Scan on promotion  (cost=0.00..6.00 rows=300 width=28) (actual time=0.005..0.073 rows=300 loops=1)
 Planning Time: 0.265 ms
 Execution Time: 544.957 ms
(24 rows)

                                                                                       QUERY PLAN                                                                                        
-----------------------------------------------------------------------------------------------------------------------------------------------------------------------------------------
 Hash Join  (cost=100739.82..103341.07 rows=12425 width=244) (actual time=1168.771..1405.240 rows=253383 loops=1)
   Hash Cond: ((customer.customer_sk)::double precision = store_sales.customer_sk)
   ->  Seq Scan on customer  (cost=0.00..1727.00 rows=100000 width=28) (actual time=0.006..7.702 rows=100000 loops=1)
   ->  Hash  (cost=100641.94..100641.94 rows=7831 width=216) (actual time=1168.171..1168.174 rows=253383 loops=1)
         Buckets: 16384 (originally 8192)  Batches: 32 (originally 1)  Memory Usage: 4049kB
         ->  Hash Join  (cost=621.29..100641.94 rows=7831 width=216) (actual time=3.443..941.264 rows=259546 loops=1)
               Hash Cond: (store_sales.item_sk = item.item_sk)
               ->  Hash Join  (cost=37.21..99927.96 rows=13757 width=164) (actual time=0.064..813.517 rows=456896 loops=1)
                     Hash Cond: (store_sales.store_sk = (store.store_sk)::double precision)
                     ->  Seq Scan on store_sales  (cost=0.00..85352.12 rows=2880212 width=132) (actual time=0.045..367.653 rows=2880404 loops=1)
                     ->  Hash  (cost=37.20..37.20 rows=1 width=32) (actual time=0.008..0.009 rows=1 loops=1)
                           Buckets: 1024  Batches: 1  Memory Usage: 9kB
                           ->  Seq Scan on store  (cost=0.00..37.20 rows=1 width=32) (actual time=0.004..0.006 rows=1 loops=1)
                                 Filter: ((company_id <= 767) AND (company_id >= 337) AND (tax_percentage <= '0.03'::double precision) AND (tax_percentage >= '0.03'::double precision))
                                 Rows Removed by Filter: 11
               ->  Hash  (cost=456.00..456.00 rows=10246 width=52) (actual time=3.363..3.364 rows=10246 loops=1)
                     Buckets: 16384  Batches: 1  Memory Usage: 1008kB
                     ->  Seq Scan on item  (cost=0.00..456.00 rows=10246 width=52) (actual time=0.004..2.332 rows=10246 loops=1)
                           Filter: ((class_id <= '12'::double precision) AND (class_id >= '3'::double precision))
                           Rows Removed by Filter: 7754
 Planning Time: 0.226 ms
 Execution Time: 1414.306 ms
(22 rows)

                                                              QUERY PLAN                                                              
--------------------------------------------------------------------------------------------------------------------------------------
 Hash Join  (cost=868.52..904786.74 rows=12569508 width=244) (actual time=3.639..600.228 rows=43032 loops=1)
   Hash Cond: (store_sales.store_sk = (store.store_sk)::double precision)
   ->  Hash Join  (cost=827.92..116331.05 rows=1934949 width=212) (actual time=3.617..584.119 rows=45077 loops=1)
         Hash Cond: (store_sales.item_sk = item.item_sk)
         ->  Seq Scan on store_sales  (cost=0.00..85352.12 rows=2880212 width=132) (actual time=0.030..320.463 rows=2880404 loops=1)
         ->  Hash  (cost=676.75..676.75 rows=12093 width=80) (actual time=3.564..3.566 rows=209 loops=1)
               Buckets: 16384  Batches: 1  Memory Usage: 153kB
               ->  Hash Join  (cost=9.75..676.75 rows=12093 width=80) (actual time=0.127..3.505 rows=209 loops=1)
                     Hash Cond: ((item.item_sk)::double precision = promotion.item_sk)
                     ->  Seq Scan on item  (cost=0.00..456.00 rows=12010 width=52) (actual time=0.006..2.308 rows=12063 loops=1)
                           Filter: ((brand_id <= '10002015'::double precision) AND (brand_id >= '3002002'::double precision))
                           Rows Removed by Filter: 5937
                     ->  Hash  (cost=6.00..6.00 rows=300 width=28) (actual time=0.111..0.112 rows=293 loops=1)
                           Buckets: 1024  Batches: 1  Memory Usage: 27kB
                           ->  Seq Scan on promotion  (cost=0.00..6.00 rows=300 width=28) (actual time=0.005..0.059 rows=300 loops=1)
   ->  Hash  (cost=23.60..23.60 rows=1360 width=32) (actual time=0.016..0.017 rows=12 loops=1)
         Buckets: 2048  Batches: 1  Memory Usage: 17kB
         ->  Seq Scan on store  (cost=0.00..23.60 rows=1360 width=32) (actual time=0.009..0.012 rows=12 loops=1)
 Planning Time: 0.305 ms
 Execution Time: 602.000 ms
(20 rows)

                                                                                                                                                                                                                                                              QUERY PLAN                                                                                                                                                                                                                                                               
---------------------------------------------------------------------------------------------------------------------------------------------------------------------------------------------------------------------------------------------------------------------------------------------------------------------------------------------------------------------------------------------------------------------------------------------------------------------------------------------------------------------------------------
 Merge Join  (cost=173386.54..174319.19 rows=10436 width=240) (actual time=581.538..597.802 rows=5 loops=1)
   Merge Cond: (((customer.customer_sk)::double precision) = store_sales.customer_sk)
   ->  Sort  (cost=12425.82..12675.82 rows=100000 width=28) (actual time=39.514..49.458 rows=82786 loops=1)
         Sort Key: ((customer.customer_sk)::double precision)
         Sort Method: external merge  Disk: 4824kB
         ->  Seq Scan on customer  (cost=0.00..1727.00 rows=100000 width=28) (actual time=0.009..12.471 rows=100000 loops=1)
   ->  Sort  (cost=160960.72..160977.17 rows=6578 width=212) (actual time=540.822..540.826 rows=5 loops=1)
         Sort Key: store_sales.customer_sk
         Sort Method: quicksort  Memory: 26kB
         ->  Hash Join  (cost=494.62..160543.56 rows=6578 width=212) (actual time=41.467..540.795 rows=5 loops=1)
               Hash Cond: ((store_sales.item_sk)::double precision = promotion.item_sk)
               ->  Hash Join  (cost=484.88..160419.03 rows=6533 width=184) (actual time=3.041..540.611 rows=297 loops=1)
                     Hash Cond: (store_sales.wholesale_cost = item.wholesale_cost)
                     ->  Seq Scan on store_sales  (cost=0.00..157357.42 rows=29546 width=132) (actual time=0.093..534.949 rows=25112 loops=1)
                           Filter: ((list_price <= '133.67'::double precision) AND (list_price >= '84.12'::double precision) AND (sales_price <= '24.76'::double precision) AND (sales_price >= '13.37'::double precision) AND (ext_discount_amt <= '0'::double precision) AND (ext_discount_amt >= '0'::double precision) AND (ext_wholesale_cost <= '3409.56'::double precision) AND (ext_wholesale_cost >= '835.77'::double precision) AND (ext_coupon_amt <= '0'::double precision) AND (ext_coupon_amt >= '0'::double precision))
                           Rows Removed by Filter: 2855292
                     ->  Hash  (cost=456.00..456.00 rows=2310 width=52) (actual time=1.906..1.906 rows=2210 loops=1)
                           Buckets: 4096  Batches: 1  Memory Usage: 222kB
                           ->  Seq Scan on item  (cost=0.00..456.00 rows=2310 width=52) (actual time=0.006..1.690 rows=2213 loops=1)
                                 Filter: ((brand_id <= '10006001'::double precision) AND (brand_id >= '9002009'::double precision))
                                 Rows Removed by Filter: 15787
               ->  Hash  (cost=6.00..6.00 rows=300 width=28) (actual time=0.061..0.061 rows=293 loops=1)
                     Buckets: 1024  Batches: 1  Memory Usage: 27kB
                     ->  Seq Scan on promotion  (cost=0.00..6.00 rows=300 width=28) (actual time=0.006..0.027 rows=300 loops=1)
 Planning Time: 0.310 ms
 Execution Time: 598.877 ms
(26 rows)

                                                                                         QUERY PLAN                                                                                          
---------------------------------------------------------------------------------------------------------------------------------------------------------------------------------------------
 Hash Join  (cost=113186.61..115457.98 rows=581 width=244) (actual time=1307.067..1453.301 rows=12814 loops=1)
   Hash Cond: (store_sales.item_sk = item.item_sk)
   ->  Hash Join  (cost=112595.61..114858.99 rows=581 width=192) (actual time=1303.331..1443.104 rows=12814 loops=1)
         Hash Cond: ((customer.customer_sk)::double precision = store_sales.customer_sk)
         ->  Seq Scan on customer  (cost=0.00..2227.00 rows=3057 width=28) (actual time=0.006..8.373 rows=3179 loops=1)
               Filter: ((birth_day <= '9'::double precision) AND (birth_day >= '9'::double precision))
               Rows Removed by Filter: 96821
         ->  Hash  (cost=112446.00..112446.00 rows=11969 width=164) (actual time=1301.756..1301.759 rows=404623 loops=1)
               Buckets: 32768 (originally 16384)  Batches: 32 (originally 1)  Memory Usage: 3841kB
               ->  Hash Join  (cost=44.01..112446.00 rows=11969 width=164) (actual time=0.077..1039.013 rows=409632 loops=1)
                     Hash Cond: (store_sales.store_sk = (store.store_sk)::double precision)
                     ->  Seq Scan on store_sales  (cost=0.00..99753.18 rows=2505823 width=132) (actual time=0.028..715.546 rows=2510387 loops=1)
                           Filter: ((ext_coupon_amt <= '513.26'::double precision) AND (ext_coupon_amt >= '0'::double precision))
                           Rows Removed by Filter: 370017
                     ->  Hash  (cost=44.00..44.00 rows=1 width=32) (actual time=0.006..0.007 rows=2 loops=1)
                           Buckets: 1024  Batches: 1  Memory Usage: 9kB
                           ->  Seq Scan on store  (cost=0.00..44.00 rows=1 width=32) (actual time=0.003..0.004 rows=2 loops=1)
                                 Filter: ((number_employees <= 288) AND (number_employees >= 245) AND (market_id <= 4) AND (market_id >= 2) AND (company_id <= 337) AND (company_id >= 220))
                                 Rows Removed by Filter: 10
   ->  Hash  (cost=366.00..366.00 rows=18000 width=52) (actual time=3.679..3.679 rows=18000 loops=1)
         Buckets: 32768  Batches: 1  Memory Usage: 1801kB
         ->  Seq Scan on item  (cost=0.00..366.00 rows=18000 width=52) (actual time=0.007..1.578 rows=18000 loops=1)
 Planning Time: 0.306 ms
 Execution Time: 1453.840 ms
(24 rows)

                                                                                                                                                                                                                                                         QUERY PLAN                                                                                                                                                                                                                                                         
----------------------------------------------------------------------------------------------------------------------------------------------------------------------------------------------------------------------------------------------------------------------------------------------------------------------------------------------------------------------------------------------------------------------------------------------------------------------------------------------------------------------------
 Merge Join  (cost=168520.21..169331.79 rows=17969 width=240) (actual time=732.510..779.159 rows=41841 loops=1)
   Merge Cond: (store_sales.customer_sk = ((customer.customer_sk)::double precision))
   ->  Sort  (cost=160881.72..160923.68 rows=16786 width=212) (actual time=694.916..707.863 rows=62131 loops=1)
         Sort Key: store_sales.customer_sk
         Sort Method: external merge  Disk: 14248kB
         ->  Hash Join  (cost=602.17..159703.76 rows=16786 width=212) (actual time=4.043..635.259 rows=62189 loops=1)
               Hash Cond: (store_sales.item_sk = item.item_sk)
               ->  Hash Join  (cost=11.18..158881.95 rows=16786 width=160) (actual time=0.139..603.355 rows=62189 loops=1)
                     Hash Cond: (store_sales.promo_sk = (promotion.promo_sk)::double precision)
                     ->  Seq Scan on store_sales  (cost=0.00..157357.42 rows=17940 width=132) (actual time=0.039..583.229 rows=63523 loops=1)
                           Filter: ((quantity <= '88'::double precision) AND (quantity >= '66'::double precision) AND (ext_discount_amt <= '469.62'::double precision) AND (ext_discount_amt >= '0'::double precision) AND (ext_list_price <= '9359.4'::double precision) AND (ext_list_price >= '2995.38'::double precision) AND (net_paid <= '2733.12'::double precision) AND (net_paid >= '1252.22'::double precision) AND (net_profit <= '-389.76'::double precision) AND (net_profit >= '-7266.36'::double precision))
                           Rows Removed by Filter: 2816881
                     ->  Hash  (cost=7.50..7.50 rows=294 width=28) (actual time=0.094..0.094 rows=294 loops=1)
                           Buckets: 1024  Batches: 1  Memory Usage: 27kB
                           ->  Seq Scan on promotion  (cost=0.00..7.50 rows=294 width=28) (actual time=0.005..0.046 rows=294 loops=1)
                                 Filter: ((cost <= '1000'::double precision) AND (cost >= '1000'::double precision))
                                 Rows Removed by Filter: 6
               ->  Hash  (cost=366.00..366.00 rows=18000 width=52) (actual time=3.876..3.877 rows=18000 loops=1)
                     Buckets: 32768  Batches: 1  Memory Usage: 1801kB
                     ->  Seq Scan on item  (cost=0.00..366.00 rows=18000 width=52) (actual time=0.005..1.710 rows=18000 loops=1)
   ->  Sort  (cost=7638.49..7807.16 rows=67467 width=28) (actual time=37.585..45.690 rows=80571 loops=1)
         Sort Key: ((customer.customer_sk)::double precision)
         Sort Method: external sort  Disk: 3528kB
         ->  Seq Scan on customer  (cost=0.00..2227.00 rows=67467 width=28) (actual time=0.011..13.406 rows=67095 loops=1)
               Filter: ((birth_year <= '1972'::double precision) AND (birth_year >= '1925'::double precision))
               Rows Removed by Filter: 32905
 Planning Time: 0.359 ms
 Execution Time: 783.886 ms
(28 rows)

                                                                         QUERY PLAN                                                                          
-------------------------------------------------------------------------------------------------------------------------------------------------------------
 Hash Join  (cost=778283.03..1002422.64 rows=7366810 width=240) (actual time=9837.256..12138.295 rows=3723195 loops=1)
   Hash Cond: (item.wholesale_cost = store_sales.wholesale_cost)
   ->  Seq Scan on item  (cost=0.00..366.00 rows=18000 width=52) (actual time=0.009..3.415 rows=18000 loops=1)
   ->  Hash  (cost=612094.62..612094.62 rows=4275793 width=188) (actual time=9837.195..9837.199 rows=2599735 loops=1)
         Buckets: 32768  Batches: 256  Memory Usage: 3302kB
         ->  Hash Join  (cost=364210.69..612094.62 rows=4275793 width=188) (actual time=5970.918..7876.464 rows=2631971 loops=1)
               Hash Cond: ((customer.customer_sk)::double precision = store_sales.customer_sk)
               ->  Seq Scan on customer  (cost=0.00..1727.00 rows=100000 width=28) (actual time=0.004..10.333 rows=100000 loops=1)
               ->  Hash  (cost=269993.04..269993.04 rows=2694932 width=160) (actual time=5970.855..5970.858 rows=2631971 loops=1)
                     Buckets: 32768  Batches: 256  Memory Usage: 2438kB
                     ->  Hash Join  (cost=177609.77..269993.04 rows=2694932 width=160) (actual time=1166.265..4475.265 rows=2695809 loops=1)
                           Hash Cond: ((promotion.promo_sk)::double precision = store_sales.promo_sk)
                           ->  Seq Scan on promotion  (cost=0.00..7.50 rows=294 width=28) (actual time=0.006..0.142 rows=294 loops=1)
                                 Filter: ((cost <= '1000'::double precision) AND (cost >= '1000'::double precision))
                                 Rows Removed by Filter: 6
                           ->  Hash  (cost=85352.12..85352.12 rows=2880212 width=132) (actual time=1166.214..1166.215 rows=2750920 loops=1)
                                 Buckets: 32768 (originally 32768)  Batches: 2048 (originally 128)  Memory Usage: 5918kB
                                 ->  Seq Scan on store_sales  (cost=0.00..85352.12 rows=2880212 width=132) (actual time=0.022..356.334 rows=2880404 loops=1)
 Planning Time: 0.276 ms
 Execution Time: 12279.299 ms
(20 rows)

                                                                                                 QUERY PLAN                                                                                                 
------------------------------------------------------------------------------------------------------------------------------------------------------------------------------------------------------------
 Hash Join  (cost=104218.19..107193.80 rows=8595 width=244) (actual time=3362.346..4079.549 rows=2708 loops=1)
   Hash Cond: (item.wholesale_cost = store_sales.wholesale_cost)
   ->  Hash Join  (cost=9.75..572.02 rows=932 width=80) (actual time=0.111..2.061 rows=12 loops=1)
         Hash Cond: ((item.item_sk)::double precision = promotion.item_sk)
         ->  Seq Scan on item  (cost=0.00..546.00 rows=926 width=52) (actual time=0.015..1.876 rows=919 loops=1)
               Filter: ((current_price <= '5.12'::double precision) AND (current_price >= '4.01'::double precision) AND (category_id <= '10'::double precision) AND (category_id >= '7'::double precision))
               Rows Removed by Filter: 17081
         ->  Hash  (cost=6.00..6.00 rows=300 width=28) (actual time=0.065..0.066 rows=293 loops=1)
               Buckets: 1024  Batches: 1  Memory Usage: 27kB
               ->  Seq Scan on promotion  (cost=0.00..6.00 rows=300 width=28) (actual time=0.005..0.030 rows=300 loops=1)
   ->  Hash  (cost=100746.68..100746.68 rows=96301 width=164) (actual time=2929.138..2929.140 rows=2239232 loops=1)
         Buckets: 32768 (originally 32768)  Batches: 256 (originally 8)  Memory Usage: 3841kB
         ->  Hash Join  (cost=30.49..100746.68 rows=96301 width=164) (actual time=0.040..1328.177 rows=2293474 loops=1)
               Hash Cond: (store_sales.store_sk = (store.store_sk)::double precision)
               ->  Seq Scan on store_sales  (cost=0.00..85352.12 rows=2880212 width=132) (actual time=0.027..375.912 rows=2880404 loops=1)
               ->  Hash  (cost=30.40..30.40 rows=7 width=32) (actual time=0.007..0.008 rows=10 loops=1)
                     Buckets: 1024  Batches: 1  Memory Usage: 9kB
                     ->  Seq Scan on store  (cost=0.00..30.40 rows=7 width=32) (actual time=0.003..0.005 rows=10 loops=1)
                           Filter: ((floor_space <= 9341467) AND (floor_space >= 5285950))
                           Rows Removed by Filter: 2
 Planning Time: 0.299 ms
 Execution Time: 4079.710 ms
(22 rows)

                                                                                            QUERY PLAN                                                                                             
---------------------------------------------------------------------------------------------------------------------------------------------------------------------------------------------------
 Hash Join  (cost=604.31..115698.06 rows=528 width=244) (actual time=5.038..537.511 rows=88 loops=1)
   Hash Cond: ((item.item_sk)::double precision = promotion.item_sk)
   ->  Hash Join  (cost=594.56..115679.10 rows=524 width=216) (actual time=2.331..536.517 rows=5956 loops=1)
         Hash Cond: (store_sales.wholesale_cost = item.wholesale_cost)
         ->  Hash Join  (cost=30.49..114788.23 rows=3783 width=164) (actual time=0.084..523.140 rows=85504 loops=1)
               Hash Cond: (store_sales.store_sk = (store.store_sk)::double precision)
               ->  Seq Scan on store_sales  (cost=0.00..114154.24 rows=113134 width=132) (actual time=0.029..492.185 rows=130339 loops=1)
                     Filter: ((quantity <= '40'::double precision) AND (quantity >= '34'::double precision) AND (ext_tax <= '159.91'::double precision) AND (ext_tax >= '3.62'::double precision))
                     Rows Removed by Filter: 2750065
               ->  Hash  (cost=30.40..30.40 rows=7 width=32) (actual time=0.007..0.008 rows=8 loops=1)
                     Buckets: 1024  Batches: 1  Memory Usage: 9kB
                     ->  Seq Scan on store  (cost=0.00..30.40 rows=7 width=32) (actual time=0.003..0.005 rows=8 loops=1)
                           Filter: ((tax_percentage <= '0.03'::double precision) AND (tax_percentage >= '0.01'::double precision))
                           Rows Removed by Filter: 4
         ->  Hash  (cost=546.00..546.00 rows=1446 width=52) (actual time=2.171..2.172 rows=1697 loops=1)
               Buckets: 2048  Batches: 1  Memory Usage: 162kB
               ->  Seq Scan on item  (cost=0.00..546.00 rows=1446 width=52) (actual time=0.006..1.981 rows=1698 loops=1)
                     Filter: ((brand_id <= '5001001'::double precision) AND (brand_id >= '-1'::double precision) AND (class_id <= '5'::double precision) AND (class_id >= '4'::double precision))
                     Rows Removed by Filter: 16302
   ->  Hash  (cost=6.00..6.00 rows=300 width=28) (actual time=0.071..0.071 rows=293 loops=1)
         Buckets: 1024  Batches: 1  Memory Usage: 27kB
         ->  Seq Scan on promotion  (cost=0.00..6.00 rows=300 width=28) (actual time=0.011..0.036 rows=300 loops=1)
 Planning Time: 0.363 ms
 Execution Time: 537.568 ms
(24 rows)

                                                                                                                                                            QUERY PLAN                                                                                                                                                            
----------------------------------------------------------------------------------------------------------------------------------------------------------------------------------------------------------------------------------------------------------------------------------------------------------------------------------
 Hash Join  (cost=181265.24..223681.35 rows=240492 width=240) (actual time=1718.550..1790.460 rows=1123 loops=1)
   Hash Cond: ((store_sales.item_sk)::double precision = promotion.item_sk)
   ->  Hash Join  (cost=181254.07..219437.32 rows=243725 width=212) (actual time=1714.248..1785.124 rows=50743 loops=1)
         Hash Cond: ((customer.customer_sk)::double precision = store_sales.customer_sk)
         ->  Seq Scan on customer  (cost=0.00..1727.00 rows=100000 width=28) (actual time=0.004..7.853 rows=100000 loops=1)
         ->  Hash  (cost=175432.89..175432.89 rows=153614 width=184) (actual time=1688.586..1688.589 rows=50743 loops=1)
               Buckets: 32768  Batches: 16  Memory Usage: 946kB
               ->  Hash Join  (cost=154663.69..175432.89 rows=153614 width=184) (actual time=1342.808..1636.573 rows=51073 loops=1)
                     Hash Cond: (item.wholesale_cost = store_sales.wholesale_cost)
                     ->  Seq Scan on item  (cost=0.00..546.00 rows=1969 width=52) (actual time=0.004..2.281 rows=1993 loops=1)
                           Filter: ((brand_id <= '7001006'::double precision) AND (brand_id >= '5003002'::double precision) AND (manufact_id <= '581'::double precision) AND (manufact_id >= '21'::double precision))
                           Rows Removed by Filter: 16007
                     ->  Hash  (cost=128555.30..128555.30 rows=815071 width=132) (actual time=1342.757..1342.758 rows=1034077 loops=1)
                           Buckets: 32768  Batches: 64  Memory Usage: 3029kB
                           ->  Seq Scan on store_sales  (cost=0.00..128555.30 rows=815071 width=132) (actual time=0.027..798.594 rows=1046787 loops=1)
                                 Filter: ((ext_discount_amt <= '0'::double precision) AND (ext_discount_amt >= '0'::double precision) AND (ext_coupon_amt <= '105.44'::double precision) AND (ext_coupon_amt >= '0'::double precision) AND (net_paid <= '2601.3'::double precision) AND (net_paid >= '318.74'::double precision))
                                 Rows Removed by Filter: 1833617
   ->  Hash  (cost=7.50..7.50 rows=294 width=28) (actual time=0.108..0.109 rows=291 loops=1)
         Buckets: 1024  Batches: 1  Memory Usage: 27kB
         ->  Seq Scan on promotion  (cost=0.00..7.50 rows=294 width=28) (actual time=0.022..0.077 rows=294 loops=1)
               Filter: ((cost <= '1000'::double precision) AND (cost >= '1000'::double precision))
               Rows Removed by Filter: 6
 Planning Time: 0.279 ms
 Execution Time: 1790.561 ms
(24 rows)

                                                                                                                                                                                                                                                                                                         QUERY PLAN                                                                                                                                                                                                                                                                                                          
-----------------------------------------------------------------------------------------------------------------------------------------------------------------------------------------------------------------------------------------------------------------------------------------------------------------------------------------------------------------------------------------------------------------------------------------------------------------------------------------------------------------------------------------------------------------------------------------------------------------------------
 Hash Join  (cost=634.99..172928.35 rows=1826 width=244) (actual time=579.285..1864.118 rows=3242 loops=1)
   Hash Cond: (promotion.item_sk = (item.item_sk)::double precision)
   ->  Nested Loop  (cost=0.00..172138.96 rows=38 width=192) (actual time=575.295..1858.847 rows=3973 loops=1)
         Join Filter: (store_sales.promo_sk = (promotion.promo_sk)::double precision)
         Rows Removed by Join Filter: 1188227
         ->  Seq Scan on promotion  (cost=0.00..6.00 rows=300 width=28) (actual time=0.008..0.050 rows=300 loops=1)
         ->  Materialize  (cost=0.00..171923.07 rows=40 width=164) (actual time=1.911..5.868 rows=3974 loops=300)
               ->  Nested Loop  (cost=0.00..171922.86 rows=40 width=164) (actual time=573.245..1707.352 rows=3974 loops=1)
                     Join Filter: (store_sales.store_sk = (store.store_sk)::double precision)
                     Rows Removed by Join Filter: 66355
                     ->  Seq Scan on store  (cost=0.00..37.20 rows=1 width=32) (actual time=0.004..0.007 rows=3 loops=1)
                           Filter: ((floor_space <= 9294113) AND (floor_space >= 9078805) AND (company_id <= 767) AND (company_id >= 27))
                           Rows Removed by Filter: 9
                     ->  Seq Scan on store_sales  (cost=0.00..171758.48 rows=8479 width=132) (actual time=0.022..566.497 rows=23443 loops=3)
                           Filter: ((list_price <= '77.19'::double precision) AND (list_price >= '10.26'::double precision) AND (sales_price <= '112.7'::double precision) AND (sales_price >= '37.16'::double precision) AND (ext_sales_price <= '2701.14'::double precision) AND (ext_sales_price >= '0'::double precision) AND (ext_list_price <= '2029.52'::double precision) AND (ext_list_price >= '705.87'::double precision) AND (ext_coupon_amt <= '0'::double precision) AND (ext_coupon_amt >= '0'::double precision) AND (net_profit <= '1932'::double precision) AND (net_profit >= '88.88'::double precision))
                           Rows Removed by Filter: 2856961
   ->  Hash  (cost=456.00..456.00 rows=14319 width=52) (actual time=3.961..3.962 rows=14324 loops=1)
         Buckets: 16384  Batches: 1  Memory Usage: 1359kB
         ->  Seq Scan on item  (cost=0.00..456.00 rows=14319 width=52) (actual time=0.006..2.345 rows=14324 loops=1)
               Filter: ((brand_id <= '10016007'::double precision) AND (brand_id >= '3001001'::double precision))
               Rows Removed by Filter: 3676
 Planning Time: 0.281 ms
 Execution Time: 1864.314 ms
(23 rows)

                                                                         QUERY PLAN                                                                          
-------------------------------------------------------------------------------------------------------------------------------------------------------------
 Hash Join  (cost=155123.69..315257.95 rows=9566970 width=244) (actual time=930.249..963.176 rows=24557 loops=1)
   Hash Cond: ((item.item_sk)::double precision = promotion.item_sk)
   ->  Seq Scan on item  (cost=0.00..456.00 rows=4929 width=52) (actual time=0.008..2.112 rows=4935 loops=1)
         Filter: ((brand_id <= '8008006'::double precision) AND (brand_id >= '5004001'::double precision))
         Rows Removed by Filter: 13065
   ->  Hash  (cost=132645.79..132645.79 rows=578312 width=192) (actual time=808.258..808.262 rows=89242 loops=1)
         Buckets: 32768  Batches: 64  Memory Usage: 862kB
         ->  Merge Join  (cost=122292.61..132645.79 rows=578312 width=192) (actual time=536.440..611.058 rows=91420 loops=1)
               Merge Cond: (((store.store_sk)::double precision) = store_sales.store_sk)
               ->  Sort  (cost=94.38..97.78 rows=1360 width=32) (actual time=0.013..0.015 rows=11 loops=1)
                     Sort Key: ((store.store_sk)::double precision)
                     Sort Method: quicksort  Memory: 25kB
                     ->  Seq Scan on store  (cost=0.00..23.60 rows=1360 width=32) (actual time=0.003..0.006 rows=12 loops=1)
               ->  Materialize  (cost=122198.22..122643.35 rows=89025 width=160) (actual time=536.420..584.201 rows=91421 loops=1)
                     ->  Sort  (cost=122198.22..122420.79 rows=89025 width=160) (actual time=536.417..553.311 rows=91421 loops=1)
                           Sort Key: store_sales.store_sk
                           Sort Method: external merge  Disk: 16000kB
                           ->  Hash Join  (cost=9.75..107879.51 rows=89025 width=160) (actual time=0.098..478.649 rows=92516 loops=1)
                                 Hash Cond: (store_sales.promo_sk = (promotion.promo_sk)::double precision)
                                 ->  Seq Scan on store_sales  (cost=0.00..99753.18 rows=93243 width=132) (actual time=0.032..449.142 rows=94761 loops=1)
                                       Filter: ((ext_wholesale_cost <= '5698.68'::double precision) AND (ext_wholesale_cost >= '5145.25'::double precision))
                                       Rows Removed by Filter: 2785643
                                 ->  Hash  (cost=6.00..6.00 rows=300 width=28) (actual time=0.060..0.061 rows=300 loops=1)
                                       Buckets: 1024  Batches: 1  Memory Usage: 27kB
                                       ->  Seq Scan on promotion  (cost=0.00..6.00 rows=300 width=28) (actual time=0.003..0.025 rows=300 loops=1)
 Planning Time: 0.230 ms
 Execution Time: 970.117 ms
(27 rows)

                                                                   QUERY PLAN                                                                    
-------------------------------------------------------------------------------------------------------------------------------------------------
 Hash Join  (cost=138251.90..784988.82 rows=7877459 width=244) (actual time=1010.524..1976.117 rows=740871 loops=1)
   Hash Cond: (store_sales.store_sk = (store.store_sk)::double precision)
   ->  Hash Join  (cost=138211.30..290838.92 rows=1212656 width=212) (actual time=1010.502..1744.605 rows=749872 loops=1)
         Hash Cond: (store_sales.item_sk = item.item_sk)
         ->  Hash Join  (cost=137620.30..273573.90 rows=1212656 width=160) (actual time=1006.656..1509.726 rows=749872 loops=1)
               Hash Cond: ((customer.customer_sk)::double precision = store_sales.customer_sk)
               ->  Seq Scan on customer  (cost=0.00..2227.00 rows=64653 width=28) (actual time=0.007..12.659 rows=64567 loops=1)
                     Filter: ((birth_month <= '11'::double precision) AND (birth_month >= '4'::double precision))
                     Rows Removed by Filter: 35433
               ->  Hash  (cost=99753.18..99753.18 rows=1182170 width=132) (actual time=989.603..989.604 rows=1161743 loops=1)
                     Buckets: 32768  Batches: 64  Memory Usage: 3225kB
                     ->  Seq Scan on store_sales  (cost=0.00..99753.18 rows=1182170 width=132) (actual time=0.031..552.316 rows=1189618 loops=1)
                           Filter: ((ext_tax <= '18.21'::double precision) AND (ext_tax >= '-1'::double precision))
                           Rows Removed by Filter: 1690786
         ->  Hash  (cost=366.00..366.00 rows=18000 width=52) (actual time=3.828..3.829 rows=18000 loops=1)
               Buckets: 32768  Batches: 1  Memory Usage: 1801kB
               ->  Seq Scan on item  (cost=0.00..366.00 rows=18000 width=52) (actual time=0.005..1.789 rows=18000 loops=1)
   ->  Hash  (cost=23.60..23.60 rows=1360 width=32) (actual time=0.014..0.014 rows=12 loops=1)
         Buckets: 2048  Batches: 1  Memory Usage: 17kB
         ->  Seq Scan on store  (cost=0.00..23.60 rows=1360 width=32) (actual time=0.008..0.010 rows=12 loops=1)
 Planning Time: 0.232 ms
 Execution Time: 2002.824 ms
(22 rows)

                                                                                                     QUERY PLAN                                                                                                     
--------------------------------------------------------------------------------------------------------------------------------------------------------------------------------------------------------------------
 Hash Join  (cost=140002.38..361163.43 rows=1259143 width=240) (actual time=1159.497..1861.696 rows=17296 loops=1)
   Hash Cond: ((store_sales.item_sk)::double precision = promotion.item_sk)
   ->  Hash Join  (cost=139992.63..339183.14 rows=1250548 width=212) (actual time=1037.381..1769.194 rows=789696 loops=1)
         Hash Cond: (store_sales.item_sk = item.item_sk)
         ->  Hash Join  (cost=139401.63..321397.11 rows=1250548 width=160) (actual time=1033.555..1523.267 rows=789696 loops=1)
               Hash Cond: ((customer.customer_sk)::double precision = store_sales.customer_sk)
               ->  Seq Scan on customer  (cost=0.00..1727.00 rows=100000 width=28) (actual time=0.006..8.369 rows=100000 loops=1)
               ->  Hash  (cost=114154.24..114154.24 rows=788191 width=132) (actual time=1033.526..1033.527 rows=789696 loops=1)
                     Buckets: 32768  Batches: 64  Memory Usage: 2223kB
                     ->  Seq Scan on store_sales  (cost=0.00..114154.24 rows=788191 width=132) (actual time=0.030..585.102 rows=799390 loops=1)
                           Filter: ((quantity <= '86'::double precision) AND (quantity >= '57'::double precision) AND (ext_coupon_amt <= '5309.4'::double precision) AND (ext_coupon_amt >= '0'::double precision))
                           Rows Removed by Filter: 2081014
         ->  Hash  (cost=366.00..366.00 rows=18000 width=52) (actual time=3.806..3.806 rows=18000 loops=1)
               Buckets: 32768  Batches: 1  Memory Usage: 1801kB
               ->  Seq Scan on item  (cost=0.00..366.00 rows=18000 width=52) (actual time=0.005..1.601 rows=18000 loops=1)
   ->  Hash  (cost=6.00..6.00 rows=300 width=28) (actual time=0.078..0.078 rows=293 loops=1)
         Buckets: 1024  Batches: 1  Memory Usage: 27kB
         ->  Seq Scan on promotion  (cost=0.00..6.00 rows=300 width=28) (actual time=0.013..0.041 rows=300 loops=1)
 Planning Time: 0.233 ms
 Execution Time: 1862.410 ms
(20 rows)

                                                                   QUERY PLAN                                                                    
-------------------------------------------------------------------------------------------------------------------------------------------------
 Hash Join  (cost=100880.08..103825.35 rows=21827 width=244) (actual time=1261.150..1618.719 rows=447330 loops=1)
   Hash Cond: ((customer.customer_sk)::double precision = store_sales.customer_sk)
   ->  Seq Scan on customer  (cost=0.00..1727.00 rows=100000 width=28) (actual time=0.011..8.516 rows=100000 loops=1)
   ->  Hash  (cost=100708.12..100708.12 rows=13757 width=216) (actual time=1224.775..1224.780 rows=447330 loops=1)
         Buckets: 16384 (originally 16384)  Batches: 32 (originally 1)  Memory Usage: 3969kB
         ->  Hash Join  (cost=628.21..100708.12 rows=13757 width=216) (actual time=3.776..882.266 rows=458159 loops=1)
               Hash Cond: (store_sales.item_sk = item.item_sk)
               ->  Hash Join  (cost=37.21..99927.96 rows=13757 width=164) (actual time=0.063..729.011 rows=458159 loops=1)
                     Hash Cond: (store_sales.store_sk = (store.store_sk)::double precision)
                     ->  Seq Scan on store_sales  (cost=0.00..85352.12 rows=2880212 width=132) (actual time=0.042..332.488 rows=2880404 loops=1)
                     ->  Hash  (cost=37.20..37.20 rows=1 width=32) (actual time=0.008..0.009 rows=2 loops=1)
                           Buckets: 1024  Batches: 1  Memory Usage: 9kB
                           ->  Seq Scan on store  (cost=0.00..37.20 rows=1 width=32) (actual time=0.005..0.007 rows=2 loops=1)
                                 Filter: ((number_employees <= 245) AND (number_employees >= 236) AND (market_id <= 8) AND (market_id >= 7))
                                 Rows Removed by Filter: 10
               ->  Hash  (cost=366.00..366.00 rows=18000 width=52) (actual time=3.696..3.696 rows=18000 loops=1)
                     Buckets: 32768  Batches: 1  Memory Usage: 1801kB
                     ->  Seq Scan on item  (cost=0.00..366.00 rows=18000 width=52) (actual time=0.004..1.514 rows=18000 loops=1)
 Planning Time: 0.291 ms
 Execution Time: 1635.002 ms
(20 rows)

                                                                                                                 QUERY PLAN                                                                                                                  
---------------------------------------------------------------------------------------------------------------------------------------------------------------------------------------------------------------------------------------------
 Hash Join  (cost=707.80..113275.84 rows=5769 width=244) (actual time=4.952..1001.892 rows=3942 loops=1)
   Hash Cond: ((item.item_sk)::double precision = promotion.item_sk)
   ->  Hash Join  (cost=698.05..113165.43 rows=5730 width=216) (actual time=3.705..977.856 rows=195600 loops=1)
         Hash Cond: (store_sales.item_sk = item.item_sk)
         ->  Hash Join  (cost=44.01..112409.34 rows=11934 width=164) (actual time=0.071..886.196 rows=407144 loops=1)
               Hash Cond: (store_sales.store_sk = (store.store_sk)::double precision)
               ->  Seq Scan on store_sales  (cost=0.00..99753.18 rows=2498561 width=132) (actual time=0.031..618.860 rows=2496872 loops=1)
                     Filter: ((net_paid <= '5675.67'::double precision) AND (net_paid >= '7.04'::double precision))
                     Rows Removed by Filter: 383532
               ->  Hash  (cost=44.00..44.00 rows=1 width=32) (actual time=0.007..0.007 rows=2 loops=1)
                     Buckets: 1024  Batches: 1  Memory Usage: 9kB
                     ->  Seq Scan on store  (cost=0.00..44.00 rows=1 width=32) (actual time=0.004..0.006 rows=2 loops=1)
                           Filter: ((number_employees <= 294) AND (number_employees >= 271) AND (devision_id <= 1) AND (devision_id >= 1) AND (tax_percentage <= '0.08'::double precision) AND (tax_percentage >= '0.08'::double precision))
                           Rows Removed by Filter: 10
         ->  Hash  (cost=546.00..546.00 rows=8643 width=52) (actual time=3.625..3.626 rows=8651 loops=1)
               Buckets: 16384  Batches: 1  Memory Usage: 872kB
               ->  Seq Scan on item  (cost=0.00..546.00 rows=8643 width=52) (actual time=0.005..2.754 rows=8651 loops=1)
                     Filter: ((current_price <= '8.32'::double precision) AND (current_price >= '1.39'::double precision) AND (class_id <= '13'::double precision) AND (class_id >= '2'::double precision))
                     Rows Removed by Filter: 9349
   ->  Hash  (cost=6.00..6.00 rows=300 width=28) (actual time=0.074..0.075 rows=293 loops=1)
         Buckets: 1024  Batches: 1  Memory Usage: 27kB
         ->  Seq Scan on promotion  (cost=0.00..6.00 rows=300 width=28) (actual time=0.012..0.039 rows=300 loops=1)
 Planning Time: 0.301 ms
 Execution Time: 1002.180 ms
(24 rows)

                                                                                                                                                                                                                                                                                                                  QUERY PLAN                                                                                                                                                                                                                                                                                                                  
----------------------------------------------------------------------------------------------------------------------------------------------------------------------------------------------------------------------------------------------------------------------------------------------------------------------------------------------------------------------------------------------------------------------------------------------------------------------------------------------------------------------------------------------------------------------------------------------------------------------------------------------
 Merge Join  (cost=202356.88..208747.73 rows=356764 width=244) (actual time=1018.868..1161.070 rows=160372 loops=1)
   Merge Cond: (((store.store_sk)::double precision) = store_sales.store_sk)
   ->  Sort  (cost=94.38..97.78 rows=1360 width=32) (actual time=0.017..0.023 rows=11 loops=1)
         Sort Key: ((store.store_sk)::double precision)
         Sort Method: quicksort  Memory: 25kB
         ->  Seq Scan on store  (cost=0.00..23.60 rows=1360 width=32) (actual time=0.007..0.010 rows=12 loops=1)
   ->  Materialize  (cost=202262.49..202537.09 rows=54920 width=212) (actual time=1018.843..1109.878 rows=160373 loops=1)
         ->  Sort  (cost=202262.49..202399.79 rows=54920 width=212) (actual time=1018.842..1051.739 rows=160373 loops=1)
               Sort Key: store_sales.store_sk
               Sort Method: external merge  Disk: 36696kB
               ->  Hash Join  (cost=189754.62..192307.40 rows=54920 width=212) (actual time=732.013..916.569 rows=160517 loops=1)
                     Hash Cond: (store_sales.item_sk = item.item_sk)
                     ->  Merge Join  (cost=189163.62..190961.25 rows=54920 width=160) (actual time=728.204..861.646 rows=160517 loops=1)
                           Merge Cond: (((customer.customer_sk)::double precision) = store_sales.customer_sk)
                           ->  Sort  (cost=12425.82..12675.82 rows=100000 width=28) (actual time=42.078..57.441 rows=100000 loops=1)
                                 Sort Key: ((customer.customer_sk)::double precision)
                                 Sort Method: external merge  Disk: 4824kB
                                 ->  Seq Scan on customer  (cost=0.00..1727.00 rows=100000 width=28) (actual time=0.006..12.755 rows=100000 loops=1)
                           ->  Materialize  (cost=176737.80..176910.87 rows=34615 width=132) (actual time=686.116..744.075 rows=160518 loops=1)
                                 ->  Sort  (cost=176737.80..176824.33 rows=34615 width=132) (actual time=686.112..722.497 rows=160518 loops=1)
                                       Sort Key: store_sales.customer_sk
                                       Sort Method: external merge  Disk: 23000kB
                                       ->  Seq Scan on store_sales  (cost=0.00..171758.48 rows=34615 width=132) (actual time=0.035..600.372 rows=160781 loops=1)
                                             Filter: ((quantity <= '77'::double precision) AND (quantity >= '29'::double precision) AND (sales_price <= '110.19'::double precision) AND (sales_price >= '27.25'::double precision) AND (ext_discount_amt <= '0'::double precision) AND (ext_discount_amt >= '0'::double precision) AND (ext_wholesale_cost <= '3720'::double precision) AND (ext_wholesale_cost >= '802.62'::double precision) AND (ext_list_price <= '6751'::double precision) AND (ext_list_price >= '3444'::double precision) AND (ext_coupon_amt <= '0'::double precision) AND (ext_coupon_amt >= '0'::double precision))
                                             Rows Removed by Filter: 2719623
                     ->  Hash  (cost=366.00..366.00 rows=18000 width=52) (actual time=3.787..3.787 rows=18000 loops=1)
                           Buckets: 32768  Batches: 1  Memory Usage: 1801kB
                           ->  Seq Scan on item  (cost=0.00..366.00 rows=18000 width=52) (actual time=0.028..1.691 rows=18000 loops=1)
 Planning Time: 0.274 ms
 Execution Time: 1186.665 ms
(30 rows)

                                                                                                                                                 QUERY PLAN                                                                                                                                                  
-------------------------------------------------------------------------------------------------------------------------------------------------------------------------------------------------------------------------------------------------------------------------------------------------------------
 Hash Join  (cost=146057.06..799140.64 rows=62598770 width=244) (actual time=571.011..622.742 rows=1724 loops=1)
   Hash Cond: ((store_sales.item_sk)::double precision = promotion.item_sk)
   ->  Merge Join  (cost=145145.26..157762.35 rows=704892 width=164) (actual time=567.363..611.134 rows=80742 loops=1)
         Merge Cond: (((store.store_sk)::double precision) = store_sales.store_sk)
         ->  Sort  (cost=94.38..97.78 rows=1360 width=32) (actual time=0.013..0.017 rows=11 loops=1)
               Sort Key: ((store.store_sk)::double precision)
               Sort Method: quicksort  Memory: 25kB
               ->  Seq Scan on store  (cost=0.00..23.60 rows=1360 width=32) (actual time=0.003..0.006 rows=12 loops=1)
         ->  Materialize  (cost=145050.88..145593.43 rows=108511 width=132) (actual time=567.343..589.861 rows=80743 loops=1)
               ->  Sort  (cost=145050.88..145322.16 rows=108511 width=132) (actual time=567.340..578.846 rows=80743 loops=1)
                     Sort Key: store_sales.store_sk
                     Sort Method: external merge  Disk: 11584kB
                     ->  Seq Scan on store_sales  (cost=0.00..128555.30 rows=108511 width=132) (actual time=0.032..531.794 rows=81273 loops=1)
                           Filter: ((ext_tax <= '22.28'::double precision) AND (ext_tax >= '6.17'::double precision) AND (ext_coupon_amt <= '0'::double precision) AND (ext_coupon_amt >= '0'::double precision) AND (net_paid <= '2391.48'::double precision) AND (net_paid >= '738.92'::double precision))
                           Rows Removed by Filter: 2799131
   ->  Hash  (cost=689.78..689.78 rows=17761 width=80) (actual time=3.598..3.600 rows=291 loops=1)
         Buckets: 32768  Batches: 1  Memory Usage: 291kB
         ->  Hash Join  (cost=11.18..689.78 rows=17761 width=80) (actual time=0.115..3.516 rows=291 loops=1)
               Hash Cond: ((item.item_sk)::double precision = promotion.item_sk)
               ->  Seq Scan on item  (cost=0.00..366.00 rows=18000 width=52) (actual time=0.013..1.491 rows=18000 loops=1)
               ->  Hash  (cost=7.50..7.50 rows=294 width=28) (actual time=0.091..0.092 rows=291 loops=1)
                     Buckets: 1024  Batches: 1  Memory Usage: 27kB
                     ->  Seq Scan on promotion  (cost=0.00..7.50 rows=294 width=28) (actual time=0.009..0.054 rows=294 loops=1)
                           Filter: ((cost <= '1000'::double precision) AND (cost >= '1000'::double precision))
                           Rows Removed by Filter: 6
 Planning Time: 0.268 ms
 Execution Time: 625.035 ms
(27 rows)

                                                                        QUERY PLAN                                                                         
-----------------------------------------------------------------------------------------------------------------------------------------------------------
 Merge Join  (cost=146893.83..158646.06 rows=656529 width=244) (actual time=813.304..853.286 rows=62444 loops=1)
   Merge Cond: (((store.store_sk)::double precision) = store_sales.store_sk)
   ->  Sort  (cost=94.38..97.78 rows=1360 width=32) (actual time=0.018..0.022 rows=11 loops=1)
         Sort Key: ((store.store_sk)::double precision)
         Sort Method: quicksort  Memory: 25kB
         ->  Seq Scan on store  (cost=0.00..23.60 rows=1360 width=32) (actual time=0.009..0.012 rows=12 loops=1)
   ->  Materialize  (cost=146799.45..147304.78 rows=101067 width=212) (actual time=813.280..833.200 rows=62445 loops=1)
         ->  Sort  (cost=146799.45..147052.11 rows=101067 width=212) (actual time=813.279..824.606 rows=62445 loops=1)
               Sort Key: store_sales.store_sk
               Sort Method: external merge  Disk: 14392kB
               ->  Merge Join  (cost=125538.35..128034.78 rows=101067 width=212) (actual time=695.842..770.073 rows=63146 loops=1)
                     Merge Cond: (store_sales.customer_sk = ((customer.customer_sk)::double precision))
                     ->  Sort  (cost=113112.53..113271.78 rows=63700 width=184) (actual time=652.362..665.672 rows=63147 loops=1)
                           Sort Key: store_sales.customer_sk
                           Sort Method: external merge  Disk: 12656kB
                           ->  Hash Join  (cost=492.21..102366.59 rows=63700 width=184) (actual time=2.265..590.868 rows=64735 loops=1)
                                 Hash Cond: (store_sales.item_sk = item.item_sk)
                                 ->  Seq Scan on store_sales  (cost=0.00..99753.18 rows=395786 width=132) (actual time=0.039..532.717 rows=401139 loops=1)
                                       Filter: ((net_paid <= '7091.52'::double precision) AND (net_paid >= '3129.45'::double precision))
                                       Rows Removed by Filter: 2479265
                                 ->  Hash  (cost=456.00..456.00 rows=2897 width=52) (actual time=2.219..2.219 rows=2897 loops=1)
                                       Buckets: 4096  Batches: 1  Memory Usage: 281kB
                                       ->  Seq Scan on item  (cost=0.00..456.00 rows=2897 width=52) (actual time=0.005..1.932 rows=2897 loops=1)
                                             Filter: ((class_id <= '12'::double precision) AND (class_id >= '8'::double precision))
                                             Rows Removed by Filter: 15103
                     ->  Materialize  (cost=12425.82..12925.82 rows=100000 width=28) (actual time=43.468..67.587 rows=120450 loops=1)
                           ->  Sort  (cost=12425.82..12675.82 rows=100000 width=28) (actual time=43.464..54.372 rows=100000 loops=1)
                                 Sort Key: ((customer.customer_sk)::double precision)
                                 Sort Method: external merge  Disk: 4824kB
                                 ->  Seq Scan on customer  (cost=0.00..1727.00 rows=100000 width=28) (actual time=0.011..12.778 rows=100000 loops=1)
 Planning Time: 0.288 ms
 Execution Time: 861.940 ms
(32 rows)

                                                                                             QUERY PLAN                                                                                             
----------------------------------------------------------------------------------------------------------------------------------------------------------------------------------------------------
 Hash Join  (cost=108061.24..111810.80 rows=9714 width=244) (actual time=3403.456..3609.722 rows=91130 loops=1)
   Hash Cond: ((customer.customer_sk)::double precision = store_sales.customer_sk)
   ->  Seq Scan on customer  (cost=0.00..2227.00 rows=34593 width=28) (actual time=0.013..10.856 rows=34484 loops=1)
         Filter: ((birth_day <= '29'::double precision) AND (birth_day >= '19'::double precision))
         Rows Removed by Filter: 65516
   ->  Hash  (cost=107321.02..107321.02 rows=17698 width=216) (actual time=3383.538..3383.542 rows=263486 loops=1)
         Buckets: 16384 (originally 16384)  Batches: 32 (originally 2)  Memory Usage: 3969kB
         ->  Hash Join  (cost=104208.44..107321.02 rows=17698 width=216) (actual time=2428.067..3173.148 rows=266882 loops=1)
               Hash Cond: (item.wholesale_cost = store_sales.wholesale_cost)
               ->  Seq Scan on item  (cost=0.00..546.00 rows=1920 width=52) (actual time=0.005..2.572 rows=1897 loops=1)
                     Filter: ((class_id <= '4'::double precision) AND (class_id >= '3'::double precision) AND (manufact_id <= '250'::double precision) AND (manufact_id >= '62'::double precision))
                     Rows Removed by Filter: 16103
               ->  Hash  (cost=100746.68..100746.68 rows=96301 width=164) (actual time=2287.325..2287.327 rows=1788191 loops=1)
                     Buckets: 32768 (originally 32768)  Batches: 128 (originally 8)  Memory Usage: 3841kB
                     ->  Hash Join  (cost=30.49..100746.68 rows=96301 width=164) (actual time=0.045..1112.182 rows=1831521 loops=1)
                           Hash Cond: (store_sales.store_sk = (store.store_sk)::double precision)
                           ->  Seq Scan on store_sales  (cost=0.00..85352.12 rows=2880212 width=132) (actual time=0.027..345.432 rows=2880404 loops=1)
                           ->  Hash  (cost=30.40..30.40 rows=7 width=32) (actual time=0.008..0.008 rows=8 loops=1)
                                 Buckets: 1024  Batches: 1  Memory Usage: 9kB
                                 ->  Seq Scan on store  (cost=0.00..30.40 rows=7 width=32) (actual time=0.003..0.005 rows=8 loops=1)
                                       Filter: ((tax_percentage <= '0.03'::double precision) AND (tax_percentage >= '0.01'::double precision))
                                       Rows Removed by Filter: 4
 Planning Time: 0.319 ms
 Execution Time: 3613.129 ms
(24 rows)

                                                                                                   QUERY PLAN                                                                                                   
----------------------------------------------------------------------------------------------------------------------------------------------------------------------------------------------------------------
 Hash Join  (cost=120846.54..123635.80 rows=6226 width=244) (actual time=668.831..688.168 rows=4186 loops=1)
   Hash Cond: ((customer.customer_sk)::double precision = store_sales.customer_sk)
   ->  Seq Scan on customer  (cost=0.00..1727.00 rows=100000 width=28) (actual time=0.013..7.308 rows=100000 loops=1)
   ->  Hash  (cost=120797.49..120797.49 rows=3924 width=216) (actual time=668.793..668.795 rows=4186 loops=1)
         Buckets: 8192 (originally 4096)  Batches: 1 (originally 1)  Memory Usage: 1111kB
         ->  Hash Join  (cost=597.35..120797.49 rows=3924 width=216) (actual time=2.655..666.347 rows=4190 loops=1)
               Hash Cond: (store_sales.wholesale_cost = item.wholesale_cost)
               ->  Hash Join  (cost=30.49..118103.53 rows=24563 width=164) (actual time=0.048..629.237 rows=368135 loops=1)
                     Hash Cond: (store_sales.store_sk = (store.store_sk)::double precision)
                     ->  Seq Scan on store_sales  (cost=0.00..114154.24 rows=734635 width=132) (actual time=0.034..483.917 rows=744511 loops=1)
                           Filter: ((quantity <= '90'::double precision) AND (quantity >= '54'::double precision) AND (list_price <= '132.78'::double precision) AND (list_price >= '18.54'::double precision))
                           Rows Removed by Filter: 2135893
                     ->  Hash  (cost=30.40..30.40 rows=7 width=32) (actual time=0.008..0.009 rows=7 loops=1)
                           Buckets: 1024  Batches: 1  Memory Usage: 9kB
                           ->  Seq Scan on store  (cost=0.00..30.40 rows=7 width=32) (actual time=0.003..0.005 rows=7 loops=1)
                                 Filter: ((number_employees <= 294) AND (number_employees >= 245))
                                 Rows Removed by Filter: 5
               ->  Hash  (cost=546.00..546.00 rows=1669 width=52) (actual time=2.252..2.252 rows=929 loops=1)
                     Buckets: 2048  Batches: 1  Memory Usage: 96kB
                     ->  Seq Scan on item  (cost=0.00..546.00 rows=1669 width=52) (actual time=0.015..2.135 rows=929 loops=1)
                           Filter: ((class_id <= '3'::double precision) AND (class_id >= '2'::double precision) AND (category_id <= '10'::double precision) AND (category_id >= '8'::double precision))
                           Rows Removed by Filter: 17071
 Planning Time: 0.260 ms
 Execution Time: 688.363 ms
(24 rows)

                                                                                     QUERY PLAN                                                                                      
-------------------------------------------------------------------------------------------------------------------------------------------------------------------------------------
 Hash Join  (cost=962.55..121446.29 rows=949954 width=244) (actual time=3.418..865.342 rows=7932 loops=1)
   Hash Cond: ((store_sales.item_sk)::double precision = promotion.item_sk)
   ->  Hash Join  (cost=44.01..110875.15 rows=10483 width=164) (actual time=0.043..825.419 rows=360676 loops=1)
         Hash Cond: (store_sales.store_sk = (store.store_sk)::double precision)
         ->  Seq Scan on store_sales  (cost=0.00..99753.18 rows=2194625 width=132) (actual time=0.030..588.648 rows=2211665 loops=1)
               Filter: ((ext_coupon_amt <= '0'::double precision) AND (ext_coupon_amt >= '0'::double precision))
               Rows Removed by Filter: 668739
         ->  Hash  (cost=44.00..44.00 rows=1 width=32) (actual time=0.006..0.008 rows=2 loops=1)
               Buckets: 1024  Batches: 1  Memory Usage: 9kB
               ->  Seq Scan on store  (cost=0.00..44.00 rows=1 width=32) (actual time=0.004..0.005 rows=2 loops=1)
                     Filter: ((number_employees <= 294) AND (number_employees >= 294) AND (devision_id <= 1) AND (devision_id >= 1) AND (company_id <= 226) AND (company_id >= 175))
                     Rows Removed by Filter: 10
   ->  Hash  (cost=691.99..691.99 rows=18124 width=80) (actual time=3.348..3.350 rows=293 loops=1)
         Buckets: 32768  Batches: 1  Memory Usage: 291kB
         ->  Hash Join  (cost=9.75..691.99 rows=18124 width=80) (actual time=0.069..3.284 rows=293 loops=1)
               Hash Cond: ((item.item_sk)::double precision = promotion.item_sk)
               ->  Seq Scan on item  (cost=0.00..366.00 rows=18000 width=52) (actual time=0.004..1.355 rows=18000 loops=1)
               ->  Hash  (cost=6.00..6.00 rows=300 width=28) (actual time=0.057..0.058 rows=293 loops=1)
                     Buckets: 1024  Batches: 1  Memory Usage: 27kB
                     ->  Seq Scan on promotion  (cost=0.00..6.00 rows=300 width=28) (actual time=0.003..0.024 rows=300 loops=1)
 Planning Time: 0.311 ms
 Execution Time: 865.795 ms
(22 rows)

                                                                                                                                                                                                                                                  QUERY PLAN                                                                                                                                                                                                                                                   
---------------------------------------------------------------------------------------------------------------------------------------------------------------------------------------------------------------------------------------------------------------------------------------------------------------------------------------------------------------------------------------------------------------------------------------------------------------------------------------------------------------
 Nested Loop  (cost=0.00..160608.12 rows=1 width=244) (actual time=1171.331..1326.065 rows=2 loops=1)
   Join Filter: (store_sales.customer_sk = (customer.customer_sk)::double precision)
   Rows Removed by Join Filter: 265200
   ->  Nested Loop  (cost=0.00..158097.67 rows=1 width=216) (actual time=1114.880..1190.097 rows=14 loops=1)
         Join Filter: (store_sales.wholesale_cost = item.wholesale_cost)
         Rows Removed by Join Filter: 619262
         ->  Seq Scan on item  (cost=0.00..456.00 rows=273 width=52) (actual time=0.013..1.874 rows=238 loops=1)
               Filter: ((manufact_id <= '288'::double precision) AND (manufact_id >= '281'::double precision))
               Rows Removed by Filter: 17762
         ->  Materialize  (cost=0.00..157502.52 rows=34 width=164) (actual time=0.001..4.767 rows=2602 loops=238)
               ->  Nested Loop  (cost=0.00..157502.35 rows=34 width=164) (actual time=0.224..1105.649 rows=2602 loops=1)
                     Join Filter: (store_sales.store_sk = (store.store_sk)::double precision)
                     Rows Removed by Join Filter: 28200
                     ->  Seq Scan on store  (cost=0.00..37.20 rows=1 width=32) (actual time=0.003..0.006 rows=2 loops=1)
                           Filter: ((floor_space <= 6995995) AND (floor_space >= 5285950) AND (company_id <= 226) AND (company_id >= 27))
                           Rows Removed by Filter: 10
                     ->  Seq Scan on store_sales  (cost=0.00..157357.42 rows=7182 width=132) (actual time=0.157..551.342 rows=15401 loops=2)
                           Filter: ((quantity <= '87'::double precision) AND (quantity >= '7'::double precision) AND (sales_price <= '17.42'::double precision) AND (sales_price >= '16.14'::double precision) AND (ext_wholesale_cost <= '4707.66'::double precision) AND (ext_wholesale_cost >= '231.36'::double precision) AND (ext_tax <= '43.03'::double precision) AND (ext_tax >= '4.3'::double precision) AND (ext_coupon_amt <= '0'::double precision) AND (ext_coupon_amt >= '0'::double precision))
                           Rows Removed by Filter: 2865003
   ->  Seq Scan on customer  (cost=0.00..2227.00 rows=18897 width=28) (actual time=0.003..8.599 rows=18943 loops=14)
         Filter: ((birth_day <= '21'::double precision) AND (birth_day >= '16'::double precision))
         Rows Removed by Filter: 81057
 Planning Time: 0.334 ms
 Execution Time: 1326.132 ms
(24 rows)

                                                                                                    QUERY PLAN                                                                                                    
------------------------------------------------------------------------------------------------------------------------------------------------------------------------------------------------------------------
 Hash Join  (cost=814.38..105872.62 rows=508559 width=244) (actual time=3.684..901.733 rows=9026 loops=1)
   Hash Cond: ((store_sales.item_sk)::double precision = promotion.item_sk)
   ->  Hash Join  (cost=37.21..99927.96 rows=13757 width=164) (actual time=0.049..813.372 rows=917651 loops=1)
         Hash Cond: (store_sales.store_sk = (store.store_sk)::double precision)
         ->  Seq Scan on store_sales  (cost=0.00..85352.12 rows=2880212 width=132) (actual time=0.034..315.696 rows=2880404 loops=1)
         ->  Hash  (cost=37.20..37.20 rows=1 width=32) (actual time=0.008..0.009 rows=3 loops=1)
               Buckets: 1024  Batches: 1  Memory Usage: 9kB
               ->  Seq Scan on store  (cost=0.00..37.20 rows=1 width=32) (actual time=0.004..0.006 rows=3 loops=1)
                     Filter: ((market_id <= 9) AND (market_id >= 8) AND (company_id <= 337) AND (company_id >= 27))
                     Rows Removed by Filter: 9
   ->  Hash  (cost=684.75..684.75 rows=7393 width=80) (actual time=3.380..3.382 rows=129 loops=1)
         Buckets: 8192  Batches: 1  Memory Usage: 80kB
         ->  Hash Join  (cost=9.75..684.75 rows=7393 width=80) (actual time=0.088..3.350 rows=129 loops=1)
               Hash Cond: ((item.item_sk)::double precision = promotion.item_sk)
               ->  Seq Scan on item  (cost=0.00..546.00 rows=7343 width=52) (actual time=0.004..2.513 rows=7316 loops=1)
                     Filter: ((current_price <= '19.61'::double precision) AND (current_price >= '0.86'::double precision) AND (category_id <= '7'::double precision) AND (category_id >= '3'::double precision))
                     Rows Removed by Filter: 10684
               ->  Hash  (cost=6.00..6.00 rows=300 width=28) (actual time=0.070..0.070 rows=293 loops=1)
                     Buckets: 1024  Batches: 1  Memory Usage: 27kB
                     ->  Seq Scan on promotion  (cost=0.00..6.00 rows=300 width=28) (actual time=0.003..0.033 rows=300 loops=1)
 Planning Time: 0.284 ms
 Execution Time: 902.259 ms
(22 rows)

                                                                                                      QUERY PLAN                                                                                                      
----------------------------------------------------------------------------------------------------------------------------------------------------------------------------------------------------------------------
 Hash Join  (cost=135708.49..138911.06 rows=68669 width=240) (actual time=587.060..649.843 rows=1030 loops=1)
   Hash Cond: ((store_sales.item_sk)::double precision = promotion.item_sk)
   ->  Merge Join  (cost=135698.74..137703.12 rows=68200 width=212) (actual time=586.908..645.519 rows=43083 loops=1)
         Merge Cond: (store_sales.customer_sk = ((customer.customer_sk)::double precision))
         ->  Sort  (cost=123272.92..123380.38 rows=42985 width=184) (actual time=543.467..551.445 rows=43084 loops=1)
               Sort Key: store_sales.customer_sk
               Sort Method: external merge  Disk: 8584kB
               ->  Hash Join  (cost=583.17..116142.89 rows=42985 width=184) (actual time=2.543..499.872 rows=43591 loops=1)
                     Hash Cond: (store_sales.item_sk = item.item_sk)
                     ->  Seq Scan on store_sales  (cost=0.00..114154.24 rows=260166 width=132) (actual time=0.051..457.853 rows=267394 loops=1)
                           Filter: ((quantity <= '87'::double precision) AND (quantity >= '38'::double precision) AND (list_price <= '50.29'::double precision) AND (list_price >= '21.9'::double precision))
                           Rows Removed by Filter: 2613010
                     ->  Hash  (cost=546.00..546.00 rows=2974 width=52) (actual time=2.471..2.472 rows=2931 loops=1)
                           Buckets: 4096  Batches: 1  Memory Usage: 284kB
                           ->  Seq Scan on item  (cost=0.00..546.00 rows=2974 width=52) (actual time=0.004..2.146 rows=2931 loops=1)
                                 Filter: ((category_id <= '4'::double precision) AND (category_id >= '2'::double precision) AND (manufact_id <= '435'::double precision) AND (manufact_id >= '80'::double precision))
                                 Rows Removed by Filter: 15069
         ->  Materialize  (cost=12425.82..12925.82 rows=100000 width=28) (actual time=43.430..66.011 rows=110318 loops=1)
               ->  Sort  (cost=12425.82..12675.82 rows=100000 width=28) (actual time=43.427..54.079 rows=100000 loops=1)
                     Sort Key: ((customer.customer_sk)::double precision)
                     Sort Method: external merge  Disk: 4824kB
                     ->  Seq Scan on customer  (cost=0.00..1727.00 rows=100000 width=28) (actual time=0.011..12.809 rows=100000 loops=1)
   ->  Hash  (cost=6.00..6.00 rows=300 width=28) (actual time=0.073..0.074 rows=293 loops=1)
         Buckets: 1024  Batches: 1  Memory Usage: 27kB
         ->  Seq Scan on promotion  (cost=0.00..6.00 rows=300 width=28) (actual time=0.006..0.040 rows=300 loops=1)
 Planning Time: 0.279 ms
 Execution Time: 652.343 ms
(27 rows)

                                                                            QUERY PLAN                                                                             
-------------------------------------------------------------------------------------------------------------------------------------------------------------------
 Hash Join  (cost=955.81..113346.20 rows=1221707 width=244) (actual time=3.519..1064.211 rows=29731 loops=1)
   Hash Cond: ((store_sales.item_sk)::double precision = promotion.item_sk)
   ->  Hash Join  (cost=44.01..99934.76 rows=13757 width=164) (actual time=0.051..928.899 rows=1374412 loops=1)
         Hash Cond: (store_sales.store_sk = (store.store_sk)::double precision)
         ->  Seq Scan on store_sales  (cost=0.00..85352.12 rows=2880212 width=132) (actual time=0.029..319.330 rows=2880404 loops=1)
         ->  Hash  (cost=44.00..44.00 rows=1 width=32) (actual time=0.010..0.011 rows=5 loops=1)
               Buckets: 1024  Batches: 1  Memory Usage: 9kB
               ->  Seq Scan on store  (cost=0.00..44.00 rows=1 width=32) (actual time=0.005..0.008 rows=5 loops=1)
                     Filter: ((market_id <= 8) AND (market_id >= 2) AND (devision_id <= 1) AND (devision_id >= 1) AND (company_id <= 811) AND (company_id >= 220))
                     Rows Removed by Filter: 7
   ->  Hash  (cost=689.78..689.78 rows=17761 width=80) (actual time=3.411..3.412 rows=291 loops=1)
         Buckets: 32768  Batches: 1  Memory Usage: 291kB
         ->  Hash Join  (cost=11.18..689.78 rows=17761 width=80) (actual time=0.156..3.346 rows=291 loops=1)
               Hash Cond: ((item.item_sk)::double precision = promotion.item_sk)
               ->  Seq Scan on item  (cost=0.00..366.00 rows=18000 width=52) (actual time=0.005..1.422 rows=18000 loops=1)
               ->  Hash  (cost=7.50..7.50 rows=294 width=28) (actual time=0.143..0.143 rows=291 loops=1)
                     Buckets: 1024  Batches: 1  Memory Usage: 27kB
                     ->  Seq Scan on promotion  (cost=0.00..7.50 rows=294 width=28) (actual time=0.005..0.083 rows=294 loops=1)
                           Filter: ((cost <= '1000'::double precision) AND (cost >= '1000'::double precision))
                           Rows Removed by Filter: 6
 Planning Time: 0.293 ms
 Execution Time: 1065.626 ms
(22 rows)

                                                                                                                                                                                                                                                               QUERY PLAN                                                                                                                                                                                                                                                                
-----------------------------------------------------------------------------------------------------------------------------------------------------------------------------------------------------------------------------------------------------------------------------------------------------------------------------------------------------------------------------------------------------------------------------------------------------------------------------------------------------------------------------------------
 Hash Join  (cost=3329.14..162415.59 rows=78 width=244) (actual time=20.800..673.432 rows=8562 loops=1)
   Hash Cond: (store_sales.customer_sk = (customer.customer_sk)::double precision)
   ->  Nested Loop  (cost=555.55..158416.50 rows=112 width=216) (actual time=3.024..648.250 rows=19585 loops=1)
         Join Filter: (store_sales.store_sk = (store.store_sk)::double precision)
         Rows Removed by Join Filter: 217115
         ->  Hash Join  (cost=555.55..157974.97 rows=3356 width=184) (actual time=2.991..609.332 rows=39450 loops=1)
               Hash Cond: (store_sales.item_sk = item.item_sk)
               ->  Seq Scan on store_sales  (cost=0.00..157357.42 rows=7585 width=132) (actual time=0.049..584.780 rows=88594 loops=1)
                     Filter: ((ext_sales_price <= '858.5'::double precision) AND (ext_sales_price >= '60.04'::double precision) AND (ext_wholesale_cost <= '2975.61'::double precision) AND (ext_wholesale_cost >= '172.48'::double precision) AND (ext_list_price <= '1049.07'::double precision) AND (ext_list_price >= '756.14'::double precision) AND (ext_tax <= '146.86'::double precision) AND (ext_tax >= '0.04'::double precision) AND (net_profit <= '5.4'::double precision) AND (net_profit >= '-806.56'::double precision))
                     Rows Removed by Filter: 2791810
               ->  Hash  (cost=456.00..456.00 rows=7964 width=52) (actual time=2.925..2.926 rows=7958 loops=1)
                     Buckets: 8192  Batches: 1  Memory Usage: 748kB
                     ->  Seq Scan on item  (cost=0.00..456.00 rows=7964 width=52) (actual time=0.005..2.132 rows=7958 loops=1)
                           Filter: ((brand_id <= '10002006'::double precision) AND (brand_id >= '5003002'::double precision))
                           Rows Removed by Filter: 10042
         ->  Materialize  (cost=0.00..30.43 rows=7 width=32) (actual time=0.000..0.000 rows=6 loops=39450)
               ->  Seq Scan on store  (cost=0.00..30.40 rows=7 width=32) (actual time=0.003..0.004 rows=6 loops=1)
                     Filter: ((market_id <= 6) AND (market_id >= 2))
                     Rows Removed by Filter: 6
   ->  Hash  (cost=2227.00..2227.00 rows=43727 width=28) (actual time=17.375..17.375 rows=43643 loops=1)
         Buckets: 65536  Batches: 1  Memory Usage: 3227kB
         ->  Seq Scan on customer  (cost=0.00..2227.00 rows=43727 width=28) (actual time=0.006..12.290 rows=43643 loops=1)
               Filter: ((birth_day <= '30'::double precision) AND (birth_day >= '17'::double precision))
               Rows Removed by Filter: 56357
 Planning Time: 0.293 ms
 Execution Time: 673.963 ms
(26 rows)

                                                                                                                                                   QUERY PLAN                                                                                                                                                   
----------------------------------------------------------------------------------------------------------------------------------------------------------------------------------------------------------------------------------------------------------------------------------------------------------------
 Hash Join  (cost=690.35..129539.04 rows=3851 width=244) (actual time=31.857..530.970 rows=6 loops=1)
   Hash Cond: (store_sales.store_sk = (store.store_sk)::double precision)
   ->  Hash Join  (cost=649.75..129256.82 rows=593 width=212) (actual time=31.811..530.915 rows=6 loops=1)
         Hash Cond: ((item.item_sk)::double precision = promotion.item_sk)
         ->  Hash Join  (cost=640.00..129236.72 rows=589 width=184) (actual time=6.064..530.696 rows=679 loops=1)
               Hash Cond: (store_sales.wholesale_cost = item.wholesale_cost)
               ->  Seq Scan on store_sales  (cost=0.00..128555.30 rows=418 width=132) (actual time=0.077..526.057 rows=1311 loops=1)
                     Filter: ((sales_price <= '15.98'::double precision) AND (sales_price >= '3.76'::double precision) AND (net_paid <= '224.04'::double precision) AND (net_paid >= '155.4'::double precision) AND (net_profit <= '-337.02'::double precision) AND (net_profit >= '-375.9'::double precision))
                     Rows Removed by Filter: 2879093
               ->  Hash  (cost=456.00..456.00 rows=14720 width=52) (actual time=3.923..3.924 rows=14699 loops=1)
                     Buckets: 16384  Batches: 1  Memory Usage: 1391kB
                     ->  Seq Scan on item  (cost=0.00..456.00 rows=14720 width=52) (actual time=0.004..2.364 rows=14720 loops=1)
                           Filter: ((class_id <= '10'::double precision) AND (class_id >= '1'::double precision))
                           Rows Removed by Filter: 3280
         ->  Hash  (cost=6.00..6.00 rows=300 width=28) (actual time=0.073..0.074 rows=293 loops=1)
               Buckets: 1024  Batches: 1  Memory Usage: 27kB
               ->  Seq Scan on promotion  (cost=0.00..6.00 rows=300 width=28) (actual time=0.004..0.040 rows=300 loops=1)
   ->  Hash  (cost=23.60..23.60 rows=1360 width=32) (actual time=0.024..0.025 rows=12 loops=1)
         Buckets: 2048  Batches: 1  Memory Usage: 17kB
         ->  Seq Scan on store  (cost=0.00..23.60 rows=1360 width=32) (actual time=0.005..0.020 rows=12 loops=1)
 Planning Time: 0.337 ms
 Execution Time: 531.039 ms
(22 rows)

                                                                QUERY PLAN                                                                 
-------------------------------------------------------------------------------------------------------------------------------------------
 Hash Join  (cost=100109.67..111490.95 rows=793516 width=244) (actual time=2071.193..4171.926 rows=1313059 loops=1)
   Hash Cond: ((promotion.promo_sk)::double precision = store_sales.promo_sk)
   ->  Hash Join  (cost=9.75..691.99 rows=18124 width=80) (actual time=0.093..3.589 rows=293 loops=1)
         Hash Cond: ((item.item_sk)::double precision = promotion.item_sk)
         ->  Seq Scan on item  (cost=0.00..366.00 rows=18000 width=52) (actual time=0.020..1.535 rows=18000 loops=1)
         ->  Hash  (cost=6.00..6.00 rows=300 width=28) (actual time=0.061..0.062 rows=293 loops=1)
               Buckets: 1024  Batches: 1  Memory Usage: 27kB
               ->  Seq Scan on promotion  (cost=0.00..6.00 rows=300 width=28) (actual time=0.004..0.028 rows=300 loops=1)
   ->  Hash  (cost=99927.96..99927.96 rows=13757 width=164) (actual time=1941.921..1941.923 rows=1344691 loops=1)
         Buckets: 32768 (originally 16384)  Batches: 1024 (originally 1)  Memory Usage: 3841kB
         ->  Hash Join  (cost=37.21..99927.96 rows=13757 width=164) (actual time=0.042..996.045 rows=1377121 loops=1)
               Hash Cond: (store_sales.store_sk = (store.store_sk)::double precision)
               ->  Seq Scan on store_sales  (cost=0.00..85352.12 rows=2880212 width=132) (actual time=0.030..338.613 rows=2880404 loops=1)
               ->  Hash  (cost=37.20..37.20 rows=1 width=32) (actual time=0.007..0.007 rows=7 loops=1)
                     Buckets: 1024  Batches: 1  Memory Usage: 9kB
                     ->  Seq Scan on store  (cost=0.00..37.20 rows=1 width=32) (actual time=0.004..0.006 rows=7 loops=1)
                           Filter: ((devision_id <= 1) AND (devision_id >= 1) AND (company_id <= 226) AND (company_id >= 27))
                           Rows Removed by Filter: 5
 Planning Time: 0.237 ms
 Execution Time: 4219.205 ms
(20 rows)

                                                                   QUERY PLAN                                                                    
-------------------------------------------------------------------------------------------------------------------------------------------------
 Hash Join  (cost=235336.04..558358.19 rows=4509143 width=240) (actual time=1850.359..1966.954 rows=59463 loops=1)
   Hash Cond: (store_sales.item_sk = item.item_sk)
   ->  Hash Join  (cost=234745.04..495766.47 rows=4509143 width=188) (actual time=1846.415..1944.580 rows=59463 loops=1)
         Hash Cond: ((customer.customer_sk)::double precision = store_sales.customer_sk)
         ->  Seq Scan on customer  (cost=0.00..1727.00 rows=100000 width=28) (actual time=0.006..10.007 rows=100000 loops=1)
         ->  Hash  (cost=135384.95..135384.95 rows=2842007 width=160) (actual time=1347.076..1347.078 rows=59463 loops=1)
               Buckets: 32768  Batches: 256  Memory Usage: 303kB
               ->  Hash Join  (cost=11.18..135384.95 rows=2842007 width=160) (actual time=0.109..604.694 rows=62316 loops=1)
                     Hash Cond: ((store_sales.item_sk)::double precision = promotion.item_sk)
                     ->  Seq Scan on store_sales  (cost=0.00..85352.12 rows=2880212 width=132) (actual time=0.029..312.468 rows=2880404 loops=1)
                     ->  Hash  (cost=7.50..7.50 rows=294 width=28) (actual time=0.071..0.072 rows=291 loops=1)
                           Buckets: 1024  Batches: 1  Memory Usage: 27kB
                           ->  Seq Scan on promotion  (cost=0.00..7.50 rows=294 width=28) (actual time=0.008..0.045 rows=294 loops=1)
                                 Filter: ((cost <= '1000'::double precision) AND (cost >= '1000'::double precision))
                                 Rows Removed by Filter: 6
   ->  Hash  (cost=366.00..366.00 rows=18000 width=52) (actual time=3.924..3.925 rows=18000 loops=1)
         Buckets: 32768  Batches: 1  Memory Usage: 1801kB
         ->  Seq Scan on item  (cost=0.00..366.00 rows=18000 width=52) (actual time=0.012..1.756 rows=18000 loops=1)
 Planning Time: 0.218 ms
 Execution Time: 1969.220 ms
(20 rows)

                                                                                                               QUERY PLAN                                                                                                                
-----------------------------------------------------------------------------------------------------------------------------------------------------------------------------------------------------------------------------------------
 Merge Join  (cost=203194.11..213358.15 rows=567728 width=244) (actual time=1407.608..1407.939 rows=560 loops=1)
   Merge Cond: (((store.store_sk)::double precision) = store_sales.store_sk)
   ->  Sort  (cost=94.38..97.78 rows=1360 width=32) (actual time=0.019..0.021 rows=11 loops=1)
         Sort Key: ((store.store_sk)::double precision)
         Sort Method: quicksort  Memory: 25kB
         ->  Seq Scan on store  (cost=0.00..23.60 rows=1360 width=32) (actual time=0.009..0.012 rows=12 loops=1)
   ->  Materialize  (cost=203099.73..203536.71 rows=87397 width=212) (actual time=1407.581..1407.721 rows=561 loops=1)
         ->  Sort  (cost=203099.73..203318.22 rows=87397 width=212) (actual time=1407.579..1407.615 rows=561 loops=1)
               Sort Key: store_sales.store_sk
               Sort Method: quicksort  Memory: 174kB
               ->  Hash Join  (cost=157910.39..186962.99 rows=87397 width=212) (actual time=1385.584..1407.340 rows=561 loops=1)
                     Hash Cond: (item.wholesale_cost = store_sales.wholesale_cost)
                     ->  Hash Join  (cost=9.75..567.42 rows=669 width=80) (actual time=0.765..1.969 rows=5 loops=1)
                           Hash Cond: ((item.item_sk)::double precision = promotion.item_sk)
                           ->  Seq Scan on item  (cost=0.00..546.00 rows=664 width=52) (actual time=0.009..1.848 rows=307 loops=1)
                                 Filter: ((brand_id <= '7013008'::double precision) AND (brand_id >= '5002002'::double precision) AND (class_id <= '1'::double precision) AND (class_id >= '1'::double precision))
                                 Rows Removed by Filter: 17693
                           ->  Hash  (cost=6.00..6.00 rows=300 width=28) (actual time=0.066..0.067 rows=293 loops=1)
                                 Buckets: 1024  Batches: 1  Memory Usage: 27kB
                                 ->  Seq Scan on promotion  (cost=0.00..6.00 rows=300 width=28) (actual time=0.004..0.030 rows=300 loops=1)
                     ->  Hash  (cost=114154.24..114154.24 rows=1365712 width=132) (actual time=1230.945..1230.946 rows=1395593 loops=1)
                           Buckets: 32768 (originally 32768)  Batches: 128 (originally 64)  Memory Usage: 3936kB
                           ->  Seq Scan on store_sales  (cost=0.00..114154.24 rows=1365712 width=132) (actual time=0.027..643.261 rows=1412660 loops=1)
                                 Filter: ((ext_list_price <= '4730.46'::double precision) AND (ext_list_price >= '97.02'::double precision) AND (ext_coupon_amt <= '0'::double precision) AND (ext_coupon_amt >= '0'::double precision))
                                 Rows Removed by Filter: 1467744
 Planning Time: 0.336 ms
 Execution Time: 1408.021 ms
(27 rows)

                                                                                            QUERY PLAN                                                                                             
---------------------------------------------------------------------------------------------------------------------------------------------------------------------------------------------------
 Hash Join  (cost=107090.29..113615.56 rows=266029 width=244) (actual time=1672.931..2652.994 rows=140831 loops=1)
   Hash Cond: ((promotion.promo_sk)::double precision = store_sales.promo_sk)
   ->  Hash Join  (cost=11.18..596.60 rows=2240 width=80) (actual time=0.114..2.719 rows=39 loops=1)
         Hash Cond: ((item.item_sk)::double precision = promotion.item_sk)
         ->  Seq Scan on item  (cost=0.00..546.00 rows=2270 width=52) (actual time=0.012..2.343 rows=2273 loops=1)
               Filter: ((category_id <= '6'::double precision) AND (category_id >= '4'::double precision) AND (manufact_id <= '239'::double precision) AND (manufact_id >= '7'::double precision))
               Rows Removed by Filter: 15727
         ->  Hash  (cost=7.50..7.50 rows=294 width=28) (actual time=0.089..0.089 rows=291 loops=1)
               Buckets: 1024  Batches: 1  Memory Usage: 27kB
               ->  Seq Scan on promotion  (cost=0.00..7.50 rows=294 width=28) (actual time=0.005..0.045 rows=294 loops=1)
                     Filter: ((cost <= '1000'::double precision) AND (cost >= '1000'::double precision))
                     Rows Removed by Filter: 6
   ->  Hash  (cost=105737.63..105737.63 rows=37319 width=164) (actual time=1633.695..1633.696 rows=1082029 loops=1)
         Buckets: 32768 (originally 32768)  Batches: 512 (originally 2)  Memory Usage: 3841kB
         ->  Hash Join  (cost=30.49..105737.63 rows=37319 width=164) (actual time=0.039..839.067 rows=1095213 loops=1)
               Hash Cond: (store_sales.store_sk = (store.store_sk)::double precision)
               ->  Seq Scan on store_sales  (cost=0.00..99753.18 rows=1116155 width=132) (actual time=0.027..494.558 rows=1121836 loops=1)
                     Filter: ((sales_price <= '20.16'::double precision) AND (sales_price >= '-1'::double precision))
                     Rows Removed by Filter: 1758568
               ->  Hash  (cost=30.40..30.40 rows=7 width=32) (actual time=0.007..0.008 rows=12 loops=1)
                     Buckets: 1024  Batches: 1  Memory Usage: 9kB
                     ->  Seq Scan on store  (cost=0.00..30.40 rows=7 width=32) (actual time=0.003..0.006 rows=12 loops=1)
                           Filter: ((devision_id <= 1) AND (devision_id >= 1))
 Planning Time: 0.279 ms
 Execution Time: 2658.216 ms
(25 rows)

                                                                                                           QUERY PLAN                                                                                                            
---------------------------------------------------------------------------------------------------------------------------------------------------------------------------------------------------------------------------------
 Hash Join  (cost=604.84..115080.16 rows=2347 width=244) (actual time=2.676..472.189 rows=838 loops=1)
   Hash Cond: (promotion.item_sk = (item.item_sk)::double precision)
   ->  Hash Join  (cost=40.24..114315.84 rows=470 width=192) (actual time=0.134..468.143 rows=10180 loops=1)
         Hash Cond: (store_sales.promo_sk = (promotion.promo_sk)::double precision)
         ->  Hash Join  (cost=30.49..114263.26 rows=492 width=164) (actual time=0.056..464.511 rows=10249 loops=1)
               Hash Cond: (store_sales.store_sk = (store.store_sk)::double precision)
               ->  Seq Scan on store_sales  (cost=0.00..114154.24 rows=14723 width=132) (actual time=0.035..459.501 rows=20853 loops=1)
                     Filter: ((sales_price <= '28.67'::double precision) AND (sales_price >= '26.98'::double precision) AND (ext_list_price <= '5579.35'::double precision) AND (ext_list_price >= '2224.96'::double precision))
                     Rows Removed by Filter: 2859551
               ->  Hash  (cost=30.40..30.40 rows=7 width=32) (actual time=0.006..0.006 rows=6 loops=1)
                     Buckets: 1024  Batches: 1  Memory Usage: 9kB
                     ->  Seq Scan on store  (cost=0.00..30.40 rows=7 width=32) (actual time=0.003..0.004 rows=6 loops=1)
                           Filter: ((market_id <= 10) AND (market_id >= 7))
                           Rows Removed by Filter: 6
         ->  Hash  (cost=6.00..6.00 rows=300 width=28) (actual time=0.073..0.074 rows=300 loops=1)
               Buckets: 1024  Batches: 1  Memory Usage: 27kB
               ->  Seq Scan on promotion  (cost=0.00..6.00 rows=300 width=28) (actual time=0.010..0.036 rows=300 loops=1)
   ->  Hash  (cost=546.00..546.00 rows=1488 width=52) (actual time=2.428..2.428 rows=1465 loops=1)
         Buckets: 2048  Batches: 1  Memory Usage: 142kB
         ->  Seq Scan on item  (cost=0.00..546.00 rows=1488 width=52) (actual time=0.005..2.245 rows=1465 loops=1)
               Filter: ((brand_id <= '8014002'::double precision) AND (brand_id >= '3002002'::double precision) AND (manufact_id <= '182'::double precision) AND (manufact_id >= '100'::double precision))
               Rows Removed by Filter: 16535
 Planning Time: 0.286 ms
 Execution Time: 472.283 ms
(24 rows)

                                                                  QUERY PLAN                                                                   
-----------------------------------------------------------------------------------------------------------------------------------------------
 Hash Join  (cost=121923.23..127479.93 rows=38100 width=240) (actual time=488.900..546.702 rows=23860 loops=1)
   Hash Cond: (store_sales.item_sk = item.item_sk)
   ->  Hash Join  (cost=121332.23..126365.06 rows=38100 width=188) (actual time=484.977..533.610 rows=23860 loops=1)
         Hash Cond: (store_sales.promo_sk = (promotion.promo_sk)::double precision)
         ->  Merge Join  (cost=121321.07..122908.55 rows=40858 width=160) (actual time=484.871..526.494 rows=24806 loops=1)
               Merge Cond: (store_sales.customer_sk = ((customer.customer_sk)::double precision))
               ->  Sort  (cost=117496.42..117787.24 rows=116328 width=132) (actual time=471.669..493.068 rows=111829 loops=1)
                     Sort Key: store_sales.customer_sk
                     Sort Method: external merge  Disk: 16136kB
                     ->  Seq Scan on store_sales  (cost=0.00..99753.18 rows=116328 width=132) (actual time=0.025..407.680 rows=114560 loops=1)
                           Filter: ((list_price <= '112.12'::double precision) AND (list_price >= '105.32'::double precision))
                           Rows Removed by Filter: 2765844
               ->  Sort  (cost=3824.65..3879.99 rows=22137 width=28) (actual time=13.193..14.946 rows=33908 loops=1)
                     Sort Key: ((customer.customer_sk)::double precision)
                     Sort Method: quicksort  Memory: 2510kB
                     ->  Seq Scan on customer  (cost=0.00..2227.00 rows=22137 width=28) (actual time=0.011..10.198 rows=22288 loops=1)
                           Filter: ((birth_day <= '15'::double precision) AND (birth_day >= '9'::double precision))
                           Rows Removed by Filter: 77712
         ->  Hash  (cost=7.50..7.50 rows=293 width=28) (actual time=0.084..0.084 rows=293 loops=1)
               Buckets: 1024  Batches: 1  Memory Usage: 27kB
               ->  Seq Scan on promotion  (cost=0.00..7.50 rows=293 width=28) (actual time=0.006..0.048 rows=293 loops=1)
                     Filter: ((response_target <= '1'::double precision) AND (response_target >= '1'::double precision))
                     Rows Removed by Filter: 7
   ->  Hash  (cost=366.00..366.00 rows=18000 width=52) (actual time=3.885..3.885 rows=18000 loops=1)
         Buckets: 32768  Batches: 1  Memory Usage: 1801kB
         ->  Seq Scan on item  (cost=0.00..366.00 rows=18000 width=52) (actual time=0.007..1.589 rows=18000 loops=1)
 Planning Time: 0.274 ms
 Execution Time: 550.380 ms
(28 rows)

                                                                                                                                                                                                                                                            QUERY PLAN                                                                                                                                                                                                                                                             
-----------------------------------------------------------------------------------------------------------------------------------------------------------------------------------------------------------------------------------------------------------------------------------------------------------------------------------------------------------------------------------------------------------------------------------------------------------------------------------------------------------------------------------
 Hash Join  (cost=4306.11..169665.17 rows=3305 width=244) (actual time=515.795..564.935 rows=1 loops=1)
   Hash Cond: (store_sales.store_sk = (store.store_sk)::double precision)
   ->  Hash Join  (cost=4265.51..169417.18 rows=509 width=212) (actual time=515.776..564.915 rows=1 loops=1)
         Hash Cond: (store_sales.wholesale_cost = item.wholesale_cost)
         ->  Hash Join  (cost=3661.00..168769.59 rows=447 width=160) (actual time=27.686..561.515 rows=89 loops=1)
               Hash Cond: (store_sales.customer_sk = (customer.customer_sk)::double precision)
               ->  Seq Scan on store_sales  (cost=0.00..157357.42 rows=282 width=132) (actual time=1.720..528.526 rows=89 loops=1)
                     Filter: ((list_price <= '142.42'::double precision) AND (list_price >= '91.71'::double precision) AND (ext_sales_price <= '1297.4'::double precision) AND (ext_sales_price >= '787.84'::double precision) AND (ext_list_price <= '4973.1'::double precision) AND (ext_list_price >= '3357.12'::double precision) AND (ext_coupon_amt <= '2951.24'::double precision) AND (ext_coupon_amt >= '0'::double precision) AND (net_paid <= '326.35'::double precision) AND (net_paid >= '280.35'::double precision))
                     Rows Removed by Filter: 2880315
               ->  Hash  (cost=1727.00..1727.00 rows=100000 width=28) (actual time=25.918..25.919 rows=100000 loops=1)
                     Buckets: 65536  Batches: 2  Memory Usage: 3592kB
                     ->  Seq Scan on customer  (cost=0.00..1727.00 rows=100000 width=28) (actual time=0.004..8.256 rows=100000 loops=1)
         ->  Hash  (cost=456.00..456.00 rows=11881 width=52) (actual time=3.352..3.353 rows=11901 loops=1)
               Buckets: 16384  Batches: 1  Memory Usage: 1151kB
               ->  Seq Scan on item  (cost=0.00..456.00 rows=11881 width=52) (actual time=0.005..2.207 rows=11912 loops=1)
                     Filter: ((brand_id <= '7013007'::double precision) AND (brand_id >= '1001002'::double precision))
                     Rows Removed by Filter: 6088
   ->  Hash  (cost=23.60..23.60 rows=1360 width=32) (actual time=0.012..0.012 rows=12 loops=1)
         Buckets: 2048  Batches: 1  Memory Usage: 17kB
         ->  Seq Scan on store  (cost=0.00..23.60 rows=1360 width=32) (actual time=0.007..0.008 rows=12 loops=1)
 Planning Time: 0.299 ms
 Execution Time: 564.988 ms
(22 rows)

                                                                                                                                                                                                               QUERY PLAN                                                                                                                                                                                                                
-----------------------------------------------------------------------------------------------------------------------------------------------------------------------------------------------------------------------------------------------------------------------------------------------------------------------------------------------------------------------------------------------------------------------------------------
 Hash Join  (cost=655.93..145880.32 rows=32741 width=244) (actual time=16.392..483.542 rows=36 loops=1)
   Hash Cond: (store_sales.store_sk = (store.store_sk)::double precision)
   ->  Hash Join  (cost=615.33..143786.12 rows=5040 width=212) (actual time=16.373..483.489 rows=36 loops=1)
         Hash Cond: ((item.item_sk)::double precision = promotion.item_sk)
         ->  Hash Join  (cost=604.16..143686.12 rows=5125 width=184) (actual time=3.223..482.974 rows=2150 loops=1)
               Hash Cond: (store_sales.item_sk = item.item_sk)
               ->  Seq Scan on store_sales  (cost=0.00..142956.36 rows=19827 width=132) (actual time=0.099..477.512 rows=8336 loops=1)
                     Filter: ((sales_price <= '4.93'::double precision) AND (sales_price >= '2.96'::double precision) AND (ext_sales_price <= '2929.22'::double precision) AND (ext_sales_price >= '311.15'::double precision) AND (ext_list_price <= '4583.48'::double precision) AND (ext_list_price >= '1347.75'::double precision) AND (ext_coupon_amt <= '243.41'::double precision) AND (ext_coupon_amt >= '0'::double precision))
                     Rows Removed by Filter: 2872068
               ->  Hash  (cost=546.00..546.00 rows=4653 width=52) (actual time=2.926..2.927 rows=4647 loops=1)
                     Buckets: 8192  Batches: 1  Memory Usage: 464kB
                     ->  Seq Scan on item  (cost=0.00..546.00 rows=4653 width=52) (actual time=0.004..2.433 rows=4647 loops=1)
                           Filter: ((category_id <= '10'::double precision) AND (category_id >= '7'::double precision) AND (manufact_id <= '810'::double precision) AND (manufact_id >= '164'::double precision))
                           Rows Removed by Filter: 13353
         ->  Hash  (cost=7.50..7.50 rows=293 width=28) (actual time=0.083..0.083 rows=291 loops=1)
               Buckets: 1024  Batches: 1  Memory Usage: 27kB
               ->  Seq Scan on promotion  (cost=0.00..7.50 rows=293 width=28) (actual time=0.006..0.051 rows=293 loops=1)
                     Filter: ((response_target <= '1'::double precision) AND (response_target >= '1'::double precision))
                     Rows Removed by Filter: 7
   ->  Hash  (cost=23.60..23.60 rows=1360 width=32) (actual time=0.012..0.013 rows=12 loops=1)
         Buckets: 2048  Batches: 1  Memory Usage: 17kB
         ->  Seq Scan on store  (cost=0.00..23.60 rows=1360 width=32) (actual time=0.006..0.008 rows=12 loops=1)
 Planning Time: 0.292 ms
 Execution Time: 483.615 ms
(24 rows)

                                                                                              QUERY PLAN                                                                                               
-------------------------------------------------------------------------------------------------------------------------------------------------------------------------------------------------------
 Hash Join  (cost=100496.82..102871.76 rows=630 width=244) (actual time=803.610..837.468 rows=12887 loops=1)
   Hash Cond: ((customer.customer_sk)::double precision = store_sales.customer_sk)
   ->  Seq Scan on customer  (cost=0.00..2227.00 rows=28327 width=28) (actual time=0.009..10.067 rows=28452 loops=1)
         Filter: ((birth_day <= '26'::double precision) AND (birth_day >= '18'::double precision))
         Rows Removed by Filter: 71548
   ->  Hash  (cost=100479.30..100479.30 rows=1402 width=216) (actual time=797.582..797.584 rows=45482 loops=1)
         Buckets: 16384 (originally 2048)  Batches: 4 (originally 1)  Memory Usage: 3969kB
         ->  Hash Join  (cost=522.94..100479.30 rows=1402 width=216) (actual time=1.956..761.110 rows=46543 loops=1)
               Hash Cond: (store_sales.item_sk = item.item_sk)
               ->  Hash Join  (cost=44.01..99934.76 rows=13757 width=164) (actual time=0.048..698.640 rows=458159 loops=1)
                     Hash Cond: (store_sales.store_sk = (store.store_sk)::double precision)
                     ->  Seq Scan on store_sales  (cost=0.00..85352.12 rows=2880212 width=132) (actual time=0.030..315.189 rows=2880404 loops=1)
                     ->  Hash  (cost=44.00..44.00 rows=1 width=32) (actual time=0.007..0.007 rows=1 loops=1)
                           Buckets: 1024  Batches: 1  Memory Usage: 9kB
                           ->  Seq Scan on store  (cost=0.00..44.00 rows=1 width=32) (actual time=0.003..0.005 rows=1 loops=1)
                                 Filter: ((number_employees <= 288) AND (number_employees >= 236) AND (floor_space <= 6995995) AND (floor_space >= 5285950) AND (market_id <= 9) AND (market_id >= 6))
                                 Rows Removed by Filter: 11
               ->  Hash  (cost=456.00..456.00 rows=1834 width=52) (actual time=1.900..1.900 rows=1834 loops=1)
                     Buckets: 2048  Batches: 1  Memory Usage: 174kB
                     ->  Seq Scan on item  (cost=0.00..456.00 rows=1834 width=52) (actual time=0.005..1.699 rows=1834 loops=1)
                           Filter: ((brand_id <= '4002001'::double precision) AND (brand_id >= '3002002'::double precision))
                           Rows Removed by Filter: 16166
 Planning Time: 0.254 ms
 Execution Time: 837.974 ms
(24 rows)

                                                                                                                                                                                                                                                                QUERY PLAN                                                                                                                                                                                                                                                                
------------------------------------------------------------------------------------------------------------------------------------------------------------------------------------------------------------------------------------------------------------------------------------------------------------------------------------------------------------------------------------------------------------------------------------------------------------------------------------------------------------------------------------------
 Hash Join  (cost=917.88..162657.21 rows=395391 width=244) (actual time=9.179..557.569 rows=41 loops=1)
   Hash Cond: ((store_sales.item_sk)::double precision = promotion.item_sk)
   ->  Hash Join  (cost=40.60..157759.02 rows=5755 width=164) (actual time=1.079..552.978 rows=2571 loops=1)
         Hash Cond: (store_sales.store_sk = (store.store_sk)::double precision)
         ->  Seq Scan on store_sales  (cost=0.00..157357.42 rows=886 width=132) (actual time=1.063..551.861 rows=2580 loops=1)
               Filter: ((sales_price <= '65.64'::double precision) AND (sales_price >= '41.17'::double precision) AND (ext_discount_amt <= '0'::double precision) AND (ext_discount_amt >= '-1'::double precision) AND (ext_wholesale_cost <= '2099.62'::double precision) AND (ext_wholesale_cost >= '1975.68'::double precision) AND (ext_list_price <= '6212.2'::double precision) AND (ext_list_price >= '394.74'::double precision) AND (net_profit <= '-196.18'::double precision) AND (net_profit >= '-829.87'::double precision))
               Rows Removed by Filter: 2877824
         ->  Hash  (cost=23.60..23.60 rows=1360 width=32) (actual time=0.008..0.009 rows=12 loops=1)
               Buckets: 2048  Batches: 1  Memory Usage: 17kB
               ->  Seq Scan on store  (cost=0.00..23.60 rows=1360 width=32) (actual time=0.003..0.004 rows=12 loops=1)
   ->  Hash  (cost=705.51..705.51 rows=13741 width=80) (actual time=3.933..3.936 rows=220 loops=1)
         Buckets: 16384  Batches: 1  Memory Usage: 154kB
         ->  Hash Join  (cost=9.75..705.51 rows=13741 width=80) (actual time=0.088..3.885 rows=220 loops=1)
               Hash Cond: ((item.item_sk)::double precision = promotion.item_sk)
               ->  Seq Scan on item  (cost=0.00..456.00 rows=13647 width=52) (actual time=0.004..2.565 rows=13645 loops=1)
                     Filter: ((manufact_id <= '865'::double precision) AND (manufact_id >= '116'::double precision))
                     Rows Removed by Filter: 4355
               ->  Hash  (cost=6.00..6.00 rows=300 width=28) (actual time=0.068..0.069 rows=293 loops=1)
                     Buckets: 1024  Batches: 1  Memory Usage: 27kB
                     ->  Seq Scan on promotion  (cost=0.00..6.00 rows=300 width=28) (actual time=0.005..0.030 rows=300 loops=1)
 Planning Time: 0.302 ms
 Execution Time: 557.648 ms
(22 rows)

                                                                         QUERY PLAN                                                                          
-------------------------------------------------------------------------------------------------------------------------------------------------------------
 Hash Join  (cost=103839.91..107142.76 rows=8841 width=244) (actual time=679.477..848.180 rows=23379 loops=1)
   Hash Cond: (store_sales.wholesale_cost = item.wholesale_cost)
   ->  Hash Join  (cost=103248.91..106027.22 rows=5131 width=192) (actual time=671.574..821.318 rows=107668 loops=1)
         Hash Cond: ((customer.customer_sk)::double precision = store_sales.customer_sk)
         ->  Seq Scan on customer  (cost=0.00..1727.00 rows=100000 width=28) (actual time=0.006..13.124 rows=100000 loops=1)
         ->  Hash  (cost=103208.49..103208.49 rows=3234 width=164) (actual time=607.493..607.496 rows=107668 loops=1)
               Buckets: 32768 (originally 4096)  Batches: 8 (originally 1)  Memory Usage: 3841kB
               ->  Hash Join  (cost=37.21..103208.49 rows=3234 width=164) (actual time=0.040..535.728 rows=108974 loops=1)
                     Hash Cond: (store_sales.store_sk = (store.store_sk)::double precision)
                     ->  Seq Scan on store_sales  (cost=0.00..99753.18 rows=677151 width=132) (actual time=0.028..457.565 rows=670030 loops=1)
                           Filter: ((sales_price <= '44.23'::double precision) AND (sales_price >= '20.76'::double precision))
                           Rows Removed by Filter: 2210374
                     ->  Hash  (cost=37.20..37.20 rows=1 width=32) (actual time=0.006..0.007 rows=3 loops=1)
                           Buckets: 1024  Batches: 1  Memory Usage: 9kB
                           ->  Seq Scan on store  (cost=0.00..37.20 rows=1 width=32) (actual time=0.003..0.005 rows=3 loops=1)
                                 Filter: ((number_employees <= 294) AND (number_employees >= 278) AND (floor_space <= 9294113) AND (floor_space >= 7557959))
                                 Rows Removed by Filter: 9
   ->  Hash  (cost=366.00..366.00 rows=18000 width=52) (actual time=3.721..3.721 rows=17954 loops=1)
         Buckets: 32768  Batches: 1  Memory Usage: 1799kB
         ->  Seq Scan on item  (cost=0.00..366.00 rows=18000 width=52) (actual time=0.008..1.652 rows=18000 loops=1)
 Planning Time: 0.306 ms
 Execution Time: 849.437 ms
(22 rows)

                                                                                                         QUERY PLAN                                                                                                          
-----------------------------------------------------------------------------------------------------------------------------------------------------------------------------------------------------------------------------
 Hash Join  (cost=100117.89..101183.86 rows=23308 width=244) (actual time=1099.915..1279.736 rows=9946 loops=1)
   Hash Cond: (item.wholesale_cost = store_sales.wholesale_cost)
   ->  Hash Join  (cost=11.16..689.17 rows=17701 width=80) (actual time=0.130..3.251 rows=291 loops=1)
         Hash Cond: ((item.item_sk)::double precision = promotion.item_sk)
         ->  Seq Scan on item  (cost=0.00..366.00 rows=18000 width=52) (actual time=0.013..1.338 rows=18000 loops=1)
         ->  Hash  (cost=7.50..7.50 rows=293 width=28) (actual time=0.103..0.104 rows=291 loops=1)
               Buckets: 1024  Batches: 1  Memory Usage: 27kB
               ->  Seq Scan on promotion  (cost=0.00..7.50 rows=293 width=28) (actual time=0.008..0.064 rows=293 loops=1)
                     Filter: ((response_target <= '1'::double precision) AND (response_target >= '1'::double precision))
                     Rows Removed by Filter: 7
   ->  Hash  (cost=99934.76..99934.76 rows=13757 width=164) (actual time=1084.458..1084.460 rows=447271 loops=1)
         Buckets: 32768 (originally 16384)  Batches: 32 (originally 1)  Memory Usage: 3841kB
         ->  Hash Join  (cost=44.01..99934.76 rows=13757 width=164) (actual time=0.058..766.725 rows=458159 loops=1)
               Hash Cond: (store_sales.store_sk = (store.store_sk)::double precision)
               ->  Seq Scan on store_sales  (cost=0.00..85352.12 rows=2880212 width=132) (actual time=0.035..346.825 rows=2880404 loops=1)
               ->  Hash  (cost=44.00..44.00 rows=1 width=32) (actual time=0.008..0.008 rows=1 loops=1)
                     Buckets: 1024  Batches: 1  Memory Usage: 9kB
                     ->  Seq Scan on store  (cost=0.00..44.00 rows=1 width=32) (actual time=0.005..0.007 rows=1 loops=1)
                           Filter: ((market_id <= 8) AND (market_id >= 8) AND (company_id <= 337) AND (company_id >= 226) AND (tax_percentage <= '0.11'::double precision) AND (tax_percentage >= '0.01'::double precision))
                           Rows Removed by Filter: 11
 Planning Time: 0.347 ms
 Execution Time: 1280.159 ms
(22 rows)

                                                                                                                                                                 QUERY PLAN                                                                                                                                                                 
--------------------------------------------------------------------------------------------------------------------------------------------------------------------------------------------------------------------------------------------------------------------------------------------------------------------------------------------
 Hash Join  (cost=129529.78..130272.73 rows=17989 width=244) (actual time=650.814..709.141 rows=30792 loops=1)
   Hash Cond: ((item.item_sk)::double precision = promotion.item_sk)
   ->  Seq Scan on item  (cost=0.00..456.00 rows=7137 width=52) (actual time=0.013..4.634 rows=7137 loops=1)
         Filter: ((category_id <= '10'::double precision) AND (category_id >= '7'::double precision))
         Rows Removed by Filter: 10863
   ->  Hash  (cost=129520.39..129520.39 rows=751 width=192) (actual time=598.067..598.071 rows=70777 loops=1)
         Buckets: 32768 (originally 1024)  Batches: 8 (originally 1)  Memory Usage: 3841kB
         ->  Hash Join  (cost=48.39..129520.39 rows=751 width=192) (actual time=0.145..540.234 rows=71498 loops=1)
               Hash Cond: (store_sales.promo_sk = (promotion.promo_sk)::double precision)
               ->  Hash Join  (cost=37.21..129441.48 rows=803 width=164) (actual time=0.048..516.116 rows=73200 loops=1)
                     Hash Cond: (store_sales.store_sk = (store.store_sk)::double precision)
                     ->  Seq Scan on store_sales  (cost=0.00..128555.30 rows=168188 width=132) (actual time=0.037..478.442 rows=220622 loops=1)
                           Filter: ((sales_price <= '30.05'::double precision) AND (sales_price >= '14.17'::double precision) AND (ext_discount_amt <= '5023.26'::double precision) AND (ext_discount_amt >= '0'::double precision) AND (ext_sales_price <= '990.45'::double precision) AND (ext_sales_price >= '162.5'::double precision))
                           Rows Removed by Filter: 2659782
                     ->  Hash  (cost=37.20..37.20 rows=1 width=32) (actual time=0.006..0.007 rows=4 loops=1)
                           Buckets: 1024  Batches: 1  Memory Usage: 9kB
                           ->  Seq Scan on store  (cost=0.00..37.20 rows=1 width=32) (actual time=0.003..0.005 rows=4 loops=1)
                                 Filter: ((number_employees <= 288) AND (number_employees >= 236) AND (floor_space <= 9026222) AND (floor_space >= 5285950))
                                 Rows Removed by Filter: 8
               ->  Hash  (cost=7.50..7.50 rows=294 width=28) (actual time=0.092..0.092 rows=294 loops=1)
                     Buckets: 1024  Batches: 1  Memory Usage: 27kB
                     ->  Seq Scan on promotion  (cost=0.00..7.50 rows=294 width=28) (actual time=0.006..0.058 rows=294 loops=1)
                           Filter: ((cost <= '1000'::double precision) AND (cost >= '1000'::double precision))
                           Rows Removed by Filter: 6
 Planning Time: 0.254 ms
 Execution Time: 711.114 ms
(26 rows)

                                                                                                                                                                                                                                                                                                            QUERY PLAN                                                                                                                                                                                                                                                                                                            
----------------------------------------------------------------------------------------------------------------------------------------------------------------------------------------------------------------------------------------------------------------------------------------------------------------------------------------------------------------------------------------------------------------------------------------------------------------------------------------------------------------------------------------------------------------------------------------------------------------------------------
 Hash Join  (cost=173717.11..178187.51 rows=224 width=244) (actual time=850.266..870.286 rows=5425 loops=1)
   Hash Cond: ((customer.customer_sk)::double precision = store_sales.customer_sk)
   ->  Seq Scan on customer  (cost=0.00..2227.00 rows=64033 width=28) (actual time=0.017..11.546 rows=64570 loops=1)
         Filter: ((birth_month <= '8'::double precision) AND (birth_month >= '1'::double precision))
         Rows Removed by Filter: 35430
   ->  Hash  (cost=173714.36..173714.36 rows=220 width=216) (actual time=850.220..850.225 rows=8550 loops=1)
         Buckets: 16384 (originally 1024)  Batches: 1 (originally 1)  Memory Usage: 2266kB
         ->  Hash Join  (cost=629.25..173714.36 rows=220 width=216) (actual time=6.974..844.759 rows=8553 loops=1)
               Hash Cond: (store_sales.wholesale_cost = item.wholesale_cost)
               ->  Nested Loop  (cost=0.00..173053.59 rows=345 width=164) (actual time=0.122..826.986 rows=43669 loops=1)
                     Join Filter: (store_sales.store_sk = (store.store_sk)::double precision)
                     Rows Removed by Join Filter: 481531
                     ->  Seq Scan on store_sales  (cost=0.00..171758.48 rows=10324 width=132) (actual time=0.105..731.265 rows=52520 loops=1)
                           Filter: ((ext_discount_amt <= '411.45'::double precision) AND (ext_discount_amt >= '0'::double precision) AND (ext_wholesale_cost <= '1450.96'::double precision) AND (ext_wholesale_cost >= '512.12'::double precision) AND (ext_list_price <= '5336.76'::double precision) AND (ext_list_price >= '605.28'::double precision) AND (ext_tax <= '5.79'::double precision) AND (ext_tax >= '0.67'::double precision) AND (ext_coupon_amt <= '0'::double precision) AND (ext_coupon_amt >= '0'::double precision) AND (net_paid <= '566.89'::double precision) AND (net_paid >= '-1'::double precision))
                           Rows Removed by Filter: 2827884
                     ->  Materialize  (cost=0.00..30.43 rows=7 width=32) (actual time=0.000..0.001 rows=10 loops=52520)
                           ->  Seq Scan on store  (cost=0.00..30.40 rows=7 width=32) (actual time=0.004..0.008 rows=10 loops=1)
                                 Filter: ((tax_percentage <= '0.11'::double precision) AND (tax_percentage >= '0.03'::double precision))
                                 Rows Removed by Filter: 2
               ->  Hash  (cost=546.00..546.00 rows=6660 width=52) (actual time=6.660..6.661 rows=7014 loops=1)
                     Buckets: 8192  Batches: 1  Memory Usage: 667kB
                     ->  Seq Scan on item  (cost=0.00..546.00 rows=6660 width=52) (actual time=0.007..5.104 rows=7019 loops=1)
                           Filter: ((class_id <= '16'::double precision) AND (class_id >= '4'::double precision) AND (category_id <= '9'::double precision) AND (category_id >= '3'::double precision))
                           Rows Removed by Filter: 10981
 Planning Time: 0.515 ms
 Execution Time: 870.560 ms
(26 rows)

                                                                                                                                                         QUERY PLAN                                                                                                                                                         
----------------------------------------------------------------------------------------------------------------------------------------------------------------------------------------------------------------------------------------------------------------------------------------------------------------------------
 Hash Join  (cost=131213.98..133986.28 rows=365 width=244) (actual time=730.346..834.373 rows=10332 loops=1)
   Hash Cond: (store_sales.item_sk = item.item_sk)
   ->  Hash Join  (cost=130640.89..133398.18 rows=3029 width=192) (actual time=726.111..821.167 rows=88968 loops=1)
         Hash Cond: ((customer.customer_sk)::double precision = store_sales.customer_sk)
         ->  Seq Scan on customer  (cost=0.00..1727.00 rows=100000 width=28) (actual time=0.003..8.507 rows=100000 loops=1)
         ->  Hash  (cost=130617.03..130617.03 rows=1909 width=164) (actual time=696.658..696.660 rows=88968 loops=1)
               Buckets: 32768 (originally 2048)  Batches: 8 (originally 1)  Memory Usage: 3841kB
               ->  Hash Join  (cost=44.01..130617.03 rows=1909 width=164) (actual time=0.047..633.298 rows=89540 loops=1)
                     Hash Cond: (store_sales.store_sk = (store.store_sk)::double precision)
                     ->  Seq Scan on store_sales  (cost=0.00..128555.30 rows=399725 width=132) (actual time=0.031..570.195 rows=543628 loops=1)
                           Filter: ((sales_price <= '115.24'::double precision) AND (sales_price >= '50.82'::double precision) AND (ext_discount_amt <= '0'::double precision) AND (ext_discount_amt >= '0'::double precision) AND (ext_coupon_amt <= '0'::double precision) AND (ext_coupon_amt >= '0'::double precision))
                           Rows Removed by Filter: 2336776
                     ->  Hash  (cost=44.00..44.00 rows=1 width=32) (actual time=0.006..0.006 rows=2 loops=1)
                           Buckets: 1024  Batches: 1  Memory Usage: 9kB
                           ->  Seq Scan on store  (cost=0.00..44.00 rows=1 width=32) (actual time=0.004..0.004 rows=2 loops=1)
                                 Filter: ((floor_space <= 9294113) AND (floor_space >= 9294113) AND (devision_id <= 1) AND (devision_id >= 1) AND (tax_percentage <= '0.11'::double precision) AND (tax_percentage >= '0.03'::double precision))
                                 Rows Removed by Filter: 10
   ->  Hash  (cost=546.00..546.00 rows=2167 width=52) (actual time=2.333..2.333 rows=2127 loops=1)
         Buckets: 4096  Batches: 1  Memory Usage: 215kB
         ->  Seq Scan on item  (cost=0.00..546.00 rows=2167 width=52) (actual time=0.011..2.114 rows=2127 loops=1)
               Filter: ((current_price <= '4.76'::double precision) AND (current_price >= '1.6'::double precision) AND (class_id <= '4'::double precision) AND (class_id >= '3'::double precision))
               Rows Removed by Filter: 15873
 Planning Time: 0.387 ms
 Execution Time: 834.801 ms
(24 rows)

                                                                                                                                                                                                                                                                   QUERY PLAN                                                                                                                                                                                                                                                                    
-------------------------------------------------------------------------------------------------------------------------------------------------------------------------------------------------------------------------------------------------------------------------------------------------------------------------------------------------------------------------------------------------------------------------------------------------------------------------------------------------------------------------------------------------
 Hash Join  (cost=158523.74..160751.17 rows=43 width=244) (actual time=5735.243..5753.306 rows=2397 loops=1)
   Hash Cond: ((customer.customer_sk)::double precision = store_sales.customer_sk)
   ->  Seq Scan on customer  (cost=0.00..1727.00 rows=100000 width=28) (actual time=0.010..7.147 rows=100000 loops=1)
   ->  Hash  (cost=158523.41..158523.41 rows=27 width=216) (actual time=5735.189..5735.190 rows=2397 loops=1)
         Buckets: 4096 (originally 1024)  Batches: 1 (originally 1)  Memory Usage: 632kB
         ->  Hash Join  (cost=566.44..158523.41 rows=27 width=216) (actual time=2.745..5733.488 rows=2398 loops=1)
               Hash Cond: (store_sales.wholesale_cost = item.wholesale_cost)
               ->  Nested Loop  (cost=0.00..157942.08 rows=172 width=164) (actual time=0.083..5714.784 rows=135795 loops=1)
                     Join Filter: (store_sales.store_sk = (store.store_sk)::double precision)
                     Rows Removed by Join Filter: 1334985
                     ->  Seq Scan on store  (cost=0.00..44.00 rows=1 width=32) (actual time=0.004..0.025 rows=9 loops=1)
                           Filter: ((market_id <= 9) AND (market_id >= 2) AND (devision_id <= 1) AND (devision_id >= 1) AND (company_id <= 767) AND (company_id >= 27))
                           Rows Removed by Filter: 3
                     ->  Seq Scan on store_sales  (cost=0.00..157357.42 rows=36044 width=132) (actual time=0.017..621.706 rows=163420 loops=9)
                           Filter: ((quantity <= '79'::double precision) AND (quantity >= '21'::double precision) AND (ext_discount_amt <= '0'::double precision) AND (ext_discount_amt >= '0'::double precision) AND (ext_wholesale_cost <= '2203.32'::double precision) AND (ext_wholesale_cost >= '624'::double precision) AND (ext_list_price <= '3734.08'::double precision) AND (ext_list_price >= '1061.24'::double precision) AND (net_paid_inc_tax <= '1046.76'::double precision) AND (net_paid_inc_tax >= '213.9'::double precision))
                           Rows Removed by Filter: 2716984
               ->  Hash  (cost=546.00..546.00 rows=1635 width=52) (actual time=2.024..2.024 rows=938 loops=1)
                     Buckets: 2048  Batches: 1  Memory Usage: 97kB
                     ->  Seq Scan on item  (cost=0.00..546.00 rows=1635 width=52) (actual time=0.006..1.929 rows=939 loops=1)
                           Filter: ((brand_id <= '10006013'::double precision) AND (brand_id >= '7008001'::double precision) AND (class_id <= '2'::double precision) AND (class_id >= '1'::double precision))
                           Rows Removed by Filter: 17061
 Planning Time: 0.341 ms
 Execution Time: 5753.437 ms
(23 rows)

                                                                                                                                                                                                        QUERY PLAN                                                                                                                                                                                                        
--------------------------------------------------------------------------------------------------------------------------------------------------------------------------------------------------------------------------------------------------------------------------------------------------------------------------------------------------------------------------------------------------------------------------
 Hash Join  (cost=144105.08..151627.86 rows=8379 width=244) (actual time=903.461..1343.412 rows=420832 loops=1)
   Hash Cond: (store_sales.wholesale_cost = item.wholesale_cost)
   ->  Hash Join  (cost=143514.08..150539.71 rows=4863 width=192) (actual time=899.894..1210.629 rows=313464 loops=1)
         Hash Cond: ((customer.customer_sk)::double precision = store_sales.customer_sk)
         ->  Seq Scan on customer  (cost=0.00..1727.00 rows=100000 width=28) (actual time=0.003..7.996 rows=100000 loops=1)
         ->  Hash  (cost=143475.77..143475.77 rows=3065 width=164) (actual time=899.881..899.899 rows=313464 loops=1)
               Buckets: 32768 (originally 4096)  Batches: 32 (originally 1)  Memory Usage: 3841kB
               ->  Hash Join  (cost=30.49..143475.77 rows=3065 width=164) (actual time=0.046..672.494 rows=313941 loops=1)
                     Hash Cond: (store_sales.store_sk = (store.store_sk)::double precision)
                     ->  Seq Scan on store_sales  (cost=0.00..142956.36 rows=91655 width=132) (actual time=0.035..576.102 rows=314869 loops=1)
                           Filter: ((sales_price <= '14.91'::double precision) AND (sales_price >= '3.7'::double precision) AND (ext_coupon_amt <= '0'::double precision) AND (ext_coupon_amt >= '0'::double precision) AND (net_paid <= '1469.88'::double precision) AND (net_paid >= '191.16'::double precision) AND (net_paid_inc_tax <= '1053.2'::double precision) AND (net_paid_inc_tax >= '-1'::double precision))
                           Rows Removed by Filter: 2565535
                     ->  Hash  (cost=30.40..30.40 rows=7 width=32) (actual time=0.006..0.023 rows=12 loops=1)
                           Buckets: 1024  Batches: 1  Memory Usage: 9kB
                           ->  Seq Scan on store  (cost=0.00..30.40 rows=7 width=32) (actual time=0.002..0.004 rows=12 loops=1)
                                 Filter: ((market_id <= 10) AND (market_id >= 2))
   ->  Hash  (cost=366.00..366.00 rows=18000 width=52) (actual time=3.542..3.543 rows=17954 loops=1)
         Buckets: 32768  Batches: 1  Memory Usage: 1799kB
         ->  Seq Scan on item  (cost=0.00..366.00 rows=18000 width=52) (actual time=0.007..1.452 rows=18000 loops=1)
 Planning Time: 0.330 ms
 Execution Time: 1358.705 ms
(21 rows)

                                                                                                                                                                                                        QUERY PLAN                                                                                                                                                                                                         
---------------------------------------------------------------------------------------------------------------------------------------------------------------------------------------------------------------------------------------------------------------------------------------------------------------------------------------------------------------------------------------------------------------------------
 Merge Join  (cost=160233.09..161235.33 rows=14414 width=240) (actual time=547.844..566.943 rows=89 loops=1)
   Merge Cond: (((customer.customer_sk)::double precision) = store_sales.customer_sk)
   ->  Sort  (cost=12425.82..12675.82 rows=100000 width=28) (actual time=42.087..52.656 rows=99179 loops=1)
         Sort Key: ((customer.customer_sk)::double precision)
         Sort Method: external merge  Disk: 4824kB
         ->  Seq Scan on customer  (cost=0.00..1727.00 rows=100000 width=28) (actual time=0.012..12.843 rows=100000 loops=1)
   ->  Sort  (cost=147807.27..147829.98 rows=9085 width=212) (actual time=505.523..505.532 rows=89 loops=1)
         Sort Key: store_sales.customer_sk
         Sort Method: quicksort  Memory: 48kB
         ->  Hash Join  (cost=596.66..147209.96 rows=9085 width=212) (actual time=3.456..505.443 rows=89 loops=1)
               Hash Cond: (store_sales.promo_sk = (promotion.promo_sk)::double precision)
               ->  Hash Join  (cost=585.50..146377.22 rows=9743 width=184) (actual time=3.374..505.296 rows=91 loops=1)
                     Hash Cond: (store_sales.wholesale_cost = item.wholesale_cost)
                     ->  Seq Scan on store_sales  (cost=0.00..142956.36 rows=32211 width=132) (actual time=0.123..500.694 rows=11350 loops=1)
                           Filter: ((quantity <= '13'::double precision) AND (quantity >= '-1'::double precision) AND (ext_discount_amt <= '1513.98'::double precision) AND (ext_discount_amt >= '0'::double precision) AND (ext_wholesale_cost <= '4280'::double precision) AND (ext_wholesale_cost >= '703.89'::double precision) AND (net_paid <= '275.39'::double precision) AND (net_paid >= '36'::double precision))
                           Rows Removed by Filter: 2869054
                     ->  Hash  (cost=546.00..546.00 rows=3160 width=52) (actual time=2.677..2.677 rows=3186 loops=1)
                           Buckets: 4096  Batches: 1  Memory Usage: 306kB
                           ->  Seq Scan on item  (cost=0.00..546.00 rows=3160 width=52) (actual time=0.005..2.347 rows=3188 loops=1)
                                 Filter: ((brand_id <= '8001010'::double precision) AND (brand_id >= '1001001'::double precision) AND (manufact_id <= '998'::double precision) AND (manufact_id >= '504'::double precision))
                                 Rows Removed by Filter: 14812
               ->  Hash  (cost=7.50..7.50 rows=293 width=28) (actual time=0.076..0.076 rows=293 loops=1)
                     Buckets: 1024  Batches: 1  Memory Usage: 27kB
                     ->  Seq Scan on promotion  (cost=0.00..7.50 rows=293 width=28) (actual time=0.008..0.045 rows=293 loops=1)
                           Filter: ((response_target <= '1'::double precision) AND (response_target >= '1'::double precision))
                           Rows Removed by Filter: 7
 Planning Time: 0.350 ms
 Execution Time: 567.983 ms
(28 rows)

                                                                                                                                                                                                        QUERY PLAN                                                                                                                                                                                                        
--------------------------------------------------------------------------------------------------------------------------------------------------------------------------------------------------------------------------------------------------------------------------------------------------------------------------------------------------------------------------------------------------------------------------
 Merge Join  (cost=158878.75..161242.31 rows=131584 width=244) (actual time=688.234..696.677 rows=14548 loops=1)
   Merge Cond: (((store.store_sk)::double precision) = store_sales.store_sk)
   ->  Sort  (cost=94.38..97.78 rows=1360 width=32) (actual time=0.013..0.015 rows=11 loops=1)
         Sort Key: ((store.store_sk)::double precision)
         Sort Method: quicksort  Memory: 25kB
         ->  Seq Scan on store  (cost=0.00..23.60 rows=1360 width=32) (actual time=0.006..0.009 rows=12 loops=1)
   ->  Materialize  (cost=158784.37..158885.65 rows=20256 width=212) (actual time=688.215..691.991 rows=14549 loops=1)
         ->  Sort  (cost=158784.37..158835.01 rows=20256 width=212) (actual time=688.213..690.142 rows=14549 loops=1)
               Sort Key: store_sales.store_sk
               Sort Method: external merge  Disk: 3344kB
               ->  Merge Join  (cost=154512.83..155256.45 rows=20256 width=212) (actual time=654.090..676.039 rows=14578 loops=1)
                     Merge Cond: (store_sales.customer_sk = ((customer.customer_sk)::double precision))
                     ->  Sort  (cost=149143.71..149221.54 rows=31131 width=184) (actual time=624.317..630.443 rows=36048 loops=1)
                           Sort Key: store_sales.customer_sk
                           Sort Method: external merge  Disk: 7144kB
                           ->  Hash Join  (cost=645.91..144051.89 rows=31131 width=184) (actual time=4.259..589.296 rows=36152 loops=1)
                                 Hash Cond: (store_sales.item_sk = item.item_sk)
                                 ->  Seq Scan on store_sales  (cost=0.00..142956.36 rows=36883 width=132) (actual time=0.027..567.897 rows=42855 loops=1)
                                       Filter: ((quantity <= '70'::double precision) AND (quantity >= '22'::double precision) AND (list_price <= '54.36'::double precision) AND (list_price >= '38.12'::double precision) AND (ext_coupon_amt <= '25.55'::double precision) AND (ext_coupon_amt >= '0'::double precision) AND (net_profit <= '764.64'::double precision) AND (net_profit >= '-218.31'::double precision))
                                       Rows Removed by Filter: 2837549
                                 ->  Hash  (cost=456.00..456.00 rows=15193 width=52) (actual time=4.212..4.213 rows=15193 loops=1)
                                       Buckets: 16384  Batches: 1  Memory Usage: 1433kB
                                       ->  Seq Scan on item  (cost=0.00..456.00 rows=15193 width=52) (actual time=0.004..2.546 rows=15193 loops=1)
                                             Filter: ((class_id <= '16'::double precision) AND (class_id >= '2'::double precision))
                                             Rows Removed by Filter: 2807
                     ->  Sort  (cost=5369.12..5471.65 rows=41010 width=28) (actual time=29.756..34.048 rows=43566 loops=1)
                           Sort Key: ((customer.customer_sk)::double precision)
                           Sort Method: external sort  Disk: 2136kB
                           ->  Seq Scan on customer  (cost=0.00..2227.00 rows=41010 width=28) (actual time=0.012..12.059 rows=40488 loops=1)
                                 Filter: ((birth_month <= '11'::double precision) AND (birth_month >= '7'::double precision))
                                 Rows Removed by Filter: 59512
 Planning Time: 0.324 ms
 Execution Time: 699.823 ms
(33 rows)

                                                              QUERY PLAN                                                              
--------------------------------------------------------------------------------------------------------------------------------------
 Hash Join  (cost=909.22..316939.26 rows=3325479 width=244) (actual time=3.787..467.177 rows=10696 loops=1)
   Hash Cond: (store_sales.store_sk = (store.store_sk)::double precision)
   ->  Hash Join  (cost=868.62..108309.90 rows=511924 width=212) (actual time=3.769..463.034 rows=10957 loops=1)
         Hash Cond: (store_sales.item_sk = item.item_sk)
         ->  Seq Scan on store_sales  (cost=0.00..99753.18 rows=685010 width=132) (actual time=0.029..402.804 rows=687307 loops=1)
               Filter: ((quantity <= '28'::double precision) AND (quantity >= '4'::double precision))
               Rows Removed by Filter: 2193097
         ->  Hash  (cost=700.47..700.47 rows=13452 width=80) (actual time=3.660..3.662 rows=213 loops=1)
               Buckets: 16384  Batches: 1  Memory Usage: 153kB
               ->  Hash Join  (cost=9.75..700.47 rows=13452 width=80) (actual time=0.126..3.611 rows=213 loops=1)
                     Hash Cond: ((item.item_sk)::double precision = promotion.item_sk)
                     ->  Seq Scan on item  (cost=0.00..456.00 rows=13360 width=52) (actual time=0.005..2.275 rows=13358 loops=1)
                           Filter: ((current_price <= '9.78'::double precision) AND (current_price >= '1.25'::double precision))
                           Rows Removed by Filter: 4642
                     ->  Hash  (cost=6.00..6.00 rows=300 width=28) (actual time=0.092..0.093 rows=293 loops=1)
                           Buckets: 1024  Batches: 1  Memory Usage: 27kB
                           ->  Seq Scan on promotion  (cost=0.00..6.00 rows=300 width=28) (actual time=0.005..0.057 rows=300 loops=1)
   ->  Hash  (cost=23.60..23.60 rows=1360 width=32) (actual time=0.013..0.014 rows=12 loops=1)
         Buckets: 2048  Batches: 1  Memory Usage: 17kB
         ->  Seq Scan on store  (cost=0.00..23.60 rows=1360 width=32) (actual time=0.007..0.009 rows=12 loops=1)
 Planning Time: 0.281 ms
 Execution Time: 467.662 ms
(22 rows)

                                                                                                                                                                   QUERY PLAN                                                                                                                                                                   
------------------------------------------------------------------------------------------------------------------------------------------------------------------------------------------------------------------------------------------------------------------------------------------------------------------------------------------------
 Hash Join  (cost=174814.95..414069.15 rows=3168190 width=244) (actual time=696.422..761.256 rows=9888 loops=1)
   Hash Cond: (store_sales.store_sk = (store.store_sk)::double precision)
   ->  Hash Join  (cost=174774.35..215305.63 rows=487711 width=212) (actual time=696.403..758.293 rows=9911 loops=1)
         Hash Cond: (store_sales.wholesale_cost = item.wholesale_cost)
         ->  Merge Join  (cost=174128.44..181275.91 rows=335373 width=160) (actual time=692.436..745.993 rows=54719 loops=1)
               Merge Cond: (((customer.customer_sk)::double precision) = store_sales.customer_sk)
               ->  Sort  (cost=12425.82..12675.82 rows=100000 width=28) (actual time=42.203..53.438 rows=100000 loops=1)
                     Sort Key: ((customer.customer_sk)::double precision)
                     Sort Method: external merge  Disk: 4824kB
                     ->  Seq Scan on customer  (cost=0.00..1727.00 rows=100000 width=28) (actual time=0.005..12.598 rows=100000 loops=1)
               ->  Materialize  (cost=161702.62..162759.51 rows=211378 width=132) (actual time=650.219..665.252 rows=54720 loops=1)
                     ->  Sort  (cost=161702.62..162231.06 rows=211378 width=132) (actual time=650.215..658.241 rows=54720 loops=1)
                           Sort Key: store_sales.customer_sk
                           Sort Method: external merge  Disk: 7848kB
                           ->  Seq Scan on store_sales  (cost=0.00..128555.30 rows=211378 width=132) (actual time=0.031..613.032 rows=55078 loops=1)
                                 Filter: ((ext_discount_amt <= '3928.52'::double precision) AND (ext_discount_amt >= '0'::double precision) AND (ext_sales_price <= '5277.11'::double precision) AND (ext_sales_price >= '849.15'::double precision) AND (net_paid <= '693.41'::double precision) AND (net_paid >= '260.82'::double precision))
                                 Rows Removed by Filter: 2825326
         ->  Hash  (cost=456.00..456.00 rows=15193 width=52) (actual time=3.955..3.955 rows=15170 loops=1)
               Buckets: 16384  Batches: 1  Memory Usage: 1432kB
               ->  Seq Scan on item  (cost=0.00..456.00 rows=15193 width=52) (actual time=0.004..2.367 rows=15193 loops=1)
                     Filter: ((class_id <= '16'::double precision) AND (class_id >= '2'::double precision))
                     Rows Removed by Filter: 2807
   ->  Hash  (cost=23.60..23.60 rows=1360 width=32) (actual time=0.010..0.011 rows=12 loops=1)
         Buckets: 2048  Batches: 1  Memory Usage: 17kB
         ->  Seq Scan on store  (cost=0.00..23.60 rows=1360 width=32) (actual time=0.005..0.007 rows=12 loops=1)
 Planning Time: 0.302 ms
 Execution Time: 764.371 ms
(27 rows)

                                                                                                   QUERY PLAN                                                                                                    
-----------------------------------------------------------------------------------------------------------------------------------------------------------------------------------------------------------------
 Hash Join  (cost=101642.03..107713.72 rows=9667 width=240) (actual time=580.174..598.981 rows=98 loops=1)
   Hash Cond: ((store_sales.item_sk)::double precision = promotion.item_sk)
   ->  Hash Join  (cost=101630.87..107532.17 rows=9830 width=212) (actual time=579.678..598.248 rows=6114 loops=1)
         Hash Cond: ((customer.customer_sk)::double precision = store_sales.customer_sk)
         ->  Seq Scan on customer  (cost=0.00..2227.00 rows=44700 width=28) (actual time=0.005..10.319 rows=44662 loops=1)
               Filter: ((birth_day <= '16'::double precision) AND (birth_day >= '3'::double precision))
               Rows Removed by Filter: 55338
         ->  Hash  (cost=101457.60..101457.60 rows=13861 width=184) (actual time=579.642..579.644 rows=13538 loops=1)
               Buckets: 16384  Batches: 1  Memory Usage: 3075kB
               ->  Hash Join  (cost=557.60..101457.60 rows=13861 width=184) (actual time=2.469..573.975 rows=13841 loops=1)
                     Hash Cond: (store_sales.item_sk = item.item_sk)
                     ->  Seq Scan on store_sales  (cost=0.00..99753.18 rows=268857 width=132) (actual time=0.030..541.018 rows=272452 loops=1)
                           Filter: ((net_profit <= '2196'::double precision) AND (net_profit >= '429.6'::double precision))
                           Rows Removed by Filter: 2607952
                     ->  Hash  (cost=546.00..546.00 rows=928 width=52) (actual time=2.322..2.323 rows=900 loops=1)
                           Buckets: 1024  Batches: 1  Memory Usage: 86kB
                           ->  Seq Scan on item  (cost=0.00..546.00 rows=928 width=52) (actual time=0.006..2.227 rows=900 loops=1)
                                 Filter: ((class_id <= '13'::double precision) AND (class_id >= '1'::double precision) AND (manufact_id <= '119'::double precision) AND (manufact_id >= '88'::double precision))
                                 Rows Removed by Filter: 17100
   ->  Hash  (cost=7.50..7.50 rows=293 width=28) (actual time=0.123..0.124 rows=291 loops=1)
         Buckets: 1024  Batches: 1  Memory Usage: 27kB
         ->  Seq Scan on promotion  (cost=0.00..7.50 rows=293 width=28) (actual time=0.012..0.060 rows=293 loops=1)
               Filter: ((response_target <= '1'::double precision) AND (response_target >= '1'::double precision))
               Rows Removed by Filter: 7
 Planning Time: 0.289 ms
 Execution Time: 599.041 ms
(26 rows)

                                                                                                                                                        QUERY PLAN                                                                                                                                                         
---------------------------------------------------------------------------------------------------------------------------------------------------------------------------------------------------------------------------------------------------------------------------------------------------------------------------
 Hash Join  (cost=135236.29..135693.03 rows=3087 width=240) (actual time=551.271..559.869 rows=15 loops=1)
   Hash Cond: ((store_sales.item_sk)::double precision = promotion.item_sk)
   ->  Merge Join  (cost=135226.54..135629.42 rows=3066 width=212) (actual time=550.801..559.638 rows=1226 loops=1)
         Merge Cond: (store_sales.customer_sk = ((customer.customer_sk)::double precision))
         ->  Sort  (cost=129490.29..129500.94 rows=4259 width=184) (actual time=521.710..522.020 rows=2710 loops=1)
               Sort Key: store_sales.customer_sk
               Sort Method: quicksort  Memory: 819kB
               ->  Hash Join  (cost=612.74..129233.56 rows=4259 width=184) (actual time=4.124..519.952 rows=2722 loops=1)
                     Hash Cond: (store_sales.item_sk = item.item_sk)
                     ->  Seq Scan on store_sales  (cost=0.00..128555.30 rows=6114 width=132) (actual time=0.209..513.880 rows=3888 loops=1)
                           Filter: ((quantity <= '74'::double precision) AND (quantity >= '69'::double precision) AND (ext_wholesale_cost <= '8679.33'::double precision) AND (ext_wholesale_cost >= '134.06'::double precision) AND (net_paid <= '128.06'::double precision) AND (net_paid >= '79.45'::double precision))
                           Rows Removed by Filter: 2876516
                     ->  Hash  (cost=456.00..456.00 rows=12539 width=52) (actual time=3.906..3.907 rows=12527 loops=1)
                           Buckets: 16384  Batches: 1  Memory Usage: 1204kB
                           ->  Seq Scan on item  (cost=0.00..456.00 rows=12539 width=52) (actual time=0.004..2.473 rows=12527 loops=1)
                                 Filter: ((manufact_id <= '807'::double precision) AND (manufact_id >= '140'::double precision))
                                 Rows Removed by Filter: 5473
         ->  Sort  (cost=5736.24..5849.67 rows=45370 width=28) (actual time=29.078..33.075 rows=44829 loops=1)
               Sort Key: ((customer.customer_sk)::double precision)
               Sort Method: external sort  Disk: 2360kB
               ->  Seq Scan on customer  (cost=0.00..2227.00 rows=45370 width=28) (actual time=0.013..12.031 rows=44852 loops=1)
                     Filter: ((birth_year <= '1960'::double precision) AND (birth_year >= '1929'::double precision))
                     Rows Removed by Filter: 55148
   ->  Hash  (cost=6.00..6.00 rows=300 width=28) (actual time=0.060..0.060 rows=293 loops=1)
         Buckets: 1024  Batches: 1  Memory Usage: 27kB
         ->  Seq Scan on promotion  (cost=0.00..6.00 rows=300 width=28) (actual time=0.006..0.027 rows=300 loops=1)
 Planning Time: 0.311 ms
 Execution Time: 560.340 ms
(28 rows)

                                                                                                        QUERY PLAN                                                                                                         
---------------------------------------------------------------------------------------------------------------------------------------------------------------------------------------------------------------------------
 Hash Join  (cost=108298.45..110937.49 rows=2528 width=244) (actual time=874.022..893.387 rows=1284 loops=1)
   Hash Cond: ((customer.customer_sk)::double precision = store_sales.customer_sk)
   ->  Seq Scan on customer  (cost=0.00..2227.00 rows=77353 width=28) (actual time=0.009..12.157 rows=77100 loops=1)
         Filter: ((birth_year <= '1984'::double precision) AND (birth_year >= '1930'::double precision))
         Rows Removed by Filter: 22900
   ->  Hash  (cost=108272.70..108272.70 rows=2060 width=216) (actual time=873.922..873.924 rows=1665 loops=1)
         Buckets: 4096  Batches: 1  Memory Usage: 448kB
         ->  Hash Join  (cost=584.80..108272.70 rows=2060 width=216) (actual time=2.366..872.843 rows=1676 loops=1)
               Hash Cond: (store_sales.wholesale_cost = item.wholesale_cost)
               ->  Hash Join  (cost=30.49..104946.93 rows=32363 width=164) (actual time=0.039..786.830 rows=947958 loops=1)
                     Hash Cond: (store_sales.store_sk = (store.store_sk)::double precision)
                     ->  Seq Scan on store_sales  (cost=0.00..99753.18 rows=967926 width=132) (actual time=0.022..511.003 rows=970908 loops=1)
                           Filter: ((ext_list_price <= '5420.45'::double precision) AND (ext_list_price >= '1840.38'::double precision))
                           Rows Removed by Filter: 1909496
                     ->  Hash  (cost=30.40..30.40 rows=7 width=32) (actual time=0.009..0.009 rows=11 loops=1)
                           Buckets: 1024  Batches: 1  Memory Usage: 9kB
                           ->  Seq Scan on store  (cost=0.00..30.40 rows=7 width=32) (actual time=0.002..0.005 rows=11 loops=1)
                                 Filter: ((tax_percentage <= '0.08'::double precision) AND (tax_percentage >= '0.01'::double precision))
                                 Rows Removed by Filter: 1
               ->  Hash  (cost=546.00..546.00 rows=665 width=52) (actual time=2.121..2.121 rows=657 loops=1)
                     Buckets: 1024  Batches: 1  Memory Usage: 65kB
                     ->  Seq Scan on item  (cost=0.00..546.00 rows=665 width=52) (actual time=0.008..2.051 rows=658 loops=1)
                           Filter: ((current_price <= '9.64'::double precision) AND (current_price >= '6.85'::double precision) AND (manufact_id <= '686'::double precision) AND (manufact_id >= '435'::double precision))
                           Rows Removed by Filter: 17342
 Planning Time: 0.336 ms
 Execution Time: 893.481 ms
(26 rows)

                                                                                                                                                      QUERY PLAN                                                                                                                                                      
----------------------------------------------------------------------------------------------------------------------------------------------------------------------------------------------------------------------------------------------------------------------------------------------------------------------
 Hash Join  (cost=133986.64..136318.32 rows=54 width=244) (actual time=887.247..959.102 rows=1194 loops=1)
   Hash Cond: (store_sales.item_sk = item.item_sk)
   ->  Hash Join  (cost=133422.69..135751.28 rows=679 width=192) (actual time=871.784..954.726 rows=15484 loops=1)
         Hash Cond: ((customer.customer_sk)::double precision = store_sales.customer_sk)
         ->  Seq Scan on customer  (cost=0.00..2227.00 rows=9480 width=28) (actual time=0.005..9.411 rows=9570 loops=1)
               Filter: ((birth_day <= '23'::double precision) AND (birth_day >= '21'::double precision))
               Rows Removed by Filter: 90430
         ->  Hash  (cost=133366.30..133366.30 rows=4511 width=164) (actual time=856.576..856.578 rows=162952 loops=1)
               Buckets: 32768 (originally 8192)  Batches: 16 (originally 1)  Memory Usage: 3841kB
               ->  Hash Join  (cost=44.01..133366.30 rows=4511 width=164) (actual time=0.044..722.746 rows=163455 loops=1)
                     Hash Cond: (store_sales.store_sk = (store.store_sk)::double precision)
                     ->  Seq Scan on store_sales  (cost=0.00..128555.30 rows=944376 width=132) (actual time=0.033..609.752 rows=984717 loops=1)
                           Filter: ((sales_price <= '67.29'::double precision) AND (sales_price >= '15.95'::double precision) AND (ext_discount_amt <= '285.9'::double precision) AND (ext_discount_amt >= '0'::double precision) AND (ext_tax <= '242.93'::double precision) AND (ext_tax >= '0'::double precision))
                           Rows Removed by Filter: 1895687
                     ->  Hash  (cost=44.00..44.00 rows=1 width=32) (actual time=0.005..0.006 rows=2 loops=1)
                           Buckets: 1024  Batches: 1  Memory Usage: 9kB
                           ->  Seq Scan on store  (cost=0.00..44.00 rows=1 width=32) (actual time=0.003..0.004 rows=2 loops=1)
                                 Filter: ((floor_space <= 9294113) AND (floor_space >= 9078805) AND (market_id <= 9) AND (market_id >= 4) AND (company_id <= 226) AND (company_id >= 175))
                                 Rows Removed by Filter: 10
   ->  Hash  (cost=546.00..546.00 rows=1436 width=52) (actual time=2.391..2.391 rows=1428 loops=1)
         Buckets: 2048  Batches: 1  Memory Usage: 139kB
         ->  Seq Scan on item  (cost=0.00..546.00 rows=1436 width=52) (actual time=0.009..2.246 rows=1428 loops=1)
               Filter: ((class_id <= '9'::double precision) AND (class_id >= '3'::double precision) AND (manufact_id <= '96'::double precision) AND (manufact_id >= '1'::double precision))
               Rows Removed by Filter: 16572
 Planning Time: 0.301 ms
 Execution Time: 959.200 ms
(26 rows)

                                                                         QUERY PLAN                                                                          
-------------------------------------------------------------------------------------------------------------------------------------------------------------
 Hash Join  (cost=106866.50..109116.62 rows=2312 width=244) (actual time=816.709..886.198 rows=49177 loops=1)
   Hash Cond: ((customer.customer_sk)::double precision = store_sales.customer_sk)
   ->  Seq Scan on customer  (cost=0.00..1727.00 rows=100000 width=28) (actual time=0.012..8.374 rows=100000 loops=1)
   ->  Hash  (cost=106848.29..106848.29 rows=1457 width=216) (actual time=810.591..810.609 rows=49177 loops=1)
         Buckets: 16384 (originally 2048)  Batches: 4 (originally 1)  Memory Usage: 3969kB
         ->  Hash Join  (cost=546.41..106848.29 rows=1457 width=216) (actual time=2.635..772.525 rows=49760 loops=1)
               Hash Cond: (store_sales.item_sk = item.item_sk)
               ->  Hash Join  (cost=37.21..106301.42 rows=6161 width=164) (actual time=0.066..732.595 rows=208590 loops=1)
                     Hash Cond: (store_sales.store_sk = (store.store_sk)::double precision)
                     ->  Seq Scan on store_sales  (cost=0.00..99753.18 rows=1289883 width=132) (actual time=0.030..591.683 rows=1281027 loops=1)
                           Filter: ((net_paid_inc_tax <= '3115.32'::double precision) AND (net_paid_inc_tax >= '422.97'::double precision))
                           Rows Removed by Filter: 1599377
                     ->  Hash  (cost=37.20..37.20 rows=1 width=32) (actual time=0.007..0.007 rows=1 loops=1)
                           Buckets: 1024  Batches: 1  Memory Usage: 9kB
                           ->  Seq Scan on store  (cost=0.00..37.20 rows=1 width=32) (actual time=0.004..0.005 rows=1 loops=1)
                                 Filter: ((number_employees <= 294) AND (number_employees >= 278) AND (floor_space <= 8954883) AND (floor_space >= 6995995))
                                 Rows Removed by Filter: 11
               ->  Hash  (cost=456.00..456.00 rows=4256 width=52) (actual time=2.559..2.560 rows=4280 loops=1)
                     Buckets: 8192  Batches: 1  Memory Usage: 432kB
                     ->  Seq Scan on item  (cost=0.00..456.00 rows=4256 width=52) (actual time=0.004..2.111 rows=4280 loops=1)
                           Filter: ((manufact_id <= '167'::double precision) AND (manufact_id >= '35'::double precision))
                           Rows Removed by Filter: 13720
 Planning Time: 0.285 ms
 Execution Time: 887.993 ms
(24 rows)

                                                                                                     QUERY PLAN                                                                                                     
--------------------------------------------------------------------------------------------------------------------------------------------------------------------------------------------------------------------
 Hash Join  (cost=610.69..118969.26 rows=1820 width=244) (actual time=3.400..789.071 rows=2827 loops=1)
   Hash Cond: ((item.item_sk)::double precision = promotion.item_sk)
   ->  Hash Join  (cost=599.52..118926.01 rows=1851 width=216) (actual time=3.275..772.221 rows=131015 loops=1)
         Hash Cond: (store_sales.item_sk = item.item_sk)
         ->  Hash Join  (cost=37.21..118330.50 rows=3917 width=164) (actual time=0.048..706.871 rows=275927 loops=1)
               Hash Cond: (store_sales.store_sk = (store.store_sk)::double precision)
               ->  Seq Scan on store_sales  (cost=0.00..114154.24 rows=819976 width=132) (actual time=0.030..581.470 rows=838172 loops=1)
                     Filter: ((list_price <= '105.54'::double precision) AND (list_price >= '49.84'::double precision) AND (ext_coupon_amt <= '0'::double precision) AND (ext_coupon_amt >= '0'::double precision))
                     Rows Removed by Filter: 2042232
               ->  Hash  (cost=37.20..37.20 rows=1 width=32) (actual time=0.006..0.006 rows=3 loops=1)
                     Buckets: 1024  Batches: 1  Memory Usage: 9kB
                     ->  Seq Scan on store  (cost=0.00..37.20 rows=1 width=32) (actual time=0.003..0.005 rows=3 loops=1)
                           Filter: ((number_employees <= 294) AND (number_employees >= 236) AND (market_id <= 4) AND (market_id >= 2))
                           Rows Removed by Filter: 9
         ->  Hash  (cost=456.00..456.00 rows=8505 width=52) (actual time=3.178..3.178 rows=8505 loops=1)
               Buckets: 16384  Batches: 1  Memory Usage: 859kB
               ->  Seq Scan on item  (cost=0.00..456.00 rows=8505 width=52) (actual time=0.004..2.345 rows=8505 loops=1)
                     Filter: ((class_id <= '4'::double precision) AND (class_id >= '2'::double precision))
                     Rows Removed by Filter: 9495
   ->  Hash  (cost=7.50..7.50 rows=293 width=28) (actual time=0.077..0.077 rows=291 loops=1)
         Buckets: 1024  Batches: 1  Memory Usage: 27kB
         ->  Seq Scan on promotion  (cost=0.00..7.50 rows=293 width=28) (actual time=0.010..0.049 rows=293 loops=1)
               Filter: ((response_target <= '1'::double precision) AND (response_target >= '1'::double precision))
               Rows Removed by Filter: 7
 Planning Time: 0.293 ms
 Execution Time: 789.318 ms
(26 rows)

                                                                                                                                                            QUERY PLAN                                                                                                                                                             
-----------------------------------------------------------------------------------------------------------------------------------------------------------------------------------------------------------------------------------------------------------------------------------------------------------------------------------
 Hash Join  (cost=129450.08..132178.38 rows=130 width=244) (actual time=2212.283..2233.337 rows=6771 loops=1)
   Hash Cond: ((customer.customer_sk)::double precision = store_sales.customer_sk)
   ->  Seq Scan on customer  (cost=0.00..1727.00 rows=100000 width=28) (actual time=0.006..7.220 rows=100000 loops=1)
   ->  Hash  (cost=129449.05..129449.05 rows=82 width=216) (actual time=2212.264..2212.266 rows=6771 loops=1)
         Buckets: 8192 (originally 1024)  Batches: 1 (originally 1)  Memory Usage: 1756kB
         ->  Hash Join  (cost=591.00..129449.05 rows=82 width=216) (actual time=4.000..2208.050 rows=6779 loops=1)
               Hash Cond: (store_sales.item_sk = item.item_sk)
               ->  Nested Loop  (cost=0.00..128856.93 rows=82 width=164) (actual time=0.284..2199.283 rows=6779 loops=1)
                     Join Filter: (store_sales.store_sk = (store.store_sk)::double precision)
                     Rows Removed by Join Filter: 48477
                     ->  Seq Scan on store  (cost=0.00..44.00 rows=1 width=32) (actual time=0.017..0.023 rows=4 loops=1)
                           Filter: ((floor_space <= 7557959) AND (floor_space >= 5250760) AND (company_id <= 767) AND (company_id >= 27) AND (tax_percentage <= '0.11'::double precision) AND (tax_percentage >= '0.03'::double precision))
                           Rows Removed by Filter: 8
                     ->  Seq Scan on store_sales  (cost=0.00..128555.30 rows=17175 width=132) (actual time=0.014..548.265 rows=13814 loops=4)
                           Filter: ((ext_list_price <= '6777.32'::double precision) AND (ext_list_price >= '1459.64'::double precision) AND (net_paid <= '151.47'::double precision) AND (net_paid >= '118.98'::double precision) AND (net_profit <= '-46.97'::double precision) AND (net_profit >= '-2476.76'::double precision))
                           Rows Removed by Filter: 2866590
               ->  Hash  (cost=366.00..366.00 rows=18000 width=52) (actual time=3.697..3.697 rows=18000 loops=1)
                     Buckets: 32768  Batches: 1  Memory Usage: 1801kB
                     ->  Seq Scan on item  (cost=0.00..366.00 rows=18000 width=52) (actual time=0.004..1.636 rows=18000 loops=1)
 Planning Time: 0.326 ms
 Execution Time: 2233.623 ms
(21 rows)

                                                                                                                     QUERY PLAN                                                                                                                     
----------------------------------------------------------------------------------------------------------------------------------------------------------------------------------------------------------------------------------------------------
 Hash Join  (cost=116364.17..118593.52 rows=235 width=244) (actual time=617.405..633.293 rows=168 loops=1)
   Hash Cond: ((customer.customer_sk)::double precision = store_sales.customer_sk)
   ->  Seq Scan on customer  (cost=0.00..1727.00 rows=100000 width=28) (actual time=0.006..6.868 rows=100000 loops=1)
   ->  Hash  (cost=116362.32..116362.32 rows=148 width=216) (actual time=617.336..617.338 rows=168 loops=1)
         Buckets: 1024  Batches: 1  Memory Usage: 50kB
         ->  Hash Join  (cost=596.89..116362.32 rows=148 width=216) (actual time=3.176..617.203 rows=168 loops=1)
               Hash Cond: (store_sales.wholesale_cost = item.wholesale_cost)
               ->  Hash Join  (cost=37.21..115681.31 rows=1410 width=164) (actual time=0.128..609.580 rows=52491 loops=1)
                     Hash Cond: (store_sales.store_sk = (store.store_sk)::double precision)
                     ->  Seq Scan on store_sales  (cost=0.00..114154.24 rows=295152 width=132) (actual time=0.064..572.758 rows=319345 loops=1)
                           Filter: ((ext_list_price <= '7655.67'::double precision) AND (ext_list_price >= '1542.75'::double precision) AND (net_paid_inc_tax <= '1188.52'::double precision) AND (net_paid_inc_tax >= '452.61'::double precision))
                           Rows Removed by Filter: 2561059
                     ->  Hash  (cost=37.20..37.20 rows=1 width=32) (actual time=0.006..0.007 rows=3 loops=1)
                           Buckets: 1024  Batches: 1  Memory Usage: 9kB
                           ->  Seq Scan on store  (cost=0.00..37.20 rows=1 width=32) (actual time=0.003..0.004 rows=3 loops=1)
                                 Filter: ((floor_space <= 7557959) AND (floor_space >= 6995995) AND (devision_id <= 1) AND (devision_id >= 1))
                                 Rows Removed by Filter: 9
               ->  Hash  (cost=546.00..546.00 rows=1094 width=52) (actual time=2.118..2.119 rows=1109 loops=1)
                     Buckets: 2048  Batches: 1  Memory Usage: 112kB
                     ->  Seq Scan on item  (cost=0.00..546.00 rows=1094 width=52) (actual time=0.006..1.994 rows=1110 loops=1)
                           Filter: ((current_price <= '6.84'::double precision) AND (current_price >= '4.41'::double precision) AND (manufact_id <= '214'::double precision) AND (manufact_id >= '27'::double precision))
                           Rows Removed by Filter: 16890
 Planning Time: 0.330 ms
 Execution Time: 633.366 ms
(24 rows)

                                                                                                 QUERY PLAN                                                                                                 
------------------------------------------------------------------------------------------------------------------------------------------------------------------------------------------------------------
 Hash Join  (cost=2891.85..106261.53 rows=36 width=244) (actual time=25.244..572.348 rows=133 loops=1)
   Hash Cond: (store_sales.customer_sk = (customer.customer_sk)::double precision)
   ->  Hash Join  (cost=624.73..103424.11 rows=708 width=216) (actual time=2.802..562.882 rows=4232 loops=1)
         Hash Cond: (store_sales.wholesale_cost = item.wholesale_cost)
         ->  Hash Join  (cost=44.01..102610.05 rows=2662 width=164) (actual time=0.073..540.868 rows=179896 loops=1)
               Hash Cond: (store_sales.store_sk = (store.store_sk)::double precision)
               ->  Seq Scan on store_sales  (cost=0.00..99753.18 rows=557247 width=132) (actual time=0.057..453.405 rows=553361 loops=1)
                     Filter: ((sales_price <= '53.11'::double precision) AND (sales_price >= '29.82'::double precision))
                     Rows Removed by Filter: 2327043
               ->  Hash  (cost=44.00..44.00 rows=1 width=32) (actual time=0.009..0.010 rows=5 loops=1)
                     Buckets: 1024  Batches: 1  Memory Usage: 9kB
                     ->  Seq Scan on store  (cost=0.00..44.00 rows=1 width=32) (actual time=0.004..0.006 rows=5 loops=1)
                           Filter: ((floor_space <= 9341467) AND (floor_space >= 9026222) AND (devision_id <= 1) AND (devision_id >= 1) AND (company_id <= 226) AND (company_id >= 27))
                           Rows Removed by Filter: 7
         ->  Hash  (cost=546.00..546.00 rows=2777 width=52) (actual time=2.664..2.664 rows=2775 loops=1)
               Buckets: 4096  Batches: 1  Memory Usage: 271kB
               ->  Seq Scan on item  (cost=0.00..546.00 rows=2777 width=52) (actual time=0.005..2.371 rows=2777 loops=1)
                     Filter: ((current_price <= '91.49'::double precision) AND (current_price >= '0.12'::double precision) AND (class_id <= '2'::double precision) AND (class_id >= '2'::double precision))
                     Rows Removed by Filter: 15223
   ->  Hash  (cost=2227.00..2227.00 rows=3210 width=28) (actual time=8.505..8.505 rows=3077 loops=1)
         Buckets: 4096  Batches: 1  Memory Usage: 224kB
         ->  Seq Scan on customer  (cost=0.00..2227.00 rows=3210 width=28) (actual time=0.009..8.130 rows=3077 loops=1)
               Filter: ((birth_day <= '28'::double precision) AND (birth_day >= '28'::double precision))
               Rows Removed by Filter: 96923
 Planning Time: 0.312 ms
 Execution Time: 572.408 ms
(26 rows)

                                                                                   QUERY PLAN                                                                                    
---------------------------------------------------------------------------------------------------------------------------------------------------------------------------------
 Hash Join  (cost=100111.10..100986.67 rows=13981 width=244) (actual time=2388.121..3116.121 rows=25986 loops=1)
   Hash Cond: (item.wholesale_cost = store_sales.wholesale_cost)
   ->  Hash Join  (cost=11.18..654.04 rows=10617 width=80) (actual time=0.097..3.835 rows=185 loops=1)
         Hash Cond: ((item.item_sk)::double precision = promotion.item_sk)
         ->  Seq Scan on item  (cost=0.00..456.00 rows=10760 width=52) (actual time=0.008..2.634 rows=10760 loops=1)
               Filter: ((category_id <= '9'::double precision) AND (category_id >= '4'::double precision))
               Rows Removed by Filter: 7240
         ->  Hash  (cost=7.50..7.50 rows=294 width=28) (actual time=0.075..0.075 rows=291 loops=1)
               Buckets: 1024  Batches: 1  Memory Usage: 27kB
               ->  Seq Scan on promotion  (cost=0.00..7.50 rows=294 width=28) (actual time=0.005..0.045 rows=294 loops=1)
                     Filter: ((cost <= '1000'::double precision) AND (cost >= '1000'::double precision))
                     Rows Removed by Filter: 6
   ->  Hash  (cost=99927.96..99927.96 rows=13757 width=164) (actual time=2374.458..2374.460 rows=1788191 loops=1)
         Buckets: 32768 (originally 16384)  Batches: 128 (originally 1)  Memory Usage: 3841kB
         ->  Hash Join  (cost=37.21..99927.96 rows=13757 width=164) (actual time=0.052..1113.307 rows=1831521 loops=1)
               Hash Cond: (store_sales.store_sk = (store.store_sk)::double precision)
               ->  Seq Scan on store_sales  (cost=0.00..85352.12 rows=2880212 width=132) (actual time=0.035..346.358 rows=2880404 loops=1)
               ->  Hash  (cost=37.20..37.20 rows=1 width=32) (actual time=0.007..0.008 rows=8 loops=1)
                     Buckets: 1024  Batches: 1  Memory Usage: 9kB
                     ->  Seq Scan on store  (cost=0.00..37.20 rows=1 width=32) (actual time=0.003..0.005 rows=8 loops=1)
                           Filter: ((devision_id <= 1) AND (devision_id >= 1) AND (tax_percentage <= '0.03'::double precision) AND (tax_percentage >= '0.01'::double precision))
                           Rows Removed by Filter: 4
 Planning Time: 0.315 ms
 Execution Time: 3117.146 ms
(24 rows)

                                                                                                                                                                                                                                                                                                         QUERY PLAN                                                                                                                                                                                                                                                                                                          
-----------------------------------------------------------------------------------------------------------------------------------------------------------------------------------------------------------------------------------------------------------------------------------------------------------------------------------------------------------------------------------------------------------------------------------------------------------------------------------------------------------------------------------------------------------------------------------------------------------------------------
 Hash Join  (cost=206968.82..217136.28 rows=187152 width=240) (actual time=799.219..997.018 rows=4695 loops=1)
   Hash Cond: (store_sales.item_sk = item.item_sk)
   ->  Hash Join  (cost=206377.82..213971.94 rows=187152 width=188) (actual time=795.697..991.704 rows=4695 loops=1)
         Hash Cond: ((store_sales.item_sk)::double precision = promotion.item_sk)
         ->  Merge Join  (cost=206366.65..210661.90 rows=190315 width=160) (actual time=795.589..971.697 rows=215875 loops=1)
               Merge Cond: (((customer.customer_sk)::double precision) = store_sales.customer_sk)
               ->  Sort  (cost=10214.13..10404.29 rows=76067 width=28) (actual time=32.323..39.770 rows=76106 loops=1)
                     Sort Key: ((customer.customer_sk)::double precision)
                     Sort Method: external merge  Disk: 3712kB
                     ->  Seq Scan on customer  (cost=0.00..2227.00 rows=76067 width=28) (actual time=0.006..14.461 rows=76106 loops=1)
                           Filter: ((birth_day <= '28'::double precision) AND (birth_day >= '5'::double precision))
                           Rows Removed by Filter: 23894
               ->  Materialize  (cost=196152.53..196940.98 rows=157691 width=132) (actual time=763.256..855.176 rows=283821 loops=1)
                     ->  Sort  (cost=196152.53..196546.76 rows=157691 width=132) (actual time=763.252..817.842 rows=283821 loops=1)
                           Sort Key: store_sales.customer_sk
                           Sort Method: external merge  Disk: 40624kB
                           ->  Seq Scan on store_sales  (cost=0.00..171758.48 rows=157691 width=132) (actual time=0.034..609.241 rows=284030 loops=1)
                                 Filter: ((quantity <= '66'::double precision) AND (quantity >= '13'::double precision) AND (sales_price <= '20.97'::double precision) AND (sales_price >= '5.54'::double precision) AND (ext_discount_amt <= '403.63'::double precision) AND (ext_discount_amt >= '0'::double precision) AND (ext_wholesale_cost <= '4734.32'::double precision) AND (ext_wholesale_cost >= '417'::double precision) AND (net_paid <= '8305.02'::double precision) AND (net_paid >= '-1'::double precision) AND (net_profit <= '635.16'::double precision) AND (net_profit >= '-5343.1'::double precision))
                                 Rows Removed by Filter: 2596374
         ->  Hash  (cost=7.50..7.50 rows=293 width=28) (actual time=0.072..0.072 rows=291 loops=1)
               Buckets: 1024  Batches: 1  Memory Usage: 27kB
               ->  Seq Scan on promotion  (cost=0.00..7.50 rows=293 width=28) (actual time=0.006..0.043 rows=293 loops=1)
                     Filter: ((response_target <= '1'::double precision) AND (response_target >= '1'::double precision))
                     Rows Removed by Filter: 7
   ->  Hash  (cost=366.00..366.00 rows=18000 width=52) (actual time=3.501..3.502 rows=18000 loops=1)
         Buckets: 32768  Batches: 1  Memory Usage: 1801kB
         ->  Seq Scan on item  (cost=0.00..366.00 rows=18000 width=52) (actual time=0.011..1.523 rows=18000 loops=1)
 Planning Time: 0.316 ms
 Execution Time: 1005.406 ms
(29 rows)

                                                                                                                                                                                                                                                                                               QUERY PLAN                                                                                                                                                                                                                                                                                               
--------------------------------------------------------------------------------------------------------------------------------------------------------------------------------------------------------------------------------------------------------------------------------------------------------------------------------------------------------------------------------------------------------------------------------------------------------------------------------------------------------------------------------------------------------------------------------------------------------
 Hash Join  (cost=871.09..174860.59 rows=197847 width=244) (actual time=95.724..504.158 rows=8 loops=1)
   Hash Cond: ((store_sales.item_sk)::double precision = promotion.item_sk)
   ->  Hash Join  (cost=40.60..172004.85 rows=3281 width=164) (actual time=0.433..500.099 rows=514 loops=1)
         Hash Cond: (store_sales.store_sk = (store.store_sk)::double precision)
         ->  Seq Scan on store_sales  (cost=0.00..171758.48 rows=505 width=132) (actual time=0.418..499.804 rows=514 loops=1)
               Filter: ((list_price <= '68.5'::double precision) AND (list_price >= '66.17'::double precision) AND (ext_sales_price <= '2857.98'::double precision) AND (ext_sales_price >= '-1'::double precision) AND (ext_list_price <= '7544.55'::double precision) AND (ext_list_price >= '5748.62'::double precision) AND (ext_tax <= '101'::double precision) AND (ext_tax >= '0'::double precision) AND (ext_coupon_amt <= '116.29'::double precision) AND (ext_coupon_amt >= '0'::double precision) AND (net_paid <= '730.97'::double precision) AND (net_paid >= '130.82'::double precision))
               Rows Removed by Filter: 2879890
         ->  Hash  (cost=23.60..23.60 rows=1360 width=32) (actual time=0.008..0.009 rows=12 loops=1)
               Buckets: 2048  Batches: 1  Memory Usage: 17kB
               ->  Seq Scan on store  (cost=0.00..23.60 rows=1360 width=32) (actual time=0.003..0.004 rows=12 loops=1)
   ->  Hash  (cost=679.74..679.74 rows=12060 width=80) (actual time=3.884..3.886 rows=202 loops=1)
         Buckets: 16384  Batches: 1  Memory Usage: 152kB
         ->  Hash Join  (cost=11.16..679.74 rows=12060 width=80) (actual time=0.093..3.838 rows=202 loops=1)
               Hash Cond: ((item.item_sk)::double precision = promotion.item_sk)
               ->  Seq Scan on item  (cost=0.00..456.00 rows=12264 width=52) (actual time=0.004..2.641 rows=12257 loops=1)
                     Filter: ((manufact_id <= '859'::double precision) AND (manufact_id >= '156'::double precision))
                     Rows Removed by Filter: 5743
               ->  Hash  (cost=7.50..7.50 rows=293 width=28) (actual time=0.076..0.076 rows=291 loops=1)
                     Buckets: 1024  Batches: 1  Memory Usage: 27kB
                     ->  Seq Scan on promotion  (cost=0.00..7.50 rows=293 width=28) (actual time=0.006..0.046 rows=293 loops=1)
                           Filter: ((response_target <= '1'::double precision) AND (response_target >= '1'::double precision))
                           Rows Removed by Filter: 7
 Planning Time: 0.326 ms
 Execution Time: 504.211 ms
(24 rows)

                                                                                                                                                                                                      QUERY PLAN                                                                                                                                                                                                      
----------------------------------------------------------------------------------------------------------------------------------------------------------------------------------------------------------------------------------------------------------------------------------------------------------------------------------------------------------------------------------------------------------------------
 Hash Join  (cost=158173.25..162783.91 rows=37618 width=240) (actual time=783.059..847.618 rows=48844 loops=1)
   Hash Cond: (store_sales.promo_sk = (promotion.promo_sk)::double precision)
   ->  Merge Join  (cost=158163.50..159344.48 rows=39400 width=212) (actual time=782.985..834.224 rows=48923 loops=1)
         Merge Cond: (store_sales.customer_sk = ((customer.customer_sk)::double precision))
         ->  Sort  (cost=150401.64..150491.77 rows=36054 width=184) (actual time=744.483..759.167 rows=71059 loops=1)
               Sort Key: store_sales.customer_sk
               Sort Method: external merge  Disk: 14088kB
               ->  Hash Join  (cost=601.48..144466.73 rows=36054 width=184) (actual time=2.753..678.490 rows=71294 loops=1)
                     Hash Cond: (store_sales.item_sk = item.item_sk)
                     ->  Seq Scan on store_sales  (cost=0.00..142956.36 rows=146229 width=132) (actual time=0.029..628.780 rows=291841 loops=1)
                           Filter: ((ext_discount_amt <= '0'::double precision) AND (ext_discount_amt >= '0'::double precision) AND (ext_sales_price <= '4858.1'::double precision) AND (ext_sales_price >= '326.5'::double precision) AND (ext_tax <= '38.9'::double precision) AND (ext_tax >= '0.93'::double precision) AND (net_paid <= '942.17'::double precision) AND (net_paid >= '212.16'::double precision))
                           Rows Removed by Filter: 2588563
                     ->  Hash  (cost=546.00..546.00 rows=4438 width=52) (actual time=2.694..2.695 rows=4397 loops=1)
                           Buckets: 8192  Batches: 1  Memory Usage: 442kB
                           ->  Seq Scan on item  (cost=0.00..546.00 rows=4438 width=52) (actual time=0.005..2.229 rows=4397 loops=1)
                                 Filter: ((current_price <= '7.73'::double precision) AND (current_price >= '2.69'::double precision) AND (brand_id <= '8012002'::double precision) AND (brand_id >= '3001002'::double precision))
                                 Rows Removed by Filter: 13603
         ->  Sort  (cost=7761.86..7934.06 rows=68877 width=28) (actual time=38.493..47.038 rows=85633 loops=1)
               Sort Key: ((customer.customer_sk)::double precision)
               Sort Method: external sort  Disk: 3600kB
               ->  Seq Scan on customer  (cost=0.00..2227.00 rows=68877 width=28) (actual time=0.012..13.719 rows=68489 loops=1)
                     Filter: ((birth_year <= '1972'::double precision) AND (birth_year >= '-1'::double precision))
                     Rows Removed by Filter: 31511
   ->  Hash  (cost=6.00..6.00 rows=300 width=28) (actual time=0.066..0.066 rows=300 loops=1)
         Buckets: 1024  Batches: 1  Memory Usage: 27kB
         ->  Seq Scan on promotion  (cost=0.00..6.00 rows=300 width=28) (actual time=0.006..0.030 rows=300 loops=1)
 Planning Time: 0.342 ms
 Execution Time: 852.664 ms
(28 rows)

                                                                                                                                                                                                                                                                                                 QUERY PLAN                                                                                                                                                                                                                                                                                                  
-------------------------------------------------------------------------------------------------------------------------------------------------------------------------------------------------------------------------------------------------------------------------------------------------------------------------------------------------------------------------------------------------------------------------------------------------------------------------------------------------------------------------------------------------------------------------------------------------------------
 Hash Join  (cost=632.65..173158.36 rows=4458 width=244) (actual time=32.258..664.090 rows=58 loops=1)
   Hash Cond: ((item.item_sk)::double precision = promotion.item_sk)
   ->  Hash Join  (cost=621.49..173068.62 rows=4533 width=216) (actual time=3.931..663.242 rows=4820 loops=1)
         Hash Cond: (store_sales.wholesale_cost = item.wholesale_cost)
         ->  Hash Join  (cost=30.49..172208.66 rows=2631 width=164) (actual time=0.042..654.890 rows=17270 loops=1)
               Hash Cond: (store_sales.store_sk = (store.store_sk)::double precision)
               ->  Seq Scan on store_sales  (cost=0.00..171758.48 rows=78676 width=132) (actual time=0.031..641.800 rows=102444 loops=1)
                     Filter: ((quantity <= '99'::double precision) AND (quantity >= '34'::double precision) AND (list_price <= '143'::double precision) AND (list_price >= '2.44'::double precision) AND (sales_price <= '71.02'::double precision) AND (sales_price >= '5.94'::double precision) AND (ext_sales_price <= '7123.85'::double precision) AND (ext_sales_price >= '2580.24'::double precision) AND (ext_wholesale_cost <= '3494.7'::double precision) AND (ext_wholesale_cost >= '854.57'::double precision) AND (ext_tax <= '493.2'::double precision) AND (ext_tax >= '0'::double precision))
                     Rows Removed by Filter: 2777960
               ->  Hash  (cost=30.40..30.40 rows=7 width=32) (actual time=0.006..0.006 rows=3 loops=1)
                     Buckets: 1024  Batches: 1  Memory Usage: 9kB
                     ->  Seq Scan on store  (cost=0.00..30.40 rows=7 width=32) (actual time=0.003..0.004 rows=3 loops=1)
                           Filter: ((number_employees <= 294) AND (number_employees >= 294))
                           Rows Removed by Filter: 9
         ->  Hash  (cost=366.00..366.00 rows=18000 width=52) (actual time=3.700..3.700 rows=17954 loops=1)
               Buckets: 32768  Batches: 1  Memory Usage: 1799kB
               ->  Seq Scan on item  (cost=0.00..366.00 rows=18000 width=52) (actual time=0.004..1.555 rows=18000 loops=1)
   ->  Hash  (cost=7.50..7.50 rows=293 width=28) (actual time=0.077..0.078 rows=291 loops=1)
         Buckets: 1024  Batches: 1  Memory Usage: 27kB
         ->  Seq Scan on promotion  (cost=0.00..7.50 rows=293 width=28) (actual time=0.011..0.049 rows=293 loops=1)
               Filter: ((response_target <= '1'::double precision) AND (response_target >= '1'::double precision))
               Rows Removed by Filter: 7
 Planning Time: 0.372 ms
 Execution Time: 664.149 ms
(24 rows)

                                                                      QUERY PLAN                                                                       
-------------------------------------------------------------------------------------------------------------------------------------------------------
 Hash Join  (cost=122278.26..131030.23 rows=263246 width=244) (actual time=1827.274..2206.945 rows=632808 loops=1)
   Hash Cond: (item.wholesale_cost = store_sales.wholesale_cost)
   ->  Seq Scan on item  (cost=0.00..366.00 rows=18000 width=52) (actual time=0.007..1.647 rows=18000 loops=1)
   ->  Hash  (cost=116339.36..116339.36 rows=152792 width=192) (actual time=1827.219..1827.223 rows=441897 loops=1)
         Buckets: 32768 (originally 32768)  Batches: 32 (originally 16)  Memory Usage: 3841kB
         ->  Hash Join  (cost=104208.44..116339.36 rows=152792 width=192) (actual time=1201.266..1543.050 rows=447330 loops=1)
               Hash Cond: ((customer.customer_sk)::double precision = store_sales.customer_sk)
               ->  Seq Scan on customer  (cost=0.00..1727.00 rows=100000 width=28) (actual time=0.005..7.957 rows=100000 loops=1)
               ->  Hash  (cost=100746.68..100746.68 rows=96301 width=164) (actual time=1179.891..1179.894 rows=447330 loops=1)
                     Buckets: 32768 (originally 32768)  Batches: 32 (originally 8)  Memory Usage: 3841kB
                     ->  Hash Join  (cost=30.49..100746.68 rows=96301 width=164) (actual time=0.065..811.266 rows=458159 loops=1)
                           Hash Cond: (store_sales.store_sk = (store.store_sk)::double precision)
                           ->  Seq Scan on store_sales  (cost=0.00..85352.12 rows=2880212 width=132) (actual time=0.025..364.316 rows=2880404 loops=1)
                           ->  Hash  (cost=30.40..30.40 rows=7 width=32) (actual time=0.008..0.009 rows=1 loops=1)
                                 Buckets: 1024  Batches: 1  Memory Usage: 9kB
                                 ->  Seq Scan on store  (cost=0.00..30.40 rows=7 width=32) (actual time=0.005..0.007 rows=1 loops=1)
                                       Filter: ((company_id <= 255) AND (company_id >= 255))
                                       Rows Removed by Filter: 11
 Planning Time: 0.318 ms
 Execution Time: 2229.681 ms
(20 rows)

                                                                   QUERY PLAN                                                                    
-------------------------------------------------------------------------------------------------------------------------------------------------
 Hash Join  (cost=109329.52..114272.24 rows=14291 width=244) (actual time=1285.747..1713.037 rows=128531 loops=1)
   Hash Cond: (store_sales.item_sk = item.item_sk)
   ->  Hash Join  (cost=108738.52..113484.74 rows=14291 width=192) (actual time=1282.041..1660.871 rows=128531 loops=1)
         Hash Cond: ((customer.customer_sk)::double precision = store_sales.customer_sk)
         ->  Seq Scan on customer  (cost=0.00..2227.00 rows=19663 width=28) (actual time=0.006..11.772 rows=19622 loops=1)
               Filter: ((birth_year <= '1972'::double precision) AND (birth_year >= '1959'::double precision))
               Rows Removed by Filter: 80378
         ->  Hash  (cost=107091.92..107091.92 rows=45808 width=164) (actual time=1240.353..1240.355 rows=654246 loops=1)
               Buckets: 32768 (originally 32768)  Batches: 64 (originally 4)  Memory Usage: 3841kB
               ->  Hash Join  (cost=30.49..107091.92 rows=45808 width=164) (actual time=0.044..778.365 rows=662260 loops=1)
                     Hash Cond: (store_sales.store_sk = (store.store_sk)::double precision)
                     ->  Seq Scan on store_sales  (cost=0.00..99753.18 rows=1370034 width=132) (actual time=0.028..523.172 rows=1359244 loops=1)
                           Filter: ((ext_sales_price <= '1995.32'::double precision) AND (ext_sales_price >= '179.85'::double precision))
                           Rows Removed by Filter: 1521160
                     ->  Hash  (cost=30.40..30.40 rows=7 width=32) (actual time=0.006..0.006 rows=6 loops=1)
                           Buckets: 1024  Batches: 1  Memory Usage: 9kB
                           ->  Seq Scan on store  (cost=0.00..30.40 rows=7 width=32) (actual time=0.002..0.004 rows=6 loops=1)
                                 Filter: ((tax_percentage <= '0.03'::double precision) AND (tax_percentage >= '0.03'::double precision))
                                 Rows Removed by Filter: 6
   ->  Hash  (cost=366.00..366.00 rows=18000 width=52) (actual time=3.677..3.677 rows=18000 loops=1)
         Buckets: 32768  Batches: 1  Memory Usage: 1801kB
         ->  Seq Scan on item  (cost=0.00..366.00 rows=18000 width=52) (actual time=0.010..1.706 rows=18000 loops=1)
 Planning Time: 0.245 ms
 Execution Time: 1717.815 ms
(24 rows)

                                                                   QUERY PLAN                                                                    
-------------------------------------------------------------------------------------------------------------------------------------------------
 Hash Join  (cost=178211.93..331846.28 rows=1261096 width=240) (actual time=1566.282..2440.396 rows=16956 loops=1)
   Hash Cond: (store_sales.item_sk = item.item_sk)
   ->  Hash Join  (cost=177620.93..313915.21 rows=1261096 width=188) (actual time=1562.287..2429.681 rows=16956 loops=1)
         Hash Cond: ((store_sales.item_sk)::double precision = promotion.item_sk)
         ->  Hash Join  (cost=177609.77..291675.01 rows=1282411 width=160) (actual time=1465.548..2358.315 rows=777255 loops=1)
               Hash Cond: ((customer.customer_sk)::double precision = store_sales.customer_sk)
               ->  Seq Scan on customer  (cost=0.00..2227.00 rows=28063 width=28) (actual time=0.005..12.230 rows=28289 loops=1)
                     Filter: ((birth_year <= '1984'::double precision) AND (birth_year >= '1965'::double precision))
                     Rows Removed by Filter: 71711
               ->  Hash  (cost=85352.12..85352.12 rows=2880212 width=132) (actual time=1409.278..1409.279 rows=2750652 loops=1)
                     Buckets: 32768 (originally 32768)  Batches: 256 (originally 128)  Memory Usage: 3841kB
                     ->  Seq Scan on store_sales  (cost=0.00..85352.12 rows=2880212 width=132) (actual time=0.049..345.596 rows=2880404 loops=1)
         ->  Hash  (cost=7.50..7.50 rows=293 width=28) (actual time=0.075..0.075 rows=291 loops=1)
               Buckets: 1024  Batches: 1  Memory Usage: 27kB
               ->  Seq Scan on promotion  (cost=0.00..7.50 rows=293 width=28) (actual time=0.007..0.045 rows=293 loops=1)
                     Filter: ((response_target <= '1'::double precision) AND (response_target >= '1'::double precision))
                     Rows Removed by Filter: 7
   ->  Hash  (cost=366.00..366.00 rows=18000 width=52) (actual time=3.970..3.971 rows=18000 loops=1)
         Buckets: 32768  Batches: 1  Memory Usage: 1801kB
         ->  Seq Scan on item  (cost=0.00..366.00 rows=18000 width=52) (actual time=0.011..1.677 rows=18000 loops=1)
 Planning Time: 0.253 ms
 Execution Time: 2441.146 ms
(22 rows)

                                                                                                                                                            QUERY PLAN                                                                                                                                                             
-----------------------------------------------------------------------------------------------------------------------------------------------------------------------------------------------------------------------------------------------------------------------------------------------------------------------------------
 Hash Join  (cost=129421.06..135029.99 rows=2386 width=244) (actual time=584.355..645.369 rows=9535 loops=1)
   Hash Cond: (store_sales.wholesale_cost = item.wholesale_cost)
   ->  Hash Join  (cost=128830.06..134297.41 rows=1385 width=192) (actual time=580.683..635.184 rows=35880 loops=1)
         Hash Cond: ((customer.customer_sk)::double precision = store_sales.customer_sk)
         ->  Seq Scan on customer  (cost=0.00..2227.00 rows=61457 width=28) (actual time=0.006..12.654 rows=61691 loops=1)
               Filter: ((birth_year <= '1991'::double precision) AND (birth_year >= '1948'::double precision))
               Rows Removed by Filter: 38309
         ->  Hash  (cost=128812.31..128812.31 rows=1420 width=164) (actual time=574.521..574.523 rows=58407 loops=1)
               Buckets: 32768 (originally 2048)  Batches: 4 (originally 1)  Memory Usage: 3841kB
               ->  Hash Join  (cost=30.49..128812.31 rows=1420 width=164) (actual time=0.134..537.214 rows=58585 loops=1)
                     Hash Cond: (store_sales.store_sk = (store.store_sk)::double precision)
                     ->  Seq Scan on store_sales  (cost=0.00..128555.30 rows=42465 width=132) (actual time=0.100..518.236 rows=58912 loops=1)
                           Filter: ((ext_wholesale_cost <= '1167.6'::double precision) AND (ext_wholesale_cost >= '1036.89'::double precision) AND (ext_tax <= '53.24'::double precision) AND (ext_tax >= '0'::double precision) AND (net_profit <= '1204.45'::double precision) AND (net_profit >= '-4661.26'::double precision))
                           Rows Removed by Filter: 2821492
                     ->  Hash  (cost=30.40..30.40 rows=7 width=32) (actual time=0.030..0.031 rows=12 loops=1)
                           Buckets: 1024  Batches: 1  Memory Usage: 9kB
                           ->  Seq Scan on store  (cost=0.00..30.40 rows=7 width=32) (actual time=0.002..0.028 rows=12 loops=1)
                                 Filter: ((devision_id <= 1) AND (devision_id >= 1))
   ->  Hash  (cost=366.00..366.00 rows=18000 width=52) (actual time=3.623..3.623 rows=17954 loops=1)
         Buckets: 32768  Batches: 1  Memory Usage: 1799kB
         ->  Seq Scan on item  (cost=0.00..366.00 rows=18000 width=52) (actual time=0.011..1.598 rows=18000 loops=1)
 Planning Time: 0.314 ms
 Execution Time: 645.788 ms
(23 rows)

                                                                                                                                                                                                                                                                                                           QUERY PLAN                                                                                                                                                                                                                                                                                                            
---------------------------------------------------------------------------------------------------------------------------------------------------------------------------------------------------------------------------------------------------------------------------------------------------------------------------------------------------------------------------------------------------------------------------------------------------------------------------------------------------------------------------------------------------------------------------------------------------------------------------------
 Hash Join  (cost=178846.76..178925.50 rows=1096 width=240) (actual time=588.977..589.331 rows=28 loops=1)
   Hash Cond: (store_sales.wholesale_cost = item.wholesale_cost)
   ->  Merge Join  (cost=178255.76..178269.39 rows=637 width=188) (actual time=585.331..585.596 rows=518 loops=1)
         Merge Cond: (((promotion.promo_sk)::double precision) = store_sales.promo_sk)
         ->  Sort  (cost=18.34..19.09 rows=300 width=28) (actual time=0.105..0.129 rows=300 loops=1)
               Sort Key: ((promotion.promo_sk)::double precision)
               Sort Method: quicksort  Memory: 48kB
               ->  Seq Scan on promotion  (cost=0.00..6.00 rows=300 width=28) (actual time=0.006..0.042 rows=300 loops=1)
         ->  Sort  (cost=178237.42..178239.09 rows=667 width=160) (actual time=585.223..585.251 rows=518 loops=1)
               Sort Key: store_sales.promo_sk
               Sort Method: quicksort  Memory: 162kB
               ->  Merge Join  (cost=177827.06..178206.13 rows=667 width=160) (actual time=576.018..585.005 rows=518 loops=1)
                     Merge Cond: (store_sales.customer_sk = ((customer.customer_sk)::double precision))
                     ->  Sort  (cost=171800.45..171802.61 rows=861 width=132) (actual time=545.187..545.298 rows=1039 loops=1)
                           Sort Key: store_sales.customer_sk
                           Sort Method: quicksort  Memory: 324kB
                           ->  Seq Scan on store_sales  (cost=0.00..171758.48 rows=861 width=132) (actual time=0.573..544.745 rows=1039 loops=1)
                                 Filter: ((list_price <= '135.49'::double precision) AND (list_price >= '94.13'::double precision) AND (ext_list_price <= '4842.45'::double precision) AND (ext_list_price >= '655.12'::double precision) AND (ext_tax <= '10.48'::double precision) AND (ext_tax >= '0.94'::double precision) AND (net_paid <= '4823'::double precision) AND (net_paid >= '837.81'::double precision) AND (net_paid_inc_tax <= '1129.24'::double precision) AND (net_paid_inc_tax >= '828.19'::double precision) AND (net_profit <= '795.2'::double precision) AND (net_profit >= '-758.79'::double precision))
                                 Rows Removed by Filter: 2879365
                     ->  Sort  (cost=6026.61..6148.59 rows=48793 width=28) (actual time=30.818..35.299 rows=48866 loops=1)
                           Sort Key: ((customer.customer_sk)::double precision)
                           Sort Method: external sort  Disk: 2576kB
                           ->  Seq Scan on customer  (cost=0.00..2227.00 rows=48793 width=28) (actual time=0.012..12.933 rows=48861 loops=1)
                                 Filter: ((birth_month <= '10'::double precision) AND (birth_month >= '5'::double precision))
                                 Rows Removed by Filter: 51139
   ->  Hash  (cost=366.00..366.00 rows=18000 width=52) (actual time=3.564..3.564 rows=17954 loops=1)
         Buckets: 32768  Batches: 1  Memory Usage: 1799kB
         ->  Seq Scan on item  (cost=0.00..366.00 rows=18000 width=52) (actual time=0.008..1.500 rows=18000 loops=1)
 Planning Time: 0.318 ms
 Execution Time: 589.852 ms
(30 rows)

                                                                                                                                                                                                                                                                        QUERY PLAN                                                                                                                                                                                                                                                                         
-----------------------------------------------------------------------------------------------------------------------------------------------------------------------------------------------------------------------------------------------------------------------------------------------------------------------------------------------------------------------------------------------------------------------------------------------------------------------------------------------------------------------------------------------------------
 Merge Join  (cost=172195.52..173065.95 rows=49153 width=244) (actual time=690.021..693.145 rows=8505 loops=1)
   Merge Cond: (((store.store_sk)::double precision) = store_sales.store_sk)
   ->  Sort  (cost=94.38..97.78 rows=1360 width=32) (actual time=0.026..0.028 rows=11 loops=1)
         Sort Key: ((store.store_sk)::double precision)
         Sort Method: quicksort  Memory: 25kB
         ->  Seq Scan on store  (cost=0.00..23.60 rows=1360 width=32) (actual time=0.019..0.022 rows=12 loops=1)
   ->  Sort  (cost=172101.13..172120.05 rows=7567 width=212) (actual time=689.990..690.423 rows=8506 loops=1)
         Sort Key: store_sales.store_sk
         Sort Method: quicksort  Memory: 2594kB
         ->  Merge Join  (cost=170731.19..171613.61 rows=7567 width=212) (actual time=661.570..685.808 rows=8515 loops=1)
               Merge Cond: (((customer.customer_sk)::double precision) = store_sales.customer_sk)
               ->  Sort  (cost=12425.82..12675.82 rows=100000 width=28) (actual time=40.663..51.265 rows=100000 loops=1)
                     Sort Key: ((customer.customer_sk)::double precision)
                     Sort Method: external merge  Disk: 4824kB
                     ->  Seq Scan on customer  (cost=0.00..1727.00 rows=100000 width=28) (actual time=0.004..12.314 rows=100000 loops=1)
               ->  Sort  (cost=158305.37..158317.29 rows=4769 width=184) (actual time=620.899..621.677 rows=8516 loops=1)
                     Sort Key: store_sales.customer_sk
                     Sort Method: quicksort  Memory: 2599kB
                     ->  Hash Join  (cost=591.00..158013.99 rows=4769 width=184) (actual time=3.591..615.615 rows=8534 loops=1)
                           Hash Cond: (store_sales.item_sk = item.item_sk)
                           ->  Seq Scan on store_sales  (cost=0.00..157357.42 rows=4769 width=132) (actual time=0.042..607.184 rows=8534 loops=1)
                                 Filter: ((ext_discount_amt <= '12.17'::double precision) AND (ext_discount_amt >= '0'::double precision) AND (ext_sales_price <= '3668.6'::double precision) AND (ext_sales_price >= '331.96'::double precision) AND (ext_wholesale_cost <= '3661.83'::double precision) AND (ext_wholesale_cost >= '3084.32'::double precision) AND (ext_tax <= '0'::double precision) AND (ext_tax >= '0'::double precision) AND (net_paid_inc_tax <= '3509.4'::double precision) AND (net_paid_inc_tax >= '154.53'::double precision))
                                 Rows Removed by Filter: 2871870
                           ->  Hash  (cost=366.00..366.00 rows=18000 width=52) (actual time=3.529..3.530 rows=18000 loops=1)
                                 Buckets: 32768  Batches: 1  Memory Usage: 1801kB
                                 ->  Seq Scan on item  (cost=0.00..366.00 rows=18000 width=52) (actual time=0.004..1.500 rows=18000 loops=1)
 Planning Time: 0.312 ms
 Execution Time: 694.663 ms
(28 rows)

                                                                   QUERY PLAN                                                                    
-------------------------------------------------------------------------------------------------------------------------------------------------
 Hash Join  (cost=254955.38..480276.55 rows=3608818 width=240) (actual time=2622.566..2840.383 rows=49188 loops=1)
   Hash Cond: ((customer.customer_sk)::double precision = store_sales.customer_sk)
   ->  Seq Scan on customer  (cost=0.00..1727.00 rows=100000 width=28) (actual time=0.007..9.829 rows=100000 loops=1)
   ->  Hash  (cost=159885.47..159885.47 rows=2274553 width=212) (actual time=2239.061..2239.064 rows=49188 loops=1)
         Buckets: 16384  Batches: 256  Memory Usage: 176kB
         ->  Hash Join  (cost=647.25..159885.47 rows=2274553 width=212) (actual time=4.191..1528.471 rows=51542 loops=1)
               Hash Cond: ((store_sales.item_sk)::double precision = promotion.item_sk)
               ->  Hash Join  (cost=636.08..119840.29 rows=2305130 width=184) (actual time=4.104..1298.764 rows=2309365 loops=1)
                     Hash Cond: (store_sales.item_sk = item.item_sk)
                     ->  Seq Scan on store_sales  (cost=0.00..85352.12 rows=2880212 width=132) (actual time=0.021..335.191 rows=2880404 loops=1)
                     ->  Hash  (cost=456.00..456.00 rows=14406 width=52) (actual time=4.062..4.063 rows=14416 loops=1)
                           Buckets: 16384  Batches: 1  Memory Usage: 1367kB
                           ->  Seq Scan on item  (cost=0.00..456.00 rows=14406 width=52) (actual time=0.004..2.578 rows=14416 loops=1)
                                 Filter: ((manufact_id <= '620'::double precision) AND (manufact_id >= '33'::double precision))
                                 Rows Removed by Filter: 3584
               ->  Hash  (cost=7.50..7.50 rows=294 width=28) (actual time=0.076..0.076 rows=291 loops=1)
                     Buckets: 1024  Batches: 1  Memory Usage: 27kB
                     ->  Seq Scan on promotion  (cost=0.00..7.50 rows=294 width=28) (actual time=0.005..0.044 rows=294 loops=1)
                           Filter: ((cost <= '1000'::double precision) AND (cost >= '1000'::double precision))
                           Rows Removed by Filter: 6
 Planning Time: 0.281 ms
 Execution Time: 2842.401 ms
(22 rows)

                                                                                                                                                                                                                   QUERY PLAN                                                                                                                                                                                                                    
-------------------------------------------------------------------------------------------------------------------------------------------------------------------------------------------------------------------------------------------------------------------------------------------------------------------------------------------------------------------------------------------------------------------------------------------------
 Hash Join  (cost=632.65..145887.35 rows=11857 width=244) (actual time=4.183..999.281 rows=9442 loops=1)
   Hash Cond: ((item.item_sk)::double precision = promotion.item_sk)
   ->  Hash Join  (cost=621.49..145667.19 rows=12057 width=216) (actual time=3.823..946.043 rows=436251 loops=1)
         Hash Cond: (store_sales.item_sk = item.item_sk)
         ->  Hash Join  (cost=30.49..144910.41 rows=12057 width=164) (actual time=0.047..796.020 rows=436251 loops=1)
               Hash Cond: (store_sales.store_sk = (store.store_sk)::double precision)
               ->  Seq Scan on store_sales  (cost=0.00..142956.36 rows=360598 width=132) (actual time=0.032..671.365 rows=437661 loops=1)
                     Filter: ((ext_discount_amt <= '0'::double precision) AND (ext_discount_amt >= '0'::double precision) AND (ext_sales_price <= '2570.4'::double precision) AND (ext_sales_price >= '528.96'::double precision) AND (ext_wholesale_cost <= '6760.35'::double precision) AND (ext_wholesale_cost >= '24.81'::double precision) AND (net_profit <= '-100.75'::double precision) AND (net_profit >= '-2738.4'::double precision))
                     Rows Removed by Filter: 2442743
               ->  Hash  (cost=30.40..30.40 rows=7 width=32) (actual time=0.008..0.009 rows=12 loops=1)
                     Buckets: 1024  Batches: 1  Memory Usage: 9kB
                     ->  Seq Scan on store  (cost=0.00..30.40 rows=7 width=32) (actual time=0.003..0.005 rows=12 loops=1)
                           Filter: ((devision_id <= 1) AND (devision_id >= 1))
         ->  Hash  (cost=366.00..366.00 rows=18000 width=52) (actual time=3.750..3.751 rows=18000 loops=1)
               Buckets: 32768  Batches: 1  Memory Usage: 1801kB
               ->  Seq Scan on item  (cost=0.00..366.00 rows=18000 width=52) (actual time=0.004..1.727 rows=18000 loops=1)
   ->  Hash  (cost=7.50..7.50 rows=293 width=28) (actual time=0.134..0.135 rows=291 loops=1)
         Buckets: 1024  Batches: 1  Memory Usage: 27kB
         ->  Seq Scan on promotion  (cost=0.00..7.50 rows=293 width=28) (actual time=0.011..0.076 rows=293 loops=1)
               Filter: ((response_target <= '1'::double precision) AND (response_target >= '1'::double precision))
               Rows Removed by Filter: 7
 Planning Time: 0.270 ms
 Execution Time: 999.893 ms
(23 rows)

                                                                                                                                                QUERY PLAN                                                                                                                                                 
-----------------------------------------------------------------------------------------------------------------------------------------------------------------------------------------------------------------------------------------------------------------------------------------------------------
 Hash Join  (cost=160944.71..167677.39 rows=55338 width=240) (actual time=515.154..544.380 rows=1263 loops=1)
   Hash Cond: (store_sales.promo_sk = (promotion.promo_sk)::double precision)
   ->  Merge Join  (cost=160933.54..162677.11 rows=59143 width=212) (actual time=515.003..543.828 rows=1291 loops=1)
         Merge Cond: (store_sales.customer_sk = ((customer.customer_sk)::double precision))
         ->  Sort  (cost=150221.01..150336.82 rows=46322 width=184) (actual time=480.625..480.783 rows=1586 loops=1)
               Sort Key: store_sales.customer_sk
               Sort Method: quicksort  Memory: 470kB
               ->  Hash Join  (cost=585.84..142511.69 rows=46322 width=184) (actual time=3.199..479.595 rows=1587 loops=1)
                     Hash Cond: (store_sales.wholesale_cost = item.wholesale_cost)
                     ->  Seq Scan on store_sales  (cost=0.00..128555.30 rows=151851 width=132) (actual time=0.121..473.012 rows=25038 loops=1)
                           Filter: ((quantity <= '83'::double precision) AND (quantity >= '-1'::double precision) AND (list_price <= '43.04'::double precision) AND (list_price >= '3.99'::double precision) AND (sales_price <= '68.3'::double precision) AND (sales_price >= '31.94'::double precision))
                           Rows Removed by Filter: 2855366
                     ->  Hash  (cost=546.00..546.00 rows=3187 width=52) (actual time=2.445..2.446 rows=3187 loops=1)
                           Buckets: 4096  Batches: 1  Memory Usage: 306kB
                           ->  Seq Scan on item  (cost=0.00..546.00 rows=3187 width=52) (actual time=0.004..2.132 rows=3192 loops=1)
                                 Filter: ((brand_id <= '6002005'::double precision) AND (brand_id >= '1003001'::double precision) AND (manufact_id <= '287'::double precision) AND (manufact_id >= '76'::double precision))
                                 Rows Removed by Filter: 14808
         ->  Materialize  (cost=10712.53..11114.89 rows=80473 width=28) (actual time=34.368..52.843 rows=80954 loops=1)
               ->  Sort  (cost=10712.53..10913.71 rows=80473 width=28) (actual time=34.363..43.038 rows=80761 loops=1)
                     Sort Key: ((customer.customer_sk)::double precision)
                     Sort Method: external merge  Disk: 3944kB
                     ->  Seq Scan on customer  (cost=0.00..2227.00 rows=80473 width=28) (actual time=0.014..15.108 rows=80785 loops=1)
                           Filter: ((birth_month <= '10'::double precision) AND (birth_month >= '1'::double precision))
                           Rows Removed by Filter: 19215
   ->  Hash  (cost=7.50..7.50 rows=294 width=28) (actual time=0.143..0.143 rows=294 loops=1)
         Buckets: 1024  Batches: 1  Memory Usage: 27kB
         ->  Seq Scan on promotion  (cost=0.00..7.50 rows=294 width=28) (actual time=0.026..0.081 rows=294 loops=1)
               Filter: ((cost <= '1000'::double precision) AND (cost >= '1000'::double precision))
               Rows Removed by Filter: 6
 Planning Time: 0.432 ms
 Execution Time: 545.110 ms
(31 rows)

                                                                                                      QUERY PLAN                                                                                                       
-----------------------------------------------------------------------------------------------------------------------------------------------------------------------------------------------------------------------
 Hash Join  (cost=109945.21..112276.95 rows=964 width=244) (actual time=902.201..955.572 rows=21162 loops=1)
   Hash Cond: ((customer.customer_sk)::double precision = store_sales.customer_sk)
   ->  Seq Scan on customer  (cost=0.00..2227.00 rows=19020 width=28) (actual time=0.008..9.780 rows=18922 loops=1)
         Filter: ((birth_day <= '25'::double precision) AND (birth_day >= '20'::double precision))
         Rows Removed by Filter: 81078
   ->  Hash  (cost=109905.27..109905.27 rows=3195 width=216) (actual time=888.717..888.720 rows=109441 loops=1)
         Buckets: 16384 (originally 4096)  Batches: 8 (originally 1)  Memory Usage: 3969kB
         ->  Hash Join  (cost=670.70..109905.27 rows=3195 width=216) (actual time=3.386..804.706 rows=110721 loops=1)
               Hash Cond: (store_sales.item_sk = item.item_sk)
               ->  Hash Join  (cost=44.01..109213.22 rows=8910 width=164) (actual time=0.055..737.599 rows=305490 loops=1)
                     Hash Cond: (store_sales.store_sk = (store.store_sk)::double precision)
                     ->  Seq Scan on store_sales  (cost=0.00..99753.18 rows=1865386 width=132) (actual time=0.023..528.621 rows=1872927 loops=1)
                           Filter: ((ext_wholesale_cost <= '4140.68'::double precision) AND (ext_wholesale_cost >= '221.4'::double precision))
                           Rows Removed by Filter: 1007477
                     ->  Hash  (cost=44.00..44.00 rows=1 width=32) (actual time=0.006..0.006 rows=2 loops=1)
                           Buckets: 1024  Batches: 1  Memory Usage: 9kB
                           ->  Seq Scan on store  (cost=0.00..44.00 rows=1 width=32) (actual time=0.003..0.004 rows=2 loops=1)
                                 Filter: ((floor_space <= 7557959) AND (floor_space >= 6995995) AND (market_id <= 4) AND (market_id >= 2) AND (devision_id <= 1) AND (devision_id >= 1))
                                 Rows Removed by Filter: 10
               ->  Hash  (cost=546.00..546.00 rows=6455 width=52) (actual time=3.318..3.318 rows=6522 loops=1)
                     Buckets: 8192  Batches: 1  Memory Usage: 625kB
                     ->  Seq Scan on item  (cost=0.00..546.00 rows=6455 width=52) (actual time=0.004..2.615 rows=6522 loops=1)
                           Filter: ((current_price <= '65.7'::double precision) AND (current_price >= '2.04'::double precision) AND (category_id <= '9'::double precision) AND (category_id >= '5'::double precision))
                           Rows Removed by Filter: 11478
 Planning Time: 0.331 ms
 Execution Time: 956.414 ms
(26 rows)

                                                                   QUERY PLAN                                                                    
-------------------------------------------------------------------------------------------------------------------------------------------------
 Hash Join  (cost=104037.83..111946.91 rows=72508 width=244) (actual time=1432.548..1759.723 rows=424539 loops=1)
   Hash Cond: ((customer.customer_sk)::double precision = store_sales.customer_sk)
   ->  Seq Scan on customer  (cost=0.00..1727.00 rows=100000 width=28) (actual time=0.011..8.100 rows=100000 loops=1)
   ->  Hash  (cost=102127.58..102127.58 rows=45700 width=216) (actual time=1379.502..1379.505 rows=424539 loops=1)
         Buckets: 16384 (originally 16384)  Batches: 32 (originally 4)  Memory Usage: 3969kB
         ->  Hash Join  (cost=593.26..102127.58 rows=45700 width=216) (actual time=3.306..1033.899 rows=434795 loops=1)
               Hash Cond: (store_sales.item_sk = item.item_sk)
               ->  Hash Join  (cost=30.49..100746.68 rows=96301 width=164) (actual time=0.045..841.297 rows=918849 loops=1)
                     Hash Cond: (store_sales.store_sk = (store.store_sk)::double precision)
                     ->  Seq Scan on store_sales  (cost=0.00..85352.12 rows=2880212 width=132) (actual time=0.030..326.788 rows=2880404 loops=1)
                     ->  Hash  (cost=30.40..30.40 rows=7 width=32) (actual time=0.009..0.010 rows=5 loops=1)
                           Buckets: 1024  Batches: 1  Memory Usage: 9kB
                           ->  Seq Scan on store  (cost=0.00..30.40 rows=7 width=32) (actual time=0.005..0.007 rows=5 loops=1)
                                 Filter: ((company_id <= 226) AND (company_id >= 175))
                                 Rows Removed by Filter: 7
               ->  Hash  (cost=456.00..456.00 rows=8542 width=52) (actual time=3.239..3.239 rows=8542 loops=1)
                     Buckets: 16384  Batches: 1  Memory Usage: 862kB
                     ->  Seq Scan on item  (cost=0.00..456.00 rows=8542 width=52) (actual time=0.004..2.299 rows=8542 loops=1)
                           Filter: ((class_id <= '9'::double precision) AND (class_id >= '3'::double precision))
                           Rows Removed by Filter: 9458
 Planning Time: 0.256 ms
 Execution Time: 1775.266 ms
(22 rows)

                                                                   QUERY PLAN                                                                    
-------------------------------------------------------------------------------------------------------------------------------------------------
 Hash Join  (cost=789157.55..18123716.21 rows=1661561245 width=244) (actual time=1991.668..4118.492 rows=59516 loops=1)
   Hash Cond: ((store_sales.item_sk)::double precision = promotion.item_sk)
   ->  Merge Join  (cost=788245.76..1122881.00 rows=18709972 width=164) (actual time=1988.155..3848.368 rows=2750370 loops=1)
         Merge Cond: (((store.store_sk)::double precision) = store_sales.store_sk)
         ->  Sort  (cost=94.38..97.78 rows=1360 width=32) (actual time=0.012..0.018 rows=11 loops=1)
               Sort Key: ((store.store_sk)::double precision)
               Sort Method: quicksort  Memory: 25kB
               ->  Seq Scan on store  (cost=0.00..23.60 rows=1360 width=32) (actual time=0.003..0.005 rows=12 loops=1)
         ->  Materialize  (cost=788151.37..802552.43 rows=2880212 width=132) (actual time=1988.136..3133.582 rows=2750371 loops=1)
               ->  Sort  (cost=788151.37..795351.90 rows=2880212 width=132) (actual time=1988.132..2410.687 rows=2750371 loops=1)
                     Sort Key: store_sales.store_sk
                     Sort Method: external merge  Disk: 397328kB
                     ->  Seq Scan on store_sales  (cost=0.00..85352.12 rows=2880212 width=132) (actual time=0.027..317.370 rows=2880404 loops=1)
   ->  Hash  (cost=689.78..689.78 rows=17761 width=80) (actual time=3.350..3.352 rows=291 loops=1)
         Buckets: 32768  Batches: 1  Memory Usage: 291kB
         ->  Hash Join  (cost=11.18..689.78 rows=17761 width=80) (actual time=0.127..3.284 rows=291 loops=1)
               Hash Cond: ((item.item_sk)::double precision = promotion.item_sk)
               ->  Seq Scan on item  (cost=0.00..366.00 rows=18000 width=52) (actual time=0.010..1.368 rows=18000 loops=1)
               ->  Hash  (cost=7.50..7.50 rows=294 width=28) (actual time=0.107..0.107 rows=291 loops=1)
                     Buckets: 1024  Batches: 1  Memory Usage: 27kB
                     ->  Seq Scan on promotion  (cost=0.00..7.50 rows=294 width=28) (actual time=0.006..0.076 rows=294 loops=1)
                           Filter: ((cost <= '1000'::double precision) AND (cost >= '1000'::double precision))
                           Rows Removed by Filter: 6
 Planning Time: 0.317 ms
 Execution Time: 4241.441 ms
(25 rows)

                                                                                                                                                                                                                    QUERY PLAN                                                                                                                                                                                                                     
---------------------------------------------------------------------------------------------------------------------------------------------------------------------------------------------------------------------------------------------------------------------------------------------------------------------------------------------------------------------------------------------------------------------------------------------------
 Hash Join  (cost=145127.87..147868.29 rows=1342 width=244) (actual time=705.565..723.289 rows=924 loops=1)
   Hash Cond: ((customer.customer_sk)::double precision = store_sales.customer_sk)
   ->  Seq Scan on customer  (cost=0.00..1727.00 rows=100000 width=28) (actual time=0.010..7.110 rows=100000 loops=1)
   ->  Hash  (cost=145117.29..145117.29 rows=846 width=216) (actual time=705.534..705.537 rows=924 loops=1)
         Buckets: 1024  Batches: 1  Memory Usage: 239kB
         ->  Hash Join  (cost=593.81..145117.29 rows=846 width=216) (actual time=3.973..704.943 rows=926 loops=1)
               Hash Cond: (store_sales.wholesale_cost = item.wholesale_cost)
               ->  Hash Join  (cost=30.49..144003.72 rows=6374 width=164) (actual time=0.053..674.658 rows=274412 loops=1)
                     Hash Cond: (store_sales.store_sk = (store.store_sk)::double precision)
                     ->  Seq Scan on store_sales  (cost=0.00..142956.36 rows=190626 width=132) (actual time=0.038..599.365 rows=275273 loops=1)
                           Filter: ((ext_sales_price <= '6063.86'::double precision) AND (ext_sales_price >= '1858.03'::double precision) AND (ext_coupon_amt <= '0'::double precision) AND (ext_coupon_amt >= '0'::double precision) AND (net_paid_inc_tax <= '4211.72'::double precision) AND (net_paid_inc_tax >= '409.73'::double precision) AND (net_profit <= '1044.88'::double precision) AND (net_profit >= '-1335.17'::double precision))
                           Rows Removed by Filter: 2605131
                     ->  Hash  (cost=30.40..30.40 rows=7 width=32) (actual time=0.009..0.009 rows=12 loops=1)
                           Buckets: 1024  Batches: 1  Memory Usage: 9kB
                           ->  Seq Scan on store  (cost=0.00..30.40 rows=7 width=32) (actual time=0.003..0.006 rows=12 loops=1)
                                 Filter: ((devision_id <= 1) AND (devision_id >= 1))
               ->  Hash  (cost=546.00..546.00 rows=1386 width=52) (actual time=2.248..2.248 rows=1444 loops=1)
                     Buckets: 2048  Batches: 1  Memory Usage: 141kB
                     ->  Seq Scan on item  (cost=0.00..546.00 rows=1386 width=52) (actual time=0.004..2.088 rows=1444 loops=1)
                           Filter: ((current_price <= '13.11'::double precision) AND (current_price >= '6.76'::double precision) AND (class_id <= '11'::double precision) AND (class_id >= '4'::double precision))
                           Rows Removed by Filter: 16556
 Planning Time: 0.323 ms
 Execution Time: 723.373 ms
(23 rows)

                                                                                                                                                                      QUERY PLAN                                                                                                                                                                       
-------------------------------------------------------------------------------------------------------------------------------------------------------------------------------------------------------------------------------------------------------------------------------------------------------------------------------------------------------
 Merge Join  (cost=133553.25..133789.80 rows=12931 width=244) (actual time=563.097..564.089 rows=2689 loops=1)
   Merge Cond: (((store.store_sk)::double precision) = store_sales.store_sk)
   ->  Sort  (cost=94.38..97.78 rows=1360 width=32) (actual time=0.016..0.018 rows=11 loops=1)
         Sort Key: ((store.store_sk)::double precision)
         Sort Method: quicksort  Memory: 25kB
         ->  Seq Scan on store  (cost=0.00..23.60 rows=1360 width=32) (actual time=0.006..0.009 rows=12 loops=1)
   ->  Sort  (cost=133458.87..133463.84 rows=1991 width=212) (actual time=563.076..563.227 rows=2690 loops=1)
         Sort Key: store_sales.store_sk
         Sort Method: quicksort  Memory: 812kB
         ->  Hash Join  (cost=133113.14..133349.77 rows=1991 width=212) (actual time=551.099..562.018 rows=2694 loops=1)
               Hash Cond: (store_sales.item_sk = item.item_sk)
               ->  Merge Join  (cost=132522.14..132731.39 rows=1991 width=160) (actual time=547.324..557.099 rows=2694 loops=1)
                     Merge Cond: (store_sales.customer_sk = ((customer.customer_sk)::double precision))
                     ->  Sort  (cost=129862.06..129908.17 rows=18443 width=132) (actual time=537.090..542.070 rows=40167 loops=1)
                           Sort Key: store_sales.customer_sk
                           Sort Method: external merge  Disk: 5760kB
                           ->  Seq Scan on store_sales  (cost=0.00..128555.30 rows=18443 width=132) (actual time=0.030..509.851 rows=40425 loops=1)
                                 Filter: ((ext_wholesale_cost <= '4937.04'::double precision) AND (ext_wholesale_cost >= '4409.9'::double precision) AND (ext_list_price <= '10827.9'::double precision) AND (ext_list_price >= '5122.36'::double precision) AND (net_paid <= '2509.8'::double precision) AND (net_paid >= '20.52'::double precision))
                                 Rows Removed by Filter: 2839979
                     ->  Sort  (cost=2660.08..2677.08 rows=6803 width=28) (actual time=10.226..10.550 rows=7426 loops=1)
                           Sort Key: ((customer.customer_sk)::double precision)
                           Sort Method: quicksort  Memory: 725kB
                           ->  Seq Scan on customer  (cost=0.00..2227.00 rows=6803 width=28) (actual time=0.013..9.331 rows=6821 loops=1)
                                 Filter: ((birth_year <= '1965'::double precision) AND (birth_year >= '1961'::double precision))
                                 Rows Removed by Filter: 93179
               ->  Hash  (cost=366.00..366.00 rows=18000 width=52) (actual time=3.739..3.740 rows=18000 loops=1)
                     Buckets: 32768  Batches: 1  Memory Usage: 1801kB
                     ->  Seq Scan on item  (cost=0.00..366.00 rows=18000 width=52) (actual time=0.004..1.741 rows=18000 loops=1)
 Planning Time: 0.301 ms
 Execution Time: 565.307 ms
(30 rows)

                                                                                                    QUERY PLAN                                                                                                     
-------------------------------------------------------------------------------------------------------------------------------------------------------------------------------------------------------------------
 Hash Join  (cost=98730.52..101262.70 rows=3609 width=244) (actual time=570.164..590.389 rows=7684 loops=1)
   Hash Cond: ((customer.customer_sk)::double precision = store_sales.customer_sk)
   ->  Seq Scan on customer  (cost=0.00..2227.00 rows=53817 width=28) (actual time=0.007..10.994 rows=53976 loops=1)
         Filter: ((birth_day <= '24'::double precision) AND (birth_day >= '8'::double precision))
         Rows Removed by Filter: 46024
   ->  Hash  (cost=98677.68..98677.68 rows=4227 width=216) (actual time=570.127..570.130 rows=14298 loops=1)
         Buckets: 16384 (originally 8192)  Batches: 1 (originally 1)  Memory Usage: 3688kB
         ->  Hash Join  (cost=586.36..98677.68 rows=4227 width=216) (actual time=2.072..562.696 rows=14664 loops=1)
               Hash Cond: (store_sales.store_sk = (store.store_sk)::double precision)
               ->  Hash Join  (cost=555.88..97972.88 rows=126409 width=184) (actual time=2.062..555.841 rows=22850 loops=1)
                     Hash Cond: (store_sales.item_sk = item.item_sk)
                     ->  Seq Scan on store_sales  (cost=0.00..85352.12 rows=2880212 width=132) (actual time=0.028..312.949 rows=2880404 loops=1)
                     ->  Hash  (cost=546.00..546.00 rows=790 width=52) (actual time=2.011..2.011 rows=219 loops=1)
                           Buckets: 1024  Batches: 1  Memory Usage: 27kB
                           ->  Seq Scan on item  (cost=0.00..546.00 rows=790 width=52) (actual time=0.009..1.987 rows=219 loops=1)
                                 Filter: ((brand_id <= '5004001'::double precision) AND (brand_id >= '2002002'::double precision) AND (class_id <= '9'::double precision) AND (class_id >= '6'::double precision))
                                 Rows Removed by Filter: 17781
               ->  Hash  (cost=30.40..30.40 rows=7 width=32) (actual time=0.006..0.007 rows=7 loops=1)
                     Buckets: 1024  Batches: 1  Memory Usage: 9kB
                     ->  Seq Scan on store  (cost=0.00..30.40 rows=7 width=32) (actual time=0.002..0.004 rows=7 loops=1)
                           Filter: ((tax_percentage <= '0.06'::double precision) AND (tax_percentage >= '0.03'::double precision))
                           Rows Removed by Filter: 5
 Planning Time: 0.268 ms
 Execution Time: 590.714 ms
(24 rows)

                                                                                                                                                                                                                                                         QUERY PLAN                                                                                                                                                                                                                                                          
-----------------------------------------------------------------------------------------------------------------------------------------------------------------------------------------------------------------------------------------------------------------------------------------------------------------------------------------------------------------------------------------------------------------------------------------------------------------------------------------------------------------------------
 Hash Join  (cost=163377.13..163733.55 rows=1410 width=240) (actual time=653.456..660.623 rows=5 loops=1)
   Hash Cond: ((store_sales.item_sk)::double precision = promotion.item_sk)
   ->  Merge Join  (cost=163367.38..163699.20 rows=1400 width=212) (actual time=653.108..660.494 rows=363 loops=1)
         Merge Cond: (store_sales.customer_sk = ((customer.customer_sk)::double precision))
         ->  Sort  (cost=158067.78..158073.27 rows=2196 width=184) (actual time=625.190..625.287 rows=920 loops=1)
               Sort Key: store_sales.customer_sk
               Sort Method: quicksort  Memory: 269kB
               ->  Hash Join  (cost=545.90..157945.89 rows=2196 width=184) (actual time=3.361..624.571 rows=921 loops=1)
                     Hash Cond: (store_sales.item_sk = item.item_sk)
                     ->  Seq Scan on store_sales  (cost=0.00..157357.42 rows=5496 width=132) (actual time=0.347..620.461 rows=2250 loops=1)
                           Filter: ((ext_discount_amt <= '123.24'::double precision) AND (ext_discount_amt >= '-1'::double precision) AND (ext_list_price <= '4929.6'::double precision) AND (ext_list_price >= '1769.46'::double precision) AND (ext_tax <= '44.48'::double precision) AND (ext_tax >= '0.44'::double precision) AND (net_paid <= '1779.96'::double precision) AND (net_paid >= '307.56'::double precision) AND (net_profit <= '-74.52'::double precision) AND (net_profit >= '-139.67'::double precision))
                           Rows Removed by Filter: 2878154
                     ->  Hash  (cost=456.00..456.00 rows=7192 width=52) (actual time=3.004..3.004 rows=7192 loops=1)
                           Buckets: 8192  Batches: 1  Memory Usage: 682kB
                           ->  Seq Scan on item  (cost=0.00..456.00 rows=7192 width=52) (actual time=0.003..2.250 rows=7192 loops=1)
                                 Filter: ((category_id <= '8'::double precision) AND (category_id >= '5'::double precision))
                                 Rows Removed by Filter: 10808
         ->  Sort  (cost=5299.60..5400.05 rows=40180 width=28) (actual time=27.900..31.522 rows=40528 loops=1)
               Sort Key: ((customer.customer_sk)::double precision)
               Sort Method: external sort  Disk: 2136kB
               ->  Seq Scan on customer  (cost=0.00..2227.00 rows=40180 width=28) (actual time=0.014..12.041 rows=40593 loops=1)
                     Filter: ((birth_month <= '8'::double precision) AND (birth_month >= '4'::double precision))
                     Rows Removed by Filter: 59407
   ->  Hash  (cost=6.00..6.00 rows=300 width=28) (actual time=0.063..0.063 rows=293 loops=1)
         Buckets: 1024  Batches: 1  Memory Usage: 27kB
         ->  Seq Scan on promotion  (cost=0.00..6.00 rows=300 width=28) (actual time=0.006..0.028 rows=300 loops=1)
 Planning Time: 0.340 ms
 Execution Time: 661.037 ms
(28 rows)

                                                                                                                                                                                                   QUERY PLAN                                                                                                                                                                                                    
-----------------------------------------------------------------------------------------------------------------------------------------------------------------------------------------------------------------------------------------------------------------------------------------------------------------------------------------------------------------------------------------------------------------
 Hash Join  (cost=144004.15..146463.10 rows=25 width=244) (actual time=804.136..848.860 rows=719 loops=1)
   Hash Cond: (store_sales.item_sk = item.item_sk)
   ->  Hash Join  (cost=143426.82..145884.86 rows=177 width=192) (actual time=769.668..845.344 rows=5055 loops=1)
         Hash Cond: ((customer.customer_sk)::double precision = store_sales.customer_sk)
         ->  Seq Scan on customer  (cost=0.00..2227.00 rows=4367 width=28) (actual time=0.006..10.562 rows=4306 loops=1)
               Filter: ((birth_year <= '1978'::double precision) AND (birth_year >= '1976'::double precision))
               Rows Removed by Filter: 95694
         ->  Hash  (cost=143394.86..143394.86 rows=2557 width=164) (actual time=769.652..769.654 rows=118046 loops=1)
               Buckets: 32768 (originally 4096)  Batches: 8 (originally 1)  Memory Usage: 3841kB
               ->  Hash Join  (cost=30.49..143394.86 rows=2557 width=164) (actual time=0.046..687.637 rows=118236 loops=1)
                     Hash Cond: (store_sales.store_sk = (store.store_sk)::double precision)
                     ->  Seq Scan on store_sales  (cost=0.00..142956.36 rows=76489 width=132) (actual time=0.034..646.687 rows=118597 loops=1)
                           Filter: ((sales_price <= '67.44'::double precision) AND (sales_price >= '-1'::double precision) AND (ext_list_price <= '9455.4'::double precision) AND (ext_list_price >= '818.46'::double precision) AND (ext_tax <= '25.21'::double precision) AND (ext_tax >= '8.1'::double precision) AND (net_paid <= '1963.44'::double precision) AND (net_paid >= '537.39'::double precision))
                           Rows Removed by Filter: 2761807
                     ->  Hash  (cost=30.40..30.40 rows=7 width=32) (actual time=0.007..0.008 rows=12 loops=1)
                           Buckets: 1024  Batches: 1  Memory Usage: 9kB
                           ->  Seq Scan on store  (cost=0.00..30.40 rows=7 width=32) (actual time=0.002..0.005 rows=12 loops=1)
                                 Filter: ((devision_id <= 1) AND (devision_id >= 1))
   ->  Hash  (cost=546.00..546.00 rows=2506 width=52) (actual time=2.534..2.535 rows=2511 loops=1)
         Buckets: 4096  Batches: 1  Memory Usage: 248kB
         ->  Seq Scan on item  (cost=0.00..546.00 rows=2506 width=52) (actual time=0.008..2.280 rows=2511 loops=1)
               Filter: ((class_id <= '4'::double precision) AND (class_id >= '2'::double precision) AND (manufact_id <= '295'::double precision) AND (manufact_id >= '134'::double precision))
               Rows Removed by Filter: 15489
 Planning Time: 0.354 ms
 Execution Time: 848.935 ms
(25 rows)

                                                                                                                                                                                                                                            QUERY PLAN                                                                                                                                                                                                                                             
---------------------------------------------------------------------------------------------------------------------------------------------------------------------------------------------------------------------------------------------------------------------------------------------------------------------------------------------------------------------------------------------------------------------------------------------------------------------------------------------------
 Nested Loop  (cost=11.18..159597.95 rows=5 width=244) (actual time=569.234..574.563 rows=2 loops=1)
   Join Filter: (store_sales.item_sk = item.item_sk)
   Rows Removed by Join Filter: 34942
   ->  Hash Join  (cost=11.18..600.09 rows=2438 width=80) (actual time=0.255..2.395 rows=42 loops=1)
         Hash Cond: ((item.item_sk)::double precision = promotion.item_sk)
         ->  Seq Scan on item  (cost=0.00..546.00 rows=2471 width=52) (actual time=0.011..2.066 rows=2461 loops=1)
               Filter: ((current_price <= '5.94'::double precision) AND (current_price >= '3.78'::double precision) AND (manufact_id <= '494'::double precision) AND (manufact_id >= '40'::double precision))
               Rows Removed by Filter: 15539
         ->  Hash  (cost=7.50..7.50 rows=294 width=28) (actual time=0.073..0.073 rows=291 loops=1)
               Buckets: 1024  Batches: 1  Memory Usage: 27kB
               ->  Seq Scan on promotion  (cost=0.00..7.50 rows=294 width=28) (actual time=0.006..0.044 rows=294 loops=1)
                     Filter: ((cost <= '1000'::double precision) AND (cost >= '1000'::double precision))
                     Rows Removed by Filter: 6
   ->  Materialize  (cost=0.00..157535.16 rows=40 width=164) (actual time=0.019..13.569 rows=832 loops=42)
         ->  Nested Loop  (cost=0.00..157534.96 rows=40 width=164) (actual time=0.804..567.665 rows=832 loops=1)
               Join Filter: (store_sales.store_sk = (store.store_sk)::double precision)
               Rows Removed by Join Filter: 9110
               ->  Seq Scan on store_sales  (cost=0.00..157357.42 rows=1201 width=132) (actual time=0.664..565.675 rows=1657 loops=1)
                     Filter: ((quantity <= '36'::double precision) AND (quantity >= '14'::double precision) AND (ext_tax <= '336.23'::double precision) AND (ext_tax >= '48.77'::double precision) AND (net_paid <= '758.13'::double precision) AND (net_paid >= '426.5'::double precision) AND (net_paid_inc_tax <= '1953.76'::double precision) AND (net_paid_inc_tax >= '340.57'::double precision) AND (net_profit <= '-1'::double precision) AND (net_profit >= '-175.98'::double precision))
                     Rows Removed by Filter: 2878747
               ->  Materialize  (cost=0.00..30.43 rows=7 width=32) (actual time=0.000..0.000 rows=6 loops=1657)
                     ->  Seq Scan on store  (cost=0.00..30.40 rows=7 width=32) (actual time=0.003..0.004 rows=6 loops=1)
                           Filter: ((floor_space <= 9026222) AND (floor_space >= 5285950))
                           Rows Removed by Filter: 6
 Planning Time: 0.340 ms
 Execution Time: 574.619 ms
(26 rows)

                                                                                                                                                                                                                                                                                                 QUERY PLAN                                                                                                                                                                                                                                                                                                 
------------------------------------------------------------------------------------------------------------------------------------------------------------------------------------------------------------------------------------------------------------------------------------------------------------------------------------------------------------------------------------------------------------------------------------------------------------------------------------------------------------------------------------------------------------------------------------------------------------
 Nested Loop  (cost=2425.88..175477.25 rows=5 width=244) (actual time=2618.948..3347.585 rows=86 loops=1)
   Join Filter: (store_sales.wholesale_cost = item.wholesale_cost)
   Rows Removed by Join Filter: 5831914
   ->  Seq Scan on item  (cost=0.00..366.00 rows=18000 width=52) (actual time=0.007..2.061 rows=18000 loops=1)
   ->  Materialize  (cost=2425.88..174301.26 rows=3 width=192) (actual time=0.001..0.159 rows=324 loops=18000)
         ->  Hash Join  (cost=2425.88..174301.24 rows=3 width=192) (actual time=14.890..2606.160 rows=324 loops=1)
               Hash Cond: (store_sales.customer_sk = (customer.customer_sk)::double precision)
               ->  Nested Loop  (cost=0.00..171831.56 rows=11 width=164) (actual time=0.432..2593.176 rows=2117 loops=1)
                     Join Filter: (store_sales.store_sk = (store.store_sk)::double precision)
                     Rows Removed by Join Filter: 19008
                     ->  Seq Scan on store  (cost=0.00..37.20 rows=1 width=32) (actual time=0.003..0.010 rows=5 loops=1)
                           Filter: ((number_employees <= 278) AND (number_employees >= 236) AND (devision_id <= 1) AND (devision_id >= 1))
                           Rows Removed by Filter: 7
                     ->  Seq Scan on store_sales  (cost=0.00..171758.48 rows=2392 width=132) (actual time=0.229..518.055 rows=4225 loops=5)
                           Filter: ((quantity <= '52'::double precision) AND (quantity >= '39'::double precision) AND (sales_price <= '32.7'::double precision) AND (sales_price >= '5.05'::double precision) AND (ext_discount_amt <= '0'::double precision) AND (ext_discount_amt >= '0'::double precision) AND (ext_wholesale_cost <= '1996.52'::double precision) AND (ext_wholesale_cost >= '1439.1'::double precision) AND (ext_tax <= '279.38'::double precision) AND (ext_tax >= '0'::double precision) AND (net_paid <= '3568.5'::double precision) AND (net_paid >= '1188.89'::double precision))
                           Rows Removed by Filter: 2876179
               ->  Hash  (cost=2227.00..2227.00 rows=15910 width=28) (actual time=12.039..12.040 rows=16218 loops=1)
                     Buckets: 16384  Batches: 1  Memory Usage: 1138kB
                     ->  Seq Scan on customer  (cost=0.00..2227.00 rows=15910 width=28) (actual time=0.006..10.179 rows=16218 loops=1)
                           Filter: ((birth_month <= '5'::double precision) AND (birth_month >= '4'::double precision))
                           Rows Removed by Filter: 83782
 Planning Time: 0.393 ms
 Execution Time: 3347.656 ms
(23 rows)

                                                                                                                                                                                                                                                                                                        QUERY PLAN                                                                                                                                                                                                                                                                                                        
--------------------------------------------------------------------------------------------------------------------------------------------------------------------------------------------------------------------------------------------------------------------------------------------------------------------------------------------------------------------------------------------------------------------------------------------------------------------------------------------------------------------------------------------------------------------------------------------------------------------------
 Hash Join  (cost=4253.74..183662.83 rows=2605 width=244) (actual time=30.036..526.704 rows=153 loops=1)
   Hash Cond: (store_sales.store_sk = (store.store_sk)::double precision)
   ->  Hash Join  (cost=4213.14..183458.84 rows=401 width=212) (actual time=30.019..526.616 rows=153 loops=1)
         Hash Cond: (store_sales.customer_sk = (customer.customer_sk)::double precision)
         ->  Hash Join  (cost=552.14..172770.19 rows=253 width=184) (actual time=4.198..493.598 rows=153 loops=1)
               Hash Cond: (store_sales.wholesale_cost = item.wholesale_cost)
               ->  Seq Scan on store_sales  (cost=0.00..171758.48 rows=5377 width=132) (actual time=0.034..489.569 rows=14781 loops=1)
                     Filter: ((sales_price <= '8.18'::double precision) AND (sales_price >= '4.78'::double precision) AND (ext_discount_amt <= '0'::double precision) AND (ext_discount_amt >= '0'::double precision) AND (ext_sales_price <= '2358.72'::double precision) AND (ext_sales_price >= '-1'::double precision) AND (ext_list_price <= '9021.26'::double precision) AND (ext_list_price >= '1757.39'::double precision) AND (ext_tax <= '15.69'::double precision) AND (ext_tax >= '6.19'::double precision) AND (ext_coupon_amt <= '146.71'::double precision) AND (ext_coupon_amt >= '0'::double precision))
                     Rows Removed by Filter: 2865623
               ->  Hash  (cost=546.00..546.00 rows=491 width=52) (actual time=1.900..1.901 rows=803 loops=1)
                     Buckets: 1024  Batches: 1  Memory Usage: 77kB
                     ->  Seq Scan on item  (cost=0.00..546.00 rows=491 width=52) (actual time=0.003..1.819 rows=804 loops=1)
                           Filter: ((brand_id <= '5003002'::double precision) AND (brand_id >= '4001001'::double precision) AND (class_id <= '3'::double precision) AND (class_id >= '3'::double precision))
                           Rows Removed by Filter: 17196
         ->  Hash  (cost=1727.00..1727.00 rows=100000 width=28) (actual time=25.759..25.760 rows=100000 loops=1)
               Buckets: 65536  Batches: 2  Memory Usage: 3592kB
               ->  Seq Scan on customer  (cost=0.00..1727.00 rows=100000 width=28) (actual time=0.004..8.220 rows=100000 loops=1)
   ->  Hash  (cost=23.60..23.60 rows=1360 width=32) (actual time=0.010..0.011 rows=12 loops=1)
         Buckets: 2048  Batches: 1  Memory Usage: 17kB
         ->  Seq Scan on store  (cost=0.00..23.60 rows=1360 width=32) (actual time=0.004..0.006 rows=12 loops=1)
 Planning Time: 0.414 ms
 Execution Time: 526.773 ms
(22 rows)

                                                                                                                                                                   QUERY PLAN                                                                                                                                                                    
-------------------------------------------------------------------------------------------------------------------------------------------------------------------------------------------------------------------------------------------------------------------------------------------------------------------------------------------------
 Merge Join  (cost=181141.32..195645.64 rows=810414 width=244) (actual time=724.057..729.783 rows=11454 loops=1)
   Merge Cond: (((store.store_sk)::double precision) = store_sales.store_sk)
   ->  Sort  (cost=94.38..97.78 rows=1360 width=32) (actual time=0.017..0.019 rows=11 loops=1)
         Sort Key: ((store.store_sk)::double precision)
         Sort Method: quicksort  Memory: 25kB
         ->  Seq Scan on store  (cost=0.00..23.60 rows=1360 width=32) (actual time=0.007..0.010 rows=12 loops=1)
   ->  Materialize  (cost=181046.94..181670.71 rows=124755 width=212) (actual time=724.036..726.110 rows=11455 loops=1)
         ->  Sort  (cost=181046.94..181358.82 rows=124755 width=212) (actual time=724.034..724.603 rows=11455 loops=1)
               Sort Key: store_sales.store_sk
               Sort Method: quicksort  Memory: 3379kB
               ->  Hash Join  (cost=148226.03..157694.71 rows=124755 width=212) (actual time=660.613..719.197 rows=11470 loops=1)
                     Hash Cond: (store_sales.wholesale_cost = item.wholesale_cost)
                     ->  Merge Join  (cost=147635.03..149701.41 rows=72409 width=160) (actual time=656.915..709.094 rows=33403 loops=1)
                           Merge Cond: (store_sales.customer_sk = ((customer.customer_sk)::double precision))
                           ->  Sort  (cost=135209.21..135323.31 rows=45638 width=132) (actual time=613.757..619.332 rows=33404 loops=1)
                                 Sort Key: store_sales.customer_sk
                                 Sort Method: external merge  Disk: 4792kB
                                 ->  Seq Scan on store_sales  (cost=0.00..128555.30 rows=45638 width=132) (actual time=0.057..590.484 rows=33593 loops=1)
                                       Filter: ((ext_discount_amt <= '0'::double precision) AND (ext_discount_amt >= '0'::double precision) AND (ext_sales_price <= '1258.47'::double precision) AND (ext_sales_price >= '601.46'::double precision) AND (net_profit <= '-1'::double precision) AND (net_profit >= '-142.28'::double precision))
                                       Rows Removed by Filter: 2846811
                           ->  Materialize  (cost=12425.82..12925.82 rows=100000 width=28) (actual time=43.149..66.653 rows=106485 loops=1)
                                 ->  Sort  (cost=12425.82..12675.82 rows=100000 width=28) (actual time=43.144..54.374 rows=100000 loops=1)
                                       Sort Key: ((customer.customer_sk)::double precision)
                                       Sort Method: external merge  Disk: 4824kB
                                       ->  Seq Scan on customer  (cost=0.00..1727.00 rows=100000 width=28) (actual time=0.011..12.309 rows=100000 loops=1)
                     ->  Hash  (cost=366.00..366.00 rows=18000 width=52) (actual time=3.666..3.666 rows=17954 loops=1)
                           Buckets: 32768  Batches: 1  Memory Usage: 1799kB
                           ->  Seq Scan on item  (cost=0.00..366.00 rows=18000 width=52) (actual time=0.018..1.375 rows=18000 loops=1)
 Planning Time: 0.335 ms
 Execution Time: 732.460 ms
(30 rows)

                                                                                                                    QUERY PLAN                                                                                                                     
---------------------------------------------------------------------------------------------------------------------------------------------------------------------------------------------------------------------------------------------------
 Hash Join  (cost=134398.88..336889.65 rows=12891577 width=244) (actual time=752.903..801.891 rows=82216 loops=1)
   Hash Cond: ((item.item_sk)::double precision = promotion.item_sk)
   ->  Seq Scan on item  (cost=0.00..366.00 rows=18000 width=52) (actual time=0.009..1.684 rows=18000 loops=1)
   ->  Hash  (cost=126104.47..126104.47 rows=213393 width=192) (actual time=724.421..724.425 rows=82216 loops=1)
         Buckets: 32768  Batches: 16  Memory Usage: 1596kB
         ->  Merge Join  (cost=122277.73..126104.47 rows=213393 width=192) (actual time=583.798..635.609 rows=82761 loops=1)
               Merge Cond: (((store.store_sk)::double precision) = store_sales.store_sk)
               ->  Sort  (cost=94.38..97.78 rows=1360 width=32) (actual time=0.012..0.015 rows=11 loops=1)
                     Sort Key: ((store.store_sk)::double precision)
                     Sort Method: quicksort  Memory: 25kB
                     ->  Seq Scan on store  (cost=0.00..23.60 rows=1360 width=32) (actual time=0.005..0.007 rows=12 loops=1)
               ->  Materialize  (cost=122183.34..122347.59 rows=32850 width=160) (actual time=583.779..610.653 rows=82762 loops=1)
                     ->  Sort  (cost=122183.34..122265.47 rows=32850 width=160) (actual time=583.777..598.958 rows=82762 loops=1)
                           Sort Key: store_sales.store_sk
                           Sort Method: external merge  Disk: 14472kB
                           ->  Hash Join  (cost=11.16..117136.00 rows=32850 width=160) (actual time=0.157..529.816 rows=83244 loops=1)
                                 Hash Cond: (store_sales.promo_sk = (promotion.promo_sk)::double precision)
                                 ->  Seq Scan on store_sales  (cost=0.00..114154.24 rows=35228 width=132) (actual time=0.033..504.350 rows=86276 loops=1)
                                       Filter: ((sales_price <= '10.27'::double precision) AND (sales_price >= '7.57'::double precision) AND (net_paid_inc_tax <= '798.9'::double precision) AND (net_paid_inc_tax >= '191.89'::double precision))
                                       Rows Removed by Filter: 2794128
                                 ->  Hash  (cost=7.50..7.50 rows=293 width=28) (actual time=0.119..0.120 rows=293 loops=1)
                                       Buckets: 1024  Batches: 1  Memory Usage: 27kB
                                       ->  Seq Scan on promotion  (cost=0.00..7.50 rows=293 width=28) (actual time=0.006..0.080 rows=293 loops=1)
                                             Filter: ((response_target <= '1'::double precision) AND (response_target >= '1'::double precision))
                                             Rows Removed by Filter: 7
 Planning Time: 0.316 ms
 Execution Time: 808.076 ms
(27 rows)

                                                                                                                                                                                                                                                                                                           QUERY PLAN                                                                                                                                                                                                                                                                                                            
---------------------------------------------------------------------------------------------------------------------------------------------------------------------------------------------------------------------------------------------------------------------------------------------------------------------------------------------------------------------------------------------------------------------------------------------------------------------------------------------------------------------------------------------------------------------------------------------------------------------------------
 Hash Join  (cost=172969.97..176449.03 rows=206 width=244) (actual time=582.443..582.446 rows=0 loops=1)
   Hash Cond: ((customer.customer_sk)::double precision = store_sales.customer_sk)
   ->  Seq Scan on customer  (cost=0.00..1727.00 rows=100000 width=28) (actual time=0.009..0.010 rows=1 loops=1)
   ->  Hash  (cost=172968.34..172968.34 rows=130 width=216) (actual time=582.428..582.431 rows=0 loops=1)
         Buckets: 1024  Batches: 1  Memory Usage: 8kB
         ->  Nested Loop  (cost=615.46..172968.34 rows=130 width=216) (actual time=582.428..582.430 rows=0 loops=1)
               Join Filter: (store_sales.store_sk = (store.store_sk)::double precision)
               ->  Hash Join  (cost=615.46..172460.30 rows=3899 width=184) (actual time=582.427..582.429 rows=0 loops=1)
                     Hash Cond: (store_sales.item_sk = item.item_sk)
                     ->  Seq Scan on store_sales  (cost=0.00..171758.48 rows=12631 width=132) (actual time=582.426..582.427 rows=0 loops=1)
                           Filter: ((list_price <= '184.43'::double precision) AND (list_price >= '65.26'::double precision) AND (ext_wholesale_cost <= '3814.8'::double precision) AND (ext_wholesale_cost >= '1858.14'::double precision) AND (ext_list_price <= '495.2'::double precision) AND (ext_list_price >= '-1'::double precision) AND (ext_tax <= '51.17'::double precision) AND (ext_tax >= '0'::double precision) AND (ext_coupon_amt <= '201.13'::double precision) AND (ext_coupon_amt >= '0'::double precision) AND (net_profit <= '1399.95'::double precision) AND (net_profit >= '-746.87'::double precision))
                           Rows Removed by Filter: 2880404
                     ->  Hash  (cost=546.00..546.00 rows=5557 width=52) (never executed)
                           ->  Seq Scan on item  (cost=0.00..546.00 rows=5557 width=52) (never executed)
                                 Filter: ((class_id <= '5'::double precision) AND (class_id >= '2'::double precision) AND (manufact_id <= '532'::double precision) AND (manufact_id >= '95'::double precision))
               ->  Materialize  (cost=0.00..30.43 rows=7 width=32) (never executed)
                     ->  Seq Scan on store  (cost=0.00..30.40 rows=7 width=32) (never executed)
                           Filter: ((market_id <= 9) AND (market_id >= 2))
 Planning Time: 0.357 ms
 Execution Time: 582.508 ms
(20 rows)

                                                                                                        QUERY PLAN                                                                                                         
---------------------------------------------------------------------------------------------------------------------------------------------------------------------------------------------------------------------------
 Hash Join  (cost=962.55..104103.20 rows=155230 width=244) (actual time=3.608..514.476 rows=3717 loops=1)
   Hash Cond: ((store_sales.item_sk)::double precision = promotion.item_sk)
   ->  Hash Join  (cost=44.01..101607.35 rows=1713 width=164) (actual time=0.052..492.510 rows=172411 loops=1)
         Hash Cond: (store_sales.store_sk = (store.store_sk)::double precision)
         ->  Seq Scan on store_sales  (cost=0.00..99753.18 rows=358606 width=132) (actual time=0.033..423.205 rows=353603 loops=1)
               Filter: ((sales_price <= '14.48'::double precision) AND (sales_price >= '7.32'::double precision))
               Rows Removed by Filter: 2526801
         ->  Hash  (cost=44.00..44.00 rows=1 width=32) (actual time=0.008..0.009 rows=4 loops=1)
               Buckets: 1024  Batches: 1  Memory Usage: 9kB
               ->  Seq Scan on store  (cost=0.00..44.00 rows=1 width=32) (actual time=0.003..0.006 rows=4 loops=1)
                     Filter: ((devision_id <= 1) AND (devision_id >= 1) AND (company_id <= 811) AND (company_id >= 226) AND (tax_percentage <= '0.03'::double precision) AND (tax_percentage >= '0.01'::double precision))
                     Rows Removed by Filter: 8
   ->  Hash  (cost=691.99..691.99 rows=18124 width=80) (actual time=3.473..3.475 rows=293 loops=1)
         Buckets: 32768  Batches: 1  Memory Usage: 291kB
         ->  Hash Join  (cost=9.75..691.99 rows=18124 width=80) (actual time=0.116..3.408 rows=293 loops=1)
               Hash Cond: ((item.item_sk)::double precision = promotion.item_sk)
               ->  Seq Scan on item  (cost=0.00..366.00 rows=18000 width=52) (actual time=0.004..1.452 rows=18000 loops=1)
               ->  Hash  (cost=6.00..6.00 rows=300 width=28) (actual time=0.101..0.101 rows=293 loops=1)
                     Buckets: 1024  Batches: 1  Memory Usage: 27kB
                     ->  Seq Scan on promotion  (cost=0.00..6.00 rows=300 width=28) (actual time=0.005..0.032 rows=300 loops=1)
 Planning Time: 0.286 ms
 Execution Time: 514.740 ms
(22 rows)

                                                                                                                 QUERY PLAN                                                                                                                  
---------------------------------------------------------------------------------------------------------------------------------------------------------------------------------------------------------------------------------------------
 Hash Join  (cost=138188.35..144239.94 rows=106677 width=240) (actual time=589.507..670.410 rows=1653 loops=1)
   Hash Cond: (store_sales.item_sk = item.item_sk)
   ->  Hash Join  (cost=137597.35..142182.13 rows=106677 width=188) (actual time=585.703..665.978 rows=1653 loops=1)
         Hash Cond: ((store_sales.item_sk)::double precision = promotion.item_sk)
         ->  Merge Join  (cost=137586.18..140293.35 rows=108111 width=160) (actual time=585.620..658.603 rows=79158 loops=1)
               Merge Cond: (((customer.customer_sk)::double precision) = store_sales.customer_sk)
               ->  Sort  (cost=10712.53..10913.71 rows=80473 width=28) (actual time=34.171..42.780 rows=80785 loops=1)
                     Sort Key: ((customer.customer_sk)::double precision)
                     Sort Method: external merge  Disk: 3944kB
                     ->  Seq Scan on customer  (cost=0.00..2227.00 rows=80473 width=28) (actual time=0.005..14.887 rows=80785 loops=1)
                           Filter: ((birth_month <= '10'::double precision) AND (birth_month >= '1'::double precision))
                           Rows Removed by Filter: 19215
               ->  Materialize  (cost=126873.65..127297.02 rows=84674 width=132) (actual time=551.438..581.279 rows=97704 loops=1)
                     ->  Sort  (cost=126873.65..127085.34 rows=84674 width=132) (actual time=551.434..569.144 rows=97704 loops=1)
                           Sort Key: store_sales.customer_sk
                           Sort Method: external merge  Disk: 14032kB
                           ->  Seq Scan on store_sales  (cost=0.00..114154.24 rows=84674 width=132) (actual time=0.040..494.705 rows=98922 loops=1)
                                 Filter: ((ext_wholesale_cost <= '5009.81'::double precision) AND (ext_wholesale_cost >= '3897.2'::double precision) AND (ext_tax <= '160.28'::double precision) AND (ext_tax >= '28.82'::double precision))
                                 Rows Removed by Filter: 2781482
         ->  Hash  (cost=7.50..7.50 rows=294 width=28) (actual time=0.072..0.073 rows=291 loops=1)
               Buckets: 1024  Batches: 1  Memory Usage: 27kB
               ->  Seq Scan on promotion  (cost=0.00..7.50 rows=294 width=28) (actual time=0.006..0.043 rows=294 loops=1)
                     Filter: ((cost <= '1000'::double precision) AND (cost >= '1000'::double precision))
                     Rows Removed by Filter: 6
   ->  Hash  (cost=366.00..366.00 rows=18000 width=52) (actual time=3.780..3.781 rows=18000 loops=1)
         Buckets: 32768  Batches: 1  Memory Usage: 1801kB
         ->  Seq Scan on item  (cost=0.00..366.00 rows=18000 width=52) (actual time=0.006..1.767 rows=18000 loops=1)
 Planning Time: 0.346 ms
 Execution Time: 673.743 ms
(29 rows)

                                                                                                                                                              QUERY PLAN                                                                                                                                                               
---------------------------------------------------------------------------------------------------------------------------------------------------------------------------------------------------------------------------------------------------------------------------------------------------------------------------------------
 Hash Join  (cost=131165.90..136997.05 rows=15585 width=244) (actual time=887.806..1044.986 rows=16753 loops=1)
   Hash Cond: (store_sales.wholesale_cost = item.wholesale_cost)
   ->  Hash Join  (cost=130574.90..135481.29 rows=9046 width=192) (actual time=876.042..1023.842 rows=129327 loops=1)
         Hash Cond: ((customer.customer_sk)::double precision = store_sales.customer_sk)
         ->  Seq Scan on customer  (cost=0.00..2227.00 rows=49313 width=28) (actual time=0.006..12.809 rows=48934 loops=1)
               Filter: ((birth_year <= '1966'::double precision) AND (birth_year >= '1932'::double precision))
               Rows Removed by Filter: 51066
         ->  Hash  (cost=130430.38..130430.38 rows=11562 width=164) (actual time=854.893..854.895 rows=262265 loops=1)
               Buckets: 32768 (originally 16384)  Batches: 16 (originally 1)  Memory Usage: 3841kB
               ->  Hash Join  (cost=30.49..130430.38 rows=11562 width=164) (actual time=0.044..670.042 rows=263081 loops=1)
                     Hash Cond: (store_sales.store_sk = (store.store_sk)::double precision)
                     ->  Seq Scan on store_sales  (cost=0.00..128555.30 rows=345794 width=132) (actual time=0.034..585.298 rows=317643 loops=1)
                           Filter: ((ext_list_price <= '9112.96'::double precision) AND (ext_list_price >= '4089.58'::double precision) AND (ext_tax <= '88.75'::double precision) AND (ext_tax >= '-1'::double precision) AND (net_paid_inc_tax <= '5654.96'::double precision) AND (net_paid_inc_tax >= '275.32'::double precision))
                           Rows Removed by Filter: 2562761
                     ->  Hash  (cost=30.40..30.40 rows=7 width=32) (actual time=0.006..0.006 rows=11 loops=1)
                           Buckets: 1024  Batches: 1  Memory Usage: 9kB
                           ->  Seq Scan on store  (cost=0.00..30.40 rows=7 width=32) (actual time=0.002..0.004 rows=11 loops=1)
                                 Filter: ((number_employees <= 294) AND (number_employees >= 218))
                                 Rows Removed by Filter: 1
   ->  Hash  (cost=366.00..366.00 rows=18000 width=52) (actual time=3.642..3.643 rows=17954 loops=1)
         Buckets: 32768  Batches: 1  Memory Usage: 1799kB
         ->  Seq Scan on item  (cost=0.00..366.00 rows=18000 width=52) (actual time=0.009..1.593 rows=18000 loops=1)
 Planning Time: 0.328 ms
 Execution Time: 1045.664 ms
(24 rows)

                                                                      QUERY PLAN                                                                       
-------------------------------------------------------------------------------------------------------------------------------------------------------
 Hash Join  (cost=409450.20..653434.94 rows=3913174 width=240) (actual time=7818.665..9926.663 rows=2409528 loops=1)
   Hash Cond: ((customer.customer_sk)::double precision = store_sales.customer_sk)
   ->  Seq Scan on customer  (cost=0.00..1727.00 rows=100000 width=28) (actual time=0.012..15.263 rows=100000 loops=1)
   ->  Hash  (cost=306362.43..306362.43 rows=2466382 width=212) (actual time=7818.607..7818.614 rows=2409528 loops=1)
         Buckets: 16384  Batches: 256  Memory Usage: 2793kB
         ->  Hash Join  (cost=178267.57..306362.43 rows=2466382 width=212) (actual time=1747.924..5889.479 rows=2467962 loops=1)
               Hash Cond: (store_sales.item_sk = item.item_sk)
               ->  Hash Join  (cost=177609.77..270728.57 rows=2749930 width=160) (actual time=1743.366..4988.132 rows=2750920 loops=1)
                     Hash Cond: ((promotion.promo_sk)::double precision = store_sales.promo_sk)
                     ->  Seq Scan on promotion  (cost=0.00..6.00 rows=300 width=28) (actual time=0.006..0.083 rows=300 loops=1)
                     ->  Hash  (cost=85352.12..85352.12 rows=2880212 width=132) (actual time=1743.329..1743.331 rows=2750920 loops=1)
                           Buckets: 32768 (originally 32768)  Batches: 2048 (originally 128)  Memory Usage: 5918kB
                           ->  Seq Scan on store_sales  (cost=0.00..85352.12 rows=2880212 width=132) (actual time=0.031..352.400 rows=2880404 loops=1)
               ->  Hash  (cost=456.00..456.00 rows=16144 width=52) (actual time=4.542..4.543 rows=16144 loops=1)
                     Buckets: 16384  Batches: 1  Memory Usage: 1515kB
                     ->  Seq Scan on item  (cost=0.00..456.00 rows=16144 width=52) (actual time=0.006..2.844 rows=16144 loops=1)
                           Filter: ((category_id <= '9'::double precision) AND (category_id >= '1'::double precision))
                           Rows Removed by Filter: 1856
 Planning Time: 0.306 ms
 Execution Time: 10024.089 ms
(20 rows)

                                                                                                  QUERY PLAN                                                                                                   
---------------------------------------------------------------------------------------------------------------------------------------------------------------------------------------------------------------
 Merge Join  (cost=252943.18..254416.12 rows=83582 width=244) (actual time=2382.958..2385.253 rows=5851 loops=1)
   Merge Cond: (((store.store_sk)::double precision) = store_sales.store_sk)
   ->  Sort  (cost=94.38..97.78 rows=1360 width=32) (actual time=0.024..0.026 rows=11 loops=1)
         Sort Key: ((store.store_sk)::double precision)
         Sort Method: quicksort  Memory: 25kB
         ->  Seq Scan on store  (cost=0.00..23.60 rows=1360 width=32) (actual time=0.011..0.015 rows=12 loops=1)
   ->  Sort  (cost=252848.79..252880.96 rows=12867 width=212) (actual time=2382.927..2383.252 rows=5852 loops=1)
         Sort Key: store_sales.store_sk
         Sort Method: quicksort  Memory: 1763kB
         ->  Hash Join  (cost=247840.66..251970.53 rows=12867 width=212) (actual time=2363.953..2380.598 rows=5911 loops=1)
               Hash Cond: (item.wholesale_cost = store_sales.wholesale_cost)
               ->  Seq Scan on item  (cost=0.00..546.00 rows=896 width=52) (actual time=0.006..1.885 rows=906 loops=1)
                     Filter: ((brand_id <= '3004002'::double precision) AND (brand_id >= '3001001'::double precision) AND (manufact_id <= '281'::double precision) AND (manufact_id >= '6'::double precision))
                     Rows Removed by Filter: 17094
               ->  Hash  (cost=242595.35..242595.35 rows=150025 width=160) (actual time=2350.064..2350.066 rows=86406 loops=1)
                     Buckets: 32768  Batches: 8  Memory Usage: 2387kB
                     ->  Hash Join  (cost=177609.77..242595.35 rows=150025 width=160) (actual time=1655.250..2299.403 rows=88533 loops=1)
                           Hash Cond: ((customer.customer_sk)::double precision = store_sales.customer_sk)
                           ->  Seq Scan on customer  (cost=0.00..2227.00 rows=3283 width=28) (actual time=0.008..9.230 rows=3190 loops=1)
                                 Filter: ((birth_day <= '20'::double precision) AND (birth_day >= '20'::double precision))
                                 Rows Removed by Filter: 96810
                           ->  Hash  (cost=85352.12..85352.12 rows=2880212 width=132) (actual time=1520.420..1520.421 rows=2750652 loops=1)
                                 Buckets: 32768 (originally 32768)  Batches: 256 (originally 128)  Memory Usage: 3841kB
                                 ->  Seq Scan on store_sales  (cost=0.00..85352.12 rows=2880212 width=132) (actual time=0.028..341.196 rows=2880404 loops=1)
 Planning Time: 0.357 ms
 Execution Time: 2385.517 ms
(26 rows)

                                                                                                         QUERY PLAN                                                                                                         
----------------------------------------------------------------------------------------------------------------------------------------------------------------------------------------------------------------------------
 Hash Join  (cost=153201.36..197891.61 rows=670824 width=240) (actual time=1954.233..2271.262 rows=411909 loops=1)
   Hash Cond: ((customer.customer_sk)::double precision = store_sales.customer_sk)
   ->  Seq Scan on customer  (cost=0.00..1727.00 rows=100000 width=28) (actual time=0.008..7.976 rows=100000 loops=1)
   ->  Hash  (cost=135529.30..135529.30 rows=422805 width=212) (actual time=1954.192..1954.195 rows=411909 loops=1)
         Buckets: 16384  Batches: 32  Memory Usage: 3360kB
         ->  Hash Join  (cost=118375.36..135529.30 rows=422805 width=212) (actual time=1306.547..1682.806 rows=421820 loops=1)
               Hash Cond: ((promotion.promo_sk)::double precision = store_sales.promo_sk)
               ->  Seq Scan on promotion  (cost=0.00..7.50 rows=294 width=28) (actual time=0.006..0.093 rows=294 loops=1)
                     Filter: ((cost <= '1000'::double precision) AND (cost >= '1000'::double precision))
                     Rows Removed by Filter: 6
               ->  Hash  (cost=101252.94..101252.94 rows=451873 width=184) (actual time=1306.512..1306.514 rows=430482 loops=1)
                     Buckets: 32768 (originally 32768)  Batches: 64 (originally 32)  Memory Usage: 3841kB
                     ->  Hash Join  (cost=581.30..101252.94 rows=451873 width=184) (actual time=2.409..862.364 rows=450708 loops=1)
                           Hash Cond: (store_sales.item_sk = item.item_sk)
                           ->  Seq Scan on store_sales  (cost=0.00..85352.12 rows=2880212 width=132) (actual time=0.027..367.983 rows=2880404 loops=1)
                           ->  Hash  (cost=546.00..546.00 rows=2824 width=52) (actual time=2.370..2.370 rows=2814 loops=1)
                                 Buckets: 4096  Batches: 1  Memory Usage: 274kB
                                 ->  Seq Scan on item  (cost=0.00..546.00 rows=2824 width=52) (actual time=0.004..2.085 rows=2814 loops=1)
                                       Filter: ((category_id <= '4'::double precision) AND (category_id >= '2'::double precision) AND (manufact_id <= '319'::double precision) AND (manufact_id >= '30'::double precision))
                                       Rows Removed by Filter: 15186
 Planning Time: 0.282 ms
 Execution Time: 2285.965 ms
(22 rows)

